#
# A fatal error has been detected by the Java Runtime Environment:
#
#  EXCEPTION_ACCESS_VIOLATION (0xc0000005) at pc=0x00000000532835c8, pid=16872, tid=22692
#
# JRE version: Java(TM) SE Runtime Environment (8.0_77-b03) (build 1.8.0_77-b03)
# Java VM: Java HotSpot(TM) 64-Bit Server VM (25.77-b03 mixed mode windows-amd64 compressed oops)
# Problematic frame:
# V  [jvm.dll+0x1135c8]
#
# Failed to write core dump. Minidumps are not enabled by default on client versions of Windows
#
# If you would like to submit a bug report, please visit:
#   http://bugreport.java.com/bugreport/crash.jsp
#

---------------  T H R E A D  ---------------

Current thread (0x00000000031aa000):  GCTaskThread [stack: 0x0000000013710000,0x0000000013810000] [id=22692]

siginfo: ExceptionCode=0xc0000005, reading address 0xffffffffffffffff

Registers:
RAX=0x0000000013910000, RBX=0x0000000000000200, RCX=0x0000000000000000, RDX=0x0000000000000000
RSP=0x000000001380f8f0, RBP=0x00000006c5cd12d4, RSI=0x000000000327bd30, RDI=0x000000000327bd30
R8 =0x007ffffffc9db001, R9 =0x00000007c0001ef8, R10=0x000000000000000c, R11=0x0000000053769eb8
R12=0x00000006c5cd12f4, R13=0x00000007c0002178, R14=0x00000007c0002180, R15=0x00000006c5cd12b0
RIP=0x00000000532835c8, EFLAGS=0x0000000000010246

Top of Stack: (sp=0x000000001380f8f0)
0x000000001380f8f0:   00000007c0001ef8 00000006c5cd13c4
0x000000001380f900:   0000000000000002 00000000532831e9
0x000000001380f910:   0000000000000000 00000000031aa5f0
0x000000001380f920:   000000000319dfe0 000000000327bd30
0x000000001380f930:   00000006c5cd12b0 0000000053289195
0x000000001380f940:   00000006c5cd1318 000000000327bd30
0x000000001380f950:   000000000327bd30 00000000537bb828
0x000000001380f960:   000000001380fa89 0000000053562780
0x000000001380f970:   000000000327bd30 000000000327bd30
0x000000001380f980:   00000000537bb828 0000000000000517
0x000000001380f990:   000000001d029070 000000001380fa40
0x000000001380f9a0:   000000001e200ef0 000000000000000f
0x000000001380f9b0:   000000000327bd30 0000000053281cc2
0x000000001380f9c0:   0000000774180168 0000000000000000
0x000000001380f9d0:   0000000000000000 000000000319dfe0
0x000000001380f9e0:   00000000031aa600 00000000031aa5f0 

Instructions: (pc=0x00000000532835c8)
0x00000000532835a8:   05 53 d0 6f 00 49 c1 e8 03 49 d3 e8 41 0f b6 c0
0x00000000532835b8:   49 c1 e8 06 24 3f 0f b6 d0 48 8b 05 68 d0 6f 00
0x00000000532835c8:   4a 8b 0c c0 48 0f a3 d1 0f 82 59 01 00 00 0f b6
0x00000000532835d8:   15 e4 dc 6e 00 84 d2 74 16 44 8b 43 08 8b 0d a5 


Register to memory mapping:

RAX=0x0000000013910000 is an unknown value
RBX=0x0000000000000200 is an unknown value
RCX=0x0000000000000000 is an unknown value
RDX=0x0000000000000000 is an unknown value
RSP=0x000000001380f8f0 is an unknown value
RBP=0x00000006c5cd12d4 is pointing into object: 0x00000006c5cd12b0
java.lang.Class 
 - klass: 'java/lang/Class'
RSI=0x000000000327bd30 is an unknown value
RDI=0x000000000327bd30 is an unknown value
R8 =0x007ffffffc9db001 is an unknown value
R9 =0x00000007c0001ef8 is pointing into metadata
R10=0x000000000000000c is an unknown value
R11=0x0000000053769eb8 is an unknown value
R12=0x00000006c5cd12f4 is pointing into object: 0x00000006c5cd12b0
java.lang.Class 
 - klass: 'java/lang/Class'
R13=0x00000007c0002178 is pointing into metadata
R14=0x00000007c0002180 is pointing into metadata
R15=0x00000006c5cd12b0 is an oop
java.lang.Class 
 - klass: 'java/lang/Class'


Stack: [0x0000000013710000,0x0000000013810000],  sp=0x000000001380f8f0,  free space=1022k
Native frames: (J=compiled Java code, j=interpreted, Vv=VM code, C=native code)
V  [jvm.dll+0x1135c8]
V  [jvm.dll+0x119195]
V  [jvm.dll+0x3f2780]
V  [jvm.dll+0x3ef750]
V  [jvm.dll+0x3ed37e]
V  [jvm.dll+0x29a27a]
C  [msvcr100.dll+0x21d9f]
C  [msvcr100.dll+0x21e3b]
C  [KERNEL32.DLL+0x17bd4]
C  [ntdll.dll+0x6ced1]


---------------  P R O C E S S  ---------------

Java Threads: ( => current thread )
  0x000000001e1cd000 JavaThread "Service Thread" daemon [_thread_blocked, id=21512, stack(0x000000001e5b0000,0x000000001e6b0000)]
  0x000000001c895800 JavaThread "C1 CompilerThread2" daemon [_thread_blocked, id=23648, stack(0x000000001e0b0000,0x000000001e1b0000)]
  0x000000001c842000 JavaThread "C2 CompilerThread1" daemon [_thread_in_native, id=20516, stack(0x000000001dfb0000,0x000000001e0b0000)]
  0x000000001c83b800 JavaThread "C2 CompilerThread0" daemon [_thread_blocked, id=21320, stack(0x000000001deb0000,0x000000001dfb0000)]
  0x000000001c839800 JavaThread "Attach Listener" daemon [_thread_blocked, id=19612, stack(0x000000001ddb0000,0x000000001deb0000)]
  0x000000001c838000 JavaThread "Signal Dispatcher" daemon [_thread_blocked, id=20068, stack(0x000000001dcb0000,0x000000001ddb0000)]
  0x000000000328a800 JavaThread "Finalizer" daemon [_thread_blocked, id=20664, stack(0x000000001dab0000,0x000000001dbb0000)]
  0x0000000003280000 JavaThread "Reference Handler" daemon [_thread_blocked, id=2740, stack(0x000000001d9b0000,0x000000001dab0000)]
  0x000000000352e000 JavaThread "main" [_thread_blocked, id=12720, stack(0x00000000018c0000,0x00000000019c0000)]

Other Threads:
  0x000000001c807800 VMThread [stack: 0x000000001d8b0000,0x000000001d9b0000] [id=20712]
  0x000000001e1fc000 WatcherThread [stack: 0x000000001e6b0000,0x000000001e7b0000] [id=23268]

=>0x00000000031aa000 (exited) GCTaskThread [stack: 0x0000000013710000,0x0000000013810000] [id=22692]

VM state:at safepoint (normal execution)

VM Mutex/Monitor currently owned by a thread:  ([mutex/lock_event])
[0x000000000352cce0] Threads_lock - owner thread: 0x000000001c807800
[0x000000000352d460] Heap_lock - owner thread: 0x000000000352e000

Heap:
 PSYoungGen      total 139776K, used 10736K [0x000000076c380000, 0x000000077eb80000, 0x00000007c0000000)
  eden space 129024K, 0% used [0x000000076c380000,0x000000076c380000,0x0000000774180000)
  from space 10752K, 99% used [0x0000000774180000,0x0000000774bfc030,0x0000000774c00000)
  to   space 22528K, 0% used [0x000000077d580000,0x000000077d580000,0x000000077eb80000)
 ParOldGen       total 172032K, used 23914K [0x00000006c4a00000, 0x00000006cf200000, 0x000000076c380000)
  object space 172032K, 13% used [0x00000006c4a00000,0x00000006c615a9f8,0x00000006cf200000)
 Metaspace       used 20590K, capacity 21100K, committed 21296K, reserved 1069056K
  class space    used 2423K, capacity 2594K, committed 2688K, reserved 1048576K

Card table byte_map: [0x00000000128f0000,0x00000000130d0000] byte_map_base: 0x000000000f2cb000

Marking Bits: (ParMarkBitMap*) 0x0000000053980600
 Begin Bits: [0x0000000013910000, 0x00000000177e8000)
 End Bits:   [0x00000000177e8000, 0x000000001b6c0000)

Polling page: 0x00000000019c0000

CodeCache: size=245760Kb used=13610Kb max_used=13621Kb free=232149Kb
 bounds [0x0000000003530000, 0x0000000004290000, 0x0000000012530000]
 total_blobs=4148 nmethods=3753 adapters=306
 compilation: enabled

Compilation events (10 events):
Event: 7.591 Thread 0x000000001c83b800 3732       4       java.util.StringTokenizer::scanToken (179 bytes)
Event: 7.597 Thread 0x000000001c83b800 nmethod 3732 0x000000000427ec90 code [0x000000000427ede0, 0x000000000427f0b8]
Event: 7.597 Thread 0x000000001c83b800 3736       4       java.util.StringTokenizer::skipDelimiters (116 bytes)
Event: 7.602 Thread 0x000000001c83b800 nmethod 3736 0x0000000004285790 code [0x00000000042858e0, 0x0000000004285b58]
Event: 7.607 Thread 0x000000001c83b800 3759       4       java.lang.ClassNotFoundException::<init> (7 bytes)
Event: 7.610 Thread 0x000000001c83b800 nmethod 3759 0x0000000004285110 code [0x0000000004285260, 0x00000000042855c8]
Event: 7.610 Thread 0x000000001c83b800 3760       4       java.util.concurrent.ConcurrentHashMap::addCount (292 bytes)
Event: 7.613 Thread 0x000000001c83b800 nmethod 3760 0x0000000004284b10 code [0x0000000004284c80, 0x0000000004284ef0]
Event: 7.615 Thread 0x000000001c83b800 3761   !   4       java.net.URLClassLoader::findClass (47 bytes)
Event: 7.617 Thread 0x000000001c83b800 nmethod 3761 0x0000000004287990 code [0x0000000004287b20, 0x0000000004287d18]

GC Heap History (10 events):
Event: 1.680 GC heap after
Heap after GC invocations=1 (full 0):
 PSYoungGen      total 75264K, used 10469K [0x000000076c380000, 0x0000000771780000, 0x00000007c0000000)
  eden space 64512K, 0% used [0x000000076c380000,0x000000076c380000,0x0000000770280000)
  from space 10752K, 97% used [0x0000000770280000,0x0000000770cb9410,0x0000000770d00000)
  to   space 10752K, 0% used [0x0000000770d00000,0x0000000770d00000,0x0000000771780000)
 ParOldGen       total 172032K, used 16K [0x00000006c4a00000, 0x00000006cf200000, 0x000000076c380000)
  object space 172032K, 0% used [0x00000006c4a00000,0x00000006c4a04000,0x00000006cf200000)
 Metaspace       used 11650K, capacity 11860K, committed 12160K, reserved 1060864K
  class space    used 1442K, capacity 1542K, committed 1664K, reserved 1048576K
}
Event: 3.273 GC heap before
{Heap before GC invocations=2 (full 0):
 PSYoungGen      total 75264K, used 74981K [0x000000076c380000, 0x0000000771780000, 0x00000007c0000000)
  eden space 64512K, 100% used [0x000000076c380000,0x0000000770280000,0x0000000770280000)
  from space 10752K, 97% used [0x0000000770280000,0x0000000770cb9410,0x0000000770d00000)
  to   space 10752K, 0% used [0x0000000770d00000,0x0000000770d00000,0x0000000771780000)
 ParOldGen       total 172032K, used 16K [0x00000006c4a00000, 0x00000006cf200000, 0x000000076c380000)
  object space 172032K, 0% used [0x00000006c4a00000,0x00000006c4a04000,0x00000006cf200000)
 Metaspace       used 15337K, capacity 15534K, committed 15872K, reserved 1062912K
  class space    used 1833K, capacity 1941K, committed 2048K, reserved 1048576K
Event: 3.297 GC heap after
Heap after GC invocations=2 (full 0):
 PSYoungGen      total 75264K, used 10745K [0x000000076c380000, 0x0000000775680000, 0x00000007c0000000)
  eden space 64512K, 0% used [0x000000076c380000,0x000000076c380000,0x0000000770280000)
  from space 10752K, 99% used [0x0000000770d00000,0x000000077177e688,0x0000000771780000)
  to   space 10752K, 0% used [0x0000000770280000,0x0000000770280000,0x0000000770d00000)
 ParOldGen       total 172032K, used 538K [0x00000006c4a00000, 0x00000006cf200000, 0x000000076c380000)
  object space 172032K, 0% used [0x00000006c4a00000,0x00000006c4a86828,0x00000006cf200000)
 Metaspace       used 15337K, capacity 15534K, committed 15872K, reserved 1062912K
  class space    used 1833K, capacity 1941K, committed 2048K, reserved 1048576K
}
Event: 4.203 GC heap before
{Heap before GC invocations=3 (full 0):
 PSYoungGen      total 75264K, used 75257K [0x000000076c380000, 0x0000000775680000, 0x00000007c0000000)
  eden space 64512K, 100% used [0x000000076c380000,0x0000000770280000,0x0000000770280000)
  from space 10752K, 99% used [0x0000000770d00000,0x000000077177e688,0x0000000771780000)
  to   space 10752K, 0% used [0x0000000770280000,0x0000000770280000,0x0000000770d00000)
 ParOldGen       total 172032K, used 538K [0x00000006c4a00000, 0x00000006cf200000, 0x000000076c380000)
  object space 172032K, 0% used [0x00000006c4a00000,0x00000006c4a86828,0x00000006cf200000)
 Metaspace       used 15781K, capacity 16076K, committed 16384K, reserved 1062912K
  class space    used 1846K, capacity 1946K, committed 2048K, reserved 1048576K
Event: 4.274 GC heap after
Heap after GC invocations=3 (full 0):
 PSYoungGen      total 75264K, used 10736K [0x000000076c380000, 0x0000000775680000, 0x00000007c0000000)
  eden space 64512K, 0% used [0x000000076c380000,0x000000076c380000,0x0000000770280000)
  from space 10752K, 99% used [0x0000000770280000,0x0000000770cfc030,0x0000000770d00000)
  to   space 10752K, 0% used [0x0000000774c00000,0x0000000774c00000,0x0000000775680000)
 ParOldGen       total 172032K, used 9395K [0x00000006c4a00000, 0x00000006cf200000, 0x000000076c380000)
  object space 172032K, 5% used [0x00000006c4a00000,0x00000006c532ccc0,0x00000006cf200000)
 Metaspace       used 15781K, capacity 16076K, committed 16384K, reserved 1062912K
  class space    used 1846K, capacity 1946K, committed 2048K, reserved 1048576K
}
Event: 5.408 GC heap before
{Heap before GC invocations=4 (full 0):
 PSYoungGen      total 75264K, used 75248K [0x000000076c380000, 0x0000000775680000, 0x00000007c0000000)
  eden space 64512K, 100% used [0x000000076c380000,0x0000000770280000,0x0000000770280000)
  from space 10752K, 99% used [0x0000000770280000,0x0000000770cfc030,0x0000000770d00000)
  to   space 10752K, 0% used [0x0000000774c00000,0x0000000774c00000,0x0000000775680000)
 ParOldGen       total 172032K, used 9395K [0x00000006c4a00000, 0x00000006cf200000, 0x000000076c380000)
  object space 172032K, 5% used [0x00000006c4a00000,0x00000006c532ccc0,0x00000006cf200000)
 Metaspace       used 16102K, capacity 16356K, committed 16640K, reserved 1064960K
  class space    used 1849K, capacity 1950K, committed 2048K, reserved 1048576K
Event: 5.458 GC heap after
Heap after GC invocations=4 (full 0):
 PSYoungGen      total 139776K, used 10736K [0x000000076c380000, 0x0000000775680000, 0x00000007c0000000)
  eden space 129024K, 0% used [0x000000076c380000,0x000000076c380000,0x0000000774180000)
  from space 10752K, 99% used [0x0000000774c00000,0x000000077567c010,0x0000000775680000)
  to   space 10752K, 0% used [0x0000000774180000,0x0000000774180000,0x0000000774c00000)
 ParOldGen       total 172032K, used 17620K [0x00000006c4a00000, 0x00000006cf200000, 0x000000076c380000)
  object space 172032K, 10% used [0x00000006c4a00000,0x00000006c5b35198,0x00000006cf200000)
 Metaspace       used 16102K, capacity 16356K, committed 16640K, reserved 1064960K
  class space    used 1849K, capacity 1950K, committed 2048K, reserved 1048576K
}
Event: 7.644 GC heap before
{Heap before GC invocations=5 (full 0):
 PSYoungGen      total 139776K, used 93272K [0x000000076c380000, 0x0000000775680000, 0x00000007c0000000)
  eden space 129024K, 63% used [0x000000076c380000,0x000000077141a180,0x0000000774180000)
  from space 10752K, 99% used [0x0000000774c00000,0x000000077567c010,0x0000000775680000)
  to   space 10752K, 0% used [0x0000000774180000,0x0000000774180000,0x0000000774c00000)
 ParOldGen       total 172032K, used 17620K [0x00000006c4a00000, 0x00000006cf200000, 0x000000076c380000)
  object space 172032K, 10% used [0x00000006c4a00000,0x00000006c5b35198,0x00000006cf200000)
 Metaspace       used 20590K, capacity 21100K, committed 21296K, reserved 1069056K
  class space    used 2423K, capacity 2594K, committed 2688K, reserved 1048576K
Event: 7.687 GC heap after
Heap after GC invocations=5 (full 0):
 PSYoungGen      total 139776K, used 10736K [0x000000076c380000, 0x000000077eb80000, 0x00000007c0000000)
  eden space 129024K, 0% used [0x000000076c380000,0x000000076c380000,0x0000000774180000)
  from space 10752K, 99% used [0x0000000774180000,0x0000000774bfc030,0x0000000774c00000)
  to   space 22528K, 0% used [0x000000077d580000,0x000000077d580000,0x000000077eb80000)
 ParOldGen       total 172032K, used 23914K [0x00000006c4a00000, 0x00000006cf200000, 0x000000076c380000)
  object space 172032K, 13% used [0x00000006c4a00000,0x00000006c615a9f8,0x00000006cf200000)
 Metaspace       used 20590K, capacity 21100K, committed 21296K, reserved 1069056K
  class space    used 2423K, capacity 2594K, committed 2688K, reserved 1048576K
}
Event: 7.687 GC heap before
{Heap before GC invocations=6 (full 1):
 PSYoungGen      total 139776K, used 10736K [0x000000076c380000, 0x000000077eb80000, 0x00000007c0000000)
  eden space 129024K, 0% used [0x000000076c380000,0x000000076c380000,0x0000000774180000)
  from space 10752K, 99% used [0x0000000774180000,0x0000000774bfc030,0x0000000774c00000)
  to   space 22528K, 0% used [0x000000077d580000,0x000000077d580000,0x000000077eb80000)
 ParOldGen       total 172032K, used 23914K [0x00000006c4a00000, 0x00000006cf200000, 0x000000076c380000)
  object space 172032K, 13% used [0x00000006c4a00000,0x00000006c615a9f8,0x00000006cf200000)
 Metaspace       used 20590K, capacity 21100K, committed 21296K, reserved 1069056K
  class space    used 2423K, capacity 2594K, committed 2688K, reserved 1048576K

Deoptimization events (10 events):
Event: 6.299 Thread 0x000000000352e000 Uncommon trap: reason=class_check action=maybe_recompile pc=0x0000000003a1138c method=com.google.inject.internal.LinkedBindingImpl.acceptTargetVisitor(Lcom/google/inject/spi/BindingTargetVisitor;)Ljava/lang/Object; @ 2
Event: 6.299 Thread 0x000000000352e000 Uncommon trap: reason=class_check action=maybe_recompile pc=0x0000000003a1138c method=com.google.inject.internal.LinkedBindingImpl.acceptTargetVisitor(Lcom/google/inject/spi/BindingTargetVisitor;)Ljava/lang/Object; @ 2
Event: 6.305 Thread 0x000000000352e000 Uncommon trap: reason=null_check action=make_not_entrant pc=0x0000000003da4f34 method=com.google.inject.internal.InjectorImpl.enterContext()Lcom/google/inject/internal/InternalContext; @ 7
Event: 6.347 Thread 0x000000000352e000 Uncommon trap: reason=class_check action=maybe_recompile pc=0x00000000040362cc method=org.eclipse.sisu.wire.EntryListAdapter$ValueIterator.next()Ljava/lang/Object; @ 4
Event: 6.402 Thread 0x000000000352e000 Uncommon trap: reason=class_check action=maybe_recompile pc=0x00000000040362cc method=org.eclipse.sisu.wire.EntryListAdapter$ValueIterator.next()Ljava/lang/Object; @ 4
Event: 6.709 Thread 0x000000000352e000 Uncommon trap: reason=unstable_if action=reinterpret pc=0x0000000003d7c228 method=java.lang.ClassLoader.getPackage(Ljava/lang/String;)Ljava/lang/Package; @ 60
Event: 6.738 Thread 0x000000000352e000 Uncommon trap: reason=class_check action=maybe_recompile pc=0x00000000040362cc method=org.eclipse.sisu.wire.EntryListAdapter$ValueIterator.next()Ljava/lang/Object; @ 4
Event: 6.807 Thread 0x000000000352e000 Uncommon trap: reason=unstable_if action=reinterpret pc=0x0000000003b7cf88 method=java.util.regex.Pattern$CharProperty.match(Ljava/util/regex/Matcher;ILjava/lang/CharSequence;)Z @ 40
Event: 6.826 Thread 0x000000000352e000 Uncommon trap: reason=class_check action=maybe_recompile pc=0x00000000040362cc method=org.eclipse.sisu.wire.EntryListAdapter$ValueIterator.next()Ljava/lang/Object; @ 4
Event: 6.836 Thread 0x000000000352e000 Uncommon trap: reason=unstable_if action=reinterpret pc=0x00000000038a78a8 method=java.util.concurrent.ConcurrentHashMap.putVal(Ljava/lang/Object;Ljava/lang/Object;Z)Ljava/lang/Object; @ 206

Internal exceptions (10 events):
Event: 2.974 Thread 0x000000000352e000 Implicit null exception at 0x0000000003c52203 to 0x0000000003c5244d
Event: 3.259 Thread 0x000000000352e000 Implicit null exception at 0x0000000003c1b9c9 to 0x0000000003c1bc75
Event: 3.259 Thread 0x000000000352e000 Implicit null exception at 0x0000000003ba014a to 0x0000000003ba0a15
Event: 3.260 Thread 0x000000000352e000 Implicit null exception at 0x00000000038c9495 to 0x00000000038c9699
Event: 3.260 Thread 0x000000000352e000 Implicit null exception at 0x000000000388481b to 0x0000000003884cb1
Event: 3.447 Thread 0x000000000352e000 Implicit null exception at 0x0000000003d20ef8 to 0x0000000003d22651
Event: 5.682 Thread 0x000000000352e000 Implicit null exception at 0x000000000381936f to 0x00000000038193d9
Event: 6.135 Thread 0x000000000352e000 Implicit null exception at 0x0000000003f42b48 to 0x0000000003f4316d
Event: 6.305 Thread 0x000000000352e000 Implicit null exception at 0x0000000003da4acf to 0x0000000003da4f25
Event: 7.420 Thread 0x000000000352e000 Exception <a 'java/lang/ClassNotFoundException': com/sun/tools/javac/api/JavacTool> (0x0000000770bdcbf8) thrown at [D:\re\workspace\8-2-build-windows-amd64-cygwin\jdk8u77\6540\hotspot\src\share\vm\classfile\systemDictionary.cpp, line 210]

Events (10 events):
Event: 7.641 loading class com/sun/tools/javac/comp/Env done
Event: 7.641 loading class com/sun/tools/javac/comp/AttrContextEnv
Event: 7.641 loading class com/sun/tools/javac/comp/AttrContextEnv done
Event: 7.642 loading class com/sun/tools/javac/comp/MemberEnter$TypeAnnotate
Event: 7.642 loading class com/sun/tools/javac/comp/MemberEnter$TypeAnnotate done
Event: 7.642 loading class com/sun/tools/javac/comp/MemberEnter$InitTreeVisitor
Event: 7.642 loading class com/sun/tools/javac/comp/MemberEnter$InitTreeVisitor done
Event: 7.643 loading class com/sun/tools/javac/comp/MemberEnter$9
Event: 7.643 loading class com/sun/tools/javac/comp/MemberEnter$9 done
Event: 7.643 Executing VM operation: CollectForMetadataAllocation


Dynamic libraries:
0x00007ff7733d0000 - 0x00007ff773407000 	D:\java\jdk1.8.0_77\bin\java.exe
0x00007ff8f0b20000 - 0x00007ff8f0d10000 	C:\Windows\SYSTEM32\ntdll.dll
0x00007ff8efbd0000 - 0x00007ff8efc82000 	C:\Windows\System32\KERNEL32.DLL
0x00007ff8ee400000 - 0x00007ff8ee6a3000 	C:\Windows\System32\KERNELBASE.dll
0x00007ff8efa80000 - 0x00007ff8efb23000 	C:\Windows\System32\ADVAPI32.dll
0x00007ff8eec30000 - 0x00007ff8eecce000 	C:\Windows\System32\msvcrt.dll
0x00007ff8ef310000 - 0x00007ff8ef3a7000 	C:\Windows\System32\sechost.dll
0x00007ff8f0180000 - 0x00007ff8f02a0000 	C:\Windows\System32\RPCRT4.dll
0x00007ff8ef010000 - 0x00007ff8ef1a4000 	C:\Windows\System32\USER32.dll
0x00007ff8edab0000 - 0x00007ff8edad1000 	C:\Windows\System32\win32u.dll
0x00007ff8efba0000 - 0x00007ff8efbc6000 	C:\Windows\System32\GDI32.dll
0x00007ff8ee860000 - 0x00007ff8ee9f4000 	C:\Windows\System32\gdi32full.dll
0x00007ff8ee360000 - 0x00007ff8ee3fe000 	C:\Windows\System32\msvcp_win.dll
0x00007ff8ee260000 - 0x00007ff8ee35a000 	C:\Windows\System32\ucrtbase.dll
0x00007ff8dd7c0000 - 0x00007ff8dda45000 	C:\Windows\WinSxS\amd64_microsoft.windows.common-controls_6595b64144ccf1df_6.0.18362.535_none_e6c3b34713100821\COMCTL32.dll
0x00007ff8eecd0000 - 0x00007ff8ef006000 	C:\Windows\System32\combase.dll
0x00007ff8ee710000 - 0x00007ff8ee790000 	C:\Windows\System32\bcryptPrimitives.dll
0x00007ff8efa50000 - 0x00007ff8efa7e000 	C:\Windows\System32\IMM32.DLL
0x00000000549f0000 - 0x0000000054ac2000 	D:\java\jdk1.8.0_77\jre\bin\msvcr100.dll
0x0000000053170000 - 0x0000000053a00000 	D:\java\jdk1.8.0_77\jre\bin\server\jvm.dll
0x00007ff8f0ad0000 - 0x00007ff8f0ad8000 	C:\Windows\System32\PSAPI.DLL
0x00007ff8d97a0000 - 0x00007ff8d97a9000 	C:\Windows\SYSTEM32\WSOCK32.dll
0x00007ff8ead00000 - 0x00007ff8ead24000 	C:\Windows\SYSTEM32\WINMM.dll
0x00007ff8ef780000 - 0x00007ff8ef7ef000 	C:\Windows\System32\WS2_32.dll
0x00007ff8e6890000 - 0x00007ff8e689a000 	C:\Windows\SYSTEM32\VERSION.dll
0x00007ff8eacd0000 - 0x00007ff8eacfd000 	C:\Windows\SYSTEM32\WINMMBASE.dll
0x00007ff8eea30000 - 0x00007ff8eea7a000 	C:\Windows\System32\cfgmgr32.dll
0x00000000549e0000 - 0x00000000549ef000 	D:\java\jdk1.8.0_77\jre\bin\verify.dll
0x00000000549b0000 - 0x00000000549d9000 	D:\java\jdk1.8.0_77\jre\bin\java.dll
0x0000000054990000 - 0x00000000549a6000 	D:\java\jdk1.8.0_77\jre\bin\zip.dll
0x00007ff8f02b0000 - 0x00007ff8f0995000 	C:\Windows\System32\SHELL32.dll
0x00007ff8ef590000 - 0x00007ff8ef639000 	C:\Windows\System32\shcore.dll
0x00007ff8edae0000 - 0x00007ff8ee25f000 	C:\Windows\System32\windows.storage.dll
0x00007ff8eda70000 - 0x00007ff8eda8f000 	C:\Windows\System32\profapi.dll
0x00007ff8eda00000 - 0x00007ff8eda4a000 	C:\Windows\System32\powrprof.dll
0x00007ff8ed9f0000 - 0x00007ff8eda00000 	C:\Windows\System32\UMPDC.dll
0x00007ff8ef7f0000 - 0x00007ff8ef842000 	C:\Windows\System32\shlwapi.dll
0x00007ff8eda50000 - 0x00007ff8eda61000 	C:\Windows\System32\kernel.appcore.dll
0x00007ff8ee790000 - 0x00007ff8ee7a7000 	C:\Windows\System32\cryptsp.dll
0x00007ff8ead50000 - 0x00007ff8ead5a000 	D:\apache-maven-3.6.3\lib\jansi-native\windows64\jansi.dll
0x0000000054970000 - 0x000000005498a000 	D:\java\jdk1.8.0_77\jre\bin\net.dll
0x00007ff8ed210000 - 0x00007ff8ed277000 	C:\Windows\system32\mswsock.dll
0x0000000054950000 - 0x0000000054961000 	D:\java\jdk1.8.0_77\jre\bin\nio.dll
0x00007ff8d7050000 - 0x00007ff8d7244000 	C:\Windows\SYSTEM32\dbghelp.dll

VM Arguments:
jvm_args: -Dclassworlds.conf=D:\apache-maven-3.6.3\bin\..\bin\m2.conf -Dmaven.home=D:\apache-maven-3.6.3\bin\.. -Dlibrary.jansi.path=D:\apache-maven-3.6.3\bin\..\lib\jansi-native -Dmaven.multiModuleProjectDirectory=E:\git\github\garyzhangscm\cwms\commonsvr 
java_command: org.codehaus.plexus.classworlds.launcher.Launcher clean package docker:build
java_class_path (initial): D:\apache-maven-3.6.3\bin\..\boot\plexus-classworlds-2.6.0.jar
Launcher Type: SUN_STANDARD

Environment Variables:
JAVA_HOME=D:\java\jdk1.8.0_77
PATH=C:\ProgramData\Oracle\Java\javapath;C:\Python27\;C:\Python27\Scripts;C:\Windows\system32;C:\Windows;C:\Windows\System32\Wbem;C:\Windows\System32\WindowsPowerShell\v1.0\;C:\Windows\System32\OpenSSH\;C:\Program Files\Intel\WiFi\bin\;C:\Program Files\Common Files\Intel\WirelessCommon\;C:\Program Files\Microsoft SQL Server\110\Tools\Binn\;C:\Program Files (x86)\Microsoft SDKs\TypeScript\1.0\;C:\Program Files\Microsoft SQL Server\120\Tools\Binn\;C:\Program Files (x86)\Microsoft SQL Server\150\DTS\Binn\;D:\Program Files\TortoiseSVN\bin;d:\Program Files\Git\cmd;D:\Program Files\nodejs\;C:\ProgramData\chocolatey\bin;D:\Program Files\PuTTY\;D:\apache-maven-3.6.3\bin;;C:\Program Files\Amazon\AWSCLIV2\;C:\Program Files\Docker\Docker\resources\bin;C:\ProgramData\DockerDesktop\version-bin;C:\Users\gzhang\AppData\Local\Microsoft\WindowsApps;d:\Program Files\JetBrains\IntelliJ IDEA Community Edition 2019.3.1\bin;;d:\Users\gzhang\AppData\Local\Programs\Microsoft VS Code\bin;C:\Users\gzhang\AppData\Roaming\npm;d:\Program Files\JetBrains\IntelliJ IDEA 2019.3.1\bin;;D:\bin;
USERNAME=gzhang
OS=Windows_NT
PROCESSOR_IDENTIFIER=Intel64 Family 6 Model 69 Stepping 1, GenuineIntel



---------------  S Y S T E M  ---------------

OS: Windows 10.0 , 64 bit Build 18362 (10.0.18362.329)

CPU:total 4 (2 cores per cpu, 2 threads per core) family 6 model 69 stepping 1, cmov, cx8, fxsr, mmx, sse, sse2, sse3, ssse3, sse4.1, sse4.2, popcnt, avx, avx2, aes, clmul, erms, lzcnt, ht, tsc, tscinvbit, bmi1, bmi2

Memory: 4k page, physical 16472336k(4692376k free), swap 27482384k(9169412k free)

vm_info: Java HotSpot(TM) 64-Bit Server VM (25.77-b03) for windows-amd64 JRE (1.8.0_77-b03), built on Mar 20 2016 22:01:33 by "java_re" with MS VC++ 10.0 (VS2010)

time: Thu Sep 10 13:46:35 2020
elapsed time: 7 seconds (0d 0h 0m 7s)

