#
# A fatal error has been detected by the Java Runtime Environment:
#
#  EXCEPTION_ACCESS_VIOLATION (0xc0000005) at pc=0x000000005360b330, pid=23556, tid=7612
#
# JRE version: Java(TM) SE Runtime Environment (8.0_77-b03) (build 1.8.0_77-b03)
# Java VM: Java HotSpot(TM) 64-Bit Server VM (25.77-b03 mixed mode windows-amd64 compressed oops)
# Problematic frame:
# V  [jvm.dll+0x49b330]
#
# Failed to write core dump. Minidumps are not enabled by default on client versions of Windows
#
# If you would like to submit a bug report, please visit:
#   http://bugreport.java.com/bugreport/crash.jsp
#

---------------  T H R E A D  ---------------

Current thread (0x000000001b705800):  JavaThread "C2 CompilerThread1" daemon [_thread_in_native, id=7612, stack(0x000000001cf50000,0x000000001d050000)]

siginfo: ExceptionCode=0xc0000005, reading address 0x0000004053980d38

Registers:
RAX=0x0000000000000000, RBX=0x00000000206e4ab0, RCX=0x0000004053980d38, RDX=0x0000000000000000
RSP=0x000000001d04c4c0, RBP=0x0000000000000008, RSI=0x0000000000000040, RDI=0x000000001d04c510
R8 =0x0000000020700990, R9 =0x000000001ff734e0, R10=0x0000000053170000, R11=0x000000001d04c3e0
R12=0x0000000053980d38, R13=0x0000000053170000, R14=0x000000001b72de48, R15=0x00000000000003d8
RIP=0x000000005360b330, EFLAGS=0x0000000000010246

Top of Stack: (sp=0x000000001d04c4c0)
0x000000001d04c4c0:   000000001d04ec60 00000000206f8fb0
0x000000001d04c4d0:   fffffffffffffff8 000000001b6c6e30
0x000000001d04c4e0:   0000000000003442 00000000536063ff
0x000000001d04c4f0:   000000002058cf50 00000000206e4ab0
0x000000001d04c500:   0000000000003442 000000001d04c5f0
0x000000001d04c510:   0000000000000000 0000000000000008
0x000000001d04c520:   0000004053980d38 0000000000000000
0x000000001d04c530:   000000001fa1ae48 0000000000000043
0x000000001d04c540:   0000000020700990 000000001d04c8e0
0x000000001d04c550:   000000001b72da70 000000001d04c8e0
0x000000001d04c560:   000000001b72da60 00000000535d2f11
0x000000001d04c570:   0000000000000000 000000001d04c670
0x000000001d04c580:   0000000000000000 0000000000000009
0x000000001d04c590:   0000000000000002 000000001b72da60
0x000000001d04c5a0:   000000001ff730b0 000000001ff73720
0x000000001d04c5b0:   000000001ff7b098 0000000001384010 

Instructions: (pc=0x000000005360b330)
0x000000005360b310:   48 8b 4f 20 48 39 04 0e 0f 84 9d 00 00 00 48 8b
0x000000005360b320:   0c 0e 33 d2 33 c0 48 89 4f 10 66 0f 1f 44 00 00
0x000000005360b330:   83 3c 08 00 0f 85 36 01 00 00 ff c2 48 83 c0 04
0x000000005360b340:   83 fa 08 72 eb 48 8b 47 30 48 89 44 24 30 48 85 


Register to memory mapping:

RAX=0x0000000000000000 is an unknown value
RBX=0x00000000206e4ab0 is an unknown value
RCX=0x0000004053980d38 is an unknown value
RDX=0x0000000000000000 is an unknown value
RSP=0x000000001d04c4c0 is pointing into the stack for thread: 0x000000001b705800
RBP=0x0000000000000008 is an unknown value
RSI=0x0000000000000040 is an unknown value
RDI=0x000000001d04c510 is pointing into the stack for thread: 0x000000001b705800
R8 =0x0000000020700990 is an unknown value
R9 =0x000000001ff734e0 is an unknown value
R10=0x0000000053170000 is an unknown value
R11=0x000000001d04c3e0 is pointing into the stack for thread: 0x000000001b705800
R12=0x0000000053980d38 is an unknown value
R13=0x0000000053170000 is an unknown value
R14=0x000000001b72de48 is an unknown value
R15=0x00000000000003d8 is an unknown value


Stack: [0x000000001cf50000,0x000000001d050000],  sp=0x000000001d04c4c0,  free space=1009k
Native frames: (J=compiled Java code, j=interpreted, Vv=VM code, C=native code)
V  [jvm.dll+0x49b330]
V  [jvm.dll+0x4963ff]
V  [jvm.dll+0x462f11]
V  [jvm.dll+0x46dd9b]
V  [jvm.dll+0x4703b2]
V  [jvm.dll+0x453492]
V  [jvm.dll+0xa4ae2]
V  [jvm.dll+0xa541f]
V  [jvm.dll+0x243434]
V  [jvm.dll+0x29a27a]
C  [msvcr100.dll+0x21d9f]
C  [msvcr100.dll+0x21e3b]
C  [KERNEL32.DLL+0x17bd4]
C  [ntdll.dll+0x6ced1]


Current CompileTask:
C2:   3519 1648       4       java.net.URLClassLoader$1::run (5 bytes)


---------------  P R O C E S S  ---------------

Java Threads: ( => current thread )
  0x000000001d170800 JavaThread "Service Thread" daemon [_thread_blocked, id=23180, stack(0x000000001d550000,0x000000001d650000)]
  0x000000001b709000 JavaThread "C1 CompilerThread2" daemon [_thread_in_native, id=21616, stack(0x000000001d050000,0x000000001d150000)]
=>0x000000001b705800 JavaThread "C2 CompilerThread1" daemon [_thread_in_native, id=7612, stack(0x000000001cf50000,0x000000001d050000)]
  0x000000001b6fd800 JavaThread "C2 CompilerThread0" daemon [_thread_in_native, id=20808, stack(0x000000001ce50000,0x000000001cf50000)]
  0x000000001b6fb800 JavaThread "Attach Listener" daemon [_thread_blocked, id=23440, stack(0x000000001cd50000,0x000000001ce50000)]
  0x000000001b6fa000 JavaThread "Signal Dispatcher" daemon [_thread_blocked, id=24352, stack(0x000000001cc50000,0x000000001cd50000)]
  0x000000001b6ea000 JavaThread "Finalizer" daemon [_thread_blocked, id=23240, stack(0x000000001c950000,0x000000001ca50000)]
  0x000000001b6c8800 JavaThread "Reference Handler" daemon [_thread_blocked, id=23276, stack(0x000000001c850000,0x000000001c950000)]
  0x00000000021ee000 JavaThread "main" [_thread_in_Java, id=21692, stack(0x00000000020e0000,0x00000000021e0000)]

Other Threads:
  0x000000001b6c7800 VMThread [stack: 0x000000001c750000,0x000000001c850000] [id=12316]
  0x000000001d19d800 WatcherThread [stack: 0x000000001d650000,0x000000001d750000] [id=22408]

VM state:not at safepoint (normal execution)

VM Mutex/Monitor currently owned by a thread: None

Heap:
 PSYoungGen      total 75264K, used 73190K [0x000000076c380000, 0x0000000771780000, 0x00000007c0000000)
  eden space 64512K, 97% used [0x000000076c380000,0x00000007700b54d0,0x0000000770280000)
  from space 10752K, 97% used [0x0000000770280000,0x0000000770cc4408,0x0000000770d00000)
  to   space 10752K, 0% used [0x0000000770d00000,0x0000000770d00000,0x0000000771780000)
 ParOldGen       total 172032K, used 16K [0x00000006c4a00000, 0x00000006cf200000, 0x000000076c380000)
  object space 172032K, 0% used [0x00000006c4a00000,0x00000006c4a04000,0x00000006cf200000)
 Metaspace       used 15303K, capacity 15534K, committed 15872K, reserved 1062912K
  class space    used 1826K, capacity 1941K, committed 2048K, reserved 1048576K

Card table byte_map: [0x00000000116b0000,0x0000000011e90000] byte_map_base: 0x000000000e08b000

Marking Bits: (ParMarkBitMap*) 0x0000000053980600
 Begin Bits: [0x00000000127d0000, 0x00000000166a8000)
 End Bits:   [0x00000000166a8000, 0x000000001a580000)

Polling page: 0x0000000000860000

CodeCache: size=245760Kb used=7865Kb max_used=7869Kb free=237894Kb
 bounds [0x00000000022f0000, 0x0000000002ab0000, 0x00000000112f0000]
 total_blobs=2717 nmethods=2360 adapters=269
 compilation: enabled

Compilation events (10 events):
Event: 3.440 Thread 0x000000001b709000 nmethod 2323 0x0000000002a8bd10 code [0x0000000002a8be60, 0x0000000002a8bf70]
Event: 3.440 Thread 0x000000001b709000 2325       3       org.apache.maven.model.Contributor::<init> (5 bytes)
Event: 3.441 Thread 0x000000001b709000 nmethod 2325 0x0000000002a8b950 code [0x0000000002a8baa0, 0x0000000002a8bc50]
Event: 3.441 Thread 0x000000001b709000 2326       3       org.apache.maven.model.Developer::<init> (5 bytes)
Event: 3.441 Thread 0x000000001b709000 nmethod 2326 0x0000000002a8b4d0 code [0x0000000002a8b640, 0x0000000002a8b850]
Event: 3.445 Thread 0x000000001b709000 2329       3       org.eclipse.aether.RequestTrace::newChild (19 bytes)
Event: 3.446 Thread 0x000000001b709000 nmethod 2329 0x0000000002a8fbd0 code [0x0000000002a8fd60, 0x0000000002a90210]
Event: 3.448 Thread 0x000000001b6fd800 nmethod 2320 0x0000000002a8eed0 code [0x0000000002a8f040, 0x0000000002a8f578]
Event: 3.448 Thread 0x000000001b6fd800 2324 % !   4       org.codehaus.plexus.util.xml.pull.MXParser::parseComment @ 80 (486 bytes)
Event: 3.450 Thread 0x000000001b709000 2330       3       org.apache.maven.model.io.xpp3.MavenXpp3Reader::parsePlugin (506 bytes)

GC Heap History (2 events):
Event: 1.754 GC heap before
{Heap before GC invocations=1 (full 0):
 PSYoungGen      total 75264K, used 64512K [0x000000076c380000, 0x0000000771780000, 0x00000007c0000000)
  eden space 64512K, 100% used [0x000000076c380000,0x0000000770280000,0x0000000770280000)
  from space 10752K, 0% used [0x0000000770d00000,0x0000000770d00000,0x0000000771780000)
  to   space 10752K, 0% used [0x0000000770280000,0x0000000770280000,0x0000000770d00000)
 ParOldGen       total 172032K, used 0K [0x00000006c4a00000, 0x00000006cf200000, 0x000000076c380000)
  object space 172032K, 0% used [0x00000006c4a00000,0x00000006c4a00000,0x00000006cf200000)
 Metaspace       used 11662K, capacity 11860K, committed 12160K, reserved 1060864K
  class space    used 1443K, capacity 1542K, committed 1664K, reserved 1048576K
Event: 1.765 GC heap after
Heap after GC invocations=1 (full 0):
 PSYoungGen      total 75264K, used 10513K [0x000000076c380000, 0x0000000771780000, 0x00000007c0000000)
  eden space 64512K, 0% used [0x000000076c380000,0x000000076c380000,0x0000000770280000)
  from space 10752K, 97% used [0x0000000770280000,0x0000000770cc4408,0x0000000770d00000)
  to   space 10752K, 0% used [0x0000000770d00000,0x0000000770d00000,0x0000000771780000)
 ParOldGen       total 172032K, used 16K [0x00000006c4a00000, 0x00000006cf200000, 0x000000076c380000)
  object space 172032K, 0% used [0x00000006c4a00000,0x00000006c4a04000,0x00000006cf200000)
 Metaspace       used 11662K, capacity 11860K, committed 12160K, reserved 1060864K
  class space    used 1443K, capacity 1542K, committed 1664K, reserved 1048576K
}

Deoptimization events (10 events):
Event: 2.870 Thread 0x00000000021ee000 Uncommon trap: reason=unstable_if action=reinterpret pc=0x00000000029403fc method=org.apache.maven.model.io.xpp3.MavenXpp3ReaderEx.nextTag(Lorg/codehaus/plexus/util/xml/pull/XmlPullParser;)I @ 9
Event: 2.870 Thread 0x00000000021ee000 Uncommon trap: reason=unstable_if action=reinterpret pc=0x0000000002841770 method=org.codehaus.plexus.util.xml.pull.MXParser.nextImpl()I @ 879
Event: 2.894 Thread 0x00000000021ee000 Uncommon trap: reason=unstable_if action=reinterpret pc=0x000000000290f58c method=org.apache.maven.model.validation.DefaultModelValidator.isValidIdCharacter(C)Z @ 15
Event: 2.913 Thread 0x00000000021ee000 Uncommon trap: reason=unstable_if action=reinterpret pc=0x0000000002811b08 method=sun.nio.cs.UTF_8$Decoder.decode([BII[C)I @ 30
Event: 2.914 Thread 0x00000000021ee000 Uncommon trap: reason=unstable_if action=reinterpret pc=0x00000000025895cc method=sun.nio.cs.UTF_8$Decoder.decodeArrayLoop(Ljava/nio/ByteBuffer;Ljava/nio/CharBuffer;)Ljava/nio/charset/CoderResult; @ 84
Event: 2.988 Thread 0x00000000021ee000 Uncommon trap: reason=unstable_if action=reinterpret pc=0x0000000002673ee0 method=java.lang.String.regionMatches(ZILjava/lang/String;II)Z @ 25
Event: 3.008 Thread 0x00000000021ee000 Uncommon trap: reason=unstable_if action=reinterpret pc=0x000000000295e584 method=org.apache.maven.model.validation.DefaultModelValidator.isValidIdCharacter(C)Z @ 51
Event: 3.153 Thread 0x00000000021ee000 Uncommon trap: reason=unstable_if action=reinterpret pc=0x000000000299fcf4 method=org.codehaus.plexus.util.xml.pull.MXParser.nextImpl()I @ 310
Event: 3.235 Thread 0x00000000021ee000 Uncommon trap: reason=unstable_if action=reinterpret pc=0x0000000002a2d980 method=org.codehaus.plexus.util.xml.pull.MXParser.nextImpl()I @ 1161
Event: 3.256 Thread 0x00000000021ee000 Uncommon trap: reason=null_check action=make_not_entrant pc=0x0000000002a3c468 method=org.apache.maven.model.io.xpp3.MavenXpp3Reader.checkFieldWithDuplicate(Lorg/codehaus/plexus/util/xml/pull/XmlPullParser;Ljava/lang/String;Ljava/lang/String;Ljava/util/Set`”ûxCõ@

Internal exceptions (10 events):
Event: 2.225 Thread 0x00000000021ee000 Exception <a 'java/lang/NullPointerException'> (0x000000076d11d5b0) thrown at [D:\re\workspace\8-2-build-windows-amd64-cygwin\jdk8u77\6540\hotspot\src\share\vm\interpreter\linkResolver.cpp, line 1178]
Event: 2.225 Thread 0x00000000021ee000 Exception <a 'java/lang/NullPointerException'> (0x000000076d11d7c8) thrown at [D:\re\workspace\8-2-build-windows-amd64-cygwin\jdk8u77\6540\hotspot\src\share\vm\interpreter\linkResolver.cpp, line 1178]
Event: 2.225 Thread 0x00000000021ee000 Exception <a 'java/lang/NullPointerException'> (0x000000076d11d9e0) thrown at [D:\re\workspace\8-2-build-windows-amd64-cygwin\jdk8u77\6540\hotspot\src\share\vm\interpreter\linkResolver.cpp, line 1178]
Event: 2.225 Thread 0x00000000021ee000 Exception <a 'java/lang/NullPointerException'> (0x000000076d125770) thrown at [D:\re\workspace\8-2-build-windows-amd64-cygwin\jdk8u77\6540\hotspot\src\share\vm\interpreter\linkResolver.cpp, line 1178]
Event: 2.225 Thread 0x00000000021ee000 Exception <a 'java/lang/NullPointerException'> (0x000000076d125988) thrown at [D:\re\workspace\8-2-build-windows-amd64-cygwin\jdk8u77\6540\hotspot\src\share\vm\interpreter\linkResolver.cpp, line 1178]
Event: 2.225 Thread 0x00000000021ee000 Exception <a 'java/lang/NullPointerException'> (0x000000076d125ba0) thrown at [D:\re\workspace\8-2-build-windows-amd64-cygwin\jdk8u77\6540\hotspot\src\share\vm\interpreter\linkResolver.cpp, line 1178]
Event: 2.305 Thread 0x00000000021ee000 Implicit null exception at 0x00000000025baad6 to 0x00000000025bae29
Event: 2.305 Thread 0x00000000021ee000 Implicit null exception at 0x00000000024e0a96 to 0x00000000024e0dd9
Event: 2.538 Thread 0x00000000021ee000 Implicit null exception at 0x0000000002893a83 to 0x0000000002893ccd
Event: 3.256 Thread 0x00000000021ee000 Implicit null exception at 0x0000000002a3c203 to 0x0000000002a3c44d

Events (10 events):
Event: 3.321 loading class org/apache/maven/lifecycle/internal/CompoundProjectExecutionListener
Event: 3.321 loading class org/apache/maven/lifecycle/internal/CompoundProjectExecutionListener done
Event: 3.322 loading class org/apache/maven/execution/ProjectExecutionEvent
Event: 3.322 loading class org/apache/maven/execution/ProjectExecutionEvent done
Event: 3.378 loading class org/apache/maven/plugin/MojoExecution$Source
Event: 3.378 loading class org/apache/maven/plugin/MojoExecution$Source done
Event: 3.379 loading class java/util/TreeMap$Values
Event: 3.380 loading class java/util/TreeMap$Values done
Event: 3.380 loading class java/util/TreeMap$ValueIterator
Event: 3.380 loading class java/util/TreeMap$ValueIterator done


Dynamic libraries:
0x00007ff7733d0000 - 0x00007ff773407000 	D:\java\jdk1.8.0_77\bin\java.exe
0x00007ff8f0b20000 - 0x00007ff8f0d10000 	C:\Windows\SYSTEM32\ntdll.dll
0x00007ff8efbd0000 - 0x00007ff8efc82000 	C:\Windows\System32\KERNEL32.DLL
0x00007ff8ee400000 - 0x00007ff8ee6a3000 	C:\Windows\System32\KERNELBASE.dll
0x00007ff8efa80000 - 0x00007ff8efb23000 	C:\Windows\System32\ADVAPI32.dll
0x00007ff8eec30000 - 0x00007ff8eecce000 	C:\Windows\System32\msvcrt.dll
0x00007ff8ef310000 - 0x00007ff8ef3a7000 	C:\Windows\System32\sechost.dll
0x00007ff8f0180000 - 0x00007ff8f02a0000 	C:\Windows\System32\RPCRT4.dll
0x00007ff8ef010000 - 0x00007ff8ef1a4000 	C:\Windows\System32\USER32.dll
0x00007ff8edab0000 - 0x00007ff8edad1000 	C:\Windows\System32\win32u.dll
0x00007ff8efba0000 - 0x00007ff8efbc6000 	C:\Windows\System32\GDI32.dll
0x00007ff8ee860000 - 0x00007ff8ee9f4000 	C:\Windows\System32\gdi32full.dll
0x00007ff8ee360000 - 0x00007ff8ee3fe000 	C:\Windows\System32\msvcp_win.dll
0x00007ff8ee260000 - 0x00007ff8ee35a000 	C:\Windows\System32\ucrtbase.dll
0x00007ff8dd7c0000 - 0x00007ff8dda45000 	C:\Windows\WinSxS\amd64_microsoft.windows.common-controls_6595b64144ccf1df_6.0.18362.535_none_e6c3b34713100821\COMCTL32.dll
0x00007ff8eecd0000 - 0x00007ff8ef006000 	C:\Windows\System32\combase.dll
0x00007ff8ee710000 - 0x00007ff8ee790000 	C:\Windows\System32\bcryptPrimitives.dll
0x00007ff8efa50000 - 0x00007ff8efa7e000 	C:\Windows\System32\IMM32.DLL
0x00000000549f0000 - 0x0000000054ac2000 	D:\java\jdk1.8.0_77\jre\bin\msvcr100.dll
0x0000000053170000 - 0x0000000053a00000 	D:\java\jdk1.8.0_77\jre\bin\server\jvm.dll
0x00007ff8f0ad0000 - 0x00007ff8f0ad8000 	C:\Windows\System32\PSAPI.DLL
0x00007ff8d97a0000 - 0x00007ff8d97a9000 	C:\Windows\SYSTEM32\WSOCK32.dll
0x00007ff8ef780000 - 0x00007ff8ef7ef000 	C:\Windows\System32\WS2_32.dll
0x00007ff8ead00000 - 0x00007ff8ead24000 	C:\Windows\SYSTEM32\WINMM.dll
0x00007ff8e6890000 - 0x00007ff8e689a000 	C:\Windows\SYSTEM32\VERSION.dll
0x00007ff8eacd0000 - 0x00007ff8eacfd000 	C:\Windows\SYSTEM32\WINMMBASE.dll
0x00007ff8eea30000 - 0x00007ff8eea7a000 	C:\Windows\System32\cfgmgr32.dll
0x00000000549e0000 - 0x00000000549ef000 	D:\java\jdk1.8.0_77\jre\bin\verify.dll
0x00000000549b0000 - 0x00000000549d9000 	D:\java\jdk1.8.0_77\jre\bin\java.dll
0x0000000054990000 - 0x00000000549a6000 	D:\java\jdk1.8.0_77\jre\bin\zip.dll
0x00007ff8f02b0000 - 0x00007ff8f0995000 	C:\Windows\System32\SHELL32.dll
0x00007ff8ef590000 - 0x00007ff8ef639000 	C:\Windows\System32\shcore.dll
0x00007ff8edae0000 - 0x00007ff8ee25f000 	C:\Windows\System32\windows.storage.dll
0x00007ff8eda70000 - 0x00007ff8eda8f000 	C:\Windows\System32\profapi.dll
0x00007ff8eda00000 - 0x00007ff8eda4a000 	C:\Windows\System32\powrprof.dll
0x00007ff8ed9f0000 - 0x00007ff8eda00000 	C:\Windows\System32\UMPDC.dll
0x00007ff8ef7f0000 - 0x00007ff8ef842000 	C:\Windows\System32\shlwapi.dll
0x00007ff8eda50000 - 0x00007ff8eda61000 	C:\Windows\System32\kernel.appcore.dll
0x00007ff8ee790000 - 0x00007ff8ee7a7000 	C:\Windows\System32\cryptsp.dll
0x00007ff8ead50000 - 0x00007ff8ead5a000 	D:\apache-maven-3.6.3\lib\jansi-native\windows64\jansi.dll
0x0000000054970000 - 0x000000005498a000 	D:\java\jdk1.8.0_77\jre\bin\net.dll
0x00007ff8ed210000 - 0x00007ff8ed277000 	C:\Windows\system32\mswsock.dll
0x0000000054950000 - 0x0000000054961000 	D:\java\jdk1.8.0_77\jre\bin\nio.dll
0x00007ff8d7050000 - 0x00007ff8d7244000 	C:\Windows\SYSTEM32\dbghelp.dll

VM Arguments:
jvm_args: -Dclassworlds.conf=D:\apache-maven-3.6.3\bin\..\bin\m2.conf -Dmaven.home=D:\apache-maven-3.6.3\bin\.. -Dlibrary.jansi.path=D:\apache-maven-3.6.3\bin\..\lib\jansi-native -Dmaven.multiModuleProjectDirectory=E:\git\github\garyzhangscm\cwms\commonsvr 
java_command: org.codehaus.plexus.classworlds.launcher.Launcher clean package docker:build
java_class_path (initial): D:\apache-maven-3.6.3\bin\..\boot\plexus-classworlds-2.6.0.jar
Launcher Type: SUN_STANDARD

Environment Variables:
JAVA_HOME=D:\java\jdk1.8.0_77
PATH=C:\ProgramData\Oracle\Java\javapath;C:\Python27\;C:\Python27\Scripts;C:\Windows\system32;C:\Windows;C:\Windows\System32\Wbem;C:\Windows\System32\WindowsPowerShell\v1.0\;C:\Windows\System32\OpenSSH\;C:\Program Files\Intel\WiFi\bin\;C:\Program Files\Common Files\Intel\WirelessCommon\;C:\Program Files\Microsoft SQL Server\110\Tools\Binn\;C:\Program Files (x86)\Microsoft SDKs\TypeScript\1.0\;C:\Program Files\Microsoft SQL Server\120\Tools\Binn\;C:\Program Files (x86)\Microsoft SQL Server\150\DTS\Binn\;D:\Program Files\TortoiseSVN\bin;d:\Program Files\Git\cmd;D:\Program Files\nodejs\;C:\ProgramData\chocolatey\bin;D:\Program Files\PuTTY\;D:\apache-maven-3.6.3\bin;;C:\Program Files\Amazon\AWSCLIV2\;C:\Program Files\Docker\Docker\resources\bin;C:\ProgramData\DockerDesktop\version-bin;C:\Users\gzhang\AppData\Local\Microsoft\WindowsApps;d:\Program Files\JetBrains\IntelliJ IDEA Community Edition 2019.3.1\bin;;d:\Users\gzhang\AppData\Local\Programs\Microsoft VS Code\bin;C:\Users\gzhang\AppData\Roaming\npm;d:\Program Files\JetBrains\IntelliJ IDEA 2019.3.1\bin;;D:\bin;
USERNAME=gzhang
OS=Windows_NT
PROCESSOR_IDENTIFIER=Intel64 Family 6 Model 69 Stepping 1, GenuineIntel



---------------  S Y S T E M  ---------------

OS: Windows 10.0 , 64 bit Build 18362 (10.0.18362.329)

CPU:total 4 (2 cores per cpu, 2 threads per core) family 6 model 69 stepping 1, cmov, cx8, fxsr, mmx, sse, sse2, sse3, ssse3, sse4.1, sse4.2, popcnt, avx, avx2, aes, clmul, erms, lzcnt, ht, tsc, tscinvbit, bmi1, bmi2

Memory: 4k page, physical 16472336k(4683408k free), swap 27482384k(9348288k free)

vm_info: Java HotSpot(TM) 64-Bit Server VM (25.77-b03) for windows-amd64 JRE (1.8.0_77-b03), built on Mar 20 2016 22:01:33 by "java_re" with MS VC++ 10.0 (VS2010)

time: Thu Sep 10 13:48:48 2020
elapsed time: 3 seconds (0d 0h 0m 3s)

