#
# A fatal error has been detected by the Java Runtime Environment:
#
#  EXCEPTION_ACCESS_VIOLATION (0xc0000005) at pc=0x0000000064dae05c, pid=10380, tid=18608
#
# JRE version: Java(TM) SE Runtime Environment (8.0_77-b03) (build 1.8.0_77-b03)
# Java VM: Java HotSpot(TM) 64-Bit Server VM (25.77-b03 mixed mode windows-amd64 compressed oops)
# Problematic frame:
# V  [jvm.dll+0x50e05c]
#
# Failed to write core dump. Minidumps are not enabled by default on client versions of Windows
#
# If you would like to submit a bug report, please visit:
#   http://bugreport.java.com/bugreport/crash.jsp
#

---------------  T H R E A D  ---------------

Current thread (0x000000001bb1f000):  JavaThread "C2 CompilerThread0" daemon [_thread_in_native, id=18608, stack(0x000000001d180000,0x000000001d280000)]

siginfo: ExceptionCode=0xc0000005, reading address 0x00000040650b0d38

Registers:
RAX=0x00000040650b0d38, RBX=0x0000000000000004, RCX=0x000000001f944a50, RDX=0x00000000000033e0
RSP=0x000000001d27bee0, RBP=0x000000001d27bfe0, RSI=0x000000000000000e, RDI=0x000000001e55c780
R8 =0x0000000000000009, R9 =0x0000000000000000, R10=0x0000000000000000, R11=0x00000000000002dc
R12=0x000000001e55c790, R13=0x00000000000000bb, R14=0x0000000000000000, R15=0x000000001d27c5d0
RIP=0x0000000064dae05c, EFLAGS=0x0000000000010246

Top of Stack: (sp=0x000000001d27bee0)
0x000000001d27bee0:   0000000000000001 000000002171f970
0x000000001d27bef0:   000000002171f970 0000000000000001
0x000000001d27bf00:   0000000000001cb7 0000000000001cb6
0x000000001d27bf10:   0000000021105d00 000000001d27c000
0x000000001d27bf20:   000000001d27c180 0000000000000017
0x000000001d27bf30:   000000000000000e 000000001e55c780
0x000000001d27bf40:   0000000000000001 0000000000000001
0x000000001d27bf50:   0000000000000000 00000001000000bb
0x000000001d27bf60:   00000cc900000000 000000001d27c2b0
0x000000001d27bf70:   000000000000000f 0000000022bbc8b0
0x000000001d27bf80:   0000000000000001 00000cc9000000bb
0x000000001d27bf90:   000000001d27c2b0 000000000000000f
0x000000001d27bfa0:   0000000022bb9580 0000000000000953
0x000000001d27bfb0:   0000000027c6b620 0000000026cf30d0
0x000000001d27bfc0:   ffffffffe21d29f0 00000000000003d8
0x000000001d27bfd0:   0000000026cf34a8 0000000026cf30c0 

Instructions: (pc=0x0000000064dae05c)
0x0000000064dae03c:   c1 ea 05 48 8b 48 10 48 c1 e2 05 49 c1 e8 08 48
0x0000000064dae04c:   8b 44 0a 08 41 83 e2 07 41 83 e1 1f 4a 8b 04 c0
0x0000000064dae05c:   42 8b 04 90 44 0f a3 c8 48 8b 45 08 72 03 4c 89
0x0000000064dae06c:   30 48 83 c0 08 49 83 c3 04 48 ff cb 48 89 45 08 


Register to memory mapping:

RAX=0x00000040650b0d38 is an unknown value
RBX=0x0000000000000004 is an unknown value
RCX=0x000000001f944a50 is an unknown value
RDX=0x00000000000033e0 is an unknown value
RSP=0x000000001d27bee0 is pointing into the stack for thread: 0x000000001bb1f000
RBP=0x000000001d27bfe0 is pointing into the stack for thread: 0x000000001bb1f000
RSI=0x000000000000000e is an unknown value
RDI=0x000000001e55c780 is an unknown value
R8 =0x0000000000000009 is an unknown value
R9 =0x0000000000000000 is an unknown value
R10=0x0000000000000000 is an unknown value
R11=0x00000000000002dc is an unknown value
R12=0x000000001e55c790 is an unknown value
R13=0x00000000000000bb is an unknown value
R14=0x0000000000000000 is an unknown value
R15=0x000000001d27c5d0 is pointing into the stack for thread: 0x000000001bb1f000


Stack: [0x000000001d180000,0x000000001d280000],  sp=0x000000001d27bee0,  free space=1007k
Native frames: (J=compiled Java code, j=interpreted, Vv=VM code, C=native code)
V  [jvm.dll+0x50e05c]
V  [jvm.dll+0x462c56]
V  [jvm.dll+0x46dd9b]
V  [jvm.dll+0x4703b2]
V  [jvm.dll+0x453492]
V  [jvm.dll+0xa4ae2]
V  [jvm.dll+0xa541f]
V  [jvm.dll+0x243434]
V  [jvm.dll+0x29a27a]
C  [msvcr100.dll+0x21d9f]
C  [msvcr100.dll+0x21e3b]
C  [KERNEL32.DLL+0x17bd4]
C  [ntdll.dll+0x6ced1]


Current CompileTask:
C2: 425047 12349       4       com.sun.tools.javac.comp.Infer$IncorporationStep$10::apply (226 bytes)


---------------  P R O C E S S  ---------------

Java Threads: ( => current thread )
  0x000000001fd33000 JavaThread "resolver-5" daemon [_thread_blocked, id=19896, stack(0x0000000023bd0000,0x0000000023cd0000)]
  0x0000000021747800 JavaThread "resolver-4" daemon [_thread_blocked, id=16300, stack(0x0000000023ad0000,0x0000000023bd0000)]
  0x000000001ed6c000 JavaThread "resolver-3" daemon [_thread_blocked, id=16324, stack(0x00000000239d0000,0x0000000023ad0000)]
  0x000000001ed57000 JavaThread "resolver-2" daemon [_thread_blocked, id=22412, stack(0x00000000238d0000,0x00000000239d0000)]
  0x000000002135d000 JavaThread "resolver-1" daemon [_thread_blocked, id=2644, stack(0x0000000021be0000,0x0000000021ce0000)]
  0x000000001d4a0800 JavaThread "Service Thread" daemon [_thread_blocked, id=21780, stack(0x000000001d880000,0x000000001d980000)]
  0x000000001bb27800 JavaThread "C1 CompilerThread2" daemon [_thread_blocked, id=10424, stack(0x000000001d380000,0x000000001d480000)]
  0x000000001bb24800 JavaThread "C2 CompilerThread1" daemon [_thread_in_native, id=2564, stack(0x000000001d280000,0x000000001d380000)]
=>0x000000001bb1f000 JavaThread "C2 CompilerThread0" daemon [_thread_in_native, id=18608, stack(0x000000001d180000,0x000000001d280000)]
  0x000000001bb1c800 JavaThread "Attach Listener" daemon [_thread_blocked, id=12476, stack(0x000000001d080000,0x000000001d180000)]
  0x000000001bb1b800 JavaThread "Signal Dispatcher" daemon [_thread_blocked, id=18124, stack(0x000000001cf80000,0x000000001d080000)]
  0x000000000270b000 JavaThread "Finalizer" daemon [_thread_blocked, id=21560, stack(0x000000001cd80000,0x000000001ce80000)]
  0x0000000002700000 JavaThread "Reference Handler" daemon [_thread_blocked, id=5448, stack(0x000000001cc80000,0x000000001cd80000)]
  0x000000000260e000 JavaThread "main" [_thread_in_native, id=18096, stack(0x0000000002470000,0x0000000002570000)]

Other Threads:
  0x000000001bae7800 VMThread [stack: 0x000000001cb80000,0x000000001cc80000] [id=22224]
  0x000000001d4cd800 WatcherThread [stack: 0x000000001d980000,0x000000001da80000] [id=9732]

VM state:not at safepoint (normal execution)

VM Mutex/Monitor currently owned by a thread: None

Heap:
 PSYoungGen      total 538624K, used 398794K [0x000000076c380000, 0x0000000796600000, 0x00000007c0000000)
  eden space 473088K, 73% used [0x000000076c380000,0x0000000781806ce0,0x0000000789180000)
  from space 65536K, 76% used [0x0000000789180000,0x000000078c26bce8,0x000000078d180000)
  to   space 68608K, 0% used [0x0000000792300000,0x0000000792300000,0x0000000796600000)
 ParOldGen       total 309248K, used 99354K [0x00000006c4a00000, 0x00000006d7800000, 0x000000076c380000)
  object space 309248K, 32% used [0x00000006c4a00000,0x00000006cab06968,0x00000006d7800000)
 Metaspace       used 65975K, capacity 67244K, committed 67608K, reserved 1107968K
  class space    used 7930K, capacity 8366K, committed 8472K, reserved 1048576K

Card table byte_map: [0x0000000011ad0000,0x00000000122b0000] byte_map_base: 0x000000000e4ab000

Marking Bits: (ParMarkBitMap*) 0x00000000650b0600
 Begin Bits: [0x0000000012bf0000, 0x0000000016ac8000)
 End Bits:   [0x0000000016ac8000, 0x000000001a9a0000)

Polling page: 0x0000000002570000

CodeCache: size=245760Kb used=37173Kb max_used=37193Kb free=208586Kb
 bounds [0x0000000002710000, 0x0000000004bb0000, 0x0000000011710000]
 total_blobs=10186 nmethods=9678 adapters=418
 compilation: enabled

Compilation events (10 events):
Event: 424.823 Thread 0x000000001bb27800 12403       2       java.util.concurrent.atomic.AtomicReference::<init> (10 bytes)
Event: 424.823 Thread 0x000000001bb27800 nmethod 12403 0x0000000004b6db50 code [0x0000000004b6dca0, 0x0000000004b6de10]
Event: 424.879 Thread 0x000000001bb27800 12404       2       sun.reflect.ClassFileAssembler::<init> (8 bytes)
Event: 424.879 Thread 0x000000001bb27800 nmethod 12404 0x0000000004b6d690 code [0x0000000004b6d7e0, 0x0000000004b6da70]
Event: 424.880 Thread 0x000000001bb27800 12405       2       sun.reflect.ClassFileAssembler::append (9 bytes)
Event: 424.881 Thread 0x000000001bb27800 nmethod 12405 0x0000000004b6ce10 code [0x0000000004b6cfa0, 0x0000000004b6d2b8]
Event: 424.945 Thread 0x000000001bb27800 12407       2       com.sun.tools.javac.code.Source::instance (55 bytes)
Event: 424.946 Thread 0x000000001bb27800 nmethod 12407 0x0000000004b68d10 code [0x0000000004b68ee0, 0x0000000004b69408]
Event: 424.967 Thread 0x000000001bb27800 12408   !   2       java.lang.StringCoding::decode (120 bytes)
Event: 424.968 Thread 0x000000001bb27800 nmethod 12408 0x0000000004b67650 code [0x0000000004b678c0, 0x0000000004b68218]

GC Heap History (10 events):
Event: 116.964 GC heap before
{Heap before GC invocations=14 (full 3):
 PSYoungGen      total 360960K, used 36818K [0x000000076c380000, 0x000000078ad00000, 0x00000007c0000000)
  eden space 310272K, 0% used [0x000000076c380000,0x000000076c380000,0x000000077f280000)
  from space 50688K, 72% used [0x000000077f280000,0x0000000781674bf0,0x0000000782400000)
  to   space 52224K, 0% used [0x0000000787a00000,0x0000000787a00000,0x000000078ad00000)
 ParOldGen       total 242688K, used 76787K [0x00000006c4a00000, 0x00000006d3700000, 0x000000076c380000)
  object space 242688K, 31% used [0x00000006c4a00000,0x00000006c94fcce0,0x00000006d3700000)
 Metaspace       used 57755K, capacity 58862K, committed 59160K, reserved 1101824K
  class space    used 6963K, capacity 7351K, committed 7448K, reserved 1048576K
Event: 117.337 GC heap after
Heap after GC invocations=14 (full 3):
 PSYoungGen      total 360960K, used 0K [0x000000076c380000, 0x000000078ad00000, 0x00000007c0000000)
  eden space 310272K, 0% used [0x000000076c380000,0x000000076c380000,0x000000077f280000)
  from space 50688K, 0% used [0x000000077f280000,0x000000077f280000,0x0000000782400000)
  to   space 52224K, 0% used [0x0000000787a00000,0x0000000787a00000,0x000000078ad00000)
 ParOldGen       total 309248K, used 99322K [0x00000006c4a00000, 0x00000006d7800000, 0x000000076c380000)
  object space 309248K, 32% used [0x00000006c4a00000,0x00000006caafe968,0x00000006d7800000)
 Metaspace       used 57755K, capacity 58862K, committed 59160K, reserved 1101824K
  class space    used 6963K, capacity 7351K, committed 7448K, reserved 1048576K
}
Event: 165.430 GC heap before
{Heap before GC invocations=15 (full 3):
 PSYoungGen      total 360960K, used 310272K [0x000000076c380000, 0x000000078ad00000, 0x00000007c0000000)
  eden space 310272K, 100% used [0x000000076c380000,0x000000077f280000,0x000000077f280000)
  from space 50688K, 0% used [0x000000077f280000,0x000000077f280000,0x0000000782400000)
  to   space 52224K, 0% used [0x0000000787a00000,0x0000000787a00000,0x000000078ad00000)
 ParOldGen       total 309248K, used 99322K [0x00000006c4a00000, 0x00000006d7800000, 0x000000076c380000)
  object space 309248K, 32% used [0x00000006c4a00000,0x00000006caafe968,0x00000006d7800000)
 Metaspace       used 64327K, capacity 65568K, committed 65944K, reserved 1107968K
  class space    used 7906K, capacity 8316K, committed 8344K, reserved 1048576K
Event: 165.488 GC heap after
Heap after GC invocations=15 (full 3):
 PSYoungGen      total 446464K, used 41855K [0x000000076c380000, 0x000000078b000000, 0x00000007c0000000)
  eden space 394240K, 0% used [0x000000076c380000,0x000000076c380000,0x0000000784480000)
  from space 52224K, 80% used [0x0000000787a00000,0x000000078a2dfd28,0x000000078ad00000)
  to   space 54784K, 0% used [0x0000000784480000,0x0000000784480000,0x0000000787a00000)
 ParOldGen       total 309248K, used 99330K [0x00000006c4a00000, 0x00000006d7800000, 0x000000076c380000)
  object space 309248K, 32% used [0x00000006c4a00000,0x00000006cab00968,0x00000006d7800000)
 Metaspace       used 64327K, capacity 65568K, committed 65944K, reserved 1107968K
  class space    used 7906K, capacity 8316K, committed 8344K, reserved 1048576K
}
Event: 219.609 GC heap before
{Heap before GC invocations=16 (full 3):
 PSYoungGen      total 446464K, used 436095K [0x000000076c380000, 0x000000078b000000, 0x00000007c0000000)
  eden space 394240K, 100% used [0x000000076c380000,0x0000000784480000,0x0000000784480000)
  from space 52224K, 80% used [0x0000000787a00000,0x000000078a2dfd28,0x000000078ad00000)
  to   space 54784K, 0% used [0x0000000784480000,0x0000000784480000,0x0000000787a00000)
 ParOldGen       total 309248K, used 99330K [0x00000006c4a00000, 0x00000006d7800000, 0x000000076c380000)
  object space 309248K, 32% used [0x00000006c4a00000,0x00000006cab00968,0x00000006d7800000)
 Metaspace       used 64973K, capacity 66174K, committed 66712K, reserved 1107968K
  class space    used 7915K, capacity 8321K, committed 8344K, reserved 1048576K
Event: 219.668 GC heap after
Heap after GC invocations=16 (full 3):
 PSYoungGen      total 449024K, used 48282K [0x000000076c380000, 0x0000000791300000, 0x00000007c0000000)
  eden space 394240K, 0% used [0x000000076c380000,0x000000076c380000,0x0000000784480000)
  from space 54784K, 88% used [0x0000000784480000,0x00000007873a6a48,0x0000000787a00000)
  to   space 59392K, 0% used [0x000000078d900000,0x000000078d900000,0x0000000791300000)
 ParOldGen       total 309248K, used 99338K [0x00000006c4a00000, 0x00000006d7800000, 0x000000076c380000)
  object space 309248K, 32% used [0x00000006c4a00000,0x00000006cab02968,0x00000006d7800000)
 Metaspace       used 64973K, capacity 66174K, committed 66712K, reserved 1107968K
  class space    used 7915K, capacity 8321K, committed 8344K, reserved 1048576K
}
Event: 296.142 GC heap before
{Heap before GC invocations=17 (full 3):
 PSYoungGen      total 449024K, used 442522K [0x000000076c380000, 0x0000000791300000, 0x00000007c0000000)
  eden space 394240K, 100% used [0x000000076c380000,0x0000000784480000,0x0000000784480000)
  from space 54784K, 88% used [0x0000000784480000,0x00000007873a6a48,0x0000000787a00000)
  to   space 59392K, 0% used [0x000000078d900000,0x000000078d900000,0x0000000791300000)
 ParOldGen       total 309248K, used 99338K [0x00000006c4a00000, 0x00000006d7800000, 0x000000076c380000)
  object space 309248K, 32% used [0x00000006c4a00000,0x00000006cab02968,0x00000006d7800000)
 Metaspace       used 65549K, capacity 66842K, committed 67352K, reserved 1107968K
  class space    used 7928K, capacity 8363K, committed 8472K, reserved 1048576K
Event: 296.214 GC heap after
Heap after GC invocations=17 (full 3):
 PSYoungGen      total 530944K, used 54625K [0x000000076c380000, 0x0000000791180000, 0x00000007c0000000)
  eden space 473088K, 0% used [0x000000076c380000,0x000000076c380000,0x0000000789180000)
  from space 57856K, 94% used [0x000000078d900000,0x0000000790e584c0,0x0000000791180000)
  to   space 65536K, 0% used [0x0000000789180000,0x0000000789180000,0x000000078d180000)
 ParOldGen       total 309248K, used 99346K [0x00000006c4a00000, 0x00000006d7800000, 0x000000076c380000)
  object space 309248K, 32% used [0x00000006c4a00000,0x00000006cab04968,0x00000006d7800000)
 Metaspace       used 65549K, capacity 66842K, committed 67352K, reserved 1107968K
  class space    used 7928K, capacity 8363K, committed 8472K, reserved 1048576K
}
Event: 367.534 GC heap before
{Heap before GC invocations=18 (full 3):
 PSYoungGen      total 530944K, used 527713K [0x000000076c380000, 0x0000000791180000, 0x00000007c0000000)
  eden space 473088K, 100% used [0x000000076c380000,0x0000000789180000,0x0000000789180000)
  from space 57856K, 94% used [0x000000078d900000,0x0000000790e584c0,0x0000000791180000)
  to   space 65536K, 0% used [0x0000000789180000,0x0000000789180000,0x000000078d180000)
 ParOldGen       total 309248K, used 99346K [0x00000006c4a00000, 0x00000006d7800000, 0x000000076c380000)
  object space 309248K, 32% used [0x00000006c4a00000,0x00000006cab04968,0x00000006d7800000)
 Metaspace       used 65813K, capacity 67162K, committed 67608K, reserved 1107968K
  class space    used 7928K, capacity 8363K, committed 8472K, reserved 1048576K
Event: 367.597 GC heap after
Heap after GC invocations=18 (full 3):
 PSYoungGen      total 538624K, used 50095K [0x000000076c380000, 0x0000000796600000, 0x00000007c0000000)
  eden space 473088K, 0% used [0x000000076c380000,0x000000076c380000,0x0000000789180000)
  from space 65536K, 76% used [0x0000000789180000,0x000000078c26bce8,0x000000078d180000)
  to   space 68608K, 0% used [0x0000000792300000,0x0000000792300000,0x0000000796600000)
 ParOldGen       total 309248K, used 99354K [0x00000006c4a00000, 0x00000006d7800000, 0x000000076c380000)
  object space 309248K, 32% used [0x00000006c4a00000,0x00000006cab06968,0x00000006d7800000)
 Metaspace       used 65813K, capacity 67162K, committed 67608K, reserved 1107968K
  class space    used 7928K, capacity 8363K, committed 8472K, reserved 1048576K
}

Deoptimization events (10 events):
Event: 423.991 Thread 0x000000000260e000 Uncommon trap: reason=class_check action=maybe_recompile pc=0x0000000004a5afd8 method=com.sun.tools.javac.comp.Infer$IncorporationStep$10.apply(Lcom/sun/tools/javac/code/Type$UndetVar;Lcom/sun/tools/javac/comp/Infer$InferenceContext;Lcom/sun/tools/javac/ut TûtÜz@
Event: 423.991 Thread 0x000000000260e000 Uncommon trap: reason=class_check action=maybe_recompile pc=0x0000000004a5af20 method=com.sun.tools.javac.comp.Infer$IncorporationStep$10.apply(Lcom/sun/tools/javac/code/Type$UndetVar;Lcom/sun/tools/javac/comp/Infer$InferenceContext;Lcom/sun/tools/javac/ut
Event: 423.992 Thread 0x000000000260e000 Uncommon trap: reason=unstable_if action=reinterpret pc=0x00000000047f92b0 method=com.sun.tools.javac.code.Types$13.visitClassType(Lcom/sun/tools/javac/code/Type$ClassType;Lcom/sun/tools/javac/code/Symbol;)Lcom/sun/tools/javac/code/Type; @ 36
Event: 423.992 Thread 0x000000000260e000 Uncommon trap: reason=unstable_if action=reinterpret pc=0x00000000047f7f7c method=com.sun.tools.javac.code.Types$13.visitClassType(Lcom/sun/tools/javac/code/Type$ClassType;Lcom/sun/tools/javac/code/Symbol;)Lcom/sun/tools/javac/code/Type; @ 36
Event: 424.040 Thread 0x000000000260e000 Uncommon trap: reason=unstable_if action=reinterpret pc=0x00000000048540c4 method=com.sun.tools.javac.code.Symbol$TypeSymbol.precedes(Lcom/sun/tools/javac/code/Symbol$TypeSymbol;Lcom/sun/tools/javac/code/Types;)Z @ 34
Event: 424.040 Thread 0x000000000260e000 Uncommon trap: reason=unstable_if action=reinterpret pc=0x000000000438a5b0 method=com.sun.tools.javac.code.Types$4.visitClassType(Lcom/sun/tools/javac/code/Type$ClassType;Lcom/sun/tools/javac/code/Type;)Ljava/lang/Boolean; @ 29
Event: 424.041 Thread 0x000000000260e000 Uncommon trap: reason=unstable_if action=reinterpret pc=0x0000000004af54b4 method=com.sun.tools.javac.comp.Check.assertConvertible(Lcom/sun/tools/javac/tree/JCTree;Lcom/sun/tools/javac/code/Type;Lcom/sun/tools/javac/code/Type;Lcom/sun/tools/javac/util/Warn.NUk‡z@
Event: 424.464 Thread 0x000000000260e000 Uncommon trap: reason=speculate_class_check action=maybe_recompile pc=0x0000000003d8d90c method=com.sun.tools.javac.util.ArrayUtils.ensureCapacity([Ljava/lang/Object;I)[Ljava/lang/Object; @ 39
Event: 424.678 Thread 0x000000000260e000 Uncommon trap: reason=bimorphic action=maybe_recompile pc=0x00000000035f08e8 method=com.sun.tools.javac.code.Type$ClassType.allparams()Lcom/sun/tools/javac/util/List; @ 16
Event: 424.955 Thread 0x000000000260e000 Uncommon trap: reason=bimorphic action=maybe_recompile pc=0x0000000003abfd18 method=java.lang.StringCoding$StringDecoder.charsetName()Ljava/lang/String; @ 17

Internal exceptions (10 events):
Event: 423.317 Thread 0x000000000260e000 Exception <a 'java/io/FileNotFoundException'> (0x00000007781817f0) thrown at [D:\re\workspace\8-2-build-windows-amd64-cygwin\jdk8u77\6540\hotspot\src\share\vm\prims\jni.cpp, line 709]
Event: 423.318 Thread 0x000000000260e000 Exception <a 'java/io/FileNotFoundException'> (0x0000000778182eb8) thrown at [D:\re\workspace\8-2-build-windows-amd64-cygwin\jdk8u77\6540\hotspot\src\share\vm\prims\jni.cpp, line 709]
Event: 423.342 Thread 0x000000000260e000 Exception <a 'java/io/FileNotFoundException'> (0x00000007781b22c0) thrown at [D:\re\workspace\8-2-build-windows-amd64-cygwin\jdk8u77\6540\hotspot\src\share\vm\prims\jni.cpp, line 709]
Event: 423.342 Thread 0x000000000260e000 Exception <a 'java/io/FileNotFoundException'> (0x00000007781b3358) thrown at [D:\re\workspace\8-2-build-windows-amd64-cygwin\jdk8u77\6540\hotspot\src\share\vm\prims\jni.cpp, line 709]
Event: 423.343 Thread 0x000000000260e000 Exception <a 'java/io/FileNotFoundException'> (0x00000007781b43d0) thrown at [D:\re\workspace\8-2-build-windows-amd64-cygwin\jdk8u77\6540\hotspot\src\share\vm\prims\jni.cpp, line 709]
Event: 423.343 Thread 0x000000000260e000 Exception <a 'java/io/FileNotFoundException'> (0x00000007781b54b0) thrown at [D:\re\workspace\8-2-build-windows-amd64-cygwin\jdk8u77\6540\hotspot\src\share\vm\prims\jni.cpp, line 709]
Event: 423.343 Thread 0x000000000260e000 Exception <a 'java/io/FileNotFoundException'> (0x00000007781b64f8) thrown at [D:\re\workspace\8-2-build-windows-amd64-cygwin\jdk8u77\6540\hotspot\src\share\vm\prims\jni.cpp, line 709]
Event: 423.343 Thread 0x000000000260e000 Exception <a 'java/io/FileNotFoundException'> (0x00000007781b75d0) thrown at [D:\re\workspace\8-2-build-windows-amd64-cygwin\jdk8u77\6540\hotspot\src\share\vm\prims\jni.cpp, line 709]
Event: 423.346 Thread 0x000000000260e000 Exception <a 'java/io/FileNotFoundException'> (0x00000007781bc740) thrown at [D:\re\workspace\8-2-build-windows-amd64-cygwin\jdk8u77\6540\hotspot\src\share\vm\prims\jni.cpp, line 709]
Event: 423.346 Thread 0x000000000260e000 Exception <a 'java/io/FileNotFoundException'> (0x00000007781bdbc8) thrown at [D:\re\workspace\8-2-build-windows-amd64-cygwin\jdk8u77\6540\hotspot\src\share\vm\prims\jni.cpp, line 709]

Events (10 events):
Event: 424.678 Thread 0x000000000260e000 DEOPT UNPACKING pc=0x000000000275582a sp=0x000000000256ace0 mode 2
Event: 424.847 loading class org/apache/maven/plugins/resources/Delimiter
Event: 424.847 loading class org/apache/maven/plugins/resources/Delimiter done
Event: 424.847 loading class org/apache/maven/plugins/resources/Delimiter
Event: 424.847 loading class org/apache/maven/plugins/resources/Delimiter done
Event: 424.847 loading class org/apache/maven/plugins/resources/Delimiter
Event: 424.847 loading class org/apache/maven/plugins/resources/Delimiter done
Event: 424.955 Thread 0x000000000260e000 Uncommon trap: trap_request=0xffffffc6 fr.pc=0x0000000003abfd18
Event: 424.955 Thread 0x000000000260e000 DEOPT PACKING pc=0x0000000003abfd18 sp=0x000000000256d060
Event: 424.955 Thread 0x000000000260e000 DEOPT UNPACKING pc=0x000000000275582a sp=0x000000000256cfc0 mode 2


Dynamic libraries:
0x00007ff7fb0f0000 - 0x00007ff7fb127000 	D:\java\jdk1.8.0_77\bin\java.exe
0x00007ff897fa0000 - 0x00007ff898190000 	C:\Windows\SYSTEM32\ntdll.dll
0x00007ff897280000 - 0x00007ff897332000 	C:\Windows\System32\KERNEL32.DLL
0x00007ff894f30000 - 0x00007ff8951d3000 	C:\Windows\System32\KERNELBASE.dll
0x00007ff8961d0000 - 0x00007ff896273000 	C:\Windows\System32\ADVAPI32.dll
0x00007ff897af0000 - 0x00007ff897b8e000 	C:\Windows\System32\msvcrt.dll
0x00007ff897110000 - 0x00007ff8971a7000 	C:\Windows\System32\sechost.dll
0x00007ff896050000 - 0x00007ff896170000 	C:\Windows\System32\RPCRT4.dll
0x00007ff896e20000 - 0x00007ff896fb4000 	C:\Windows\System32\USER32.dll
0x00007ff895e80000 - 0x00007ff895ea1000 	C:\Windows\System32\win32u.dll
0x00007ff897ba0000 - 0x00007ff897bc6000 	C:\Windows\System32\GDI32.dll
0x00007ff8952b0000 - 0x00007ff895444000 	C:\Windows\System32\gdi32full.dll
0x00007ff895f00000 - 0x00007ff895f9e000 	C:\Windows\System32\msvcp_win.dll
0x00007ff895450000 - 0x00007ff89554a000 	C:\Windows\System32\ucrtbase.dll
0x00007ff8942e0000 - 0x00007ff894565000 	C:\Windows\WinSxS\amd64_microsoft.windows.common-controls_6595b64144ccf1df_6.0.18362.535_none_e6c3b34713100821\COMCTL32.dll
0x00007ff896280000 - 0x00007ff8965b6000 	C:\Windows\System32\combase.dll
0x00007ff895200000 - 0x00007ff895280000 	C:\Windows\System32\bcryptPrimitives.dll
0x00007ff897aa0000 - 0x00007ff897ace000 	C:\Windows\System32\IMM32.DLL
0x00007ff894230000 - 0x00007ff89426c000 	C:\Windows\system32\SophosAV\SOPHOS~1.DLL
0x00007ff897b90000 - 0x00007ff897b98000 	C:\Windows\System32\PSAPI.DLL
0x0000000065860000 - 0x0000000065932000 	D:\java\jdk1.8.0_77\jre\bin\msvcr100.dll
0x00000000648a0000 - 0x0000000065130000 	D:\java\jdk1.8.0_77\jre\bin\server\jvm.dll
0x00007ff8914d0000 - 0x00007ff8914f4000 	C:\Windows\SYSTEM32\WINMM.dll
0x00007ff87f880000 - 0x00007ff87f889000 	C:\Windows\SYSTEM32\WSOCK32.dll
0x00007ff88bf50000 - 0x00007ff88bf5a000 	C:\Windows\SYSTEM32\VERSION.dll
0x00007ff897a30000 - 0x00007ff897a9f000 	C:\Windows\System32\WS2_32.dll
0x00007ff8914a0000 - 0x00007ff8914cd000 	C:\Windows\SYSTEM32\WINMMBASE.dll
0x00007ff895eb0000 - 0x00007ff895efa000 	C:\Windows\System32\cfgmgr32.dll
0x00000000665a0000 - 0x00000000665af000 	D:\java\jdk1.8.0_77\jre\bin\verify.dll
0x0000000066570000 - 0x0000000066599000 	D:\java\jdk1.8.0_77\jre\bin\java.dll
0x0000000066550000 - 0x0000000066566000 	D:\java\jdk1.8.0_77\jre\bin\zip.dll
0x00007ff897340000 - 0x00007ff897a25000 	C:\Windows\System32\SHELL32.dll
0x00007ff896880000 - 0x00007ff896929000 	C:\Windows\System32\shcore.dll
0x00007ff8956a0000 - 0x00007ff895e1f000 	C:\Windows\System32\windows.storage.dll
0x00007ff894f10000 - 0x00007ff894f2f000 	C:\Windows\System32\profapi.dll
0x00007ff894ec0000 - 0x00007ff894f0a000 	C:\Windows\System32\powrprof.dll
0x00007ff894e70000 - 0x00007ff894e80000 	C:\Windows\System32\UMPDC.dll
0x00007ff897be0000 - 0x00007ff897c32000 	C:\Windows\System32\shlwapi.dll
0x00007ff894ea0000 - 0x00007ff894eb1000 	C:\Windows\System32\kernel.appcore.dll
0x00007ff8951e0000 - 0x00007ff8951f7000 	C:\Windows\System32\cryptsp.dll
0x00007ff883eb0000 - 0x00007ff883eba000 	D:\apache-maven-3.6.3\lib\jansi-native\windows64\jansi.dll
0x0000000065840000 - 0x000000006585a000 	D:\java\jdk1.8.0_77\jre\bin\net.dll
0x00007ff893fd0000 - 0x00007ff894037000 	C:\Windows\system32\mswsock.dll
0x0000000064880000 - 0x0000000064891000 	D:\java\jdk1.8.0_77\jre\bin\nio.dll
0x0000000064870000 - 0x000000006487d000 	D:\java\jdk1.8.0_77\jre\bin\management.dll
0x00007ff873130000 - 0x00007ff873146000 	C:\Windows\system32\napinsp.dll
0x00007ff873110000 - 0x00007ff87312a000 	C:\Windows\system32\pnrpnsp.dll
0x00007ff893d30000 - 0x00007ff893dfa000 	C:\Windows\SYSTEM32\DNSAPI.dll
0x00007ff897df0000 - 0x00007ff897df8000 	C:\Windows\System32\NSI.dll
0x00007ff893cf0000 - 0x00007ff893d2a000 	C:\Windows\SYSTEM32\IPHLPAPI.DLL
0x00007ff877030000 - 0x00007ff87703e000 	C:\Windows\System32\winrnr.dll
0x00007ff88fc40000 - 0x00007ff88fc5c000 	C:\Windows\system32\NLAapi.dll
0x00007ff88f000000 - 0x00007ff88f015000 	C:\Windows\system32\wshbth.dll
0x00007ff8861e0000 - 0x00007ff8861ea000 	C:\Windows\System32\rasadhlp.dll
0x00007ff88f090000 - 0x00007ff88f107000 	C:\Windows\System32\fwpuclnt.dll
0x00007ff895280000 - 0x00007ff8952a6000 	C:\Windows\System32\bcrypt.dll
0x00007ff893b50000 - 0x00007ff893b83000 	C:\Windows\system32\rsaenh.dll
0x00007ff894d60000 - 0x00007ff894d85000 	C:\Windows\SYSTEM32\USERENV.dll
0x00007ff894150000 - 0x00007ff89415c000 	C:\Windows\SYSTEM32\CRYPTBASE.dll
0x00007ff88e130000 - 0x00007ff88e146000 	C:\Windows\SYSTEM32\dhcpcsvc6.DLL
0x00007ff88e110000 - 0x00007ff88e12c000 	C:\Windows\SYSTEM32\dhcpcsvc.DLL
0x0000000064840000 - 0x0000000064864000 	D:\java\jdk1.8.0_77\jre\bin\sunec.dll
0x00007ff894950000 - 0x00007ff894981000 	C:\Windows\SYSTEM32\ntmarta.dll
0x00007ff894990000 - 0x00007ff894b84000 	C:\Windows\SYSTEM32\dbghelp.dll

VM Arguments:
jvm_args: -Dclassworlds.conf=D:\apache-maven-3.6.3\bin\..\bin\m2.conf -Dmaven.home=D:\apache-maven-3.6.3\bin\.. -Dlibrary.jansi.path=D:\apache-maven-3.6.3\bin\..\lib\jansi-native -Dmaven.multiModuleProjectDirectory=E:\git\github\garyzhangscm\cwms 
java_command: org.codehaus.plexus.classworlds.launcher.Launcher clean package docker:build
java_class_path (initial): D:\apache-maven-3.6.3\bin\..\boot\plexus-classworlds-2.6.0.jar
Launcher Type: SUN_STANDARD

Environment Variables:
JAVA_HOME=D:\java\jdk1.8.0_77
PATH=C:\ProgramData\Oracle\Java\javapath;C:\ProgramData\DockerDesktop\version-bin;C:\Program Files\Docker\Docker\Resources\bin;C:\Python27\;C:\Python27\Scripts;C:\Windows\system32;C:\Windows;C:\Windows\System32\Wbem;C:\Windows\System32\WindowsPowerShell\v1.0\;C:\Windows\System32\OpenSSH\;C:\Program Files\Intel\WiFi\bin\;C:\Program Files\Common Files\Intel\WirelessCommon\;C:\Program Files\Microsoft SQL Server\110\Tools\Binn\;C:\Program Files (x86)\Microsoft SDKs\TypeScript\1.0\;C:\Program Files\Microsoft SQL Server\120\Tools\Binn\;C:\Program Files (x86)\Microsoft SQL Server\150\DTS\Binn\;D:\Program Files\TortoiseSVN\bin;d:\Program Files\Git\cmd;D:\Program Files\nodejs\;C:\ProgramData\chocolatey\bin;D:\Program Files\PuTTY\;D:\apache-maven-3.6.3\bin;C:\Users\gzhang\AppData\Local\Microsoft\WindowsApps;;d:\Program Files\JetBrains\IntelliJ IDEA Community Edition 2019.3.1\bin;;d:\Users\gzhang\AppData\Local\Programs\Microsoft VS Code\bin;C:\Users\gzhang\AppData\Roaming\npm;d:\Program Files\JetBrains\IntelliJ IDEA 2019.3.1\bin;
USERNAME=gzhang
OS=Windows_NT
PROCESSOR_IDENTIFIER=Intel64 Family 6 Model 69 Stepping 1, GenuineIntel



---------------  S Y S T E M  ---------------

OS: Windows 10.0 , 64 bit Build 18362 (10.0.18362.329)

CPU:total 4 (2 cores per cpu, 2 threads per core) family 6 model 69 stepping 1, cmov, cx8, fxsr, mmx, sse, sse2, sse3, ssse3, sse4.1, sse4.2, popcnt, avx, avx2, aes, clmul, erms, lzcnt, ht, tsc, tscinvbit, bmi1, bmi2

Memory: 4k page, physical 16472336k(5426380k free), swap 24860944k(11775280k free)

vm_info: Java HotSpot(TM) 64-Bit Server VM (25.77-b03) for windows-amd64 JRE (1.8.0_77-b03), built on Mar 20 2016 22:01:33 by "java_re" with MS VC++ 10.0 (VS2010)

time: Tue Feb 04 09:31:02 2020
elapsed time: 425 seconds (0d 0h 7m 5s)

