#
# A fatal error has been detected by the Java Runtime Environment:
#
#  EXCEPTION_ACCESS_VIOLATION (0xc0000005) at pc=0x00000000583a35c8, pid=14676, tid=10744
#
# JRE version: Java(TM) SE Runtime Environment (8.0_77-b03) (build 1.8.0_77-b03)
# Java VM: Java HotSpot(TM) 64-Bit Server VM (25.77-b03 mixed mode windows-amd64 compressed oops)
# Problematic frame:
# V  [jvm.dll+0x1135c8]
#
# Failed to write core dump. Minidumps are not enabled by default on client versions of Windows
#
# If you would like to submit a bug report, please visit:
#   http://bugreport.java.com/bugreport/crash.jsp
#

---------------  T H R E A D  ---------------

Current thread (0x0000000002cab800):  GCTaskThread [stack: 0x0000000013170000,0x0000000013270000] [id=10744]

siginfo: ExceptionCode=0xc0000005, reading address 0xffffffffffffffff

Registers:
RAX=0x0000000013270000, RBX=0x0000000000000200, RCX=0x0000000000000000, RDX=0x0000000000000000
RSP=0x000000001326f320, RBP=0x00000006c683de8c, RSI=0x0000000000000005, RDI=0x0000000002d7be40
R8 =0x007ffffffc9db001, R9 =0x0000000000000005, R10=0x000000000000000c, R11=0x00000000000003a6
R12=0x00000006c683de94, R13=0x00000007c0177dc0, R14=0x00000007c0177dc8, R15=0x00000006c683de78
RIP=0x00000000583a35c8, EFLAGS=0x0000000000010246

Top of Stack: (sp=0x000000001326f320)
0x000000001326f320:   00000006c683de98 00000006c683de84
0x000000001326f330:   0000000000000005 0000000002d7be40
0x000000001326f340:   0000000000000000 0000000002cabeb0
0x000000001326f350:   0000000002c9e570 0000000000000003
0x000000001326f360:   00000000000003a6 0000000058682780
0x000000001326f370:   000000001ca88d70 0000000000000000
0x000000001326f380:   0000000002d7be40 00000000588da688
0x000000001326f390:   00000006c63c41b8 0000000002d7be40
0x000000001326f3a0:   000000077fa8a5dc 0000000000000005
0x000000001326f3b0:   00000006c63c41b8 00000000583c9079
0x000000001326f3c0:   000000001ca88820 0000002f00000008
0x000000001326f3d0:   0000000002cab800 0000000002c9e570
0x000000001326f3e0:   0000000002cabec0 0000000002cabeb0
0x000000001326f3f0:   00000000588da688 0000000000000003
0x000000001326f400:   000000001ebef620 0000000000000000
0x000000001326f410:   0000000002d7be40 0000000058680080 

Instructions: (pc=0x00000000583a35c8)
0x00000000583a35a8:   05 53 d0 6f 00 49 c1 e8 03 49 d3 e8 41 0f b6 c0
0x00000000583a35b8:   49 c1 e8 06 24 3f 0f b6 d0 48 8b 05 68 d0 6f 00
0x00000000583a35c8:   4a 8b 0c c0 48 0f a3 d1 0f 82 59 01 00 00 0f b6
0x00000000583a35d8:   15 e4 dc 6e 00 84 d2 74 16 44 8b 43 08 8b 0d a5 


Register to memory mapping:

RAX=0x0000000013270000 is an unknown value
RBX=0x0000000000000200 is an unknown value
RCX=0x0000000000000000 is an unknown value
RDX=0x0000000000000000 is an unknown value
RSP=0x000000001326f320 is an unknown value
RBP=0x00000006c683de8c is pointing into object: 0x00000006c683de78
org.eclipse.aether.graph.Dependency 
 - klass: 'org/eclipse/aether/graph/Dependency'
RSI=0x0000000000000005 is an unknown value
RDI=0x0000000002d7be40 is an unknown value
R8 =0x007ffffffc9db001 is an unknown value
R9 =0x0000000000000005 is an unknown value
R10=0x000000000000000c is an unknown value
R11=0x00000000000003a6 is an unknown value
R12=0x00000006c683de94 is pointing into object: 0x00000006c683de78
org.eclipse.aether.graph.Dependency 
 - klass: 'org/eclipse/aether/graph/Dependency'
R13=0x00000007c0177dc0 is pointing into metadata
R14=0x00000007c0177dc8 is pointing into metadata
R15=0x00000006c683de78 is an oop
org.eclipse.aether.graph.Dependency 
 - klass: 'org/eclipse/aether/graph/Dependency'


Stack: [0x0000000013170000,0x0000000013270000],  sp=0x000000001326f320,  free space=1020k
Native frames: (J=compiled Java code, j=interpreted, Vv=VM code, C=native code)
V  [jvm.dll+0x1135c8]
V  [jvm.dll+0x3f2780]
V  [jvm.dll+0x3f0080]
V  [jvm.dll+0x3ed37e]
V  [jvm.dll+0x29a27a]
C  [msvcr100.dll+0x21d9f]
C  [msvcr100.dll+0x21e3b]
C  [KERNEL32.DLL+0x17bd4]
C  [ntdll.dll+0x6ced1]


---------------  P R O C E S S  ---------------

Java Threads: ( => current thread )
  0x000000001e814000 JavaThread "resolver-5" daemon [_thread_blocked, id=15024, stack(0x0000000023210000,0x0000000023310000)]
  0x000000001e5ae000 JavaThread "resolver-4" daemon [_thread_blocked, id=1628, stack(0x0000000023110000,0x0000000023210000)]
  0x000000001de5d800 JavaThread "resolver-3" daemon [_thread_blocked, id=8448, stack(0x0000000023010000,0x0000000023110000)]
  0x000000001de5c800 JavaThread "resolver-2" daemon [_thread_blocked, id=12140, stack(0x0000000022f10000,0x0000000023010000)]
  0x0000000020bc1000 JavaThread "resolver-1" daemon [_thread_blocked, id=9500, stack(0x00000000224e0000,0x00000000225e0000)]
  0x000000001db08800 JavaThread "Service Thread" daemon [_thread_blocked, id=12048, stack(0x000000001def0000,0x000000001dff0000)]
  0x000000001c1a9800 JavaThread "C1 CompilerThread2" daemon [_thread_blocked, id=9520, stack(0x000000001d9f0000,0x000000001daf0000)]
  0x000000001c1a3000 JavaThread "C2 CompilerThread1" daemon [_thread_blocked, id=17772, stack(0x000000001d8f0000,0x000000001d9f0000)]
  0x000000001c19c000 JavaThread "C2 CompilerThread0" daemon [_thread_blocked, id=1524, stack(0x000000001d7f0000,0x000000001d8f0000)]
  0x000000001c199800 JavaThread "Attach Listener" daemon [_thread_blocked, id=15576, stack(0x000000001d6f0000,0x000000001d7f0000)]
  0x000000001c198800 JavaThread "Signal Dispatcher" daemon [_thread_blocked, id=7144, stack(0x000000001d5f0000,0x000000001d6f0000)]
  0x0000000002d8b000 JavaThread "Finalizer" daemon [_thread_blocked, id=16312, stack(0x000000001d3f0000,0x000000001d4f0000)]
  0x0000000002d80000 JavaThread "Reference Handler" daemon [_thread_blocked, id=14324, stack(0x000000001d2f0000,0x000000001d3f0000)]
  0x0000000002b8e000 JavaThread "main" [_thread_blocked, id=8020, stack(0x0000000002b90000,0x0000000002c90000)]

Other Threads:
  0x000000001c167800 VMThread [stack: 0x000000001d1f0000,0x000000001d2f0000] [id=13044]
  0x000000001db46000 WatcherThread [stack: 0x000000001dff0000,0x000000001e0f0000] [id=16104]

=>0x0000000002cab800 (exited) GCTaskThread [stack: 0x0000000013170000,0x0000000013270000] [id=10744]

VM state:at safepoint (normal execution)

VM Mutex/Monitor currently owned by a thread:  ([mutex/lock_event])
[0x0000000002b8d0b0] Threads_lock - owner thread: 0x000000001c167800
[0x0000000002b8d730] Heap_lock - owner thread: 0x0000000002b8e000

Heap:
 PSYoungGen      total 279040K, used 33265K [0x000000076c380000, 0x0000000786480000, 0x00000007c0000000)
  eden space 245760K, 0% used [0x000000076c380000,0x000000076c380000,0x000000077b380000)
  from space 33280K, 99% used [0x000000077dc80000,0x000000077fcfc640,0x000000077fd00000)
  to   space 41984K, 0% used [0x000000077b380000,0x000000077b380000,0x000000077dc80000)
 ParOldGen       total 141312K, used 49738K [0x00000006c4a00000, 0x00000006cd400000, 0x000000076c380000)
  object space 141312K, 35% used [0x00000006c4a00000,0x00000006c7a92858,0x00000006cd400000)
 Metaspace       used 34541K, capacity 35428K, committed 35496K, reserved 1081344K
  class space    used 3970K, capacity 4254K, committed 4264K, reserved 1048576K

Card table byte_map: [0x0000000012150000,0x0000000012930000] byte_map_base: 0x000000000eb2b000

Marking Bits: (ParMarkBitMap*) 0x0000000058aa0600
 Begin Bits: [0x0000000013270000, 0x0000000017148000)
 End Bits:   [0x0000000017148000, 0x000000001b020000)

Polling page: 0x0000000000d00000

CodeCache: size=245760Kb used=22460Kb max_used=22460Kb free=223299Kb
 bounds [0x0000000002d90000, 0x00000000043a0000, 0x0000000011d90000]
 total_blobs=6625 nmethods=6162 adapters=373
 compilation: enabled

Compilation events (10 events):
Event: 54.642 Thread 0x000000001c1a9800 7240   !   3       org.codehaus.plexus.component.configurator.converters.AbstractConfigurationConverter::getClassForImplementationHint (152 bytes)
Event: 54.644 Thread 0x000000001c1a9800 nmethod 7240 0x00000000043914d0 code [0x0000000004391820, 0x0000000004393648]
Event: 54.644 Thread 0x000000001c1a9800 7239       3       org.eclipse.sisu.plexus.CompositeBeanHelper::convertProperty (94 bytes)
Event: 54.644 Thread 0x000000001c1a9800 nmethod 7239 0x000000000437c310 code [0x000000000437c4e0, 0x000000000437cc98]
Event: 54.644 Thread 0x000000001c1a9800 7241       1       sun.reflect.generics.repository.AbstractRepository::getFactory (5 bytes)
Event: 54.644 Thread 0x000000001c1a9800 nmethod 7241 0x0000000004377050 code [0x00000000043771a0, 0x00000000043772b0]
Event: 54.727 Thread 0x000000001c1a9800 7244       3       java.net.URI$Parser::scan (73 bytes)
Event: 54.728 Thread 0x000000001c1a9800 nmethod 7244 0x0000000004380110 code [0x00000000043802e0, 0x0000000004380a28]
Event: 54.731 Thread 0x000000001c1a9800 7245   !   3       org.slf4j.impl.SimpleLoggerConfiguration::getStringProperty (28 bytes)
Event: 54.732 Thread 0x000000001c1a9800 nmethod 7245 0x000000000436db10 code [0x000000000436dcc0, 0x000000000436e238]

GC Heap History (10 events):
Event: 7.072 GC heap after
Heap after GC invocations=5 (full 0):
 PSYoungGen      total 139776K, used 10736K [0x000000076c380000, 0x000000077eb80000, 0x00000007c0000000)
  eden space 129024K, 0% used [0x000000076c380000,0x000000076c380000,0x0000000774180000)
  from space 10752K, 99% used [0x0000000774180000,0x0000000774bfc010,0x0000000774c00000)
  to   space 22528K, 0% used [0x000000077d580000,0x000000077d580000,0x000000077eb80000)
 ParOldGen       total 172032K, used 23076K [0x00000006c4a00000, 0x00000006cf200000, 0x000000076c380000)
  object space 172032K, 13% used [0x00000006c4a00000,0x00000006c6089008,0x00000006cf200000)
 Metaspace       used 20545K, capacity 21062K, committed 21296K, reserved 1069056K
  class space    used 2417K, capacity 2561K, committed 2688K, reserved 1048576K
}
Event: 7.072 GC heap before
{Heap before GC invocations=6 (full 1):
 PSYoungGen      total 139776K, used 10736K [0x000000076c380000, 0x000000077eb80000, 0x00000007c0000000)
  eden space 129024K, 0% used [0x000000076c380000,0x000000076c380000,0x0000000774180000)
  from space 10752K, 99% used [0x0000000774180000,0x0000000774bfc010,0x0000000774c00000)
  to   space 22528K, 0% used [0x000000077d580000,0x000000077d580000,0x000000077eb80000)
 ParOldGen       total 172032K, used 23076K [0x00000006c4a00000, 0x00000006cf200000, 0x000000076c380000)
  object space 172032K, 13% used [0x00000006c4a00000,0x00000006c6089008,0x00000006cf200000)
 Metaspace       used 20545K, capacity 21062K, committed 21296K, reserved 1069056K
  class space    used 2417K, capacity 2561K, committed 2688K, reserved 1048576K
Event: 7.287 GC heap after
Heap after GC invocations=6 (full 1):
 PSYoungGen      total 139776K, used 0K [0x000000076c380000, 0x000000077eb80000, 0x00000007c0000000)
  eden space 129024K, 0% used [0x000000076c380000,0x000000076c380000,0x0000000774180000)
  from space 10752K, 0% used [0x0000000774180000,0x0000000774180000,0x0000000774c00000)
  to   space 22528K, 0% used [0x000000077d580000,0x000000077d580000,0x000000077eb80000)
 ParOldGen       total 141312K, used 31314K [0x00000006c4a00000, 0x00000006cd400000, 0x000000076c380000)
  object space 141312K, 22% used [0x00000006c4a00000,0x00000006c6894a80,0x00000006cd400000)
 Metaspace       used 20545K, capacity 21062K, committed 21296K, reserved 1069056K
  class space    used 2417K, capacity 2561K, committed 2688K, reserved 1048576K
}
Event: 9.620 GC heap before
{Heap before GC invocations=7 (full 1):
 PSYoungGen      total 139776K, used 129024K [0x000000076c380000, 0x000000077eb80000, 0x00000007c0000000)
  eden space 129024K, 100% used [0x000000076c380000,0x0000000774180000,0x0000000774180000)
  from space 10752K, 0% used [0x0000000774180000,0x0000000774180000,0x0000000774c00000)
  to   space 22528K, 0% used [0x000000077d580000,0x000000077d580000,0x000000077eb80000)
 ParOldGen       total 141312K, used 31314K [0x00000006c4a00000, 0x00000006cd400000, 0x000000076c380000)
  object space 141312K, 22% used [0x00000006c4a00000,0x00000006c6894a80,0x00000006cd400000)
 Metaspace       used 23981K, capacity 24518K, committed 24704K, reserved 1071104K
  class space    used 2717K, capacity 2881K, committed 2944K, reserved 1048576K
Event: 9.649 GC heap after
Heap after GC invocations=7 (full 1):
 PSYoungGen      total 207872K, used 22527K [0x000000076c380000, 0x000000077eb80000, 0x00000007c0000000)
  eden space 185344K, 0% used [0x000000076c380000,0x000000076c380000,0x0000000777880000)
  from space 22528K, 99% used [0x000000077d580000,0x000000077eb7ff88,0x000000077eb80000)
  to   space 26624K, 0% used [0x000000077b780000,0x000000077b780000,0x000000077d180000)
 ParOldGen       total 141312K, used 33474K [0x00000006c4a00000, 0x00000006cd400000, 0x000000076c380000)
  object space 141312K, 23% used [0x00000006c4a00000,0x00000006c6ab0a58,0x00000006cd400000)
 Metaspace       used 23981K, capacity 24518K, committed 24704K, reserved 1071104K
  class space    used 2717K, capacity 2881K, committed 2944K, reserved 1048576K
}
Event: 50.531 GC heap before
{Heap before GC invocations=8 (full 1):
 PSYoungGen      total 207872K, used 207871K [0x000000076c380000, 0x000000077eb80000, 0x00000007c0000000)
  eden space 185344K, 100% used [0x000000076c380000,0x0000000777880000,0x0000000777880000)
  from space 22528K, 99% used [0x000000077d580000,0x000000077eb7ff88,0x000000077eb80000)
  to   space 26624K, 0% used [0x000000077b780000,0x000000077b780000,0x000000077d180000)
 ParOldGen       total 141312K, used 33474K [0x00000006c4a00000, 0x00000006cd400000, 0x000000076c380000)
  object space 141312K, 23% used [0x00000006c4a00000,0x00000006c6ab0a58,0x00000006cd400000)
 Metaspace       used 27080K, capacity 27798K, committed 28032K, reserved 1075200K
  class space    used 2991K, capacity 3180K, committed 3200K, reserved 1048576K
Event: 50.611 GC heap after
Heap after GC invocations=8 (full 1):
 PSYoungGen      total 276480K, used 26615K [0x000000076c380000, 0x000000077fd00000, 0x00000007c0000000)
  eden space 249856K, 0% used [0x000000076c380000,0x000000076c380000,0x000000077b780000)
  from space 26624K, 99% used [0x000000077b780000,0x000000077d17df90,0x000000077d180000)
  to   space 33280K, 0% used [0x000000077dc80000,0x000000077dc80000,0x000000077fd00000)
 ParOldGen       total 141312K, used 40107K [0x00000006c4a00000, 0x00000006cd400000, 0x000000076c380000)
  object space 141312K, 28% used [0x00000006c4a00000,0x00000006c712ac60,0x00000006cd400000)
 Metaspace       used 27080K, capacity 27798K, committed 28032K, reserved 1075200K
  class space    used 2991K, capacity 3180K, committed 3200K, reserved 1048576K
}
Event: 54.737 GC heap before
{Heap before GC invocations=9 (full 1):
 PSYoungGen      total 276480K, used 229360K [0x000000076c380000, 0x000000077fd00000, 0x00000007c0000000)
  eden space 249856K, 81% used [0x000000076c380000,0x000000077897e0a0,0x000000077b780000)
  from space 26624K, 99% used [0x000000077b780000,0x000000077d17df90,0x000000077d180000)
  to   space 33280K, 0% used [0x000000077dc80000,0x000000077dc80000,0x000000077fd00000)
 ParOldGen       total 141312K, used 40107K [0x00000006c4a00000, 0x00000006cd400000, 0x000000076c380000)
  object space 141312K, 28% used [0x00000006c4a00000,0x00000006c712ac60,0x00000006cd400000)
 Metaspace       used 34541K, capacity 35428K, committed 35496K, reserved 1081344K
  class space    used 3970K, capacity 4254K, committed 4264K, reserved 1048576K
Event: 54.812 GC heap after
Heap after GC invocations=9 (full 1):
 PSYoungGen      total 279040K, used 33265K [0x000000076c380000, 0x0000000786480000, 0x00000007c0000000)
  eden space 245760K, 0% used [0x000000076c380000,0x000000076c380000,0x000000077b380000)
  from space 33280K, 99% used [0x000000077dc80000,0x000000077fcfc640,0x000000077fd00000)
  to   space 41984K, 0% used [0x000000077b380000,0x000000077b380000,0x000000077dc80000)
 ParOldGen       total 141312K, used 49738K [0x00000006c4a00000, 0x00000006cd400000, 0x000000076c380000)
  object space 141312K, 35% used [0x00000006c4a00000,0x00000006c7a92858,0x00000006cd400000)
 Metaspace       used 34541K, capacity 35428K, committed 35496K, reserved 1081344K
  class space    used 3970K, capacity 4254K, committed 4264K, reserved 1048576K
}
Event: 54.812 GC heap before
{Heap before GC invocations=10 (full 2):
 PSYoungGen      total 279040K, used 33265K [0x000000076c380000, 0x0000000786480000, 0x00000007c0000000)
  eden space 245760K, 0% used [0x000000076c380000,0x000000076c380000,0x000000077b380000)
  from space 33280K, 99% used [0x000000077dc80000,0x000000077fcfc640,0x000000077fd00000)
  to   space 41984K, 0% used [0x000000077b380000,0x000000077b380000,0x000000077dc80000)
 ParOldGen       total 141312K, used 49738K [0x00000006c4a00000, 0x00000006cd400000, 0x000000076c380000)
  object space 141312K, 35% used [0x00000006c4a00000,0x00000006c7a92858,0x00000006cd400000)
 Metaspace       used 34541K, capacity 35428K, committed 35496K, reserved 1081344K
  class space    used 3970K, capacity 4254K, committed 4264K, reserved 1048576K

Deoptimization events (10 events):
Event: 54.379 Thread 0x0000000002b8e000 Uncommon trap: reason=class_check action=maybe_recompile pc=0x00000000035998b4 method=java.util.Hashtable.addEntry(ILjava/lang/Object;Ljava/lang/Object;I)V @ 38
Event: 54.380 Thread 0x0000000002b8e000 Uncommon trap: reason=class_check action=maybe_recompile pc=0x00000000033f2edc method=java.util.Hashtable.get(Ljava/lang/Object;)Ljava/lang/Object; @ 6
Event: 54.380 Thread 0x0000000002b8e000 Uncommon trap: reason=bimorphic action=maybe_recompile pc=0x000000000405be98 method=java.lang.StringCoding$StringDecoder.charsetName()Ljava/lang/String; @ 17
Event: 54.384 Thread 0x0000000002b8e000 Uncommon trap: reason=unstable_if action=reinterpret pc=0x00000000030d6efc method=java.lang.CharacterDataLatin1.isWhitespace(I)Z @ 14
Event: 54.401 Thread 0x0000000002b8e000 Uncommon trap: reason=class_check action=maybe_recompile pc=0x00000000033f2edc method=java.util.Hashtable.get(Ljava/lang/Object;)Ljava/lang/Object; @ 6
Event: 54.403 Thread 0x0000000002b8e000 Uncommon trap: reason=class_check action=maybe_recompile pc=0x00000000033f2edc method=java.util.Hashtable.get(Ljava/lang/Object;)Ljava/lang/Object; @ 6
Event: 54.403 Thread 0x0000000002b8e000 Uncommon trap: reason=class_check action=maybe_recompile pc=0x00000000033f2edc method=java.util.Hashtable.get(Ljava/lang/Object;)Ljava/lang/Object; @ 6
Event: 54.403 Thread 0x0000000002b8e000 Uncommon trap: reason=class_check action=maybe_recompile pc=0x00000000035998b4 method=java.util.Hashtable.addEntry(ILjava/lang/Object;Ljava/lang/Object;I)V @ 38
Event: 54.404 Thread 0x0000000002b8e000 Uncommon trap: reason=bimorphic action=maybe_recompile pc=0x000000000405be98 method=java.lang.StringCoding$StringDecoder.charsetName()Ljava/lang/String; @ 17
Event: 54.416 Thread 0x0000000002b8e000 Uncommon trap: reason=unstable_if action=reinterpret pc=0x0000000003a8deac method=java.security.CodeSource.getCertificates()[Ljava/security/cert/Certificate; @ 22

Internal exceptions (10 events):
Event: 52.217 Thread 0x0000000002b8e000 Exception <a 'java/lang/NoClassDefFoundError': org/sonatype/aether/collection/DependencyCollectionException> (0x0000000771722b30) thrown at [D:\re\workspace\8-2-build-windows-amd64-cygwin\jdk8u77\6540\hotspot\src\share\vm\classfile\systemDictionary.cpp, liláÃ6óJ@
Event: 52.234 Thread 0x0000000002b8e000 Exception <a 'java/lang/NoClassDefFoundError': org/sonatype/aether/metadata/Metadata> (0x000000077188d4e0) thrown at [D:\re\workspace\8-2-build-windows-amd64-cygwin\jdk8u77\6540\hotspot\src\share\vm\classfile\systemDictionary.cpp, line 199]
Event: 52.245 Thread 0x0000000002b8e000 Exception <a 'java/lang/NoClassDefFoundError': org/sonatype/aether/metadata/Metadata> (0x000000077197eee0) thrown at [D:\re\workspace\8-2-build-windows-amd64-cygwin\jdk8u77\6540\hotspot\src\share\vm\classfile\systemDictionary.cpp, line 199]
Event: 52.248 Thread 0x0000000002b8e000 Exception <a 'java/lang/NoClassDefFoundError': org/sonatype/aether/deployment/DeploymentException> (0x00000007719b3050) thrown at [D:\re\workspace\8-2-build-windows-amd64-cygwin\jdk8u77\6540\hotspot\src\share\vm\classfile\systemDictionary.cpp, line 199]
Event: 52.252 Thread 0x0000000002b8e000 Exception <a 'java/lang/NoClassDefFoundError': org/sonatype/aether/resolution/ArtifactDescriptorException> (0x0000000771a0b368) thrown at [D:\re\workspace\8-2-build-windows-amd64-cygwin\jdk8u77\6540\hotspot\src\share\vm\classfile\systemDictionary.cpp, line#v·üÑ J@
Event: 52.256 Thread 0x0000000002b8e000 Exception <a 'java/lang/NoClassDefFoundError': org/sonatype/aether/graph/Dependency> (0x0000000771a76ca8) thrown at [D:\re\workspace\8-2-build-windows-amd64-cygwin\jdk8u77\6540\hotspot\src\share\vm\classfile\systemDictionary.cpp, line 199]
Event: 52.344 Thread 0x0000000002b8e000 Exception <a 'java/lang/NoSuchFieldError': method resolution failed> (0x0000000771d8b598) thrown at [D:\re\workspace\8-2-build-windows-amd64-cygwin\jdk8u77\6540\hotspot\src\share\vm\prims\methodHandles.cpp, line 1146]
Event: 52.347 Thread 0x0000000002b8e000 Exception <a 'java/lang/NoSuchFieldError': method resolution failed> (0x0000000771d98c58) thrown at [D:\re\workspace\8-2-build-windows-amd64-cygwin\jdk8u77\6540\hotspot\src\share\vm\prims\methodHandles.cpp, line 1146]
Event: 54.721 Thread 0x0000000002b8e000 Exception <a 'sun/nio/fs/WindowsException'> (0x00000007784fd398) thrown at [D:\re\workspace\8-2-build-windows-amd64-cygwin\jdk8u77\6540\hotspot\src\share\vm\prims\jni.cpp, line 709]
Event: 54.721 Thread 0x0000000002b8e000 Exception <a 'sun/nio/fs/WindowsException'> (0x00000007784fd948) thrown at [D:\re\workspace\8-2-build-windows-amd64-cygwin\jdk8u77\6540\hotspot\src\share\vm\prims\jni.cpp, line 709]

Events (10 events):
Event: 54.735 loading class com/spotify/docker/client/shaded/com/fasterxml/jackson/databind/JsonDeserializer done
Event: 54.736 loading class com/spotify/docker/client/shaded/com/fasterxml/jackson/databind/deser/NullValueProvider
Event: 54.736 loading class com/spotify/docker/client/shaded/com/fasterxml/jackson/databind/deser/NullValueProvider done
Event: 54.736 loading class com/spotify/docker/client/shaded/com/fasterxml/jackson/databind/deser/NullValueProvider
Event: 54.736 loading class com/spotify/docker/client/shaded/com/fasterxml/jackson/databind/deser/NullValueProvider done
Event: 54.736 loading class com/spotify/docker/client/ObjectMapperProvider$SetDeserializer
Event: 54.736 loading class com/spotify/docker/client/ObjectMapperProvider$SetDeserializer done
Event: 54.737 loading class com/spotify/docker/client/ObjectMapperProvider$SetDeserializer
Event: 54.737 loading class com/spotify/docker/client/ObjectMapperProvider$SetDeserializer done
Event: 54.737 Executing VM operation: CollectForMetadataAllocation


Dynamic libraries:
0x00007ff7aebe0000 - 0x00007ff7aec17000 	D:\java\jdk1.8.0_77\bin\java.exe
0x00007ff8560e0000 - 0x00007ff8562d0000 	C:\Windows\SYSTEM32\ntdll.dll
0x00007ff854da0000 - 0x00007ff854e52000 	C:\Windows\System32\KERNEL32.DLL
0x00007ff8534a0000 - 0x00007ff853743000 	C:\Windows\System32\KERNELBASE.dll
0x00007ff855b00000 - 0x00007ff855ba3000 	C:\Windows\System32\ADVAPI32.dll
0x00007ff855570000 - 0x00007ff85560e000 	C:\Windows\System32\msvcrt.dll
0x00007ff854ea0000 - 0x00007ff854f37000 	C:\Windows\System32\sechost.dll
0x00007ff855450000 - 0x00007ff855570000 	C:\Windows\System32\RPCRT4.dll
0x00007ff854f40000 - 0x00007ff8550d4000 	C:\Windows\System32\USER32.dll
0x00007ff854090000 - 0x00007ff8540b1000 	C:\Windows\System32\win32u.dll
0x00007ff854e60000 - 0x00007ff854e86000 	C:\Windows\System32\GDI32.dll
0x00007ff853750000 - 0x00007ff8538e4000 	C:\Windows\System32\gdi32full.dll
0x00007ff8540c0000 - 0x00007ff85415e000 	C:\Windows\System32\msvcp_win.dll
0x00007ff8530c0000 - 0x00007ff8531ba000 	C:\Windows\System32\ucrtbase.dll
0x00007ff841ce0000 - 0x00007ff841f65000 	C:\Windows\WinSxS\amd64_microsoft.windows.common-controls_6595b64144ccf1df_6.0.18362.535_none_e6c3b34713100821\COMCTL32.dll
0x00007ff855bb0000 - 0x00007ff855ee6000 	C:\Windows\System32\combase.dll
0x00007ff853220000 - 0x00007ff8532a0000 	C:\Windows\System32\bcryptPrimitives.dll
0x00007ff8541b0000 - 0x00007ff8541de000 	C:\Windows\System32\IMM32.DLL
0x00007ff851ba0000 - 0x00007ff851bdc000 	C:\Windows\system32\SophosAV\SOPHOS~1.DLL
0x00007ff855950000 - 0x00007ff855958000 	C:\Windows\System32\PSAPI.DLL
0x0000000058b20000 - 0x0000000058bf2000 	D:\java\jdk1.8.0_77\jre\bin\msvcr100.dll
0x0000000058290000 - 0x0000000058b20000 	D:\java\jdk1.8.0_77\jre\bin\server\jvm.dll
0x00007ff84e3f0000 - 0x00007ff84e414000 	C:\Windows\SYSTEM32\WINMM.dll
0x00007ff83e410000 - 0x00007ff83e419000 	C:\Windows\SYSTEM32\WSOCK32.dll
0x00007ff84b730000 - 0x00007ff84b73a000 	C:\Windows\SYSTEM32\VERSION.dll
0x00007ff8550e0000 - 0x00007ff85514f000 	C:\Windows\System32\WS2_32.dll
0x00007ff84e3c0000 - 0x00007ff84e3ed000 	C:\Windows\SYSTEM32\WINMMBASE.dll
0x00007ff853070000 - 0x00007ff8530ba000 	C:\Windows\System32\cfgmgr32.dll
0x0000000058280000 - 0x000000005828f000 	D:\java\jdk1.8.0_77\jre\bin\verify.dll
0x0000000058250000 - 0x0000000058279000 	D:\java\jdk1.8.0_77\jre\bin\java.dll
0x0000000058230000 - 0x0000000058246000 	D:\java\jdk1.8.0_77\jre\bin\zip.dll
0x00007ff854240000 - 0x00007ff854925000 	C:\Windows\System32\SHELL32.dll
0x00007ff8558a0000 - 0x00007ff855949000 	C:\Windows\System32\shcore.dll
0x00007ff853910000 - 0x00007ff85408f000 	C:\Windows\System32\windows.storage.dll
0x00007ff853050000 - 0x00007ff85306f000 	C:\Windows\System32\profapi.dll
0x00007ff852fe0000 - 0x00007ff85302a000 	C:\Windows\System32\powrprof.dll
0x00007ff852fb0000 - 0x00007ff852fc0000 	C:\Windows\System32\UMPDC.dll
0x00007ff855aa0000 - 0x00007ff855af2000 	C:\Windows\System32\shlwapi.dll
0x00007ff853030000 - 0x00007ff853041000 	C:\Windows\System32\kernel.appcore.dll
0x00007ff8538f0000 - 0x00007ff853907000 	C:\Windows\System32\cryptsp.dll
0x00007ff84eee0000 - 0x00007ff84eeea000 	D:\apache-maven-3.6.3\lib\jansi-native\windows64\jansi.dll
0x0000000057fe0000 - 0x0000000057ffa000 	D:\java\jdk1.8.0_77\jre\bin\net.dll
0x00007ff8527d0000 - 0x00007ff852837000 	C:\Windows\system32\mswsock.dll
0x0000000057fc0000 - 0x0000000057fd1000 	D:\java\jdk1.8.0_77\jre\bin\nio.dll
0x0000000058220000 - 0x000000005822d000 	D:\java\jdk1.8.0_77\jre\bin\management.dll
0x00007ff831d00000 - 0x00007ff831d16000 	C:\Windows\system32\napinsp.dll
0x00007ff831d20000 - 0x00007ff831d3a000 	C:\Windows\system32\pnrpnsp.dll
0x00007ff852530000 - 0x00007ff8525fa000 	C:\Windows\SYSTEM32\DNSAPI.dll
0x00007ff854e90000 - 0x00007ff854e98000 	C:\Windows\System32\NSI.dll
0x00007ff8524f0000 - 0x00007ff85252a000 	C:\Windows\SYSTEM32\IPHLPAPI.DLL
0x00007ff831d40000 - 0x00007ff831d4e000 	C:\Windows\System32\winrnr.dll
0x00007ff84ed10000 - 0x00007ff84ed2c000 	C:\Windows\system32\NLAapi.dll
0x00007ff84e510000 - 0x00007ff84e525000 	C:\Windows\system32\wshbth.dll
0x00007ff8447c0000 - 0x00007ff8447ca000 	C:\Windows\System32\rasadhlp.dll
0x00007ff84d9d0000 - 0x00007ff84da47000 	C:\Windows\System32\fwpuclnt.dll
0x00007ff854160000 - 0x00007ff854186000 	C:\Windows\System32\bcrypt.dll
0x00007ff852350000 - 0x00007ff852383000 	C:\Windows\system32\rsaenh.dll
0x00007ff852ed0000 - 0x00007ff852ef5000 	C:\Windows\SYSTEM32\USERENV.dll
0x00007ff852950000 - 0x00007ff85295c000 	C:\Windows\SYSTEM32\CRYPTBASE.dll
0x00007ff84c5e0000 - 0x00007ff84c5f6000 	C:\Windows\SYSTEM32\dhcpcsvc6.DLL
0x00007ff84c220000 - 0x00007ff84c23c000 	C:\Windows\SYSTEM32\dhcpcsvc.DLL
0x00007ff83bcf0000 - 0x00007ff83bee4000 	C:\Windows\SYSTEM32\dbghelp.dll

VM Arguments:
jvm_args: -Dclassworlds.conf=D:\apache-maven-3.6.3\bin\..\bin\m2.conf -Dmaven.home=D:\apache-maven-3.6.3\bin\.. -Dlibrary.jansi.path=D:\apache-maven-3.6.3\bin\..\lib\jansi-native -Dmaven.multiModuleProjectDirectory=E:\git\github\garyzhangscm\cwms\inboundsvr 
java_command: org.codehaus.plexus.classworlds.launcher.Launcher clean package docker:build
java_class_path (initial): D:\apache-maven-3.6.3\bin\..\boot\plexus-classworlds-2.6.0.jar
Launcher Type: SUN_STANDARD

Environment Variables:
JAVA_HOME=D:\java\jdk1.8.0_77
PATH=C:\ProgramData\Oracle\Java\javapath;C:\ProgramData\DockerDesktop\version-bin;C:\Program Files\Docker\Docker\Resources\bin;C:\Python27\;C:\Python27\Scripts;C:\Windows\system32;C:\Windows;C:\Windows\System32\Wbem;C:\Windows\System32\WindowsPowerShell\v1.0\;C:\Windows\System32\OpenSSH\;C:\Program Files\Intel\WiFi\bin\;C:\Program Files\Common Files\Intel\WirelessCommon\;C:\Program Files\Microsoft SQL Server\110\Tools\Binn\;C:\Program Files (x86)\Microsoft SDKs\TypeScript\1.0\;C:\Program Files\Microsoft SQL Server\120\Tools\Binn\;C:\Program Files (x86)\Microsoft SQL Server\150\DTS\Binn\;D:\Program Files\TortoiseSVN\bin;d:\Program Files\Git\cmd;D:\Program Files\nodejs\;C:\ProgramData\chocolatey\bin;D:\Program Files\PuTTY\;D:\apache-maven-3.6.3\bin;C:\Users\gzhang\AppData\Local\Microsoft\WindowsApps;;d:\Program Files\JetBrains\IntelliJ IDEA Community Edition 2019.3.1\bin;;d:\Users\gzhang\AppData\Local\Programs\Microsoft VS Code\bin;C:\Users\gzhang\AppData\Roaming\npm;d:\Program Files\JetBrains\IntelliJ IDEA 2019.3.1\bin;
USERNAME=gzhang
OS=Windows_NT
PROCESSOR_IDENTIFIER=Intel64 Family 6 Model 69 Stepping 1, GenuineIntel



---------------  S Y S T E M  ---------------

OS: Windows 10.0 , 64 bit Build 18362 (10.0.18362.329)

CPU:total 4 (2 cores per cpu, 2 threads per core) family 6 model 69 stepping 1, cmov, cx8, fxsr, mmx, sse, sse2, sse3, ssse3, sse4.1, sse4.2, popcnt, avx, avx2, aes, clmul, erms, lzcnt, ht, tsc, tscinvbit, bmi1, bmi2

Memory: 4k page, physical 16472336k(4845512k free), swap 25385232k(11130404k free)

vm_info: Java HotSpot(TM) 64-Bit Server VM (25.77-b03) for windows-amd64 JRE (1.8.0_77-b03), built on Mar 20 2016 22:01:33 by "java_re" with MS VC++ 10.0 (VS2010)

time: Mon Jan 27 22:03:20 2020
elapsed time: 54 seconds (0d 0h 0m 54s)

