#
# A fatal error has been detected by the Java Runtime Environment:
#
#  EXCEPTION_ACCESS_VIOLATION (0xc0000005) at pc=0x00000000516cea00, pid=93140, tid=87876
#
# JRE version: Java(TM) SE Runtime Environment (8.0_77-b03) (build 1.8.0_77-b03)
# Java VM: Java HotSpot(TM) 64-Bit Server VM (25.77-b03 mixed mode windows-amd64 compressed oops)
# Problematic frame:
# V  [jvm.dll+0xaea00]
#
# Failed to write core dump. Minidumps are not enabled by default on client versions of Windows
#
# If you would like to submit a bug report, please visit:
#   http://bugreport.java.com/bugreport/crash.jsp
#

---------------  T H R E A D  ---------------

Current thread (0x00000000029a8800):  GCTaskThread [stack: 0x0000000012c70000,0x0000000012d70000] [id=87876]

siginfo: ExceptionCode=0xc0000005, reading address 0x00000003da495ca0

Registers:
RAX=0x0000000000000000, RBX=0x000000077d76aed8, RCX=0x000000077d76aed8, RDX=0x00000003da495c98
RSP=0x0000000012d6f4f8, RBP=0x0000000011e5f8bf, RSI=0x000000001be652c0, RDI=0x00000006c6901840
R8 =0x000000001be652c0, R9 =0x0000000000000031, R10=0x0000000000000008, R11=0x000000077bb22d88
R12=0x0000000011e5f808, R13=0x0000000000000000, R14=0x0000000000000000, R15=0x00000000029a2150
RIP=0x00000000516cea00, EFLAGS=0x0000000000010202

Top of Stack: (sp=0x0000000012d6f4f8)
0x0000000012d6f4f8:   0000000051a1b3e2 000000076f3c2e80
0x0000000012d6f508:   0000000000000003 000000001be652c0
0x0000000012d6f518:   00000006c61c82f0 000000077bb1ad98
0x0000000012d6f528:   0000000000001000 000000001be652c0
0x0000000012d6f538:   0000000051731b93 0000000000000000
0x0000000012d6f548:   000000001be65200 0000000011e5f808
0x0000000012d6f558:   0000000051a1b750 000000077bb1d2ac
0x0000000012d6f568:   0000000011e5f8bf 000000001be652c0
0x0000000012d6f578:   00000006c6901840 000000077bb1d2ac
0x0000000012d6f588:   0000000051a1c2f5 000000077e80d628
0x0000000012d6f598:   0000000011e5f8bf 000000001be652c0
0x0000000012d6f5a8:   0000000000000003 000000001be652c0
0x0000000012d6f5b8:   00007ff81a8a8ba3 0000000700000000
0x0000000012d6f5c8:   0000000051733987 000000001be652c0
0x0000000012d6f5d8:   0000000051731b93 00000006c66407a9
0x0000000012d6f5e8:   00000006c66407a9 00000006c6901738 

Instructions: (pc=0x00000000516cea00)
0x00000000516ce9e0:   7c a5 1d 00 48 8b 9c 24 d0 00 00 00 48 81 c4 c0
0x00000000516ce9f0:   00 00 00 5d c3 cc cc cc cc cc cc cc cc cc cc cc
0x00000000516cea00:   44 8b 42 08 4c 8b ca 45 85 c0 7e 0e 41 f6 c0 01
0x00000000516cea10:   75 57 41 c1 f8 03 41 8b c0 c3 79 4d 80 3d 9e 28 


Register to memory mapping:

RAX=0x0000000000000000 is an unknown value
RBX=0x000000077d76aed8 is an unknown value
RCX=0x000000077d76aed8 is an unknown value
RDX=0x00000003da495c98 is an unknown value
RSP=0x0000000012d6f4f8 is an unknown value
RBP=0x0000000011e5f8bf is an unknown value
RSI=0x000000001be652c0 is an unknown value
RDI=0x00000006c6901840 is an oop
[Ljava.lang.String; 
 - klass: 'java/lang/String'[]
 - length: 133
R8 =0x000000001be652c0 is an unknown value
R9 =0x0000000000000031 is an unknown value
R10=0x0000000000000008 is an unknown value
R11=0x000000077bb22d88 is an unknown value
R12=0x0000000011e5f808 is an unknown value
R13=0x0000000000000000 is an unknown value
R14=0x0000000000000000 is an unknown value
R15=0x00000000029a2150 is an unknown value


Stack: [0x0000000012c70000,0x0000000012d70000],  sp=0x0000000012d6f4f8,  free space=1021k
Native frames: (J=compiled Java code, j=interpreted, Vv=VM code, C=native code)
V  [jvm.dll+0xaea00]


---------------  P R O C E S S  ---------------

Java Threads: ( => current thread )
  0x000000001d822800 JavaThread "Service Thread" daemon [_thread_blocked, id=86336, stack(0x000000001dc00000,0x000000001dd00000)]
  0x000000001bea8000 JavaThread "C1 CompilerThread2" daemon [_thread_blocked, id=91352, stack(0x000000001d700000,0x000000001d800000)]
  0x000000001bea4800 JavaThread "C2 CompilerThread1" daemon [_thread_blocked, id=44076, stack(0x000000001d600000,0x000000001d700000)]
  0x000000001be9f000 JavaThread "C2 CompilerThread0" daemon [_thread_blocked, id=90312, stack(0x000000001d500000,0x000000001d600000)]
  0x000000001be9c800 JavaThread "Attach Listener" daemon [_thread_blocked, id=92984, stack(0x000000001d400000,0x000000001d500000)]
  0x000000001be9b800 JavaThread "Signal Dispatcher" daemon [_thread_blocked, id=92572, stack(0x000000001d300000,0x000000001d400000)]
  0x0000000002a8b000 JavaThread "Finalizer" daemon [_thread_blocked, id=83936, stack(0x000000001d100000,0x000000001d200000)]
  0x0000000002a80000 JavaThread "Reference Handler" daemon [_thread_blocked, id=89848, stack(0x000000001d000000,0x000000001d100000)]
  0x000000000298e000 JavaThread "main" [_thread_blocked, id=92480, stack(0x00000000027e0000,0x00000000028e0000)]

Other Threads:
  0x000000001be67800 VMThread [stack: 0x000000001cf00000,0x000000001d000000] [id=92600]
  0x000000001d848800 WatcherThread [stack: 0x000000001dd00000,0x000000001de00000] [id=91544]

=>0x00000000029a8800 (exited) GCTaskThread [stack: 0x0000000012c70000,0x0000000012d70000] [id=87876]

VM state:at safepoint (normal execution)

VM Mutex/Monitor currently owned by a thread:  ([mutex/lock_event])
[0x000000000298cc10] Threads_lock - owner thread: 0x000000001be67800
[0x000000000298d710] Heap_lock - owner thread: 0x000000000298e000

Heap:
 PSYoungGen      total 201216K, used 201212K [0x000000076c380000, 0x000000077ed80000, 0x00000007c0000000)
  eden space 177664K, 100% used [0x000000076c380000,0x0000000777100000,0x0000000777100000)
  from space 23552K, 99% used [0x000000077d680000,0x000000077ed7f2c8,0x000000077ed80000)
  to   space 29696K, 99% used [0x000000077b380000,0x000000077d03f9f8,0x000000077d080000)
 ParOldGen       total 151040K, used 39154K [0x00000006c4a00000, 0x00000006cdd80000, 0x000000076c380000)
  object space 151040K, 25% used [0x00000006c4a00000,0x00000006c703c888,0x00000006cdd80000)
 Metaspace       used 25195K, capacity 25830K, committed 26032K, reserved 1073152K
  class space    used 2765K, capacity 2977K, committed 2992K, reserved 1048576K

Card table byte_map: [0x0000000011e50000,0x0000000012630000] byte_map_base: 0x000000000e82b000

Marking Bits: (ParMarkBitMap*) 0x0000000051e30600
 Begin Bits: [0x0000000012f70000, 0x0000000016e48000)
 End Bits:   [0x0000000016e48000, 0x000000001ad20000)

Polling page: 0x0000000000b10000

CodeCache: size=245760Kb used=22812Kb max_used=23413Kb free=222948Kb
 bounds [0x0000000002a90000, 0x0000000004190000, 0x0000000011a90000]
 total_blobs=6213 nmethods=5800 adapters=323
 compilation: enabled

Compilation events (10 events):
Event: 19.117 Thread 0x000000001be9f000 nmethod 6665 0x0000000003089490 code [0x00000000030896a0, 0x000000000308a870]
Event: 19.118 Thread 0x000000001be9f000 6666   !   4       java.lang.StringCoding::decode (120 bytes)
Event: 19.123 Thread 0x000000001bea8000 6671       3       java.util.ComparableTimSort::ensureCapacity (91 bytes)
Event: 19.124 Thread 0x000000001bea8000 nmethod 6671 0x0000000002fcd090 code [0x0000000002fcd200, 0x0000000002fcd590]
Event: 19.126 Thread 0x000000001bea8000 6672       3       com.sun.tools.javac.file.ZipFileIndex::<init> (134 bytes)
Event: 19.127 Thread 0x000000001bea8000 nmethod 6672 0x00000000039b1250 code [0x00000000039b1460, 0x00000000039b1fa8]
Event: 19.129 Thread 0x000000001bea8000 6673   !   3       com.sun.tools.javac.file.ZipFileIndex::readIndex (270 bytes)
Event: 19.132 Thread 0x000000001bea8000 nmethod 6673 0x000000000392aa10 code [0x000000000392ad60, 0x000000000392cab8]
Event: 19.146 Thread 0x000000001be9f000 nmethod 6666 0x0000000002bf1990 code [0x0000000002bf1ba0, 0x0000000002bf2ab0]
Event: 19.146 Thread 0x000000001be9f000 6674       4       java.util.ComparableTimSort::mergeHi (729 bytes)

GC Heap History (10 events):
Event: 6.497 GC heap after
Heap after GC invocations=3 (full 0):
 PSYoungGen      total 75264K, used 10720K [0x000000076c380000, 0x0000000775680000, 0x00000007c0000000)
  eden space 64512K, 0% used [0x000000076c380000,0x000000076c380000,0x0000000770280000)
  from space 10752K, 99% used [0x0000000770280000,0x0000000770cf8020,0x0000000770d00000)
  to   space 10752K, 0% used [0x0000000774c00000,0x0000000774c00000,0x0000000775680000)
 ParOldGen       total 172032K, used 8981K [0x00000006c4a00000, 0x00000006cf200000, 0x000000076c380000)
  object space 172032K, 5% used [0x00000006c4a00000,0x00000006c52c5468,0x00000006cf200000)
 Metaspace       used 15800K, capacity 16012K, committed 16384K, reserved 1062912K
  class space    used 1846K, capacity 1946K, committed 2048K, reserved 1048576K
}
Event: 8.449 GC heap before
{Heap before GC invocations=4 (full 0):
 PSYoungGen      total 75264K, used 75232K [0x000000076c380000, 0x0000000775680000, 0x00000007c0000000)
  eden space 64512K, 100% used [0x000000076c380000,0x0000000770280000,0x0000000770280000)
  from space 10752K, 99% used [0x0000000770280000,0x0000000770cf8020,0x0000000770d00000)
  to   space 10752K, 0% used [0x0000000774c00000,0x0000000774c00000,0x0000000775680000)
 ParOldGen       total 172032K, used 8981K [0x00000006c4a00000, 0x00000006cf200000, 0x000000076c380000)
  object space 172032K, 5% used [0x00000006c4a00000,0x00000006c52c5468,0x00000006cf200000)
 Metaspace       used 16130K, capacity 16420K, committed 16640K, reserved 1064960K
  class space    used 1849K, capacity 1950K, committed 2048K, reserved 1048576K
Event: 8.521 GC heap after
Heap after GC invocations=4 (full 0):
 PSYoungGen      total 139776K, used 10736K [0x000000076c380000, 0x0000000775680000, 0x00000007c0000000)
  eden space 129024K, 0% used [0x000000076c380000,0x000000076c380000,0x0000000774180000)
  from space 10752K, 99% used [0x0000000774c00000,0x000000077567c010,0x0000000775680000)
  to   space 10752K, 0% used [0x0000000774180000,0x0000000774180000,0x0000000774c00000)
 ParOldGen       total 172032K, used 17705K [0x00000006c4a00000, 0x00000006cf200000, 0x000000076c380000)
  object space 172032K, 10% used [0x00000006c4a00000,0x00000006c5b4a5e0,0x00000006cf200000)
 Metaspace       used 16130K, capacity 16420K, committed 16640K, reserved 1064960K
  class space    used 1849K, capacity 1950K, committed 2048K, reserved 1048576K
}
Event: 10.741 GC heap before
{Heap before GC invocations=5 (full 0):
 PSYoungGen      total 139776K, used 110211K [0x000000076c380000, 0x0000000775680000, 0x00000007c0000000)
  eden space 129024K, 77% used [0x000000076c380000,0x00000007724a4e40,0x0000000774180000)
  from space 10752K, 99% used [0x0000000774c00000,0x000000077567c010,0x0000000775680000)
  to   space 10752K, 0% used [0x0000000774180000,0x0000000774180000,0x0000000774c00000)
 ParOldGen       total 172032K, used 17705K [0x00000006c4a00000, 0x00000006cf200000, 0x000000076c380000)
  object space 172032K, 10% used [0x00000006c4a00000,0x00000006c5b4a5e0,0x00000006cf200000)
 Metaspace       used 20682K, capacity 21222K, committed 21296K, reserved 1069056K
  class space    used 2425K, capacity 2593K, committed 2608K, reserved 1048576K
Event: 10.783 GC heap after
Heap after GC invocations=5 (full 0):
 PSYoungGen      total 139776K, used 10740K [0x000000076c380000, 0x000000077ed80000, 0x00000007c0000000)
  eden space 129024K, 0% used [0x000000076c380000,0x000000076c380000,0x0000000774180000)
  from space 10752K, 99% used [0x0000000774180000,0x0000000774bfd170,0x0000000774c00000)
  to   space 23552K, 0% used [0x000000077d680000,0x000000077d680000,0x000000077ed80000)
 ParOldGen       total 172032K, used 25242K [0x00000006c4a00000, 0x00000006cf200000, 0x000000076c380000)
  object space 172032K, 14% used [0x00000006c4a00000,0x00000006c62a6918,0x00000006cf200000)
 Metaspace       used 20682K, capacity 21222K, committed 21296K, reserved 1069056K
  class space    used 2425K, capacity 2593K, committed 2608K, reserved 1048576K
}
Event: 10.783 GC heap before
{Heap before GC invocations=6 (full 1):
 PSYoungGen      total 139776K, used 10740K [0x000000076c380000, 0x000000077ed80000, 0x00000007c0000000)
  eden space 129024K, 0% used [0x000000076c380000,0x000000076c380000,0x0000000774180000)
  from space 10752K, 99% used [0x0000000774180000,0x0000000774bfd170,0x0000000774c00000)
  to   space 23552K, 0% used [0x000000077d680000,0x000000077d680000,0x000000077ed80000)
 ParOldGen       total 172032K, used 25242K [0x00000006c4a00000, 0x00000006cf200000, 0x000000076c380000)
  object space 172032K, 14% used [0x00000006c4a00000,0x00000006c62a6918,0x00000006cf200000)
 Metaspace       used 20682K, capacity 21222K, committed 21296K, reserved 1069056K
  class space    used 2425K, capacity 2593K, committed 2608K, reserved 1048576K
Event: 11.094 GC heap after
Heap after GC invocations=6 (full 1):
 PSYoungGen      total 139776K, used 0K [0x000000076c380000, 0x000000077ed80000, 0x00000007c0000000)
  eden space 129024K, 0% used [0x000000076c380000,0x000000076c380000,0x0000000774180000)
  from space 10752K, 0% used [0x0000000774180000,0x0000000774180000,0x0000000774c00000)
  to   space 23552K, 0% used [0x000000077d680000,0x000000077d680000,0x000000077ed80000)
 ParOldGen       total 151040K, used 33881K [0x00000006c4a00000, 0x00000006cdd80000, 0x000000076c380000)
  object space 151040K, 22% used [0x00000006c4a00000,0x00000006c6b16590,0x00000006cdd80000)
 Metaspace       used 20682K, capacity 21222K, committed 21296K, reserved 1069056K
  class space    used 2425K, capacity 2593K, committed 2608K, reserved 1048576K
}
Event: 13.630 GC heap before
{Heap before GC invocations=7 (full 1):
 PSYoungGen      total 139776K, used 129024K [0x000000076c380000, 0x000000077ed80000, 0x00000007c0000000)
  eden space 129024K, 100% used [0x000000076c380000,0x0000000774180000,0x0000000774180000)
  from space 10752K, 0% used [0x0000000774180000,0x0000000774180000,0x0000000774c00000)
  to   space 23552K, 0% used [0x000000077d680000,0x000000077d680000,0x000000077ed80000)
 ParOldGen       total 151040K, used 33881K [0x00000006c4a00000, 0x00000006cdd80000, 0x000000076c380000)
  object space 151040K, 22% used [0x00000006c4a00000,0x00000006c6b16590,0x00000006cdd80000)
 Metaspace       used 22844K, capacity 23366K, committed 23600K, reserved 1071104K
  class space    used 2604K, capacity 2753K, committed 2864K, reserved 1048576K
Event: 13.674 GC heap after
Heap after GC invocations=7 (full 1):
 PSYoungGen      total 201216K, used 23548K [0x000000076c380000, 0x000000077ed80000, 0x00000007c0000000)
  eden space 177664K, 0% used [0x000000076c380000,0x000000076c380000,0x0000000777100000)
  from space 23552K, 99% used [0x000000077d680000,0x000000077ed7f2c8,0x000000077ed80000)
  to   space 29696K, 0% used [0x000000077b380000,0x000000077b380000,0x000000077d080000)
 ParOldGen       total 151040K, used 39146K [0x00000006c4a00000, 0x00000006cdd80000, 0x000000076c380000)
  object space 151040K, 25% used [0x00000006c4a00000,0x00000006c703a888,0x00000006cdd80000)
 Metaspace       used 22844K, capacity 23366K, committed 23600K, reserved 1071104K
  class space    used 2604K, capacity 2753K, committed 2864K, reserved 1048576K
}
Event: 19.167 GC heap before
{Heap before GC invocations=8 (full 1):
 PSYoungGen      total 201216K, used 201212K [0x000000076c380000, 0x000000077ed80000, 0x00000007c0000000)
  eden space 177664K, 100% used [0x000000076c380000,0x0000000777100000,0x0000000777100000)
  from space 23552K, 99% used [0x000000077d680000,0x000000077ed7f2c8,0x000000077ed80000)
  to   space 29696K, 0% used [0x000000077b380000,0x000000077b380000,0x000000077d080000)
 ParOldGen       total 151040K, used 39146K [0x00000006c4a00000, 0x00000006cdd80000, 0x000000076c380000)
  object space 151040K, 25% used [0x00000006c4a00000,0x00000006c703a888,0x00000006cdd80000)
 Metaspace       used 25195K, capacity 25830K, committed 26032K, reserved 1073152K
  class space    used 2765K, capacity 2977K, committed 2992K, reserved 1048576K

Deoptimization events (10 events):
Event: 17.838 Thread 0x000000000298e000 Uncommon trap: reason=class_check action=maybe_recompile pc=0x0000000003ff7f70 method=com.sun.tools.javac.code.Types$SameTypeVisitor.visitType(Lcom/sun/tools/javac/code/Type;Lcom/sun/tools/javac/code/Type;)Ljava/lang/Boolean; @ 128
Event: 17.838 Thread 0x000000000298e000 Uncommon trap: reason=bimorphic action=maybe_recompile pc=0x0000000003c7ccd8 method=com.sun.tools.javac.comp.Attr.selectSym(Lcom/sun/tools/javac/tree/JCTree$JCFieldAccess;Lcom/sun/tools/javac/code/Symbol;Lcom/sun/tools/javac/code/Type;Lcom/sun/tools/javac/Üv©l≥‚1@
Event: 17.886 Thread 0x000000000298e000 Uncommon trap: reason=bimorphic action=maybe_recompile pc=0x0000000003dddb98 method=com.sun.tools.javac.comp.Check.checkType(Lcom/sun/tools/javac/util/JCDiagnostic$DiagnosticPosition;Lcom/sun/tools/javac/code/Type;Lcom/sun/tools/javac/code/Type;Lcom/sun/to@-´U`È1@
Event: 17.912 Thread 0x000000000298e000 Uncommon trap: reason=unstable_if action=reinterpret pc=0x0000000003d966ec method=com.sun.tools.javac.comp.Check.checkDeprecated(Lcom/sun/tools/javac/util/JCDiagnostic$DiagnosticPosition;Lcom/sun/tools/javac/code/Symbol;Lcom/sun/tools/javac/code/Symbol;)V ?YåêÈ1@
Event: 17.912 Thread 0x000000000298e000 Uncommon trap: reason=class_check action=maybe_recompile pc=0x0000000003f85138 method=com.sun.tools.javac.comp.Resolve$AbstractMethodCheck.argumentsAcceptable(Lcom/sun/tools/javac/comp/Env;Lcom/sun/tools/javac/comp/DeferredAttr$DeferredAttrContext;Lcom/sun„;å§82@
Event: 18.016 Thread 0x000000000298e000 Uncommon trap: reason=class_check action=maybe_recompile pc=0x00000000040176bc method=com.sun.tools.javac.code.Types.isSubtypeUncheckedInternal(Lcom/sun/tools/javac/code/Type;Lcom/sun/tools/javac/code/Type;Lcom/sun/tools/javac/util/Warner;)Z @ 159
Event: 18.017 Thread 0x000000000298e000 Uncommon trap: reason=class_check action=maybe_recompile pc=0x00000000040176bc method=com.sun.tools.javac.code.Types.isSubtypeUncheckedInternal(Lcom/sun/tools/javac/code/Type;Lcom/sun/tools/javac/code/Type;Lcom/sun/tools/javac/util/Warner;)Z @ 159
Event: 18.462 Thread 0x000000000298e000 Uncommon trap: reason=class_check action=maybe_recompile pc=0x0000000002f683c8 method=java.lang.StringCoding$StringDecoder.charsetName()Ljava/lang/String; @ 4
Event: 19.045 Thread 0x000000000298e000 Uncommon trap: reason=unstable_if action=reinterpret pc=0x0000000003932a60 method=com.sun.tools.javac.file.JavacFileManager.listContainer(Ljava/io/File;Lcom/sun/tools/javac/file/RelativePath$RelativeDirectory;Ljava/util/Set;ZLcom/sun/tools/javac/util/ListBõ=–
3@
Event: 19.051 Thread 0x000000000298e000 Uncommon trap: reason=unstable_if action=reinterpret pc=0x0000000002f68214 method=java.lang.StringCoding.decode(Ljava/lang/String;[BII)[C @ 51

Internal exceptions (10 events):
Event: 19.045 Thread 0x000000000298e000 Exception <a 'java/io/FileNotFoundException'> (0x0000000776bdd9b0) thrown at [D:\re\workspace\8-2-build-windows-amd64-cygwin\jdk8u77\6540\hotspot\src\share\vm\prims\jni.cpp, line 709]
Event: 19.046 Thread 0x000000000298e000 Exception <a 'java/io/FileNotFoundException'> (0x0000000776bdf078) thrown at [D:\re\workspace\8-2-build-windows-amd64-cygwin\jdk8u77\6540\hotspot\src\share\vm\prims\jni.cpp, line 709]
Event: 19.113 Thread 0x000000000298e000 Exception <a 'java/io/FileNotFoundException'> (0x0000000776f55980) thrown at [D:\re\workspace\8-2-build-windows-amd64-cygwin\jdk8u77\6540\hotspot\src\share\vm\prims\jni.cpp, line 709]
Event: 19.113 Thread 0x000000000298e000 Exception <a 'java/io/FileNotFoundException'> (0x0000000776f56a18) thrown at [D:\re\workspace\8-2-build-windows-amd64-cygwin\jdk8u77\6540\hotspot\src\share\vm\prims\jni.cpp, line 709]
Event: 19.114 Thread 0x000000000298e000 Exception <a 'java/io/FileNotFoundException'> (0x0000000776f57a90) thrown at [D:\re\workspace\8-2-build-windows-amd64-cygwin\jdk8u77\6540\hotspot\src\share\vm\prims\jni.cpp, line 709]
Event: 19.114 Thread 0x000000000298e000 Exception <a 'java/io/FileNotFoundException'> (0x0000000776f58b70) thrown at [D:\re\workspace\8-2-build-windows-amd64-cygwin\jdk8u77\6540\hotspot\src\share\vm\prims\jni.cpp, line 709]
Event: 19.114 Thread 0x000000000298e000 Exception <a 'java/io/FileNotFoundException'> (0x0000000776f59bb8) thrown at [D:\re\workspace\8-2-build-windows-amd64-cygwin\jdk8u77\6540\hotspot\src\share\vm\prims\jni.cpp, line 709]
Event: 19.114 Thread 0x000000000298e000 Exception <a 'java/io/FileNotFoundException'> (0x0000000776f5ac90) thrown at [D:\re\workspace\8-2-build-windows-amd64-cygwin\jdk8u77\6540\hotspot\src\share\vm\prims\jni.cpp, line 709]
Event: 19.115 Thread 0x000000000298e000 Exception <a 'java/io/FileNotFoundException'> (0x0000000776f5fe00) thrown at [D:\re\workspace\8-2-build-windows-amd64-cygwin\jdk8u77\6540\hotspot\src\share\vm\prims\jni.cpp, line 709]
Event: 19.116 Thread 0x000000000298e000 Exception <a 'java/io/FileNotFoundException'> (0x0000000776f61288) thrown at [D:\re\workspace\8-2-build-windows-amd64-cygwin\jdk8u77\6540\hotspot\src\share\vm\prims\jni.cpp, line 709]

Events (10 events):
Event: 19.137 Thread 0x000000000298e000 DEOPT UNPACKING pc=0x0000000002ad787f sp=0x00000000028dcba8 mode 0
Event: 19.137 Thread 0x000000000298e000 DEOPT PACKING pc=0x00000000030e0727 sp=0x00000000028dcda0
Event: 19.137 Thread 0x000000000298e000 DEOPT UNPACKING pc=0x0000000002ad787f sp=0x00000000028dcba8 mode 0
Event: 19.138 Thread 0x000000000298e000 DEOPT PACKING pc=0x00000000030e0727 sp=0x00000000028dcda0
Event: 19.138 Thread 0x000000000298e000 DEOPT UNPACKING pc=0x0000000002ad787f sp=0x00000000028dcba8 mode 0
Event: 19.141 Thread 0x000000000298e000 DEOPT PACKING pc=0x00000000030e0727 sp=0x00000000028dcda0
Event: 19.141 Thread 0x000000000298e000 DEOPT UNPACKING pc=0x0000000002ad787f sp=0x00000000028dcba8 mode 0
Event: 19.141 Thread 0x000000000298e000 DEOPT PACKING pc=0x00000000030e0727 sp=0x00000000028dcda0
Event: 19.141 Thread 0x000000000298e000 DEOPT UNPACKING pc=0x0000000002ad787f sp=0x00000000028dcba8 mode 0
Event: 19.167 Executing VM operation: ParallelGCFailedAllocation


Dynamic libraries:
0x00007ff748f90000 - 0x00007ff748fc7000 	D:\java\jdk1.8.0_77\bin\java.exe
0x00007ff81d020000 - 0x00007ff81d210000 	C:\Windows\SYSTEM32\ntdll.dll
0x00007ff81b6a0000 - 0x00007ff81b752000 	C:\Windows\System32\KERNEL32.DLL
0x00007ff81a870000 - 0x00007ff81ab13000 	C:\Windows\System32\KERNELBASE.dll
0x00007ff81ca40000 - 0x00007ff81cae3000 	C:\Windows\System32\ADVAPI32.dll
0x00007ff81cb90000 - 0x00007ff81cc2e000 	C:\Windows\System32\msvcrt.dll
0x00007ff81caf0000 - 0x00007ff81cb87000 	C:\Windows\System32\sechost.dll
0x00007ff81cd00000 - 0x00007ff81ce20000 	C:\Windows\System32\RPCRT4.dll
0x00007ff81b500000 - 0x00007ff81b694000 	C:\Windows\System32\USER32.dll
0x00007ff81b0a0000 - 0x00007ff81b0c1000 	C:\Windows\System32\win32u.dll
0x00007ff81b3b0000 - 0x00007ff81b3d6000 	C:\Windows\System32\GDI32.dll
0x00007ff81ab70000 - 0x00007ff81ad04000 	C:\Windows\System32\gdi32full.dll
0x00007ff81b000000 - 0x00007ff81b09e000 	C:\Windows\System32\msvcp_win.dll
0x00007ff81ae80000 - 0x00007ff81af7a000 	C:\Windows\System32\ucrtbase.dll
0x00007ff819330000 - 0x00007ff8195b5000 	C:\Windows\WinSxS\amd64_microsoft.windows.common-controls_6595b64144ccf1df_6.0.18362.535_none_e6c3b34713100821\COMCTL32.dll
0x00007ff81bcf0000 - 0x00007ff81c026000 	C:\Windows\System32\combase.dll
0x00007ff81af80000 - 0x00007ff81b000000 	C:\Windows\System32\bcryptPrimitives.dll
0x00007ff81c820000 - 0x00007ff81c84e000 	C:\Windows\System32\IMM32.DLL
0x00007fffcdd80000 - 0x00007fffcddbe000 	C:\Windows\system32\SophosAV\SOPHOS~1.DLL
0x00007ff81ca30000 - 0x00007ff81ca38000 	C:\Windows\System32\PSAPI.DLL
0x0000000052600000 - 0x00000000526d2000 	D:\java\jdk1.8.0_77\jre\bin\msvcr100.dll
0x0000000051620000 - 0x0000000051eb0000 	D:\java\jdk1.8.0_77\jre\bin\server\jvm.dll
0x00007ff803bb0000 - 0x00007ff803bb9000 	C:\Windows\SYSTEM32\WSOCK32.dll
0x00007ff816550000 - 0x00007ff816574000 	C:\Windows\SYSTEM32\WINMM.dll
0x00007ff81b760000 - 0x00007ff81b7cf000 	C:\Windows\System32\WS2_32.dll
0x00007ff8107b0000 - 0x00007ff8107ba000 	C:\Windows\SYSTEM32\VERSION.dll
0x00007ff816520000 - 0x00007ff81654d000 	C:\Windows\SYSTEM32\WINMMBASE.dll
0x00007ff81ab20000 - 0x00007ff81ab6a000 	C:\Windows\System32\cfgmgr32.dll
0x00000000525f0000 - 0x00000000525ff000 	D:\java\jdk1.8.0_77\jre\bin\verify.dll
0x00000000525c0000 - 0x00000000525e9000 	D:\java\jdk1.8.0_77\jre\bin\java.dll
0x00000000525a0000 - 0x00000000525b6000 	D:\java\jdk1.8.0_77\jre\bin\zip.dll
0x00007ff81c130000 - 0x00007ff81c815000 	C:\Windows\System32\SHELL32.dll
0x00007ff81b7d0000 - 0x00007ff81b879000 	C:\Windows\System32\shcore.dll
0x00007ff81a090000 - 0x00007ff81a80f000 	C:\Windows\System32\windows.storage.dll
0x00007ff819f90000 - 0x00007ff819faf000 	C:\Windows\System32\profapi.dll
0x00007ff819f20000 - 0x00007ff819f6a000 	C:\Windows\System32\powrprof.dll
0x00007ff819ef0000 - 0x00007ff819f00000 	C:\Windows\System32\UMPDC.dll
0x00007ff81b4a0000 - 0x00007ff81b4f2000 	C:\Windows\System32\shlwapi.dll
0x00007ff819f00000 - 0x00007ff819f11000 	C:\Windows\System32\kernel.appcore.dll
0x00007ff81ad10000 - 0x00007ff81ad27000 	C:\Windows\System32\cryptsp.dll
0x00007ff8109b0000 - 0x00007ff8109ba000 	D:\apache-maven-3.6.3\lib\jansi-native\windows64\jansi.dll
0x0000000051600000 - 0x000000005161a000 	D:\java\jdk1.8.0_77\jre\bin\net.dll
0x00007ff819050000 - 0x00007ff8190b7000 	C:\Windows\system32\mswsock.dll
0x00000000515e0000 - 0x00000000515f1000 	D:\java\jdk1.8.0_77\jre\bin\nio.dll
0x00007ff8199f0000 - 0x00007ff819be4000 	C:\Windows\SYSTEM32\dbghelp.dll

VM Arguments:
jvm_args: -Dclassworlds.conf=D:\apache-maven-3.6.3\bin\..\bin\m2.conf -Dmaven.home=D:\apache-maven-3.6.3\bin\.. -Dlibrary.jansi.path=D:\apache-maven-3.6.3\bin\..\lib\jansi-native -Dmaven.multiModuleProjectDirectory=E:\git\github\garyzhangscm\cwms\integrationsvr 
java_command: org.codehaus.plexus.classworlds.launcher.Launcher clean package docker:build
java_class_path (initial): D:\apache-maven-3.6.3\bin\..\boot\plexus-classworlds-2.6.0.jar
Launcher Type: SUN_STANDARD

Environment Variables:
JAVA_HOME=D:\java\jdk1.8.0_77
PATH=C:\ProgramData\Oracle\Java\javapath;C:\Python27\;C:\Python27\Scripts;C:\Windows\system32;C:\Windows;C:\Windows\System32\Wbem;C:\Windows\System32\WindowsPowerShell\v1.0\;C:\Windows\System32\OpenSSH\;C:\Program Files\Intel\WiFi\bin\;C:\Program Files\Common Files\Intel\WirelessCommon\;C:\Program Files\Microsoft SQL Server\110\Tools\Binn\;C:\Program Files (x86)\Microsoft SDKs\TypeScript\1.0\;C:\Program Files\Microsoft SQL Server\120\Tools\Binn\;C:\Program Files (x86)\Microsoft SQL Server\150\DTS\Binn\;D:\Program Files\TortoiseSVN\bin;d:\Program Files\Git\cmd;D:\Program Files\nodejs\;C:\ProgramData\chocolatey\bin;D:\Program Files\PuTTY\;D:\apache-maven-3.6.3\bin;;C:\Program Files\Amazon\AWSCLIV2\;C:\Program Files\Docker\Docker\resources\bin;C:\ProgramData\DockerDesktop\version-bin;C:\Users\gzhang\AppData\Local\Microsoft\WindowsApps;d:\Program Files\JetBrains\IntelliJ IDEA Community Edition 2019.3.1\bin;;d:\Users\gzhang\AppData\Local\Programs\Microsoft VS Code\bin;C:\Users\gzhang\AppData\Roaming\npm;d:\Program Files\JetBrains\IntelliJ IDEA 2019.3.1\bin;;D:\bin;
USERNAME=gzhang
OS=Windows_NT
PROCESSOR_IDENTIFIER=Intel64 Family 6 Model 69 Stepping 1, GenuineIntel



---------------  S Y S T E M  ---------------

OS: Windows 10.0 , 64 bit Build 18362 (10.0.18362.329)

CPU:total 4 (2 cores per cpu, 2 threads per core) family 6 model 69 stepping 1, cmov, cx8, fxsr, mmx, sse, sse2, sse3, ssse3, sse4.1, sse4.2, popcnt, avx, avx2, aes, clmul, erms, lzcnt, ht, tsc, tscinvbit, bmi1, bmi2

Memory: 4k page, physical 16472336k(2578088k free), swap 24971388k(3388016k free)

vm_info: Java HotSpot(TM) 64-Bit Server VM (25.77-b03) for windows-amd64 JRE (1.8.0_77-b03), built on Mar 20 2016 22:01:33 by "java_re" with MS VC++ 10.0 (VS2010)

time: Fri Aug 07 17:44:07 2020
elapsed time: 19 seconds (0d 0h 0m 19s)

