#
# A fatal error has been detected by the Java Runtime Environment:
#
#  EXCEPTION_ACCESS_VIOLATION (0xc0000005) at pc=0x0000000051abb330, pid=86628, tid=92000
#
# JRE version: Java(TM) SE Runtime Environment (8.0_77-b03) (build 1.8.0_77-b03)
# Java VM: Java HotSpot(TM) 64-Bit Server VM (25.77-b03 mixed mode windows-amd64 compressed oops)
# Problematic frame:
# V  [jvm.dll+0x49b330]
#
# Failed to write core dump. Minidumps are not enabled by default on client versions of Windows
#
# If you would like to submit a bug report, please visit:
#   http://bugreport.java.com/bugreport/crash.jsp
#

---------------  T H R E A D  ---------------

Current thread (0x000000001bb5f000):  JavaThread "C2 CompilerThread0" daemon [_thread_in_native, id=92000, stack(0x000000001d1b0000,0x000000001d2b0000)]

siginfo: ExceptionCode=0xc0000005, reading address 0x0000004051e30d38

Registers:
RAX=0x0000000000000000, RBX=0x00000000209b0b90, RCX=0x0000004051e30d38, RDX=0x0000000000000000
RSP=0x000000001d2abfd0, RBP=0x0000000000000001, RSI=0x0000000000000008, RDI=0x000000001d2ac020
R8 =0x00000000209b0cd0, R9 =0x000000001ee98f60, R10=0x0000000051620000, R11=0x000000001d2abef0
R12=0x0000000051e30d38, R13=0x0000000051620000, R14=0x000000001bb83f58, R15=0x00000000000003d8
RIP=0x0000000051abb330, EFLAGS=0x0000000000010246

Top of Stack: (sp=0x000000001d2abfd0)
0x000000001d2abfd0:   000000001d2ae770 00000000209a8f30
0x000000001d2abfe0:   fffffffffffffff8 000000001bb269c0
0x000000001d2abff0:   0000000000002214 0000000051ab63ff
0x000000001d2ac000:   00000000209b0050 00000000209b0b90
0x000000001d2ac010:   0000000000002214 000000001d2ac100
0x000000001d2ac020:   0000000000000000 0000000000000008
0x000000001d2ac030:   0000004051e30d38 0000000000000000
0x000000001d2ac040:   000000001fd8de80 0000000000000039
0x000000001d2ac050:   00000000209b0cd0 000000001d2ac3f0
0x000000001d2ac060:   000000001bb83b80 000000001d2ac3f0
0x000000001d2ac070:   000000001bb83b70 0000000051a82d46
0x000000001d2ac080:   000000001d2ac500 000000001d2ac180
0x000000001d2ac090:   0000000000000000 0000000000000009
0x000000001d2ac0a0:   0000000000000002 000000001bb83b70
0x000000001d2ac0b0:   000000001ee6be20 000000001ee6de10
0x000000001d2ac0c0:   000000001ee73e08 0000000000fc71b0 

Instructions: (pc=0x0000000051abb330)
0x0000000051abb310:   48 8b 4f 20 48 39 04 0e 0f 84 9d 00 00 00 48 8b
0x0000000051abb320:   0c 0e 33 d2 33 c0 48 89 4f 10 66 0f 1f 44 00 00
0x0000000051abb330:   83 3c 08 00 0f 85 36 01 00 00 ff c2 48 83 c0 04
0x0000000051abb340:   83 fa 08 72 eb 48 8b 47 30 48 89 44 24 30 48 85 


Register to memory mapping:

RAX=0x0000000000000000 is an unknown value
RBX=0x00000000209b0b90 is an unknown value
RCX=0x0000004051e30d38 is an unknown value
RDX=0x0000000000000000 is an unknown value
RSP=0x000000001d2abfd0 is pointing into the stack for thread: 0x000000001bb5f000
RBP=0x0000000000000001 is an unknown value
RSI=0x0000000000000008 is an unknown value
RDI=0x000000001d2ac020 is pointing into the stack for thread: 0x000000001bb5f000
R8 =0x00000000209b0cd0 is an unknown value
R9 =0x000000001ee98f60 is an unknown value
R10=0x0000000051620000 is an unknown value
R11=0x000000001d2abef0 is pointing into the stack for thread: 0x000000001bb5f000
R12=0x0000000051e30d38 is an unknown value
R13=0x0000000051620000 is an unknown value
R14=0x000000001bb83f58 is an unknown value
R15=0x00000000000003d8 is an unknown value


Stack: [0x000000001d1b0000,0x000000001d2b0000],  sp=0x000000001d2abfd0,  free space=1007k
Native frames: (J=compiled Java code, j=interpreted, Vv=VM code, C=native code)
V  [jvm.dll+0x49b330]
V  [jvm.dll+0x4963ff]
V  [jvm.dll+0x462d46]
V  [jvm.dll+0x46dd9b]
V  [jvm.dll+0x4703b2]
V  [jvm.dll+0x453492]
V  [jvm.dll+0xa4ae2]
V  [jvm.dll+0xa541f]
V  [jvm.dll+0x243434]
V  [jvm.dll+0x29a27a]
C  [msvcr100.dll+0x21d9f]
C  [msvcr100.dll+0x21e3b]
C  [KERNEL32.DLL+0x17bd4]
C  [ntdll.dll+0x6ced1]


Current CompileTask:
C2:   4583 1687       4       java.net.URLClassLoader$1::run (5 bytes)


---------------  P R O C E S S  ---------------

Java Threads: ( => current thread )
  0x000000001d4d8800 JavaThread "Service Thread" daemon [_thread_blocked, id=85456, stack(0x000000001d8b0000,0x000000001d9b0000)]
  0x000000001bb68800 JavaThread "C1 CompilerThread2" daemon [_thread_blocked, id=79316, stack(0x000000001d3b0000,0x000000001d4b0000)]
  0x000000001bb65000 JavaThread "C2 CompilerThread1" daemon [_thread_in_native, id=91984, stack(0x000000001d2b0000,0x000000001d3b0000)]
=>0x000000001bb5f000 JavaThread "C2 CompilerThread0" daemon [_thread_in_native, id=92000, stack(0x000000001d1b0000,0x000000001d2b0000)]
  0x000000001bb5c800 JavaThread "Attach Listener" daemon [_thread_blocked, id=92944, stack(0x000000001d0b0000,0x000000001d1b0000)]
  0x000000001bb5b800 JavaThread "Signal Dispatcher" daemon [_thread_blocked, id=92180, stack(0x000000001cfb0000,0x000000001d0b0000)]
  0x000000000274b000 JavaThread "Finalizer" daemon [_thread_blocked, id=86084, stack(0x000000001cdb0000,0x000000001ceb0000)]
  0x0000000002740000 JavaThread "Reference Handler" daemon [_thread_blocked, id=92700, stack(0x000000001ccb0000,0x000000001cdb0000)]
  0x0000000000c3e000 JavaThread "main" [_thread_in_Java, id=59124, stack(0x0000000002550000,0x0000000002650000)]

Other Threads:
  0x000000001bb27800 VMThread [stack: 0x000000001cbb0000,0x000000001ccb0000] [id=91824]
  0x000000001bbbe800 WatcherThread [stack: 0x000000001d9b0000,0x000000001dab0000] [id=93112]

VM state:not at safepoint (normal execution)

VM Mutex/Monitor currently owned by a thread: None

Heap:
 PSYoungGen      total 75264K, used 50849K [0x000000076c380000, 0x0000000775680000, 0x00000007c0000000)
  eden space 64512K, 62% used [0x000000076c380000,0x000000076ead8050,0x0000000770280000)
  from space 10752K, 98% used [0x0000000770280000,0x0000000770cd0498,0x0000000770d00000)
  to   space 10752K, 0% used [0x0000000774c00000,0x0000000774c00000,0x0000000775680000)
 ParOldGen       total 172032K, used 16K [0x00000006c4a00000, 0x00000006cf200000, 0x000000076c380000)
  object space 172032K, 0% used [0x00000006c4a00000,0x00000006c4a04000,0x00000006cf200000)
 Metaspace       used 14938K, capacity 15118K, committed 15232K, reserved 1062912K
  class space    used 1804K, capacity 1909K, committed 1920K, reserved 1048576K

Card table byte_map: [0x0000000011b10000,0x00000000122f0000] byte_map_base: 0x000000000e4eb000

Marking Bits: (ParMarkBitMap*) 0x0000000051e30600
 Begin Bits: [0x0000000012c30000, 0x0000000016b08000)
 End Bits:   [0x0000000016b08000, 0x000000001a9e0000)

Polling page: 0x0000000000ca0000

CodeCache: size=245760Kb used=6986Kb max_used=6996Kb free=238774Kb
 bounds [0x0000000002750000, 0x0000000002e30000, 0x0000000011750000]
 total_blobs=2442 nmethods=2086 adapters=268
 compilation: enabled

Compilation events (10 events):
Event: 4.452 Thread 0x000000001bb65000 nmethod 2043 0x0000000002e105d0 code [0x0000000002e10800, 0x0000000002e11398]
Event: 4.453 Thread 0x000000001bb65000 2044       4       org.codehaus.plexus.util.xml.Xpp3Dom::<init> (125 bytes)
Event: 4.454 Thread 0x000000001bb68800 2052       3       java.io.Reader::<init> (27 bytes)
Event: 4.454 Thread 0x000000001bb68800 nmethod 2052 0x0000000002df4a50 code [0x0000000002df4bc0, 0x0000000002df4ea8]
Event: 4.474 Thread 0x000000001bb68800 2054       3       org.apache.maven.model.BuildBase::getResources (23 bytes)
Event: 4.475 Thread 0x000000001bb68800 nmethod 2054 0x0000000002df4390 code [0x0000000002df4500, 0x0000000002df48b0]
Event: 4.492 Thread 0x000000001bb68800 2055       3       org.apache.maven.model.BuildBase::getTestResources (23 bytes)
Event: 4.493 Thread 0x000000001bb68800 nmethod 2055 0x0000000002df3cd0 code [0x0000000002df3e40, 0x0000000002df41f0]
Event: 4.494 Thread 0x000000001bb68800 2056       1       org.eclipse.aether.repository.LocalRepository::getBasedir (5 bytes)
Event: 4.494 Thread 0x000000001bb68800 nmethod 2056 0x0000000002df3a10 code [0x0000000002df3b60, 0x0000000002df3c70]

GC Heap History (2 events):
Event: 2.300 GC heap before
{Heap before GC invocations=1 (full 0):
 PSYoungGen      total 75264K, used 64512K [0x000000076c380000, 0x0000000771780000, 0x00000007c0000000)
  eden space 64512K, 100% used [0x000000076c380000,0x0000000770280000,0x0000000770280000)
  from space 10752K, 0% used [0x0000000770d00000,0x0000000770d00000,0x0000000771780000)
  to   space 10752K, 0% used [0x0000000770280000,0x0000000770280000,0x0000000770d00000)
 ParOldGen       total 172032K, used 0K [0x00000006c4a00000, 0x00000006cf200000, 0x000000076c380000)
  object space 172032K, 0% used [0x00000006c4a00000,0x00000006c4a00000,0x00000006cf200000)
 Metaspace       used 11774K, capacity 11924K, committed 12160K, reserved 1060864K
  class space    used 1458K, capacity 1542K, committed 1664K, reserved 1048576K
Event: 2.324 GC heap after
Heap after GC invocations=1 (full 0):
 PSYoungGen      total 75264K, used 10561K [0x000000076c380000, 0x0000000775680000, 0x00000007c0000000)
  eden space 64512K, 0% used [0x000000076c380000,0x000000076c380000,0x0000000770280000)
  from space 10752K, 98% used [0x0000000770280000,0x0000000770cd0498,0x0000000770d00000)
  to   space 10752K, 0% used [0x0000000774c00000,0x0000000774c00000,0x0000000775680000)
 ParOldGen       total 172032K, used 16K [0x00000006c4a00000, 0x00000006cf200000, 0x000000076c380000)
  object space 172032K, 0% used [0x00000006c4a00000,0x00000006c4a04000,0x00000006cf200000)
 Metaspace       used 11774K, capacity 11924K, committed 12160K, reserved 1060864K
  class space    used 1458K, capacity 1542K, committed 1664K, reserved 1048576K
}

Deoptimization events (10 events):
Event: 4.077 Thread 0x0000000000c3e000 Uncommon trap: reason=class_check action=maybe_recompile pc=0x0000000002ce5fec method=java.util.regex.Pattern$7.isSatisfiedBy(I)Z @ 16
Event: 4.077 Thread 0x0000000000c3e000 Uncommon trap: reason=class_check action=maybe_recompile pc=0x0000000002ce5fec method=java.util.regex.Pattern$7.isSatisfiedBy(I)Z @ 16
Event: 4.077 Thread 0x0000000000c3e000 Uncommon trap: reason=class_check action=maybe_recompile pc=0x0000000002ce5fec method=java.util.regex.Pattern$7.isSatisfiedBy(I)Z @ 16
Event: 4.077 Thread 0x0000000000c3e000 Uncommon trap: reason=class_check action=maybe_recompile pc=0x0000000002ce5fec method=java.util.regex.Pattern$7.isSatisfiedBy(I)Z @ 16
Event: 4.328 Thread 0x0000000000c3e000 Uncommon trap: reason=unstable_if action=reinterpret pc=0x0000000002d730bc method=org.apache.maven.model.io.xpp3.MavenXpp3ReaderEx.nextTag(Lorg/codehaus/plexus/util/xml/pull/XmlPullParser;)I @ 9
Event: 4.329 Thread 0x0000000000c3e000 Uncommon trap: reason=unstable_if action=reinterpret pc=0x0000000002cc40b0 method=org.codehaus.plexus.util.xml.pull.MXParser.nextImpl()I @ 879
Event: 4.344 Thread 0x0000000000c3e000 Uncommon trap: reason=unstable_if action=reinterpret pc=0x0000000002d4a83c method=org.apache.maven.model.validation.DefaultModelValidator.isValidIdCharacter(C)Z @ 15
Event: 4.423 Thread 0x0000000000c3e000 Uncommon trap: reason=unstable_if action=reinterpret pc=0x0000000002d0cd98 method=java.lang.String.trim()Ljava/lang/String; @ 63
Event: 4.429 Thread 0x0000000000c3e000 Uncommon trap: reason=unstable_if action=reinterpret pc=0x0000000002c928c8 method=sun.nio.cs.UTF_8$Decoder.decode([BII[C)I @ 30
Event: 4.429 Thread 0x0000000000c3e000 Uncommon trap: reason=unstable_if action=reinterpret pc=0x00000000029d4b8c method=sun.nio.cs.UTF_8$Decoder.decodeArrayLoop(Ljava/nio/ByteBuffer;Ljava/nio/CharBuffer;)Ljava/nio/charset/CoderResult; @ 84

Internal exceptions (10 events):
Event: 2.675 Thread 0x0000000000c3e000 Exception <a 'java/lang/NoClassDefFoundError': javax/annotation/Priority> (0x000000076ca605f8) thrown at [D:\re\workspace\8-2-build-windows-amd64-cygwin\jdk8u77\6540\hotspot\src\share\vm\classfile\systemDictionary.cpp, line 199]
Event: 3.349 Thread 0x0000000000c3e000 Exception <a 'java/lang/NullPointerException'> (0x000000076d0251a8) thrown at [D:\re\workspace\8-2-build-windows-amd64-cygwin\jdk8u77\6540\hotspot\src\share\vm\interpreter\linkResolver.cpp, line 1178]
Event: 3.349 Thread 0x0000000000c3e000 Exception <a 'java/lang/NullPointerException'> (0x000000076d0253c0) thrown at [D:\re\workspace\8-2-build-windows-amd64-cygwin\jdk8u77\6540\hotspot\src\share\vm\interpreter\linkResolver.cpp, line 1178]
Event: 3.349 Thread 0x0000000000c3e000 Exception <a 'java/lang/NullPointerException'> (0x000000076d0255d8) thrown at [D:\re\workspace\8-2-build-windows-amd64-cygwin\jdk8u77\6540\hotspot\src\share\vm\interpreter\linkResolver.cpp, line 1178]
Event: 3.350 Thread 0x0000000000c3e000 Exception <a 'java/lang/NullPointerException'> (0x000000076d02d368) thrown at [D:\re\workspace\8-2-build-windows-amd64-cygwin\jdk8u77\6540\hotspot\src\share\vm\interpreter\linkResolver.cpp, line 1178]
Event: 3.350 Thread 0x0000000000c3e000 Exception <a 'java/lang/NullPointerException'> (0x000000076d02d580) thrown at [D:\re\workspace\8-2-build-windows-amd64-cygwin\jdk8u77\6540\hotspot\src\share\vm\interpreter\linkResolver.cpp, line 1178]
Event: 3.350 Thread 0x0000000000c3e000 Exception <a 'java/lang/NullPointerException'> (0x000000076d02d798) thrown at [D:\re\workspace\8-2-build-windows-amd64-cygwin\jdk8u77\6540\hotspot\src\share\vm\interpreter\linkResolver.cpp, line 1178]
Event: 3.431 Thread 0x0000000000c3e000 Implicit null exception at 0x00000000029f1616 to 0x00000000029f1969
Event: 3.431 Thread 0x0000000000c3e000 Implicit null exception at 0x0000000002945796 to 0x0000000002945ad9
Event: 3.791 Thread 0x0000000000c3e000 Implicit null exception at 0x0000000002d0a02f to 0x0000000002d0b351

Events (10 events):
Event: 4.429 Thread 0x0000000000c3e000 Uncommon trap: trap_request=0xffffff65 fr.pc=0x0000000002c928c8
Event: 4.429 Thread 0x0000000000c3e000 DEOPT PACKING pc=0x0000000002c928c8 sp=0x000000000264d9b0
Event: 4.429 Thread 0x0000000000c3e000 DEOPT UNPACKING pc=0x000000000279582a sp=0x000000000264d908 mode 2
Event: 4.429 Thread 0x0000000000c3e000 Uncommon trap: trap_request=0xffffff65 fr.pc=0x00000000029d4b8c
Event: 4.429 Thread 0x0000000000c3e000 DEOPT PACKING pc=0x00000000029d4b8c sp=0x000000000264dac0
Event: 4.429 Thread 0x0000000000c3e000 DEOPT UNPACKING pc=0x000000000279582a sp=0x000000000264da08 mode 2
Event: 4.446 Thread 0x0000000000c3e000 DEOPT PACKING pc=0x0000000002dfe072 sp=0x000000000264d800
Event: 4.446 Thread 0x0000000000c3e000 DEOPT UNPACKING pc=0x000000000279787f sp=0x000000000264d680 mode 0
Event: 4.458 Thread 0x0000000000c3e000 DEOPT PACKING pc=0x0000000002dfe072 sp=0x000000000264d690
Event: 4.458 Thread 0x0000000000c3e000 DEOPT UNPACKING pc=0x000000000279787f sp=0x000000000264d510 mode 0


Dynamic libraries:
0x00007ff748f90000 - 0x00007ff748fc7000 	D:\java\jdk1.8.0_77\bin\java.exe
0x00007ff81d020000 - 0x00007ff81d210000 	C:\Windows\SYSTEM32\ntdll.dll
0x00007ff81b6a0000 - 0x00007ff81b752000 	C:\Windows\System32\KERNEL32.DLL
0x00007ff81a870000 - 0x00007ff81ab13000 	C:\Windows\System32\KERNELBASE.dll
0x00007ff81ca40000 - 0x00007ff81cae3000 	C:\Windows\System32\ADVAPI32.dll
0x00007ff81cb90000 - 0x00007ff81cc2e000 	C:\Windows\System32\msvcrt.dll
0x00007ff81caf0000 - 0x00007ff81cb87000 	C:\Windows\System32\sechost.dll
0x00007ff81cd00000 - 0x00007ff81ce20000 	C:\Windows\System32\RPCRT4.dll
0x00007ff81b500000 - 0x00007ff81b694000 	C:\Windows\System32\USER32.dll
0x00007ff81b0a0000 - 0x00007ff81b0c1000 	C:\Windows\System32\win32u.dll
0x00007ff81b3b0000 - 0x00007ff81b3d6000 	C:\Windows\System32\GDI32.dll
0x00007ff81ab70000 - 0x00007ff81ad04000 	C:\Windows\System32\gdi32full.dll
0x00007ff81b000000 - 0x00007ff81b09e000 	C:\Windows\System32\msvcp_win.dll
0x00007ff81ae80000 - 0x00007ff81af7a000 	C:\Windows\System32\ucrtbase.dll
0x00007ff819330000 - 0x00007ff8195b5000 	C:\Windows\WinSxS\amd64_microsoft.windows.common-controls_6595b64144ccf1df_6.0.18362.535_none_e6c3b34713100821\COMCTL32.dll
0x00007ff81bcf0000 - 0x00007ff81c026000 	C:\Windows\System32\combase.dll
0x00007ff81af80000 - 0x00007ff81b000000 	C:\Windows\System32\bcryptPrimitives.dll
0x00007ff81c820000 - 0x00007ff81c84e000 	C:\Windows\System32\IMM32.DLL
0x00007fffcdd80000 - 0x00007fffcddbe000 	C:\Windows\system32\SophosAV\SOPHOS~1.DLL
0x00007ff81ca30000 - 0x00007ff81ca38000 	C:\Windows\System32\PSAPI.DLL
0x0000000052600000 - 0x00000000526d2000 	D:\java\jdk1.8.0_77\jre\bin\msvcr100.dll
0x0000000051620000 - 0x0000000051eb0000 	D:\java\jdk1.8.0_77\jre\bin\server\jvm.dll
0x00007ff803bb0000 - 0x00007ff803bb9000 	C:\Windows\SYSTEM32\WSOCK32.dll
0x00007ff8107b0000 - 0x00007ff8107ba000 	C:\Windows\SYSTEM32\VERSION.dll
0x00007ff816550000 - 0x00007ff816574000 	C:\Windows\SYSTEM32\WINMM.dll
0x00007ff81b760000 - 0x00007ff81b7cf000 	C:\Windows\System32\WS2_32.dll
0x00007ff816520000 - 0x00007ff81654d000 	C:\Windows\SYSTEM32\WINMMBASE.dll
0x00007ff81ab20000 - 0x00007ff81ab6a000 	C:\Windows\System32\cfgmgr32.dll
0x00000000525f0000 - 0x00000000525ff000 	D:\java\jdk1.8.0_77\jre\bin\verify.dll
0x00000000525c0000 - 0x00000000525e9000 	D:\java\jdk1.8.0_77\jre\bin\java.dll
0x00000000525a0000 - 0x00000000525b6000 	D:\java\jdk1.8.0_77\jre\bin\zip.dll
0x00007ff81c130000 - 0x00007ff81c815000 	C:\Windows\System32\SHELL32.dll
0x00007ff81b7d0000 - 0x00007ff81b879000 	C:\Windows\System32\shcore.dll
0x00007ff81a090000 - 0x00007ff81a80f000 	C:\Windows\System32\windows.storage.dll
0x00007ff819f90000 - 0x00007ff819faf000 	C:\Windows\System32\profapi.dll
0x00007ff819f20000 - 0x00007ff819f6a000 	C:\Windows\System32\powrprof.dll
0x00007ff819ef0000 - 0x00007ff819f00000 	C:\Windows\System32\UMPDC.dll
0x00007ff81b4a0000 - 0x00007ff81b4f2000 	C:\Windows\System32\shlwapi.dll
0x00007ff819f00000 - 0x00007ff819f11000 	C:\Windows\System32\kernel.appcore.dll
0x00007ff81ad10000 - 0x00007ff81ad27000 	C:\Windows\System32\cryptsp.dll
0x00007ff8109b0000 - 0x00007ff8109ba000 	D:\apache-maven-3.6.3\lib\jansi-native\windows64\jansi.dll
0x0000000051600000 - 0x000000005161a000 	D:\java\jdk1.8.0_77\jre\bin\net.dll
0x00007ff819050000 - 0x00007ff8190b7000 	C:\Windows\system32\mswsock.dll
0x00000000515e0000 - 0x00000000515f1000 	D:\java\jdk1.8.0_77\jre\bin\nio.dll
0x00007ff8199f0000 - 0x00007ff819be4000 	C:\Windows\SYSTEM32\dbghelp.dll

VM Arguments:
jvm_args: -Dclassworlds.conf=D:\apache-maven-3.6.3\bin\..\bin\m2.conf -Dmaven.home=D:\apache-maven-3.6.3\bin\.. -Dlibrary.jansi.path=D:\apache-maven-3.6.3\bin\..\lib\jansi-native -Dmaven.multiModuleProjectDirectory=E:\git\github\garyzhangscm\cwms\integrationsvr 
java_command: org.codehaus.plexus.classworlds.launcher.Launcher clean package docker:build
java_class_path (initial): D:\apache-maven-3.6.3\bin\..\boot\plexus-classworlds-2.6.0.jar
Launcher Type: SUN_STANDARD

Environment Variables:
JAVA_HOME=D:\java\jdk1.8.0_77
PATH=C:\ProgramData\Oracle\Java\javapath;C:\Python27\;C:\Python27\Scripts;C:\Windows\system32;C:\Windows;C:\Windows\System32\Wbem;C:\Windows\System32\WindowsPowerShell\v1.0\;C:\Windows\System32\OpenSSH\;C:\Program Files\Intel\WiFi\bin\;C:\Program Files\Common Files\Intel\WirelessCommon\;C:\Program Files\Microsoft SQL Server\110\Tools\Binn\;C:\Program Files (x86)\Microsoft SDKs\TypeScript\1.0\;C:\Program Files\Microsoft SQL Server\120\Tools\Binn\;C:\Program Files (x86)\Microsoft SQL Server\150\DTS\Binn\;D:\Program Files\TortoiseSVN\bin;d:\Program Files\Git\cmd;D:\Program Files\nodejs\;C:\ProgramData\chocolatey\bin;D:\Program Files\PuTTY\;D:\apache-maven-3.6.3\bin;;C:\Program Files\Amazon\AWSCLIV2\;C:\Program Files\Docker\Docker\resources\bin;C:\ProgramData\DockerDesktop\version-bin;C:\Users\gzhang\AppData\Local\Microsoft\WindowsApps;d:\Program Files\JetBrains\IntelliJ IDEA Community Edition 2019.3.1\bin;;d:\Users\gzhang\AppData\Local\Programs\Microsoft VS Code\bin;C:\Users\gzhang\AppData\Roaming\npm;d:\Program Files\JetBrains\IntelliJ IDEA 2019.3.1\bin;;D:\bin;
USERNAME=gzhang
OS=Windows_NT
PROCESSOR_IDENTIFIER=Intel64 Family 6 Model 69 Stepping 1, GenuineIntel



---------------  S Y S T E M  ---------------

OS: Windows 10.0 , 64 bit Build 18362 (10.0.18362.329)

CPU:total 4 (2 cores per cpu, 2 threads per core) family 6 model 69 stepping 1, cmov, cx8, fxsr, mmx, sse, sse2, sse3, ssse3, sse4.1, sse4.2, popcnt, avx, avx2, aes, clmul, erms, lzcnt, ht, tsc, tscinvbit, bmi1, bmi2

Memory: 4k page, physical 16472336k(2834164k free), swap 24971388k(3595124k free)

vm_info: Java HotSpot(TM) 64-Bit Server VM (25.77-b03) for windows-amd64 JRE (1.8.0_77-b03), built on Mar 20 2016 22:01:33 by "java_re" with MS VC++ 10.0 (VS2010)

time: Fri Aug 07 17:43:21 2020
elapsed time: 4 seconds (0d 0h 0m 4s)

