#
# A fatal error has been detected by the Java Runtime Environment:
#
#  EXCEPTION_ACCESS_VIOLATION (0xc0000005) at pc=0x000000006718ea00, pid=15600, tid=14704
#
# JRE version: Java(TM) SE Runtime Environment (8.0_77-b03) (build 1.8.0_77-b03)
# Java VM: Java HotSpot(TM) 64-Bit Server VM (25.77-b03 mixed mode windows-amd64 compressed oops)
# Problematic frame:
# V  [jvm.dll+0xaea00]
#
# Failed to write core dump. Minidumps are not enabled by default on client versions of Windows
#
# If you would like to submit a bug report, please visit:
#   http://bugreport.java.com/bugreport/crash.jsp
#

---------------  T H R E A D  ---------------

Current thread (0x0000000002967000):  GCTaskThread [stack: 0x0000000012b30000,0x0000000012c30000] [id=14704]

siginfo: ExceptionCode=0xc0000005, reading address 0x0000000000000008

Registers:
RAX=0x0000000000000000, RBX=0x000000077c2e36b0, RCX=0x000000077c2e36b0, RDX=0x0000000000000000
RSP=0x0000000012c2fa68, RBP=0x0000000011e17fc4, RSI=0x000000001be25480, RDI=0x00000006c59e3228
R8 =0x000000001be25480, R9 =0x0000000000000031, R10=0x0000000000000008, R11=0x000000077e1b8950
R12=0x0000000011e17f15, R13=0x0000000000000000, R14=0x0000000000000000, R15=0x0000000002962470
RIP=0x000000006718ea00, EFLAGS=0x0000000000010246

Top of Stack: (sp=0x0000000012c2fa68)
0x0000000012c2fa68:   00000000674db3e2 000000077c2e36c8
0x0000000012c2fa78:   0000000000000003 000000001be25480
0x0000000012c2fa88:   000000077cbef1d0 000000077e1b0960
0x0000000012c2fa98:   0000000000001000 000000001be25480
0x0000000012c2faa8:   00000000671f1b93 0000000000000000
0x0000000012c2fab8:   000000001be25400 0000000011e17f15
0x0000000012c2fac8:   00000000674db750 000000077e1b484c
0x0000000012c2fad8:   0000000011e17fc4 000000001be25480
0x0000000012c2fae8:   00000006c59e3228 000000077e1b484c
0x0000000012c2faf8:   00000000674dc2f5 000000076ce353a0
0x0000000012c2fb08:   0000000011e17fc4 000000001be25480
0x0000000012c2fb18:   0000000000000003 000000001be25480
0x0000000012c2fb28:   00000000671cb280 0000000700000000
0x0000000012c2fb38:   00000000671f3987 000000001be25480
0x0000000012c2fb48:   00000000671f1b93 00000006c592da31
0x0000000012c2fb58:   00000006c592da31 00000006c59e3164 

Instructions: (pc=0x000000006718ea00)
0x000000006718e9e0:   7c a5 1d 00 48 8b 9c 24 d0 00 00 00 48 81 c4 c0
0x000000006718e9f0:   00 00 00 5d c3 cc cc cc cc cc cc cc cc cc cc cc
0x000000006718ea00:   44 8b 42 08 4c 8b ca 45 85 c0 7e 0e 41 f6 c0 01
0x000000006718ea10:   75 57 41 c1 f8 03 41 8b c0 c3 79 4d 80 3d 9e 28 


Register to memory mapping:

RAX=0x0000000000000000 is an unknown value
RBX=0x000000077c2e36b0 is an unknown value
RCX=0x000000077c2e36b0 is an unknown value
RDX=0x0000000000000000 is an unknown value
RSP=0x0000000012c2fa68 is an unknown value
RBP=0x0000000011e17fc4 is an unknown value
RSI=0x000000001be25480 is an unknown value
RDI=0x00000006c59e3228 is an oop
[Ljava.lang.Object; 
 - klass: 'java/lang/Object'[]
 - length: 32
R8 =0x000000001be25480 is an unknown value
R9 =0x0000000000000031 is an unknown value
R10=0x0000000000000008 is an unknown value
R11=0x000000077e1b8950 is an oop

[error occurred during error reporting (printing register info), id 0xc0000005]

Stack: [0x0000000012b30000,0x0000000012c30000],  sp=0x0000000012c2fa68,  free space=1022k
Native frames: (J=compiled Java code, j=interpreted, Vv=VM code, C=native code)
V  [jvm.dll+0xaea00]


---------------  P R O C E S S  ---------------

Java Threads: ( => current thread )
  0x000000001bebb800 JavaThread "Service Thread" daemon [_thread_blocked, id=23052, stack(0x000000001dbb0000,0x000000001dcb0000)]
  0x000000001beb6800 JavaThread "C1 CompilerThread2" daemon [_thread_blocked, id=8016, stack(0x000000001d6b0000,0x000000001d7b0000)]
  0x000000001be66000 JavaThread "C2 CompilerThread1" daemon [_thread_blocked, id=23020, stack(0x000000001d5b0000,0x000000001d6b0000)]
  0x000000001be60800 JavaThread "C2 CompilerThread0" daemon [_thread_blocked, id=15040, stack(0x000000001d4b0000,0x000000001d5b0000)]
  0x000000001be5e800 JavaThread "Attach Listener" daemon [_thread_blocked, id=24680, stack(0x000000001d3b0000,0x000000001d4b0000)]
  0x000000001be5d000 JavaThread "Signal Dispatcher" daemon [_thread_blocked, id=17260, stack(0x000000001d2b0000,0x000000001d3b0000)]
  0x000000001be4a800 JavaThread "Finalizer" daemon [_thread_blocked, id=9120, stack(0x000000001d0b0000,0x000000001d1b0000)]
  0x0000000002a40000 JavaThread "Reference Handler" daemon [_thread_blocked, id=23964, stack(0x000000001cfb0000,0x000000001d0b0000)]
  0x000000000293e000 JavaThread "main" [_thread_blocked, id=5380, stack(0x0000000002760000,0x0000000002860000)]

Other Threads:
  0x000000001be28000 VMThread [stack: 0x000000001ceb0000,0x000000001cfb0000] [id=6896]
  0x000000001d7df000 WatcherThread [stack: 0x000000001dcb0000,0x000000001ddb0000] [id=20808]

=>0x0000000002967000 (exited) GCTaskThread [stack: 0x0000000012b30000,0x0000000012c30000] [id=14704]

VM state:at safepoint (normal execution)

VM Mutex/Monitor currently owned by a thread:  ([mutex/lock_event])
[0x000000000293dab0] Threads_lock - owner thread: 0x000000001be28000
[0x000000000293d930] Heap_lock - owner thread: 0x000000000293e000

Heap:
 PSYoungGen      total 266752K, used 266453K [0x000000076c380000, 0x000000077ea00000, 0x00000007c0000000)
  eden space 239104K, 100% used [0x000000076c380000,0x000000077ad00000,0x000000077ad00000)
  from space 27648K, 98% used [0x000000077b180000,0x000000077cc35718,0x000000077cc80000)
  to   space 30208K, 99% used [0x000000077cc80000,0x000000077e9fe3f8,0x000000077ea00000)
 ParOldGen       total 145920K, used 40990K [0x00000006c4a00000, 0x00000006cd880000, 0x000000076c380000)
  object space 145920K, 28% used [0x00000006c4a00000,0x00000006c72079e8,0x00000006cd880000)
 Metaspace       used 31723K, capacity 32554K, committed 32896K, reserved 1079296K
  class space    used 3565K, capacity 3871K, committed 3968K, reserved 1048576K

Card table byte_map: [0x0000000011e10000,0x00000000125f0000] byte_map_base: 0x000000000e7eb000

Marking Bits: (ParMarkBitMap*) 0x00000000678f0600
 Begin Bits: [0x0000000012f30000, 0x0000000016e08000)
 End Bits:   [0x0000000016e08000, 0x000000001ace0000)

Polling page: 0x0000000002700000

CodeCache: size=245760Kb used=25369Kb max_used=25369Kb free=220390Kb
 bounds [0x0000000002a50000, 0x0000000004330000, 0x0000000011a50000]
 total_blobs=7157 nmethods=6703 adapters=364
 compilation: enabled

Compilation events (10 events):
Event: 29.152 Thread 0x000000001beb6800 8060       2       org.eclipse.sisu.inject.MildValues$ValueItr::hasNext (52 bytes)
Event: 29.153 Thread 0x000000001beb6800 nmethod 8060 0x0000000004329e10 code [0x0000000004329fa0, 0x000000000432a268]
Event: 29.153 Thread 0x000000001beb6800 8061       2       org.eclipse.sisu.inject.RankedSequence$Content::insert (149 bytes)
Event: 29.154 Thread 0x000000001beb6800 nmethod 8061 0x000000000432a390 code [0x000000000432a540, 0x000000000432ace8]
Event: 29.154 Thread 0x000000001beb6800 8062       2       java.util.concurrent.ConcurrentHashMap$BaseIterator::hasNext (13 bytes)
Event: 29.154 Thread 0x000000001beb6800 nmethod 8062 0x000000000432b010 code [0x000000000432b160, 0x000000000432b2d0]
Event: 29.154 Thread 0x000000001beb6800 8063   !   2       com.google.inject.internal.SingleFieldInjector::inject (89 bytes)
Event: 29.155 Thread 0x000000001beb6800 nmethod 8063 0x000000000432b350 code [0x000000000432b500, 0x000000000432b948]
Event: 29.155 Thread 0x000000001beb6800 8064       2       org.eclipse.sisu.inject.DefaultRankingFunction::rank (54 bytes)
Event: 29.156 Thread 0x000000001beb6800 nmethod 8064 0x000000000432be10 code [0x000000000432bfc0, 0x000000000432c388]

GC Heap History (10 events):
Event: 8.226 GC heap after
Heap after GC invocations=4 (full 0):
 PSYoungGen      total 139776K, used 10752K [0x000000076c380000, 0x0000000775680000, 0x00000007c0000000)
  eden space 129024K, 0% used [0x000000076c380000,0x000000076c380000,0x0000000774180000)
  from space 10752K, 100% used [0x0000000774c00000,0x0000000775680000,0x0000000775680000)
  to   space 10752K, 0% used [0x0000000774180000,0x0000000774180000,0x0000000774c00000)
 ParOldGen       total 172032K, used 15803K [0x00000006c4a00000, 0x00000006cf200000, 0x000000076c380000)
  object space 172032K, 9% used [0x00000006c4a00000,0x00000006c596ed08,0x00000006cf200000)
 Metaspace       used 16289K, capacity 16574K, committed 16896K, reserved 1064960K
  class space    used 1865K, capacity 1981K, committed 2048K, reserved 1048576K
}
Event: 10.916 GC heap before
{Heap before GC invocations=5 (full 0):
 PSYoungGen      total 139776K, used 74691K [0x000000076c380000, 0x0000000775680000, 0x00000007c0000000)
  eden space 129024K, 49% used [0x000000076c380000,0x00000007701f0d00,0x0000000774180000)
  from space 10752K, 100% used [0x0000000774c00000,0x0000000775680000,0x0000000775680000)
  to   space 10752K, 0% used [0x0000000774180000,0x0000000774180000,0x0000000774c00000)
 ParOldGen       total 172032K, used 15803K [0x00000006c4a00000, 0x00000006cf200000, 0x000000076c380000)
  object space 172032K, 9% used [0x00000006c4a00000,0x00000006c596ed08,0x00000006cf200000)
 Metaspace       used 20571K, capacity 21100K, committed 21296K, reserved 1069056K
  class space    used 2424K, capacity 2594K, committed 2688K, reserved 1048576K
Event: 10.944 GC heap after
Heap after GC invocations=5 (full 0):
 PSYoungGen      total 139776K, used 10736K [0x000000076c380000, 0x000000077e780000, 0x00000007c0000000)
  eden space 129024K, 0% used [0x000000076c380000,0x000000076c380000,0x0000000774180000)
  from space 10752K, 99% used [0x0000000774180000,0x0000000774bfc010,0x0000000774c00000)
  to   space 20480K, 0% used [0x000000077d380000,0x000000077d380000,0x000000077e780000)
 ParOldGen       total 172032K, used 20290K [0x00000006c4a00000, 0x00000006cf200000, 0x000000076c380000)
  object space 172032K, 11% used [0x00000006c4a00000,0x00000006c5dd08a8,0x00000006cf200000)
 Metaspace       used 20571K, capacity 21100K, committed 21296K, reserved 1069056K
  class space    used 2424K, capacity 2594K, committed 2688K, reserved 1048576K
}
Event: 10.944 GC heap before
{Heap before GC invocations=6 (full 1):
 PSYoungGen      total 139776K, used 10736K [0x000000076c380000, 0x000000077e780000, 0x00000007c0000000)
  eden space 129024K, 0% used [0x000000076c380000,0x000000076c380000,0x0000000774180000)
  from space 10752K, 99% used [0x0000000774180000,0x0000000774bfc010,0x0000000774c00000)
  to   space 20480K, 0% used [0x000000077d380000,0x000000077d380000,0x000000077e780000)
 ParOldGen       total 172032K, used 20290K [0x00000006c4a00000, 0x00000006cf200000, 0x000000076c380000)
  object space 172032K, 11% used [0x00000006c4a00000,0x00000006c5dd08a8,0x00000006cf200000)
 Metaspace       used 20571K, capacity 21100K, committed 21296K, reserved 1069056K
  class space    used 2424K, capacity 2594K, committed 2688K, reserved 1048576K
Event: 11.253 GC heap after
Heap after GC invocations=6 (full 1):
 PSYoungGen      total 139776K, used 0K [0x000000076c380000, 0x000000077e780000, 0x00000007c0000000)
  eden space 129024K, 0% used [0x000000076c380000,0x000000076c380000,0x0000000774180000)
  from space 10752K, 0% used [0x0000000774180000,0x0000000774180000,0x0000000774c00000)
  to   space 20480K, 0% used [0x000000077d380000,0x000000077d380000,0x000000077e780000)
 ParOldGen       total 145920K, used 29142K [0x00000006c4a00000, 0x00000006cd880000, 0x000000076c380000)
  object space 145920K, 19% used [0x00000006c4a00000,0x00000006c6675b38,0x00000006cd880000)
 Metaspace       used 20571K, capacity 21100K, committed 21296K, reserved 1069056K
  class space    used 2424K, capacity 2594K, committed 2688K, reserved 1048576K
}
Event: 14.821 GC heap before
{Heap before GC invocations=7 (full 1):
 PSYoungGen      total 139776K, used 129024K [0x000000076c380000, 0x000000077e780000, 0x00000007c0000000)
  eden space 129024K, 100% used [0x000000076c380000,0x0000000774180000,0x0000000774180000)
  from space 10752K, 0% used [0x0000000774180000,0x0000000774180000,0x0000000774c00000)
  to   space 20480K, 0% used [0x000000077d380000,0x000000077d380000,0x000000077e780000)
 ParOldGen       total 145920K, used 29142K [0x00000006c4a00000, 0x00000006cd880000, 0x000000076c380000)
  object space 145920K, 19% used [0x00000006c4a00000,0x00000006c6675b38,0x00000006cd880000)
 Metaspace       used 22820K, capacity 23372K, committed 23552K, reserved 1071104K
  class space    used 2607K, capacity 2754K, committed 2816K, reserved 1048576K
Event: 14.915 GC heap after
Heap after GC invocations=7 (full 1):
 PSYoungGen      total 198656K, used 20477K [0x000000076c380000, 0x000000077e780000, 0x00000007c0000000)
  eden space 178176K, 0% used [0x000000076c380000,0x000000076c380000,0x0000000777180000)
  from space 20480K, 99% used [0x000000077d380000,0x000000077e77f548,0x000000077e780000)
  to   space 27648K, 0% used [0x000000077b180000,0x000000077b180000,0x000000077cc80000)
 ParOldGen       total 145920K, used 37033K [0x00000006c4a00000, 0x00000006cd880000, 0x000000076c380000)
  object space 145920K, 25% used [0x00000006c4a00000,0x00000006c6e2a488,0x00000006cd880000)
 Metaspace       used 22820K, capacity 23372K, committed 23552K, reserved 1071104K
  class space    used 2607K, capacity 2754K, committed 2816K, reserved 1048576K
}
Event: 21.542 GC heap before
{Heap before GC invocations=8 (full 1):
 PSYoungGen      total 198656K, used 198653K [0x000000076c380000, 0x000000077e780000, 0x00000007c0000000)
  eden space 178176K, 100% used [0x000000076c380000,0x0000000777180000,0x0000000777180000)
  from space 20480K, 99% used [0x000000077d380000,0x000000077e77f548,0x000000077e780000)
  to   space 27648K, 0% used [0x000000077b180000,0x000000077b180000,0x000000077cc80000)
 ParOldGen       total 145920K, used 37033K [0x00000006c4a00000, 0x00000006cd880000, 0x000000076c380000)
  object space 145920K, 25% used [0x00000006c4a00000,0x00000006c6e2a488,0x00000006cd880000)
 Metaspace       used 25231K, capacity 25740K, committed 26112K, reserved 1073152K
  class space    used 2768K, capacity 2946K, committed 3072K, reserved 1048576K
Event: 21.585 GC heap after
Heap after GC invocations=8 (full 1):
 PSYoungGen      total 266752K, used 27349K [0x000000076c380000, 0x000000077ea00000, 0x00000007c0000000)
  eden space 239104K, 0% used [0x000000076c380000,0x000000076c380000,0x000000077ad00000)
  from space 27648K, 98% used [0x000000077b180000,0x000000077cc35718,0x000000077cc80000)
  to   space 30208K, 0% used [0x000000077cc80000,0x000000077cc80000,0x000000077ea00000)
 ParOldGen       total 145920K, used 37041K [0x00000006c4a00000, 0x00000006cd880000, 0x000000076c380000)
  object space 145920K, 25% used [0x00000006c4a00000,0x00000006c6e2c488,0x00000006cd880000)
 Metaspace       used 25231K, capacity 25740K, committed 26112K, reserved 1073152K
  class space    used 2768K, capacity 2946K, committed 3072K, reserved 1048576K
}
Event: 29.157 GC heap before
{Heap before GC invocations=9 (full 1):
 PSYoungGen      total 266752K, used 266453K [0x000000076c380000, 0x000000077ea00000, 0x00000007c0000000)
  eden space 239104K, 100% used [0x000000076c380000,0x000000077ad00000,0x000000077ad00000)
  from space 27648K, 98% used [0x000000077b180000,0x000000077cc35718,0x000000077cc80000)
  to   space 30208K, 0% used [0x000000077cc80000,0x000000077cc80000,0x000000077ea00000)
 ParOldGen       total 145920K, used 37041K [0x00000006c4a00000, 0x00000006cd880000, 0x000000076c380000)
  object space 145920K, 25% used [0x00000006c4a00000,0x00000006c6e2c488,0x00000006cd880000)
 Metaspace       used 31723K, capacity 32554K, committed 32896K, reserved 1079296K
  class space    used 3565K, capacity 3871K, committed 3968K, reserved 1048576K

Deoptimization events (10 events):
Event: 29.029 Thread 0x000000000293e000 Uncommon trap: reason=class_check action=maybe_recompile pc=0x0000000003209658 method=java.util.Hashtable.put(Ljava/lang/Object;Ljava/lang/Object;)Ljava/lang/Object; @ 18
Event: 29.029 Thread 0x000000000293e000 Uncommon trap: reason=class_check action=maybe_recompile pc=0x00000000031fdaac method=java.util.Hashtable.addEntry(ILjava/lang/Object;Ljava/lang/Object;I)V @ 38
Event: 29.029 Thread 0x000000000293e000 Uncommon trap: reason=class_check action=maybe_recompile pc=0x000000000320d898 method=java.util.Hashtable.get(Ljava/lang/Object;)Ljava/lang/Object; @ 6
Event: 29.034 Thread 0x000000000293e000 Uncommon trap: reason=unstable_if action=reinterpret pc=0x000000000312ee40 method=java.lang.CharacterDataLatin1.isWhitespace(I)Z @ 14
Event: 29.036 Thread 0x000000000293e000 Uncommon trap: reason=unstable_if action=reinterpret pc=0x0000000002da6b7c method=java.lang.CharacterDataLatin1.isWhitespace(I)Z @ 14
Event: 29.062 Thread 0x000000000293e000 Uncommon trap: reason=class_check action=maybe_recompile pc=0x000000000320d898 method=java.util.Hashtable.get(Ljava/lang/Object;)Ljava/lang/Object; @ 6
Event: 29.071 Thread 0x000000000293e000 Uncommon trap: reason=class_check action=maybe_recompile pc=0x000000000320d898 method=java.util.Hashtable.get(Ljava/lang/Object;)Ljava/lang/Object; @ 6
Event: 29.072 Thread 0x000000000293e000 Uncommon trap: reason=class_check action=maybe_recompile pc=0x000000000320d898 method=java.util.Hashtable.get(Ljava/lang/Object;)Ljava/lang/Object; @ 6
Event: 29.072 Thread 0x000000000293e000 Uncommon trap: reason=class_check action=maybe_recompile pc=0x00000000031fdaac method=java.util.Hashtable.addEntry(ILjava/lang/Object;Ljava/lang/Object;I)V @ 38
Event: 29.089 Thread 0x000000000293e000 Uncommon trap: reason=unstable_if action=reinterpret pc=0x0000000002e785ec method=java.security.CodeSource.getCertificates()[Ljava/security/cert/Certificate; @ 22

Internal exceptions (10 events):
Event: 25.574 Thread 0x000000000293e000 Exception <a 'java/lang/NoClassDefFoundError': org/sonatype/aether/deployment/DeploymentException> (0x000000077482cc38) thrown at [D:\re\workspace\8-2-build-windows-amd64-cygwin\jdk8u77\6540\hotspot\src\share\vm\classfile\systemDictionary.cpp, line 199]
Event: 25.593 Thread 0x000000000293e000 Exception <a 'java/lang/NoClassDefFoundError': org/sonatype/aether/resolution/ArtifactDescriptorException> (0x000000077497bf60) thrown at [D:\re\workspace\8-2-build-windows-amd64-cygwin\jdk8u77\6540\hotspot\src\share\vm\classfile\systemDictionary.cpp, lineeX ’õ9@
Event: 25.609 Thread 0x000000000293e000 Exception <a 'java/lang/NoClassDefFoundError': org/sonatype/aether/RepositoryCache> (0x0000000774a75358) thrown at [D:\re\workspace\8-2-build-windows-amd64-cygwin\jdk8u77\6540\hotspot\src\share\vm\classfile\systemDictionary.cpp, line 199]
Event: 25.620 Thread 0x000000000293e000 Exception <a 'java/lang/NoClassDefFoundError': org/sonatype/aether/resolution/ArtifactResolutionException> (0x0000000774b2b760) thrown at [D:\re\workspace\8-2-build-windows-amd64-cygwin\jdk8u77\6540\hotspot\src\share\vm\classfile\systemDictionary.cpp, line‘ÄA“ßü9@
Event: 25.624 Thread 0x000000000293e000 Exception <a 'java/lang/NoClassDefFoundError': org/sonatype/aether/RepositoryCache> (0x0000000774b71ae0) thrown at [D:\re\workspace\8-2-build-windows-amd64-cygwin\jdk8u77\6540\hotspot\src\share\vm\classfile\systemDictionary.cpp, line 199]
Event: 25.626 Thread 0x000000000293e000 Exception <a 'java/lang/NoClassDefFoundError': org/sonatype/aether/graph/DependencyNode> (0x0000000774b90050) thrown at [D:\re\workspace\8-2-build-windows-amd64-cygwin\jdk8u77\6540\hotspot\src\share\vm\classfile\systemDictionary.cpp, line 199]
Event: 25.628 Thread 0x000000000293e000 Exception <a 'java/lang/NoClassDefFoundError': org/sonatype/aether/collection/DependencyCollectionException> (0x0000000774bbb378) thrown at [D:\re\workspace\8-2-build-windows-amd64-cygwin\jdk8u77\6540\hotspot\src\share\vm\classfile\systemDictionary.cpp, liç˚Eøl°9@
Event: 25.631 Thread 0x000000000293e000 Exception <a 'java/lang/NoClassDefFoundError': org/sonatype/aether/installation/InstallationException> (0x0000000774bde948) thrown at [D:\re\workspace\8-2-build-windows-amd64-cygwin\jdk8u77\6540\hotspot\src\share\vm\classfile\systemDictionary.cpp, line 199ö∫Üt”¡9@
Event: 25.757 Thread 0x000000000293e000 Exception <a 'java/lang/NoSuchFieldError': method resolution failed> (0x0000000774f2e1c8) thrown at [D:\re\workspace\8-2-build-windows-amd64-cygwin\jdk8u77\6540\hotspot\src\share\vm\prims\methodHandles.cpp, line 1146]
Event: 25.759 Thread 0x000000000293e000 Exception <a 'java/lang/NoSuchFieldError': method resolution failed> (0x0000000774f3b888) thrown at [D:\re\workspace\8-2-build-windows-amd64-cygwin\jdk8u77\6540\hotspot\src\share\vm\prims\methodHandles.cpp, line 1146]

Events (10 events):
Event: 29.139 loading class org/sonatype/plexus/components/sec/dispatcher/model/SettingsSecurity done
Event: 29.140 loading class org/apache/maven/artifact/handler/DefaultArtifactHandler
Event: 29.140 loading class org/apache/maven/artifact/handler/DefaultArtifactHandler done
Event: 29.140 loading class org/apache/maven/artifact/handler/DefaultArtifactHandler
Event: 29.140 loading class org/apache/maven/artifact/handler/DefaultArtifactHandler done
Event: 29.156 loading class com/fasterxml/jackson/core/JsonFactory
Event: 29.156 loading class com/fasterxml/jackson/core/JsonFactory done
Event: 29.156 loading class com/fasterxml/jackson/core/JsonFactory
Event: 29.156 loading class com/fasterxml/jackson/core/JsonFactory done
Event: 29.157 Executing VM operation: ParallelGCFailedAllocation


Dynamic libraries:
0x00007ff7a2c80000 - 0x00007ff7a2cb7000 	D:\java\jdk1.8.0_77\bin\java.exe
0x00007fff96060000 - 0x00007fff96250000 	C:\Windows\SYSTEM32\ntdll.dll
0x00007fff94290000 - 0x00007fff94342000 	C:\Windows\System32\KERNEL32.DLL
0x00007fff93900000 - 0x00007fff93ba5000 	C:\Windows\System32\KERNELBASE.dll
0x00007fff953c0000 - 0x00007fff95463000 	C:\Windows\System32\ADVAPI32.dll
0x00007fff94350000 - 0x00007fff943ee000 	C:\Windows\System32\msvcrt.dll
0x00007fff95dc0000 - 0x00007fff95e57000 	C:\Windows\System32\sechost.dll
0x00007fff95f00000 - 0x00007fff9601f000 	C:\Windows\System32\RPCRT4.dll
0x00007fff95b70000 - 0x00007fff95d04000 	C:\Windows\System32\USER32.dll
0x00007fff93f20000 - 0x00007fff93f41000 	C:\Windows\System32\win32u.dll
0x00007fff954e0000 - 0x00007fff95506000 	C:\Windows\System32\GDI32.dll
0x00007fff93f50000 - 0x00007fff940e8000 	C:\Windows\System32\gdi32full.dll
0x00007fff93dc0000 - 0x00007fff93e5e000 	C:\Windows\System32\msvcp_win.dll
0x00007fff93080000 - 0x00007fff9317a000 	C:\Windows\System32\ucrtbase.dll
0x00007fff79080000 - 0x00007fff79304000 	C:\Windows\WinSxS\amd64_microsoft.windows.common-controls_6595b64144ccf1df_6.0.18362.1443_none_9e7d7b61e45edb4a\COMCTL32.dll
0x00007fff955e0000 - 0x00007fff95916000 	C:\Windows\System32\combase.dll
0x00007fff93e90000 - 0x00007fff93f11000 	C:\Windows\System32\bcryptPrimitives.dll
0x00007fff95a60000 - 0x00007fff95a8e000 	C:\Windows\System32\IMM32.DLL
0x00000000026b0000 - 0x00000000026c2000 	C:\Windows\System32\umppc13408.dll
0x00000000686d0000 - 0x00000000687a2000 	D:\java\jdk1.8.0_77\jre\bin\msvcr100.dll
0x00000000670e0000 - 0x0000000067970000 	D:\java\jdk1.8.0_77\jre\bin\server\jvm.dll
0x00007fff95b00000 - 0x00007fff95b08000 	C:\Windows\System32\PSAPI.DLL
0x00007fff7aa20000 - 0x00007fff7aa29000 	C:\Windows\SYSTEM32\WSOCK32.dll
0x00007fff95110000 - 0x00007fff9517f000 	C:\Windows\System32\WS2_32.dll
0x00007fff90210000 - 0x00007fff90234000 	C:\Windows\SYSTEM32\WINMM.dll
0x00007fff85b80000 - 0x00007fff85b8a000 	C:\Windows\SYSTEM32\VERSION.dll
0x00007fff901e0000 - 0x00007fff9020d000 	C:\Windows\SYSTEM32\WINMMBASE.dll
0x00007fff93030000 - 0x00007fff9307a000 	C:\Windows\System32\cfgmgr32.dll
0x00000000686c0000 - 0x00000000686cf000 	D:\java\jdk1.8.0_77\jre\bin\verify.dll
0x0000000068690000 - 0x00000000686b9000 	D:\java\jdk1.8.0_77\jre\bin\java.dll
0x0000000068670000 - 0x0000000068686000 	D:\java\jdk1.8.0_77\jre\bin\zip.dll
0x00007fff94a10000 - 0x00007fff950f8000 	C:\Windows\System32\SHELL32.dll
0x00007fff95d10000 - 0x00007fff95db7000 	C:\Windows\System32\shcore.dll
0x00007fff93180000 - 0x00007fff938fb000 	C:\Windows\System32\windows.storage.dll
0x00007fff92f90000 - 0x00007fff92fae000 	C:\Windows\System32\profapi.dll
0x00007fff92f40000 - 0x00007fff92f8a000 	C:\Windows\System32\powrprof.dll
0x00007fff92f10000 - 0x00007fff92f20000 	C:\Windows\System32\UMPDC.dll
0x00007fff95180000 - 0x00007fff951d2000 	C:\Windows\System32\shlwapi.dll
0x00007fff92f20000 - 0x00007fff92f31000 	C:\Windows\System32\kernel.appcore.dll
0x00007fff940f0000 - 0x00007fff94107000 	C:\Windows\System32\cryptsp.dll
0x00007fff85440000 - 0x00007fff8544a000 	D:\apache-maven-3.6.3\lib\jansi-native\windows64\jansi.dll
0x0000000068650000 - 0x000000006866a000 	D:\java\jdk1.8.0_77\jre\bin\net.dll
0x00007fff92700000 - 0x00007fff92767000 	C:\Windows\system32\mswsock.dll
0x0000000068630000 - 0x0000000068641000 	D:\java\jdk1.8.0_77\jre\bin\nio.dll
0x0000000068620000 - 0x000000006862d000 	D:\java\jdk1.8.0_77\jre\bin\management.dll
0x00007fff74e90000 - 0x00007fff74ea6000 	C:\Windows\system32\napinsp.dll
0x00007fff74eb0000 - 0x00007fff74eca000 	C:\Windows\system32\pnrpnsp.dll
0x00007fff92460000 - 0x00007fff9252b000 	C:\Windows\SYSTEM32\DNSAPI.dll
0x00007fff95100000 - 0x00007fff95108000 	C:\Windows\System32\NSI.dll
0x00007fff92420000 - 0x00007fff9245a000 	C:\Windows\SYSTEM32\IPHLPAPI.DLL
0x00007fff754d0000 - 0x00007fff754de000 	C:\Windows\System32\winrnr.dll
0x00007fff8b6b0000 - 0x00007fff8b6cc000 	C:\Windows\system32\NLAapi.dll
0x00007fff8e4b0000 - 0x00007fff8e4c5000 	C:\Windows\system32\wshbth.dll
0x00007fff85c10000 - 0x00007fff85c1a000 	C:\Windows\System32\rasadhlp.dll
0x00007fff8d9c0000 - 0x00007fff8da37000 	C:\Windows\System32\fwpuclnt.dll
0x00007fff93e60000 - 0x00007fff93e86000 	C:\Windows\System32\bcrypt.dll
0x00007fff896a0000 - 0x00007fff89894000 	C:\Windows\SYSTEM32\dbghelp.dll

VM Arguments:
jvm_args: -Dclassworlds.conf=D:\apache-maven-3.6.3\bin\..\bin\m2.conf -Dmaven.home=D:\apache-maven-3.6.3\bin\.. -Dlibrary.jansi.path=D:\apache-maven-3.6.3\bin\..\lib\jansi-native -Dmaven.multiModuleProjectDirectory=E:\git\github\garyzhangscm\cwms\inventorysvr 
java_command: org.codehaus.plexus.classworlds.launcher.Launcher clean package docker:build
java_class_path (initial): D:\apache-maven-3.6.3\bin\..\boot\plexus-classworlds-2.6.0.jar
Launcher Type: SUN_STANDARD

Environment Variables:
JAVA_HOME=D:\java\jdk1.8.0_77
PATH=C:\Program Files (x86)\Common Files\Oracle\Java\javapath;C:\ProgramData\Oracle\Java\javapath;C:\Windows\system32;C:\Windows;C:\Windows\System32\Wbem;C:\Windows\System32\WindowsPowerShell\v1.0\;C:\Windows\System32\OpenSSH\;C:\Program Files\Intel\WiFi\bin\;C:\Program Files\Common Files\Intel\WirelessCommon\;C:\Program Files\Microsoft SQL Server\110\Tools\Binn\;C:\Program Files (x86)\Microsoft SDKs\TypeScript\1.0\;C:\Program Files\Microsoft SQL Server\120\Tools\Binn\;C:\Program Files (x86)\Microsoft SQL Server\150\DTS\Binn\;D:\Program Files\TortoiseSVN\bin;d:\Program Files\Git\cmd;D:\Program Files\nodejs\;C:\ProgramData\chocolatey\bin;D:\Program Files\PuTTY\;D:\apache-maven-3.6.3\bin;C:\Program Files\Amazon\AWSCLIV2\;C:\Program Files (x86)\Yarn\bin\;C:\Users\gzhang\AppData\Local\Android\Sdk\platform-tools;C:\Program Files\dotnet\;C:\Program Files\Microsoft SQL Server\130\Tools\Binn\;C:\Program Files\Docker\Docker\resources\bin;C:\ProgramData\DockerDesktop\version-bin;C:\Users\gzhang\AppData\Local\Programs\Python\Python39\Scripts\;C:\Users\gzhang\AppData\Local\Programs\Python\Python39\;C:\Users\gzhang\AppData\Local\Microsoft\WindowsApps;d:\Program Files\JetBrains\IntelliJ IDEA Community Edition 2019.3.1\bin;;C:\Users\gzhang\AppData\Roaming\npm;d:\Program Files\JetBrains\IntelliJ IDEA 2019.3.1\bin;;D:\bin;C:\Users\gzhang\AppData\Local\Yarn\bin;E:\git\github\flutter\bin;C:\Users\gzhang\.dotnet\tools;d:\Users\gzhang\AppData\Local\Programs\Microsoft VS Code\bin
USERNAME=gzhang
OS=Windows_NT
PROCESSOR_IDENTIFIER=Intel64 Family 6 Model 69 Stepping 1, GenuineIntel



---------------  S Y S T E M  ---------------

OS: Windows 10.0 , 64 bit Build 18362 (10.0.18362.1350)

CPU:total 4 (2 cores per cpu, 2 threads per core) family 6 model 69 stepping 1, cmov, cx8, fxsr, mmx, sse, sse2, sse3, ssse3, sse4.1, sse4.2, popcnt, avx, avx2, aes, clmul, erms, lzcnt, ht, tsc, tscinvbit, bmi1, bmi2

Memory: 4k page, physical 16472336k(3058336k free), swap 26324408k(4867188k free)

vm_info: Java HotSpot(TM) 64-Bit Server VM (25.77-b03) for windows-amd64 JRE (1.8.0_77-b03), built on Mar 20 2016 22:01:33 by "java_re" with MS VC++ 10.0 (VS2010)

time: Wed Apr 21 13:19:24 2021
elapsed time: 29 seconds (0d 0h 0m 29s)

