#
# A fatal error has been detected by the Java Runtime Environment:
#
#  EXCEPTION_ACCESS_VIOLATION (0xc0000005) at pc=0x000000005779db0e, pid=15024, tid=7612
#
# JRE version: Java(TM) SE Runtime Environment (8.0_77-b03) (build 1.8.0_77-b03)
# Java VM: Java HotSpot(TM) 64-Bit Server VM (25.77-b03 mixed mode windows-amd64 compressed oops)
# Problematic frame:
# V  [jvm.dll+0x10db0e]
#
# Failed to write core dump. Minidumps are not enabled by default on client versions of Windows
#
# If you would like to submit a bug report, please visit:
#   http://bugreport.java.com/bugreport/crash.jsp
#

---------------  T H R E A D  ---------------

Current thread (0x00000000021de000):  JavaThread "main" [_thread_in_vm, id=7612, stack(0x00000000021e0000,0x00000000022e0000)]

siginfo: ExceptionCode=0xc0000005, reading address 0x00000040208c93f0

Registers:
RAX=0x000000000000001a, RBX=0x00000000022da700, RCX=0x00000040208c93e8, RDX=0x000000000000001a
RSP=0x00000000022da668, RBP=0x00000000208c7db0, RSI=0x0000000000000038, RDI=0x000000001fafa860
R8 =0x000000000000001a, R9 =0x000000000000001a, R10=0x000000001fafa7e0, R11=0x000000002089ff88
R12=0x000000001e10bd40, R13=0x00000007c02630b8, R14=0x0000000020c01d28, R15=0x000000001fafa860
RIP=0x000000005779db0e, EFLAGS=0x0000000000010202

Top of Stack: (sp=0x00000000022da668)
0x00000000022da668:   0000000020bfcbe0 00000007c02630b8
0x00000000022da678:   00000000577b7aa2 00000000022da740
0x00000000022da688:   000000001e10bd40 0000000020bf9d40
0x00000000022da698:   00000000021da460 00000000021de000
0x00000000022da6a8:   00000000577b9015 00000000000083b0
0x00000000022da6b8:   000000001e10bd40 00000000208c9f30
0x00000000022da6c8:   00000000021de000 00000000209c7df0
0x00000000022da6d8:   00000007c02630b8 0000000000000065
0x00000000022da6e8:   000000002090f910 0000000000000043
0x00000000022da6f8:   000000002086fc30 00000000021d8590
0x00000000022da708:   00000000577b7dad 00000000021de000
0x00000000022da718:   00000000577ba440 00000000021dea60
0x00000000022da728:   00000000209c7df0 0000000000000021
0x00000000022da738:   00000000021de000 000000002090f910
0x00000000022da748:   00000000021de000 0000000000000000
0x00000000022da758:   00000000021de000 000002c9000002c9 

Instructions: (pc=0x000000005779db0e)
0x000000005779daee:   0f 94 c3 45 33 c9 44 8d 46 ff 45 85 c0 78 44 0f
0x000000005779dafe:   1f 00 43 8d 14 08 d1 fa 48 63 c2 48 8b 4c c5 08
0x000000005779db0e:   48 8b 41 08 0f b7 48 20 48 8b 40 08 4c 8b 54 c8
0x000000005779db1e:   50 4c 3b d7 72 14 33 c0 4c 3b d7 0f 95 c0 85 c0 


Register to memory mapping:

RAX=0x000000000000001a is an unknown value
RBX=0x00000000022da700 is pointing into the stack for thread: 0x00000000021de000
RCX=0x00000040208c93e8 is an unknown value
RDX=0x000000000000001a is an unknown value
RSP=0x00000000022da668 is pointing into the stack for thread: 0x00000000021de000
RBP=0x00000000208c7db0 is pointing into metadata
RSI=0x0000000000000038 is an unknown value
RDI=0x000000001fafa860 is an unknown value
R8 =0x000000000000001a is an unknown value
R9 =0x000000000000001a is an unknown value
R10=0x000000001fafa7e0 is an unknown value
R11={method} {0x000000002089ff90} 'instance' '(Lcom/sun/tools/javac/util/Context;)Lcom/sun/tools/javac/comp/Attr;' in 
[error occurred during error reporting (printing register info), id 0xc0000005]

Stack: [0x00000000021e0000,0x00000000022e0000],  sp=0x00000000022da668,  free space=1001k
Native frames: (J=compiled Java code, j=interpreted, Vv=VM code, C=native code)
V  [jvm.dll+0x10db0e]
V  [jvm.dll+0x127aa2]
V  [jvm.dll+0x127dad]
V  [jvm.dll+0x5d875]
V  [jvm.dll+0x7b575]
V  [jvm.dll+0x190e51]
V  [jvm.dll+0x1911eb]
C  [java.dll+0x1e58]
C  0x00000000026243dd

Java frames: (J=compiled Java code, j=interpreted, Vv=VM code)
J 464  java.lang.ClassLoader.defineClass1(Ljava/lang/String;[BIILjava/security/ProtectionDomain;Ljava/lang/String;)Ljava/lang/Class; (0 bytes) @ 0x000000000262435f [0x00000000026242c0+0x9f]
J 416 C1 java.lang.ClassLoader.defineClass(Ljava/lang/String;[BIILjava/security/ProtectionDomain;)Ljava/lang/Class; (43 bytes) @ 0x000000000260caac [0x000000000260c4c0+0x5ec]
J 367 C1 java.net.URLClassLoader.defineClass(Ljava/lang/String;Lsun/misc/Resource;)Ljava/lang/Class; (142 bytes) @ 0x00000000025ea7cc [0x00000000025e8c40+0x1b8c]
J 277 C1 java.net.URLClassLoader$1.run()Ljava/lang/Class; (63 bytes) @ 0x0000000002596e44 [0x0000000002596b60+0x2e4]
J 3546 C1 java.net.URLClassLoader$1.run()Ljava/lang/Object; (5 bytes) @ 0x000000000300a7fc [0x000000000300a780+0x7c]
v  ~StubRoutines::call_stub
J 275  java.security.AccessController.doPrivileged(Ljava/security/PrivilegedExceptionAction;Ljava/security/AccessControlContext;)Ljava/lang/Object; (0 bytes) @ 0x00000000025963e6 [0x0000000002596380+0x66]
J 3735 C2 java.net.URLClassLoader.findClass(Ljava/lang/String;)Ljava/lang/Class; (47 bytes) @ 0x00000000030c057c [0x00000000030c04e0+0x9c]
J 1201 C2 java.lang.ClassLoader.loadClass(Ljava/lang/String;Z)Ljava/lang/Class; (122 bytes) @ 0x000000000288447c [0x0000000002883420+0x105c]
J 3745 C1 java.net.FactoryURLClassLoader.loadClass(Ljava/lang/String;Z)Ljava/lang/Class; (40 bytes) @ 0x00000000030c7594 [0x00000000030c7140+0x454]
J 3738 C1 java.lang.ClassLoader.loadClass(Ljava/lang/String;)Ljava/lang/Class; (7 bytes) @ 0x00000000030be98c [0x00000000030be880+0x10c]
v  ~StubRoutines::call_stub
j  com.sun.tools.javac.comp.Resolve.<init>(Lcom/sun/tools/javac/util/Context;)V+217
j  com.sun.tools.javac.comp.Resolve.instance(Lcom/sun/tools/javac/util/Context;)Lcom/sun/tools/javac/comp/Resolve;+20
j  com.sun.tools.javac.comp.Check.<init>(Lcom/sun/tools/javac/util/Context;)V+179
j  com.sun.tools.javac.comp.Check.instance(Lcom/sun/tools/javac/util/Context;)Lcom/sun/tools/javac/comp/Check;+20
j  com.sun.tools.javac.code.Types.<init>(Lcom/sun/tools/javac/util/Context;)V+491
j  com.sun.tools.javac.code.Types.instance(Lcom/sun/tools/javac/util/Context;)Lcom/sun/tools/javac/code/Types;+20
j  com.sun.tools.javac.jvm.ClassReader.<init>(Lcom/sun/tools/javac/util/Context;Z)V+202
j  com.sun.tools.javac.jvm.ClassReader.instance(Lcom/sun/tools/javac/util/Context;)Lcom/sun/tools/javac/jvm/ClassReader;+21
j  com.sun.tools.javac.main.JavaCompiler.<init>(Lcom/sun/tools/javac/util/Context;)V+137
j  com.sun.tools.javac.main.JavaCompiler.instance(Lcom/sun/tools/javac/util/Context;)Lcom/sun/tools/javac/main/JavaCompiler;+20
j  com.sun.tools.javac.main.Main.compile([Ljava/lang/String;[Ljava/lang/String;Lcom/sun/tools/javac/util/Context;Lcom/sun/tools/javac/util/List;Ljava/lang/Iterable;)Lcom/sun/tools/javac/main/Main$Result;+929
j  com.sun.tools.javac.api.JavacTaskImpl.doCall()Lcom/sun/tools/javac/main/Main$Result;+59
j  com.sun.tools.javac.api.JavacTaskImpl.call()Ljava/lang/Boolean;+1
j  org.codehaus.plexus.compiler.javac.JavaxToolsCompiler.compileInProcess([Ljava/lang/String;Lorg/codehaus/plexus/compiler/CompilerConfiguration;[Ljava/lang/String;)Lorg/codehaus/plexus/compiler/CompilerResult;+129
j  org.codehaus.plexus.compiler.javac.JavacCompiler.performCompile(Lorg/codehaus/plexus/compiler/CompilerConfiguration;)Lorg/codehaus/plexus/compiler/CompilerResult;+211
j  org.apache.maven.plugin.compiler.AbstractCompilerMojo.execute()V+3204
j  org.apache.maven.plugin.compiler.CompilerMojo.execute()V+44
j  org.apache.maven.plugin.DefaultBuildPluginManager.executeMojo(Lorg/apache/maven/execution/MavenSession;Lorg/apache/maven/plugin/MojoExecution;)V+152
j  org.apache.maven.lifecycle.internal.MojoExecutor.execute(Lorg/apache/maven/execution/MavenSession;Lorg/apache/maven/plugin/MojoExecution;Lorg/apache/maven/lifecycle/internal/ProjectIndex;Lorg/apache/maven/lifecycle/internal/DependencyContext;)V+215
j  org.apache.maven.lifecycle.internal.MojoExecutor.execute(Lorg/apache/maven/execution/MavenSession;Lorg/apache/maven/plugin/MojoExecution;Lorg/apache/maven/lifecycle/internal/ProjectIndex;Lorg/apache/maven/lifecycle/internal/DependencyContext;Lorg/apache/maven/lifecycle/internal/PhaseRecorder;)V+6
j  org.apache.maven.lifecycle.internal.MojoExecutor.execute(Lorg/apache/maven/execution/MavenSession;Ljava/util/List;Lorg/apache/maven/lifecycle/internal/ProjectIndex;)V+60
j  org.apache.maven.lifecycle.internal.LifecycleModuleBuilder.buildProject(Lorg/apache/maven/execution/MavenSession;Lorg/apache/maven/execution/MavenSession;Lorg/apache/maven/lifecycle/internal/ReactorContext;Lorg/apache/maven/project/MavenProject;Lorg/apache/maven/lifecycle/internal/TaskSegment;)V+179
j  org.apache.maven.lifecycle.internal.LifecycleModuleBuilder.buildProject(Lorg/apache/maven/execution/MavenSession;Lorg/apache/maven/lifecycle/internal/ReactorContext;Lorg/apache/maven/project/MavenProject;Lorg/apache/maven/lifecycle/internal/TaskSegment;)V+7
j  org.apache.maven.lifecycle.internal.builder.singlethreaded.SingleThreadedBuilder.build(Lorg/apache/maven/execution/MavenSession;Lorg/apache/maven/lifecycle/internal/ReactorContext;Lorg/apache/maven/lifecycle/internal/ProjectBuildList;Ljava/util/List;Lorg/apache/maven/lifecycle/internal/ReactorBuildStatus;)V+77
j  org.apache.maven.lifecycle.internal.LifecycleStarter.execute(Lorg/apache/maven/execution/MavenSession;)V+348
j  org.apache.maven.DefaultMaven.doExecute(Lorg/apache/maven/execution/MavenExecutionRequest;Lorg/apache/maven/execution/MavenSession;Lorg/apache/maven/execution/MavenExecutionResult;Lorg/eclipse/aether/DefaultRepositorySystemSession;)Lorg/apache/maven/execution/MavenExecutionResult;+425
j  org.apache.maven.DefaultMaven.doExecute(Lorg/apache/maven/execution/MavenExecutionRequest;)Lorg/apache/maven/execution/MavenExecutionResult;+98
j  org.apache.maven.DefaultMaven.execute(Lorg/apache/maven/execution/MavenExecutionRequest;)Lorg/apache/maven/execution/MavenExecutionResult;+2
j  org.apache.maven.cli.MavenCli.execute(Lorg/apache/maven/cli/CliRequest;)I+27
j  org.apache.maven.cli.MavenCli.doMain(Lorg/apache/maven/cli/CliRequest;)I+66
j  org.apache.maven.cli.MavenCli.main([Ljava/lang/String;Lorg/codehaus/plexus/classworlds/ClassWorld;)I+24
v  ~StubRoutines::call_stub
j  sun.reflect.NativeMethodAccessorImpl.invoke0(Ljava/lang/reflect/Method;Ljava/lang/Object;[Ljava/lang/Object;)Ljava/lang/Object;+0
j  sun.reflect.NativeMethodAccessorImpl.invoke(Ljava/lang/Object;[Ljava/lang/Object;)Ljava/lang/Object;+100
j  sun.reflect.DelegatingMethodAccessorImpl.invoke(Ljava/lang/Object;[Ljava/lang/Object;)Ljava/lang/Object;+6
j  java.lang.reflect.Method.invoke(Ljava/lang/Object;[Ljava/lang/Object;)Ljava/lang/Object;+56
j  org.codehaus.plexus.classworlds.launcher.Launcher.launchEnhanced([Ljava/lang/String;)V+45
j  org.codehaus.plexus.classworlds.launcher.Launcher.launch([Ljava/lang/String;)V+2
j  org.codehaus.plexus.classworlds.launcher.Launcher.mainWithExitCode([Ljava/lang/String;)I+101
j  org.codehaus.plexus.classworlds.launcher.Launcher.main([Ljava/lang/String;)V+1
v  ~StubRoutines::call_stub

---------------  P R O C E S S  ---------------

Java Threads: ( => current thread )
  0x000000001d1c8800 JavaThread "Service Thread" daemon [_thread_blocked, id=14000, stack(0x000000001d5a0000,0x000000001d6a0000)]
  0x000000001b848800 JavaThread "C1 CompilerThread2" daemon [_thread_blocked, id=14608, stack(0x000000001d0a0000,0x000000001d1a0000)]
  0x000000001b844800 JavaThread "C2 CompilerThread1" daemon [_thread_blocked, id=11672, stack(0x000000001cfa0000,0x000000001d0a0000)]
  0x000000001b83f000 JavaThread "C2 CompilerThread0" daemon [_thread_in_native, id=9800, stack(0x000000001cea0000,0x000000001cfa0000)]
  0x000000001b83c800 JavaThread "Attach Listener" daemon [_thread_blocked, id=3920, stack(0x000000001cda0000,0x000000001cea0000)]
  0x000000001b83b800 JavaThread "Signal Dispatcher" daemon [_thread_blocked, id=2960, stack(0x000000001cca0000,0x000000001cda0000)]
  0x00000000023db000 JavaThread "Finalizer" daemon [_thread_blocked, id=2104, stack(0x000000001caa0000,0x000000001cba0000)]
  0x00000000023d0000 JavaThread "Reference Handler" daemon [_thread_blocked, id=9508, stack(0x000000001c9a0000,0x000000001caa0000)]
=>0x00000000021de000 JavaThread "main" [_thread_in_vm, id=7612, stack(0x00000000021e0000,0x00000000022e0000)]

Other Threads:
  0x000000001b807800 VMThread [stack: 0x000000001c8a0000,0x000000001c9a0000] [id=11336]
  0x000000001d1e4800 WatcherThread [stack: 0x000000001d6a0000,0x000000001d7a0000] [id=14728]

VM state:synchronizing (normal execution)

VM Mutex/Monitor currently owned by a thread:  ([mutex/lock_event])
[0x00000000021dd5b0] Threads_lock - owner thread: 0x000000001b807800

Heap:
 PSYoungGen      total 139776K, used 82676K [0x000000076c380000, 0x0000000775680000, 0x00000007c0000000)
  eden space 129024K, 55% used [0x000000076c380000,0x00000007709c1310,0x0000000774180000)
  from space 10752K, 99% used [0x0000000774c00000,0x000000077567c010,0x0000000775680000)
  to   space 10752K, 0% used [0x0000000774180000,0x0000000774180000,0x0000000774c00000)
 ParOldGen       total 172032K, used 17149K [0x00000006c4a00000, 0x00000006cf200000, 0x000000076c380000)
  object space 172032K, 9% used [0x00000006c4a00000,0x00000006c5abf598,0x00000006cf200000)
 Metaspace       used 20221K, capacity 20742K, committed 20992K, reserved 1067008K
  class space    used 2343K, capacity 2497K, committed 2560K, reserved 1048576K

Card table byte_map: [0x00000000117a0000,0x0000000011f80000] byte_map_base: 0x000000000e17b000

Marking Bits: (ParMarkBitMap*) 0x0000000057ea0600
 Begin Bits: [0x00000000128c0000, 0x0000000016798000)
 End Bits:   [0x0000000016798000, 0x000000001a670000)

Polling page: 0x0000000000980000

CodeCache: size=245760Kb used=13194Kb max_used=13194Kb free=232566Kb
 bounds [0x00000000023e0000, 0x00000000030d0000, 0x00000000113e0000]
 total_blobs=4145 nmethods=3750 adapters=306
 compilation: enabled

Compilation events (10 events):
Event: 7.498 Thread 0x000000001b848800 3755       3       com.sun.tools.javac.util.ArrayUtils::ensureCapacity (30 bytes)
Event: 7.499 Thread 0x000000001b848800 nmethod 3755 0x00000000030c9fd0 code [0x00000000030ca160, 0x00000000030ca508]
Event: 7.499 Thread 0x000000001b848800 3756       3       com.sun.tools.javac.util.List::<init> (15 bytes)
Event: 7.499 Thread 0x000000001b848800 nmethod 3756 0x00000000030ca690 code [0x00000000030ca800, 0x00000000030caa50]
Event: 7.499 Thread 0x000000001b848800 3757       3       com.sun.tools.javac.code.AnnoConstruct::<init> (5 bytes)
Event: 7.499 Thread 0x000000001b848800 nmethod 3757 0x00000000030cab50 code [0x00000000030caca0, 0x00000000030cae50]
Event: 7.499 Thread 0x000000001b848800 3758       3       com.sun.tools.javac.util.Names::fromString (9 bytes)
Event: 7.500 Thread 0x000000001b848800 nmethod 3758 0x00000000030caf10 code [0x00000000030cb0a0, 0x00000000030cb5d8]
Event: 7.500 Thread 0x000000001b848800 3759       3       com.sun.tools.javac.util.Assert::check (8 bytes)
Event: 7.500 Thread 0x000000001b848800 nmethod 3759 0x00000000030cb810 code [0x00000000030cb980, 0x00000000030cbc08]

GC Heap History (8 events):
Event: 1.442 GC heap before
{Heap before GC invocations=1 (full 0):
 PSYoungGen      total 75264K, used 64512K [0x000000076c380000, 0x0000000771780000, 0x00000007c0000000)
  eden space 64512K, 100% used [0x000000076c380000,0x0000000770280000,0x0000000770280000)
  from space 10752K, 0% used [0x0000000770d00000,0x0000000770d00000,0x0000000771780000)
  to   space 10752K, 0% used [0x0000000770280000,0x0000000770280000,0x0000000770d00000)
 ParOldGen       total 172032K, used 0K [0x00000006c4a00000, 0x00000006cf200000, 0x000000076c380000)
  object space 172032K, 0% used [0x00000006c4a00000,0x00000006c4a00000,0x00000006cf200000)
 Metaspace       used 11650K, capacity 11860K, committed 12160K, reserved 1060864K
  class space    used 1442K, capacity 1542K, committed 1664K, reserved 1048576K
Event: 1.456 GC heap after
Heap after GC invocations=1 (full 0):
 PSYoungGen      total 75264K, used 10408K [0x000000076c380000, 0x0000000771780000, 0x00000007c0000000)
  eden space 64512K, 0% used [0x000000076c380000,0x000000076c380000,0x0000000770280000)
  from space 10752K, 96% used [0x0000000770280000,0x0000000770caa290,0x0000000770d00000)
  to   space 10752K, 0% used [0x0000000770d00000,0x0000000770d00000,0x0000000771780000)
 ParOldGen       total 172032K, used 16K [0x00000006c4a00000, 0x00000006cf200000, 0x000000076c380000)
  object space 172032K, 0% used [0x00000006c4a00000,0x00000006c4a04000,0x00000006cf200000)
 Metaspace       used 11650K, capacity 11860K, committed 12160K, reserved 1060864K
  class space    used 1442K, capacity 1542K, committed 1664K, reserved 1048576K
}
Event: 3.095 GC heap before
{Heap before GC invocations=2 (full 0):
 PSYoungGen      total 75264K, used 74920K [0x000000076c380000, 0x0000000771780000, 0x00000007c0000000)
  eden space 64512K, 100% used [0x000000076c380000,0x0000000770280000,0x0000000770280000)
  from space 10752K, 96% used [0x0000000770280000,0x0000000770caa290,0x0000000770d00000)
  to   space 10752K, 0% used [0x0000000770d00000,0x0000000770d00000,0x0000000771780000)
 ParOldGen       total 172032K, used 16K [0x00000006c4a00000, 0x00000006cf200000, 0x000000076c380000)
  object space 172032K, 0% used [0x00000006c4a00000,0x00000006c4a04000,0x00000006cf200000)
 Metaspace       used 15337K, capacity 15534K, committed 15872K, reserved 1062912K
  class space    used 1833K, capacity 1941K, committed 2048K, reserved 1048576K
Event: 3.119 GC heap after
Heap after GC invocations=2 (full 0):
 PSYoungGen      total 75264K, used 10731K [0x000000076c380000, 0x0000000775680000, 0x00000007c0000000)
  eden space 64512K, 0% used [0x000000076c380000,0x000000076c380000,0x0000000770280000)
  from space 10752K, 99% used [0x0000000770d00000,0x000000077177af18,0x0000000771780000)
  to   space 10752K, 0% used [0x0000000770280000,0x0000000770280000,0x0000000770d00000)
 ParOldGen       total 172032K, used 503K [0x00000006c4a00000, 0x00000006cf200000, 0x000000076c380000)
  object space 172032K, 0% used [0x00000006c4a00000,0x00000006c4a7de48,0x00000006cf200000)
 Metaspace       used 15337K, capacity 15534K, committed 15872K, reserved 1062912K
  class space    used 1833K, capacity 1941K, committed 2048K, reserved 1048576K
}
Event: 4.043 GC heap before
{Heap before GC invocations=3 (full 0):
 PSYoungGen      total 75264K, used 75243K [0x000000076c380000, 0x0000000775680000, 0x00000007c0000000)
  eden space 64512K, 100% used [0x000000076c380000,0x0000000770280000,0x0000000770280000)
  from space 10752K, 99% used [0x0000000770d00000,0x000000077177af18,0x0000000771780000)
  to   space 10752K, 0% used [0x0000000770280000,0x0000000770280000,0x0000000770d00000)
 ParOldGen       total 172032K, used 503K [0x00000006c4a00000, 0x00000006cf200000, 0x000000076c380000)
  object space 172032K, 0% used [0x00000006c4a00000,0x00000006c4a7de48,0x00000006cf200000)
 Metaspace       used 15731K, capacity 15948K, committed 16128K, reserved 1062912K
  class space    used 1846K, capacity 1946K, committed 2048K, reserved 1048576K
Event: 4.099 GC heap after
Heap after GC invocations=3 (full 0):
 PSYoungGen      total 75264K, used 10736K [0x000000076c380000, 0x0000000775680000, 0x00000007c0000000)
  eden space 64512K, 0% used [0x000000076c380000,0x000000076c380000,0x0000000770280000)
  from space 10752K, 99% used [0x0000000770280000,0x0000000770cfc010,0x0000000770d00000)
  to   space 10752K, 0% used [0x0000000774c00000,0x0000000774c00000,0x0000000775680000)
 ParOldGen       total 172032K, used 8998K [0x00000006c4a00000, 0x00000006cf200000, 0x000000076c380000)
  object space 172032K, 5% used [0x00000006c4a00000,0x00000006c52c9a00,0x00000006cf200000)
 Metaspace       used 15731K, capacity 15948K, committed 16128K, reserved 1062912K
  class space    used 1846K, capacity 1946K, committed 2048K, reserved 1048576K
}
Event: 5.138 GC heap before
{Heap before GC invocations=4 (full 0):
 PSYoungGen      total 75264K, used 75248K [0x000000076c380000, 0x0000000775680000, 0x00000007c0000000)
  eden space 64512K, 100% used [0x000000076c380000,0x0000000770280000,0x0000000770280000)
  from space 10752K, 99% used [0x0000000770280000,0x0000000770cfc010,0x0000000770d00000)
  to   space 10752K, 0% used [0x0000000774c00000,0x0000000774c00000,0x0000000775680000)
 ParOldGen       total 172032K, used 8998K [0x00000006c4a00000, 0x00000006cf200000, 0x000000076c380000)
  object space 172032K, 5% used [0x00000006c4a00000,0x00000006c52c9a00,0x00000006cf200000)
 Metaspace       used 16112K, capacity 16356K, committed 16640K, reserved 1064960K
  class space    used 1849K, capacity 1950K, committed 2048K, reserved 1048576K
Event: 5.200 GC heap after
Heap after GC invocations=4 (full 0):
 PSYoungGen      total 139776K, used 10736K [0x000000076c380000, 0x0000000775680000, 0x00000007c0000000)
  eden space 129024K, 0% used [0x000000076c380000,0x000000076c380000,0x0000000774180000)
  from space 10752K, 99% used [0x0000000774c00000,0x000000077567c010,0x0000000775680000)
  to   space 10752K, 0% used [0x0000000774180000,0x0000000774180000,0x0000000774c00000)
 ParOldGen       total 172032K, used 17149K [0x00000006c4a00000, 0x00000006cf200000, 0x000000076c380000)
  object space 172032K, 9% used [0x00000006c4a00000,0x00000006c5abf598,0x00000006cf200000)
 Metaspace       used 16112K, capacity 16356K, committed 16640K, reserved 1064960K
  class space    used 1849K, capacity 1950K, committed 2048K, reserved 1048576K
}

Deoptimization events (10 events):
Event: 6.458 Thread 0x00000000021de000 Uncommon trap: reason=unstable_if action=reinterpret pc=0x0000000002c20c80 method=java.lang.ClassLoader.getPackage(Ljava/lang/String;)Ljava/lang/Package; @ 60
Event: 6.501 Thread 0x00000000021de000 Uncommon trap: reason=unstable_if action=reinterpret pc=0x0000000002f61d20 method=java.lang.reflect.Method.equals(Ljava/lang/Object;)Z @ 49
Event: 6.504 Thread 0x00000000021de000 Uncommon trap: reason=class_check action=maybe_recompile pc=0x0000000002f5ec98 method=org.eclipse.sisu.wire.EntryListAdapter$ValueIterator.next()Ljava/lang/Object; @ 4
Event: 6.577 Thread 0x00000000021de000 Uncommon trap: reason=class_check action=maybe_recompile pc=0x0000000002f02038 method=java.util.regex.Pattern$Begin.match(Ljava/util/regex/Matcher;ILjava/lang/CharSequence;)Z @ 30
Event: 6.577 Thread 0x00000000021de000 Uncommon trap: reason=unstable_if action=reinterpret pc=0x0000000002a0d2cc method=java.util.regex.Pattern$CharProperty.match(Ljava/util/regex/Matcher;ILjava/lang/CharSequence;)Z @ 40
Event: 6.578 Thread 0x00000000021de000 Uncommon trap: reason=class_check action=maybe_recompile pc=0x0000000002f02038 method=java.util.regex.Pattern$Begin.match(Ljava/util/regex/Matcher;ILjava/lang/CharSequence;)Z @ 30
Event: 6.594 Thread 0x00000000021de000 Uncommon trap: reason=class_check action=maybe_recompile pc=0x0000000002f02038 method=java.util.regex.Pattern$Begin.match(Ljava/util/regex/Matcher;ILjava/lang/CharSequence;)Z @ 30
Event: 6.594 Thread 0x00000000021de000 Uncommon trap: reason=class_check action=maybe_recompile pc=0x0000000002f02038 method=java.util.regex.Pattern$Begin.match(Ljava/util/regex/Matcher;ILjava/lang/CharSequence;)Z @ 30
Event: 6.600 Thread 0x00000000021de000 Uncommon trap: reason=class_check action=maybe_recompile pc=0x0000000002f5ec98 method=org.eclipse.sisu.wire.EntryListAdapter$ValueIterator.next()Ljava/lang/Object; @ 4
Event: 6.611 Thread 0x00000000021de000 Uncommon trap: reason=unstable_if action=reinterpret pc=0x0000000002752f28 method=java.util.concurrent.ConcurrentHashMap.putVal(Ljava/lang/Object;Ljava/lang/Object;Z)Ljava/lang/Object; @ 206

Internal exceptions (10 events):
Event: 2.177 Thread 0x00000000021de000 Implicit null exception at 0x000000000296a7ef to 0x000000000296bb11
Event: 2.803 Thread 0x00000000021de000 Implicit null exception at 0x0000000002ace683 to 0x0000000002ace8cd
Event: 2.999 Thread 0x00000000021de000 Implicit null exception at 0x0000000002b1c074 to 0x0000000002b1d7b5
Event: 3.082 Thread 0x00000000021de000 Implicit null exception at 0x0000000002aa4889 to 0x0000000002aa4b35
Event: 3.082 Thread 0x00000000021de000 Implicit null exception at 0x000000000299d20e to 0x000000000299dae1
Event: 3.083 Thread 0x00000000021de000 Implicit null exception at 0x000000000276fed5 to 0x00000000027700d9
Event: 3.083 Thread 0x00000000021de000 Implicit null exception at 0x00000000027328db to 0x0000000002732d6d
Event: 5.239 Thread 0x00000000021de000 Implicit null exception at 0x00000000026a686f to 0x00000000026a68d9
Event: 5.695 Thread 0x00000000021de000 Implicit null exception at 0x0000000002e32f86 to 0x0000000002e33615
Event: 7.357 Thread 0x00000000021de000 Exception <a 'java/lang/ClassNotFoundException': com/sun/tools/javac/api/JavacTool> (0x000000077038a828) thrown at [D:\re\workspace\8-2-build-windows-amd64-cygwin\jdk8u77\6540\hotspot\src\share\vm\classfile\systemDictionary.cpp, line 210]

Events (10 events):
Event: 7.562 loading class com/sun/tools/javac/api/Formattable$LocalizedString
Event: 7.562 loading class com/sun/tools/javac/api/Formattable$LocalizedString done
Event: 7.562 loading class com/sun/tools/javac/api/Formattable
Event: 7.562 loading class com/sun/tools/javac/api/Formattable done
Event: 7.562 loading class com/sun/tools/javac/comp/Resolve$MethodResolutionPhase
Event: 7.562 loading class com/sun/tools/javac/comp/Resolve$MethodResolutionPhase done
Event: 7.563 loading class com/sun/tools/javac/comp/Resolve$MethodResolutionPhase$1
Event: 7.563 loading class com/sun/tools/javac/comp/Resolve$MethodResolutionPhase$1 done
Event: 7.564 loading class com/sun/tools/javac/comp/Attr
Event: 7.564 loading class com/sun/tools/javac/comp/Attr done


Dynamic libraries:
0x00007ff77d1b0000 - 0x00007ff77d1e7000 	D:\java\jdk1.8.0_77\bin\java.exe
0x00007ff8560e0000 - 0x00007ff8562d0000 	C:\Windows\SYSTEM32\ntdll.dll
0x00007ff854da0000 - 0x00007ff854e52000 	C:\Windows\System32\KERNEL32.DLL
0x00007ff8534a0000 - 0x00007ff853743000 	C:\Windows\System32\KERNELBASE.dll
0x00007ff855b00000 - 0x00007ff855ba3000 	C:\Windows\System32\ADVAPI32.dll
0x00007ff855570000 - 0x00007ff85560e000 	C:\Windows\System32\msvcrt.dll
0x00007ff854ea0000 - 0x00007ff854f37000 	C:\Windows\System32\sechost.dll
0x00007ff855450000 - 0x00007ff855570000 	C:\Windows\System32\RPCRT4.dll
0x00007ff854f40000 - 0x00007ff8550d4000 	C:\Windows\System32\USER32.dll
0x00007ff854090000 - 0x00007ff8540b1000 	C:\Windows\System32\win32u.dll
0x00007ff854e60000 - 0x00007ff854e86000 	C:\Windows\System32\GDI32.dll
0x00007ff853750000 - 0x00007ff8538e4000 	C:\Windows\System32\gdi32full.dll
0x00007ff8540c0000 - 0x00007ff85415e000 	C:\Windows\System32\msvcp_win.dll
0x00007ff8530c0000 - 0x00007ff8531ba000 	C:\Windows\System32\ucrtbase.dll
0x00007ff841ce0000 - 0x00007ff841f65000 	C:\Windows\WinSxS\amd64_microsoft.windows.common-controls_6595b64144ccf1df_6.0.18362.535_none_e6c3b34713100821\COMCTL32.dll
0x00007ff855bb0000 - 0x00007ff855ee6000 	C:\Windows\System32\combase.dll
0x00007ff853220000 - 0x00007ff8532a0000 	C:\Windows\System32\bcryptPrimitives.dll
0x00007ff8541b0000 - 0x00007ff8541de000 	C:\Windows\System32\IMM32.DLL
0x00007ff851ba0000 - 0x00007ff851bdc000 	C:\Windows\system32\SophosAV\SOPHOS~1.DLL
0x00007ff855950000 - 0x00007ff855958000 	C:\Windows\System32\PSAPI.DLL
0x0000000057f20000 - 0x0000000057ff2000 	D:\java\jdk1.8.0_77\jre\bin\msvcr100.dll
0x0000000057690000 - 0x0000000057f20000 	D:\java\jdk1.8.0_77\jre\bin\server\jvm.dll
0x00007ff84e3f0000 - 0x00007ff84e414000 	C:\Windows\SYSTEM32\WINMM.dll
0x00007ff84b730000 - 0x00007ff84b73a000 	C:\Windows\SYSTEM32\VERSION.dll
0x00007ff83e410000 - 0x00007ff83e419000 	C:\Windows\SYSTEM32\WSOCK32.dll
0x00007ff8550e0000 - 0x00007ff85514f000 	C:\Windows\System32\WS2_32.dll
0x00007ff84e3c0000 - 0x00007ff84e3ed000 	C:\Windows\SYSTEM32\WINMMBASE.dll
0x00007ff853070000 - 0x00007ff8530ba000 	C:\Windows\System32\cfgmgr32.dll
0x0000000057680000 - 0x000000005768f000 	D:\java\jdk1.8.0_77\jre\bin\verify.dll
0x0000000057650000 - 0x0000000057679000 	D:\java\jdk1.8.0_77\jre\bin\java.dll
0x0000000057630000 - 0x0000000057646000 	D:\java\jdk1.8.0_77\jre\bin\zip.dll
0x00007ff854240000 - 0x00007ff854925000 	C:\Windows\System32\SHELL32.dll
0x00007ff8558a0000 - 0x00007ff855949000 	C:\Windows\System32\shcore.dll
0x00007ff853910000 - 0x00007ff85408f000 	C:\Windows\System32\windows.storage.dll
0x00007ff853050000 - 0x00007ff85306f000 	C:\Windows\System32\profapi.dll
0x00007ff852fe0000 - 0x00007ff85302a000 	C:\Windows\System32\powrprof.dll
0x00007ff852fb0000 - 0x00007ff852fc0000 	C:\Windows\System32\UMPDC.dll
0x00007ff855aa0000 - 0x00007ff855af2000 	C:\Windows\System32\shlwapi.dll
0x00007ff853030000 - 0x00007ff853041000 	C:\Windows\System32\kernel.appcore.dll
0x00007ff8538f0000 - 0x00007ff853907000 	C:\Windows\System32\cryptsp.dll
0x00007ff84ef40000 - 0x00007ff84ef4a000 	D:\apache-maven-3.6.3\lib\jansi-native\windows64\jansi.dll
0x0000000057610000 - 0x000000005762a000 	D:\java\jdk1.8.0_77\jre\bin\net.dll
0x00007ff8527d0000 - 0x00007ff852837000 	C:\Windows\system32\mswsock.dll
0x00000000575f0000 - 0x0000000057601000 	D:\java\jdk1.8.0_77\jre\bin\nio.dll
0x00007ff83bcf0000 - 0x00007ff83bee4000 	C:\Windows\SYSTEM32\dbghelp.dll

VM Arguments:
jvm_args: -Dclassworlds.conf=D:\apache-maven-3.6.3\bin\..\bin\m2.conf -Dmaven.home=D:\apache-maven-3.6.3\bin\.. -Dlibrary.jansi.path=D:\apache-maven-3.6.3\bin\..\lib\jansi-native -Dmaven.multiModuleProjectDirectory=E:\git\github\garyzhangscm\cwms\inventorysvr 
java_command: org.codehaus.plexus.classworlds.launcher.Launcher clean package docker:build
java_class_path (initial): D:\apache-maven-3.6.3\bin\..\boot\plexus-classworlds-2.6.0.jar
Launcher Type: SUN_STANDARD

Environment Variables:
JAVA_HOME=D:\java\jdk1.8.0_77
PATH=C:\ProgramData\Oracle\Java\javapath;C:\ProgramData\DockerDesktop\version-bin;C:\Program Files\Docker\Docker\Resources\bin;C:\Python27\;C:\Python27\Scripts;C:\Windows\system32;C:\Windows;C:\Windows\System32\Wbem;C:\Windows\System32\WindowsPowerShell\v1.0\;C:\Windows\System32\OpenSSH\;C:\Program Files\Intel\WiFi\bin\;C:\Program Files\Common Files\Intel\WirelessCommon\;C:\Program Files\Microsoft SQL Server\110\Tools\Binn\;C:\Program Files (x86)\Microsoft SDKs\TypeScript\1.0\;C:\Program Files\Microsoft SQL Server\120\Tools\Binn\;C:\Program Files (x86)\Microsoft SQL Server\150\DTS\Binn\;D:\Program Files\TortoiseSVN\bin;d:\Program Files\Git\cmd;D:\Program Files\nodejs\;C:\ProgramData\chocolatey\bin;D:\Program Files\PuTTY\;D:\apache-maven-3.6.3\bin;C:\Users\gzhang\AppData\Local\Microsoft\WindowsApps;;d:\Program Files\JetBrains\IntelliJ IDEA Community Edition 2019.3.1\bin;;d:\Users\gzhang\AppData\Local\Programs\Microsoft VS Code\bin;C:\Users\gzhang\AppData\Roaming\npm;d:\Program Files\JetBrains\IntelliJ IDEA 2019.3.1\bin;
USERNAME=gzhang
OS=Windows_NT
PROCESSOR_IDENTIFIER=Intel64 Family 6 Model 69 Stepping 1, GenuineIntel



---------------  S Y S T E M  ---------------

OS: Windows 10.0 , 64 bit Build 18362 (10.0.18362.329)

CPU:total 4 (2 cores per cpu, 2 threads per core) family 6 model 69 stepping 1, cmov, cx8, fxsr, mmx, sse, sse2, sse3, ssse3, sse4.1, sse4.2, popcnt, avx, avx2, aes, clmul, erms, lzcnt, ht, tsc, tscinvbit, bmi1, bmi2

Memory: 4k page, physical 16472336k(5296728k free), swap 25385232k(11838648k free)

vm_info: Java HotSpot(TM) 64-Bit Server VM (25.77-b03) for windows-amd64 JRE (1.8.0_77-b03), built on Mar 20 2016 22:01:33 by "java_re" with MS VC++ 10.0 (VS2010)

time: Mon Jan 27 11:36:40 2020
elapsed time: 7 seconds (0d 0h 0m 7s)

