#
# A fatal error has been detected by the Java Runtime Environment:
#
#  EXCEPTION_ACCESS_VIOLATION (0xc0000005) at pc=0x0000000070e6e05c, pid=13468, tid=19628
#
# JRE version: Java(TM) SE Runtime Environment (8.0_77-b03) (build 1.8.0_77-b03)
# Java VM: Java HotSpot(TM) 64-Bit Server VM (25.77-b03 mixed mode windows-amd64 compressed oops)
# Problematic frame:
# V  [jvm.dll+0x50e05c]
#
# Failed to write core dump. Minidumps are not enabled by default on client versions of Windows
#
# If you would like to submit a bug report, please visit:
#   http://bugreport.java.com/bugreport/crash.jsp
#

---------------  T H R E A D  ---------------

Current thread (0x000000001c40b800):  JavaThread "C2 CompilerThread1" daemon [_thread_in_native, id=19628, stack(0x000000001db60000,0x000000001dc60000)]

siginfo: ExceptionCode=0xc0000005, reading address 0x0000004071170d38

Registers:
RAX=0x0000004071170d38, RBX=0x0000000000000084, RCX=0x0000000021e282f0, RDX=0x0000000000010b80
RSP=0x000000001dc5bff0, RBP=0x000000001dc5c0f0, RSI=0x0000000000000013, RDI=0x000000001f2b8d70
R8 =0x0000000000000001, R9 =0x0000000000000001, R10=0x0000000000000000, R11=0x000000000000008c
R12=0x000000001f2b8d80, R13=0x00000000000000a7, R14=0x0000000000000000, R15=0x000000001dc5c6e0
RIP=0x0000000070e6e05c, EFLAGS=0x0000000000010202

Top of Stack: (sp=0x000000001dc5bff0)
0x000000001dc5bff0:   000000001f2e35f8 0000000000000045
0x000000001dc5c000:   000000001dc5c0f0 000000001dc5c0f0
0x000000001dc5c010:   0000000000000017 00000000000016d6
0x000000001dc5c020:   0000000000000000 000000001dff3c00
0x000000001dc5c030:   000000001dc5c2f0 0000000000000045
0x000000001dc5c040:   0000000000000013 000000001f2b8d70
0x000000001dc5c050:   0000000000000005 0000000000000005
0x000000001dc5c060:   0000000071170d60 00000005000000a7
0x000000001dc5c070:   00000a5200000000 000000001dc5c3c0
0x000000001dc5c080:   000000000000000f 000000001dff1350
0x000000001dc5c090:   0000000000000005 00000a52000000a7
0x000000001dc5c0a0:   000000001dc5c3c0 000000000000000f
0x000000001dc5c0b0:   000000001dfeea00 0000000000000045
0x000000001dc5c0c0:   000000002188d3b0 000000001c4500b0
0x000000001dc5c0d0:   0000000000000045 00000000000003d8
0x000000001dc5c0e0:   000000001c450488 000000001c4500a0 

Instructions: (pc=0x0000000070e6e05c)
0x0000000070e6e03c:   c1 ea 05 48 8b 48 10 48 c1 e2 05 49 c1 e8 08 48
0x0000000070e6e04c:   8b 44 0a 08 41 83 e2 07 41 83 e1 1f 4a 8b 04 c0
0x0000000070e6e05c:   42 8b 04 90 44 0f a3 c8 48 8b 45 08 72 03 4c 89
0x0000000070e6e06c:   30 48 83 c0 08 49 83 c3 04 48 ff cb 48 89 45 08 


Register to memory mapping:

RAX=0x0000004071170d38 is an unknown value
RBX=0x0000000000000084 is an unknown value
RCX=0x0000000021e282f0 is an unknown value
RDX=0x0000000000010b80 is an unknown value
RSP=0x000000001dc5bff0 is pointing into the stack for thread: 0x000000001c40b800
RBP=0x000000001dc5c0f0 is pointing into the stack for thread: 0x000000001c40b800
RSI=0x0000000000000013 is an unknown value
RDI=0x000000001f2b8d70 is an unknown value
R8 =0x0000000000000001 is an unknown value
R9 =0x0000000000000001 is an unknown value
R10=0x0000000000000000 is an unknown value
R11=0x000000000000008c is an unknown value
R12=0x000000001f2b8d80 is an unknown value
R13=0x00000000000000a7 is an unknown value
R14=0x0000000000000000 is an unknown value
R15=0x000000001dc5c6e0 is pointing into the stack for thread: 0x000000001c40b800


Stack: [0x000000001db60000,0x000000001dc60000],  sp=0x000000001dc5bff0,  free space=1007k
Native frames: (J=compiled Java code, j=interpreted, Vv=VM code, C=native code)
V  [jvm.dll+0x50e05c]
V  [jvm.dll+0x462c56]
V  [jvm.dll+0x46dd9b]
V  [jvm.dll+0x4703b2]
V  [jvm.dll+0x453492]
V  [jvm.dll+0xa4ae2]
V  [jvm.dll+0xa541f]
V  [jvm.dll+0x243434]
V  [jvm.dll+0x29a27a]
C  [msvcr100.dll+0x21d9f]
C  [msvcr100.dll+0x21e3b]
C  [KERNEL32.DLL+0x17bd4]
C  [ntdll.dll+0x6ced1]


Current CompileTask:
C2:  56861 6979   !   4       org.codehaus.plexus.interpolation.StringSearchInterpolator::interpolate (650 bytes)


---------------  P R O C E S S  ---------------

Java Threads: ( => current thread )
  0x000000001ece6800 JavaThread "resolver-5" daemon [_thread_blocked, id=8140, stack(0x00000000233d0000,0x00000000234d0000)]
  0x000000001e978000 JavaThread "resolver-4" daemon [_thread_blocked, id=7084, stack(0x00000000232d0000,0x00000000233d0000)]
  0x000000001f07b800 JavaThread "resolver-3" daemon [_thread_blocked, id=19624, stack(0x00000000231d0000,0x00000000232d0000)]
  0x000000001f07a800 JavaThread "resolver-2" daemon [_thread_blocked, id=4048, stack(0x00000000230d0000,0x00000000231d0000)]
  0x0000000020878000 JavaThread "resolver-1" daemon [_thread_blocked, id=16828, stack(0x0000000022c90000,0x0000000022d90000)]
  0x000000001c415800 JavaThread "Service Thread" daemon [_thread_blocked, id=16784, stack(0x000000001e160000,0x000000001e260000)]
  0x000000001c412000 JavaThread "C1 CompilerThread2" daemon [_thread_blocked, id=2472, stack(0x000000001dc60000,0x000000001dd60000)]
=>0x000000001c40b800 JavaThread "C2 CompilerThread1" daemon [_thread_in_native, id=19628, stack(0x000000001db60000,0x000000001dc60000)]
  0x000000001c41d000 JavaThread "C2 CompilerThread0" daemon [_thread_in_native, id=17616, stack(0x000000001da60000,0x000000001db60000)]
  0x000000001c41a800 JavaThread "Attach Listener" daemon [_thread_blocked, id=15016, stack(0x000000001d960000,0x000000001da60000)]
  0x000000001c417800 JavaThread "Signal Dispatcher" daemon [_thread_blocked, id=21184, stack(0x000000001d860000,0x000000001d960000)]
  0x000000001c3fa800 JavaThread "Finalizer" daemon [_thread_blocked, id=15036, stack(0x000000001d660000,0x000000001d760000)]
  0x0000000002ff0000 JavaThread "Reference Handler" daemon [_thread_blocked, id=17520, stack(0x000000001d560000,0x000000001d660000)]
  0x0000000002efe000 JavaThread "main" [_thread_in_native, id=8368, stack(0x0000000002d10000,0x0000000002e10000)]

Other Threads:
  0x000000001c3d7800 VMThread [stack: 0x000000001d460000,0x000000001d560000] [id=20700]
  0x000000001dda4000 WatcherThread [stack: 0x000000001e260000,0x000000001e360000] [id=3244]

VM state:not at safepoint (normal execution)

VM Mutex/Monitor currently owned by a thread: None

Heap:
 PSYoungGen      total 243200K, used 188749K [0x000000076c380000, 0x000000077d980000, 0x00000007c0000000)
  eden space 217088K, 74% used [0x000000076c380000,0x00000007762555a8,0x0000000779780000)
  from space 26112K, 99% used [0x000000077b780000,0x000000077d0fdfc0,0x000000077d100000)
  to   space 8704K, 0% used [0x000000077d100000,0x000000077d100000,0x000000077d980000)
 ParOldGen       total 149504K, used 42267K [0x00000006c4a00000, 0x00000006cdc00000, 0x000000076c380000)
  object space 149504K, 28% used [0x00000006c4a00000,0x00000006c7346c00,0x00000006cdc00000)
 Metaspace       used 31261K, capacity 32146K, committed 32384K, reserved 1077248K
  class space    used 3575K, capacity 3860K, committed 3968K, reserved 1048576K

Card table byte_map: [0x00000000123c0000,0x0000000012ba0000] byte_map_base: 0x000000000ed9b000

Marking Bits: (ParMarkBitMap*) 0x0000000071170600
 Begin Bits: [0x00000000134e0000, 0x00000000173b8000)
 End Bits:   [0x00000000173b8000, 0x000000001b290000)

Polling page: 0x0000000000be0000

CodeCache: size=245760Kb used=21983Kb max_used=21983Kb free=223776Kb
 bounds [0x0000000003000000, 0x0000000004590000, 0x0000000012000000]
 total_blobs=6420 nmethods=5965 adapters=366
 compilation: enabled

Compilation events (10 events):
Event: 56.780 Thread 0x000000001c412000 6999       3       org.apache.maven.repository.internal.ArtifactDescriptorReaderDelegate::populateResult (426 bytes)
Event: 56.785 Thread 0x000000001c412000 nmethod 6999 0x000000000457cb90 code [0x000000000457d280, 0x0000000004581fa8]
Event: 56.788 Thread 0x000000001c412000 7000       1       org.apache.maven.model.FileSet::setDirectory (6 bytes)
Event: 56.788 Thread 0x000000001c412000 nmethod 7000 0x0000000004584b90 code [0x0000000004584ce0, 0x0000000004584e10]
Event: 56.796 Thread 0x000000001c412000 7001   !   3       org.apache.maven.repository.internal.DefaultModelResolver::resolveModel (107 bytes)
Event: 56.798 Thread 0x000000001c412000 nmethod 7001 0x0000000004584e90 code [0x0000000004585140, 0x0000000004586358]
Event: 56.806 Thread 0x000000001c412000 7002       3       org.apache.maven.repository.internal.DefaultModelCache::put (28 bytes)
Event: 56.807 Thread 0x000000001c412000 nmethod 7002 0x0000000004587110 code [0x00000000045872c0, 0x0000000004587788]
Event: 56.819 Thread 0x000000001c412000 7003       3       org.apache.maven.model.inheritance.DefaultInheritanceAssembler$InheritanceModelMerger::mergePlugin (71 bytes)
Event: 56.821 Thread 0x000000001c412000 nmethod 7003 0x00000000045879d0 code [0x0000000004587c80, 0x0000000004589208]

GC Heap History (10 events):
Event: 5.832 GC heap before
{Heap before GC invocations=4 (full 0):
 PSYoungGen      total 75264K, used 75248K [0x000000076c380000, 0x0000000775680000, 0x00000007c0000000)
  eden space 64512K, 100% used [0x000000076c380000,0x0000000770280000,0x0000000770280000)
  from space 10752K, 99% used [0x0000000770280000,0x0000000770cfc030,0x0000000770d00000)
  to   space 10752K, 0% used [0x0000000774c00000,0x0000000774c00000,0x0000000775680000)
 ParOldGen       total 172032K, used 8435K [0x00000006c4a00000, 0x00000006cf200000, 0x000000076c380000)
  object space 172032K, 4% used [0x00000006c4a00000,0x00000006c523ce50,0x00000006cf200000)
 Metaspace       used 16104K, capacity 16356K, committed 16640K, reserved 1064960K
  class space    used 1849K, capacity 1950K, committed 2048K, reserved 1048576K
Event: 5.865 GC heap after
Heap after GC invocations=4 (full 0):
 PSYoungGen      total 139776K, used 10720K [0x000000076c380000, 0x0000000775680000, 0x00000007c0000000)
  eden space 129024K, 0% used [0x000000076c380000,0x000000076c380000,0x0000000774180000)
  from space 10752K, 99% used [0x0000000774c00000,0x0000000775678040,0x0000000775680000)
  to   space 10752K, 0% used [0x0000000774180000,0x0000000774180000,0x0000000774c00000)
 ParOldGen       total 172032K, used 17102K [0x00000006c4a00000, 0x00000006cf200000, 0x000000076c380000)
  object space 172032K, 9% used [0x00000006c4a00000,0x00000006c5ab3970,0x00000006cf200000)
 Metaspace       used 16104K, capacity 16356K, committed 16640K, reserved 1064960K
  class space    used 1849K, capacity 1950K, committed 2048K, reserved 1048576K
}
Event: 7.896 GC heap before
{Heap before GC invocations=5 (full 0):
 PSYoungGen      total 139776K, used 82565K [0x000000076c380000, 0x0000000775680000, 0x00000007c0000000)
  eden space 129024K, 55% used [0x000000076c380000,0x00000007709a9678,0x0000000774180000)
  from space 10752K, 99% used [0x0000000774c00000,0x0000000775678040,0x0000000775680000)
  to   space 10752K, 0% used [0x0000000774180000,0x0000000774180000,0x0000000774c00000)
 ParOldGen       total 172032K, used 17102K [0x00000006c4a00000, 0x00000006cf200000, 0x000000076c380000)
  object space 172032K, 9% used [0x00000006c4a00000,0x00000006c5ab3970,0x00000006cf200000)
 Metaspace       used 20576K, capacity 21062K, committed 21296K, reserved 1069056K
  class space    used 2418K, capacity 2561K, committed 2688K, reserved 1048576K
Event: 7.924 GC heap after
Heap after GC invocations=5 (full 0):
 PSYoungGen      total 139776K, used 10720K [0x000000076c380000, 0x000000077ea80000, 0x00000007c0000000)
  eden space 129024K, 0% used [0x000000076c380000,0x000000076c380000,0x0000000774180000)
  from space 10752K, 99% used [0x0000000774180000,0x0000000774bf8020,0x0000000774c00000)
  to   space 22016K, 0% used [0x000000077d500000,0x000000077d500000,0x000000077ea80000)
 ParOldGen       total 172032K, used 22642K [0x00000006c4a00000, 0x00000006cf200000, 0x000000076c380000)
  object space 172032K, 13% used [0x00000006c4a00000,0x00000006c601c8b0,0x00000006cf200000)
 Metaspace       used 20576K, capacity 21062K, committed 21296K, reserved 1069056K
  class space    used 2418K, capacity 2561K, committed 2688K, reserved 1048576K
}
Event: 7.924 GC heap before
{Heap before GC invocations=6 (full 1):
 PSYoungGen      total 139776K, used 10720K [0x000000076c380000, 0x000000077ea80000, 0x00000007c0000000)
  eden space 129024K, 0% used [0x000000076c380000,0x000000076c380000,0x0000000774180000)
  from space 10752K, 99% used [0x0000000774180000,0x0000000774bf8020,0x0000000774c00000)
  to   space 22016K, 0% used [0x000000077d500000,0x000000077d500000,0x000000077ea80000)
 ParOldGen       total 172032K, used 22642K [0x00000006c4a00000, 0x00000006cf200000, 0x000000076c380000)
  object space 172032K, 13% used [0x00000006c4a00000,0x00000006c601c8b0,0x00000006cf200000)
 Metaspace       used 20576K, capacity 21062K, committed 21296K, reserved 1069056K
  class space    used 2418K, capacity 2561K, committed 2688K, reserved 1048576K
Event: 8.253 GC heap after
Heap after GC invocations=6 (full 1):
 PSYoungGen      total 139776K, used 0K [0x000000076c380000, 0x000000077ea80000, 0x00000007c0000000)
  eden space 129024K, 0% used [0x000000076c380000,0x000000076c380000,0x0000000774180000)
  from space 10752K, 0% used [0x0000000774180000,0x0000000774180000,0x0000000774c00000)
  to   space 22016K, 0% used [0x000000077d500000,0x000000077d500000,0x000000077ea80000)
 ParOldGen       total 149504K, used 31339K [0x00000006c4a00000, 0x00000006cdc00000, 0x000000076c380000)
  object space 149504K, 20% used [0x00000006c4a00000,0x00000006c689af48,0x00000006cdc00000)
 Metaspace       used 20576K, capacity 21062K, committed 21296K, reserved 1069056K
  class space    used 2418K, capacity 2561K, committed 2688K, reserved 1048576K
}
Event: 10.385 GC heap before
{Heap before GC invocations=7 (full 1):
 PSYoungGen      total 139776K, used 129024K [0x000000076c380000, 0x000000077ea80000, 0x00000007c0000000)
  eden space 129024K, 100% used [0x000000076c380000,0x0000000774180000,0x0000000774180000)
  from space 10752K, 0% used [0x0000000774180000,0x0000000774180000,0x0000000774c00000)
  to   space 22016K, 0% used [0x000000077d500000,0x000000077d500000,0x000000077ea80000)
 ParOldGen       total 149504K, used 31339K [0x00000006c4a00000, 0x00000006cdc00000, 0x000000076c380000)
  object space 149504K, 20% used [0x00000006c4a00000,0x00000006c689af48,0x00000006cdc00000)
 Metaspace       used 24077K, capacity 24646K, committed 24832K, reserved 1071104K
  class space    used 2752K, capacity 2945K, committed 3072K, reserved 1048576K
Event: 10.416 GC heap after
Heap after GC invocations=7 (full 1):
 PSYoungGen      total 193024K, used 21987K [0x000000076c380000, 0x000000077ea80000, 0x00000007c0000000)
  eden space 171008K, 0% used [0x000000076c380000,0x000000076c380000,0x0000000776a80000)
  from space 22016K, 99% used [0x000000077d500000,0x000000077ea78e70,0x000000077ea80000)
  to   space 26112K, 0% used [0x000000077b780000,0x000000077b780000,0x000000077d100000)
 ParOldGen       total 149504K, used 33853K [0x00000006c4a00000, 0x00000006cdc00000, 0x000000076c380000)
  object space 149504K, 22% used [0x00000006c4a00000,0x00000006c6b0f7b0,0x00000006cdc00000)
 Metaspace       used 24077K, capacity 24646K, committed 24832K, reserved 1071104K
  class space    used 2752K, capacity 2945K, committed 3072K, reserved 1048576K
}
Event: 53.534 GC heap before
{Heap before GC invocations=8 (full 1):
 PSYoungGen      total 193024K, used 192995K [0x000000076c380000, 0x000000077ea80000, 0x00000007c0000000)
  eden space 171008K, 100% used [0x000000076c380000,0x0000000776a80000,0x0000000776a80000)
  from space 22016K, 99% used [0x000000077d500000,0x000000077ea78e70,0x000000077ea80000)
  to   space 26112K, 0% used [0x000000077b780000,0x000000077b780000,0x000000077d100000)
 ParOldGen       total 149504K, used 33853K [0x00000006c4a00000, 0x00000006cdc00000, 0x000000076c380000)
  object space 149504K, 22% used [0x00000006c4a00000,0x00000006c6b0f7b0,0x00000006cdc00000)
 Metaspace       used 26990K, capacity 27730K, committed 27776K, reserved 1073152K
  class space    used 2986K, capacity 3176K, committed 3200K, reserved 1048576K
Event: 53.595 GC heap after
Heap after GC invocations=8 (full 1):
 PSYoungGen      total 243200K, used 26103K [0x000000076c380000, 0x000000077d980000, 0x00000007c0000000)
  eden space 217088K, 0% used [0x000000076c380000,0x000000076c380000,0x0000000779780000)
  from space 26112K, 99% used [0x000000077b780000,0x000000077d0fdfc0,0x000000077d100000)
  to   space 8704K, 0% used [0x000000077d100000,0x000000077d100000,0x000000077d980000)
 ParOldGen       total 149504K, used 42267K [0x00000006c4a00000, 0x00000006cdc00000, 0x000000076c380000)
  object space 149504K, 28% used [0x00000006c4a00000,0x00000006c7346c00,0x00000006cdc00000)
 Metaspace       used 26990K, capacity 27730K, committed 27776K, reserved 1073152K
  class space    used 2986K, capacity 3176K, committed 3200K, reserved 1048576K
}

Deoptimization events (10 events):
Event: 54.246 Thread 0x0000000002efe000 Uncommon trap: reason=unstable_if action=reinterpret pc=0x000000000397d9f0 method=org.codehaus.plexus.interpolation.StringSearchInterpolator.interpolate(Ljava/lang/String;Lorg/codehaus/plexus/interpolation/RecursionInterceptor;Ljava/util/Set;)Ljava/lang/St)³	0;K@
Event: 54.462 Thread 0x0000000002efe000 Uncommon trap: reason=unstable_if action=reinterpret pc=0x000000000431a550 method=org.eclipse.aether.util.graph.transformer.ConflictResolver$State.deriveOptional(Lorg/eclipse/aether/graph/DependencyNode;Ljava/lang/Object;)Z @ 15
Event: 54.939 Thread 0x0000000002efe000 Uncommon trap: reason=predicate action=maybe_recompile pc=0x00000000041e0a84 method=java.lang.String.regionMatches(ZILjava/lang/String;II)Z @ 63
Event: 55.492 Thread 0x0000000002efe000 Uncommon trap: reason=class_check action=maybe_recompile pc=0x0000000003d87d18 method=java.util.zip.InflaterInputStream.read([BII)I @ 100
Event: 55.496 Thread 0x0000000002efe000 Uncommon trap: reason=class_check action=maybe_recompile pc=0x0000000003d87d18 method=java.util.zip.InflaterInputStream.read([BII)I @ 100
Event: 55.497 Thread 0x0000000002efe000 Uncommon trap: reason=class_check action=maybe_recompile pc=0x0000000003d87d18 method=java.util.zip.InflaterInputStream.read([BII)I @ 100
Event: 55.497 Thread 0x0000000002efe000 Uncommon trap: reason=class_check action=maybe_recompile pc=0x0000000003d87d18 method=java.util.zip.InflaterInputStream.read([BII)I @ 100
Event: 56.127 Thread 0x0000000002efe000 Uncommon trap: reason=null_check action=make_not_entrant pc=0x000000000447a104 method=org.codehaus.plexus.util.xml.Xpp3Dom.mergeIntoXpp3Dom(Lorg/codehaus/plexus/util/xml/Xpp3Dom;Lorg/codehaus/plexus/util/xml/Xpp3Dom;Ljava/lang/Boolean;)V @ 19
Event: 56.222 Thread 0x0000000002efe000 Uncommon trap: reason=unstable_if action=reinterpret pc=0x0000000003ac48d0 method=org.apache.maven.model.merge.ModelMerger.mergeConfigurationContainer_Inherited(Lorg/apache/maven/model/ConfigurationContainer;Lorg/apache/maven/model/ConfigurationContainer;Z–F'¦feL@
Event: 56.792 Thread 0x0000000002efe000 Uncommon trap: reason=unstable_if action=reinterpret pc=0x0000000003b06f78 method=org.apache.maven.model.merge.ModelMerger.mergeConfigurationContainer_Inherited(Lorg/apache/maven/model/ConfigurationContainer;Lorg/apache/maven/model/ConfigurationContainer;Z'JB"mK@

Internal exceptions (10 events):
Event: 54.736 Thread 0x0000000002efe000 Exception <a 'java/lang/NoClassDefFoundError': org/sonatype/aether/installation/InstallationException> (0x0000000771528ad8) thrown at [D:\re\workspace\8-2-build-windows-amd64-cygwin\jdk8u77\6540\hotspot\src\share\vm\classfile\systemDictionary.cpp, line 199ƒÅ”£dK@
Event: 54.786 Thread 0x0000000002efe000 Exception <a 'java/lang/NoClassDefFoundError': org/sonatype/aether/metadata/Metadata> (0x000000077181b198) thrown at [D:\re\workspace\8-2-build-windows-amd64-cygwin\jdk8u77\6540\hotspot\src\share\vm\classfile\systemDictionary.cpp, line 199]
Event: 54.833 Thread 0x0000000002efe000 Exception <a 'java/lang/NoClassDefFoundError': org/sonatype/aether/deployment/DeploymentException> (0x0000000771a6e988) thrown at [D:\re\workspace\8-2-build-windows-amd64-cygwin\jdk8u77\6540\hotspot\src\share\vm\classfile\systemDictionary.cpp, line 199]
Event: 54.865 Thread 0x0000000002efe000 Exception <a 'java/lang/NoClassDefFoundError': org/sonatype/aether/resolution/ArtifactDescriptorException> (0x0000000771c101f0) thrown at [D:\re\workspace\8-2-build-windows-amd64-cygwin\jdk8u77\6540\hotspot\src\share\vm\classfile\systemDictionary.cpp, lineEÃG›oK@
Event: 54.872 Thread 0x0000000002efe000 Exception <a 'java/lang/NoClassDefFoundError': org/sonatype/aether/metadata/Metadata> (0x0000000771c84910) thrown at [D:\re\workspace\8-2-build-windows-amd64-cygwin\jdk8u77\6540\hotspot\src\share\vm\classfile\systemDictionary.cpp, line 199]
Event: 54.882 Thread 0x0000000002efe000 Exception <a 'java/lang/NoClassDefFoundError': org/sonatype/aether/graph/DependencyNode> (0x0000000771d1c760) thrown at [D:\re\workspace\8-2-build-windows-amd64-cygwin\jdk8u77\6540\hotspot\src\share\vm\classfile\systemDictionary.cpp, line 199]
Event: 54.884 Thread 0x0000000002efe000 Exception <a 'java/lang/NoClassDefFoundError': org/sonatype/aether/resolution/ArtifactResolutionException> (0x0000000771d416a8) thrown at [D:\re\workspace\8-2-build-windows-amd64-cygwin\jdk8u77\6540\hotspot\src\share\vm\classfile\systemDictionary.cpp, lineW²c#~K@
Event: 54.985 Thread 0x0000000002efe000 Exception <a 'java/lang/NoSuchFieldError': method resolution failed> (0x0000000771fe8640) thrown at [D:\re\workspace\8-2-build-windows-amd64-cygwin\jdk8u77\6540\hotspot\src\share\vm\prims\methodHandles.cpp, line 1146]
Event: 54.991 Thread 0x0000000002efe000 Exception <a 'java/lang/NoSuchFieldError': method resolution failed> (0x0000000771ff5d00) thrown at [D:\re\workspace\8-2-build-windows-amd64-cygwin\jdk8u77\6540\hotspot\src\share\vm\prims\methodHandles.cpp, line 1146]
Event: 56.127 Thread 0x0000000002efe000 Implicit null exception at 0x000000000447574a to 0x000000000447a0f5

Events (10 events):
Event: 56.127 Thread 0x0000000002efe000 DEOPT PACKING pc=0x000000000447a104 sp=0x0000000002e0d430
Event: 56.127 Thread 0x0000000002efe000 DEOPT UNPACKING pc=0x000000000304582a sp=0x0000000002e0d430 mode 2
Event: 56.222 Thread 0x0000000002efe000 Uncommon trap: trap_request=0xffffff65 fr.pc=0x0000000003ac48d0
Event: 56.222 Thread 0x0000000002efe000 DEOPT PACKING pc=0x0000000003ac48d0 sp=0x0000000002e0cc10
Event: 56.222 Thread 0x0000000002efe000 DEOPT UNPACKING pc=0x000000000304582a sp=0x0000000002e0cb98 mode 2
Event: 56.785 Thread 0x0000000002efe000 DEOPT PACKING pc=0x000000000396b578 sp=0x0000000002e0d460
Event: 56.785 Thread 0x0000000002efe000 DEOPT UNPACKING pc=0x000000000304787f sp=0x0000000002e0d268 mode 0
Event: 56.792 Thread 0x0000000002efe000 Uncommon trap: trap_request=0xffffff65 fr.pc=0x0000000003b06f78
Event: 56.792 Thread 0x0000000002efe000 DEOPT PACKING pc=0x0000000003b06f78 sp=0x0000000002e0cd40
Event: 56.792 Thread 0x0000000002efe000 DEOPT UNPACKING pc=0x000000000304582a sp=0x0000000002e0cc38 mode 2


Dynamic libraries:
0x00007ff676d70000 - 0x00007ff676da7000 	D:\java\jdk1.8.0_77\bin\java.exe
0x00007ffb015a0000 - 0x00007ffb01790000 	C:\Windows\SYSTEM32\ntdll.dll
0x00007ffb00ed0000 - 0x00007ffb00f82000 	C:\Windows\System32\KERNEL32.DLL
0x00007ffaff3a0000 - 0x00007ffaff643000 	C:\Windows\System32\KERNELBASE.dll
0x00007ffaffb70000 - 0x00007ffaffc13000 	C:\Windows\System32\ADVAPI32.dll
0x00007ffaffde0000 - 0x00007ffaffe7e000 	C:\Windows\System32\msvcrt.dll
0x00007ffb014c0000 - 0x00007ffb01557000 	C:\Windows\System32\sechost.dll
0x00007ffb00b50000 - 0x00007ffb00c70000 	C:\Windows\System32\RPCRT4.dll
0x00007ffaffe80000 - 0x00007ffb00014000 	C:\Windows\System32\USER32.dll
0x00007ffafe730000 - 0x00007ffafe751000 	C:\Windows\System32\win32u.dll
0x00007ffb00360000 - 0x00007ffb00386000 	C:\Windows\System32\GDI32.dll
0x00007ffaff180000 - 0x00007ffaff314000 	C:\Windows\System32\gdi32full.dll
0x00007ffaff0e0000 - 0x00007ffaff17e000 	C:\Windows\System32\msvcp_win.dll
0x00007ffafe630000 - 0x00007ffafe72a000 	C:\Windows\System32\ucrtbase.dll
0x00007ffaec4f0000 - 0x00007ffaec775000 	C:\Windows\WinSxS\amd64_microsoft.windows.common-controls_6595b64144ccf1df_6.0.18362.535_none_e6c3b34713100821\COMCTL32.dll
0x00007ffb00fd0000 - 0x00007ffb01306000 	C:\Windows\System32\combase.dll
0x00007ffafe5b0000 - 0x00007ffafe630000 	C:\Windows\System32\bcryptPrimitives.dll
0x00007ffb00fa0000 - 0x00007ffb00fce000 	C:\Windows\System32\IMM32.DLL
0x00007ffafd060000 - 0x00007ffafd09c000 	C:\Windows\system32\SophosAV\SOPHOS~1.DLL
0x00007ffb00020000 - 0x00007ffb00028000 	C:\Windows\System32\PSAPI.DLL
0x0000000071750000 - 0x0000000071822000 	D:\java\jdk1.8.0_77\jre\bin\msvcr100.dll
0x0000000070960000 - 0x00000000711f0000 	D:\java\jdk1.8.0_77\jre\bin\server\jvm.dll
0x00007ffaf6ef0000 - 0x00007ffaf6efa000 	C:\Windows\SYSTEM32\VERSION.dll
0x00007ffaeb860000 - 0x00007ffaeb869000 	C:\Windows\SYSTEM32\WSOCK32.dll
0x00007ffaf9df0000 - 0x00007ffaf9e14000 	C:\Windows\SYSTEM32\WINMM.dll
0x00007ffb003f0000 - 0x00007ffb0045f000 	C:\Windows\System32\WS2_32.dll
0x00007ffaf9d50000 - 0x00007ffaf9d7d000 	C:\Windows\SYSTEM32\WINMMBASE.dll
0x00007ffafe530000 - 0x00007ffafe57a000 	C:\Windows\System32\cfgmgr32.dll
0x0000000071740000 - 0x000000007174f000 	D:\java\jdk1.8.0_77\jre\bin\verify.dll
0x0000000071710000 - 0x0000000071739000 	D:\java\jdk1.8.0_77\jre\bin\java.dll
0x00000000716f0000 - 0x0000000071706000 	D:\java\jdk1.8.0_77\jre\bin\zip.dll
0x00007ffb00460000 - 0x00007ffb00b45000 	C:\Windows\System32\SHELL32.dll
0x00007ffaff650000 - 0x00007ffaff6f9000 	C:\Windows\System32\shcore.dll
0x00007ffafe960000 - 0x00007ffaff0df000 	C:\Windows\System32\windows.storage.dll
0x00007ffafe510000 - 0x00007ffafe52f000 	C:\Windows\System32\profapi.dll
0x00007ffafe4a0000 - 0x00007ffafe4ea000 	C:\Windows\System32\powrprof.dll
0x00007ffafe470000 - 0x00007ffafe480000 	C:\Windows\System32\UMPDC.dll
0x00007ffb00390000 - 0x00007ffb003e2000 	C:\Windows\System32\shlwapi.dll
0x00007ffafe480000 - 0x00007ffafe491000 	C:\Windows\System32\kernel.appcore.dll
0x00007ffaff320000 - 0x00007ffaff337000 	C:\Windows\System32\cryptsp.dll
0x00007ffafa130000 - 0x00007ffafa13a000 	D:\apache-maven-3.6.3\lib\jansi-native\windows64\jansi.dll
0x00000000716d0000 - 0x00000000716ea000 	D:\java\jdk1.8.0_77\jre\bin\net.dll
0x00007ffafdc90000 - 0x00007ffafdcf7000 	C:\Windows\system32\mswsock.dll
0x00000000716b0000 - 0x00000000716c1000 	D:\java\jdk1.8.0_77\jre\bin\nio.dll
0x00000000716a0000 - 0x00000000716ad000 	D:\java\jdk1.8.0_77\jre\bin\management.dll
0x00007ffadd520000 - 0x00007ffadd536000 	C:\Windows\system32\napinsp.dll
0x00007ffadd550000 - 0x00007ffadd56a000 	C:\Windows\system32\pnrpnsp.dll
0x00007ffafd9f0000 - 0x00007ffafdaba000 	C:\Windows\SYSTEM32\DNSAPI.dll
0x00007ffb00f90000 - 0x00007ffb00f98000 	C:\Windows\System32\NSI.dll
0x00007ffafd9b0000 - 0x00007ffafd9ea000 	C:\Windows\SYSTEM32\IPHLPAPI.DLL
0x00007ffadd540000 - 0x00007ffadd54e000 	C:\Windows\System32\winrnr.dll
0x00007ffafa110000 - 0x00007ffafa12c000 	C:\Windows\system32\NLAapi.dll
0x00007ffaf8f20000 - 0x00007ffaf8f35000 	C:\Windows\system32\wshbth.dll
0x00007ffaef920000 - 0x00007ffaef92a000 	C:\Windows\System32\rasadhlp.dll
0x00007ffaf8cc0000 - 0x00007ffaf8d37000 	C:\Windows\System32\fwpuclnt.dll
0x00007ffafe580000 - 0x00007ffafe5a6000 	C:\Windows\System32\bcrypt.dll
0x00007ffafd810000 - 0x00007ffafd843000 	C:\Windows\system32\rsaenh.dll
0x00007ffafe360000 - 0x00007ffafe385000 	C:\Windows\SYSTEM32\USERENV.dll
0x00007ffafde10000 - 0x00007ffafde1c000 	C:\Windows\SYSTEM32\CRYPTBASE.dll
0x00007ffaf7e20000 - 0x00007ffaf7e36000 	C:\Windows\SYSTEM32\dhcpcsvc6.DLL
0x00007ffaf7c50000 - 0x00007ffaf7c6c000 	C:\Windows\SYSTEM32\dhcpcsvc.DLL
0x00007ffae8190000 - 0x00007ffae8384000 	C:\Windows\SYSTEM32\dbghelp.dll

VM Arguments:
jvm_args: -Dclassworlds.conf=D:\apache-maven-3.6.3\bin\..\bin\m2.conf -Dmaven.home=D:\apache-maven-3.6.3\bin\.. -Dlibrary.jansi.path=D:\apache-maven-3.6.3\bin\..\lib\jansi-native -Dmaven.multiModuleProjectDirectory=E:\git\github\garyzhangscm\cwms\ressvr 
java_command: org.codehaus.plexus.classworlds.launcher.Launcher clean package docker:build
java_class_path (initial): D:\apache-maven-3.6.3\bin\..\boot\plexus-classworlds-2.6.0.jar
Launcher Type: SUN_STANDARD

Environment Variables:
JAVA_HOME=D:\java\jdk1.8.0_77
PATH=C:\ProgramData\Oracle\Java\javapath;C:\Python27\;C:\Python27\Scripts;C:\Windows\system32;C:\Windows;C:\Windows\System32\Wbem;C:\Windows\System32\WindowsPowerShell\v1.0\;C:\Windows\System32\OpenSSH\;C:\Program Files\Intel\WiFi\bin\;C:\Program Files\Common Files\Intel\WirelessCommon\;C:\Program Files\Microsoft SQL Server\110\Tools\Binn\;C:\Program Files (x86)\Microsoft SDKs\TypeScript\1.0\;C:\Program Files\Microsoft SQL Server\120\Tools\Binn\;C:\Program Files (x86)\Microsoft SQL Server\150\DTS\Binn\;D:\Program Files\TortoiseSVN\bin;d:\Program Files\Git\cmd;D:\Program Files\nodejs\;C:\ProgramData\chocolatey\bin;D:\Program Files\PuTTY\;D:\apache-maven-3.6.3\bin;;C:\Program Files\Docker\Docker\resources\bin;C:\ProgramData\DockerDesktop\version-bin;C:\Users\gzhang\AppData\Local\Microsoft\WindowsApps;;d:\Program Files\JetBrains\IntelliJ IDEA Community Edition 2019.3.1\bin;;d:\Users\gzhang\AppData\Local\Programs\Microsoft VS Code\bin;C:\Users\gzhang\AppData\Roaming\npm;d:\Program Files\JetBrains\IntelliJ IDEA 2019.3.1\bin;
USERNAME=gzhang
OS=Windows_NT
PROCESSOR_IDENTIFIER=Intel64 Family 6 Model 69 Stepping 1, GenuineIntel



---------------  S Y S T E M  ---------------

OS: Windows 10.0 , 64 bit Build 18362 (10.0.18362.329)

CPU:total 4 (2 cores per cpu, 2 threads per core) family 6 model 69 stepping 1, cmov, cx8, fxsr, mmx, sse, sse2, sse3, ssse3, sse4.1, sse4.2, popcnt, avx, avx2, aes, clmul, erms, lzcnt, ht, tsc, tscinvbit, bmi1, bmi2

Memory: 4k page, physical 16472336k(4256524k free), swap 23812368k(9097692k free)

vm_info: Java HotSpot(TM) 64-Bit Server VM (25.77-b03) for windows-amd64 JRE (1.8.0_77-b03), built on Mar 20 2016 22:01:33 by "java_re" with MS VC++ 10.0 (VS2010)

time: Fri Feb 14 12:48:45 2020
elapsed time: 56 seconds (0d 0h 0m 56s)

