#
# A fatal error has been detected by the Java Runtime Environment:
#
#  EXCEPTION_ACCESS_VIOLATION (0xc0000005) at pc=0x0000000070d1b330, pid=10476, tid=15524
#
# JRE version: Java(TM) SE Runtime Environment (8.0_77-b03) (build 1.8.0_77-b03)
# Java VM: Java HotSpot(TM) 64-Bit Server VM (25.77-b03 mixed mode windows-amd64 compressed oops)
# Problematic frame:
# V  [jvm.dll+0x49b330]
#
# Failed to write core dump. Minidumps are not enabled by default on client versions of Windows
#
# If you would like to submit a bug report, please visit:
#   http://bugreport.java.com/bugreport/crash.jsp
#

---------------  T H R E A D  ---------------

Current thread (0x000000001be32000):  JavaThread "C2 CompilerThread0" daemon [_thread_in_native, id=15524, stack(0x000000001d490000,0x000000001d590000)]

siginfo: ExceptionCode=0xc0000005, reading address 0x0000004071090d38

Registers:
RAX=0x0000000000000000, RBX=0x0000000000000000, RCX=0x0000004071090d38, RDX=0x0000000000000000
RSP=0x000000001d58c1a0, RBP=0x0000000000000016, RSI=0x00000000000000b0, RDI=0x000000001d58c1f0
R8 =0x0000000000000000, R9 =0x0000000000000f55, R10=0x0000000070880000, R11=0x000000001d58c0c0
R12=0x000000000006ad50, R13=0x0000000000000f43, R14=0x0000000070880000, R15=0x00000000000003d8
RIP=0x0000000070d1b330, EFLAGS=0x0000000000010246

Top of Stack: (sp=0x000000001d58c1a0)
0x000000001d58c1a0:   000000001d58e940 0000000026e41970
0x000000001d58c1b0:   fffffffffffffff8 000000001bdf6d80
0x000000001d58c1c0:   0000000000000002 0000000070d16c05
0x000000001d58c1d0:   0000000026e21e90 0000000000000000
0x000000001d58c1e0:   000000001d58c2d0 0000000000000024
0x000000001d58c1f0:   00000f5a00000000 0000000000000003
0x000000001d58c200:   0000004071090d38 0000000000000010
0x000000001d58c210:   000000001f623dd8 000000000000003b
0x000000001d58c220:   0000000026caaa30 000000001d58c5c0
0x000000001d58c230:   000000002022c398 000000002022bfc0
0x000000001d58c240:   000000001d58c350 0000000070ce2f1a
0x000000001d58c250:   0000000000000000 000000002022bfb0
0x000000001d58c260:   000000001d58c5c0 0000000000000000
0x000000001d58c270:   0000000000000002 000000002022bfb0
0x000000001d58c280:   00000000250f0040 00000000250f4cd0
0x000000001d58c290:   00000000250f8028 0000000000f1ea08 

Instructions: (pc=0x0000000070d1b330)
0x0000000070d1b310:   48 8b 4f 20 48 39 04 0e 0f 84 9d 00 00 00 48 8b
0x0000000070d1b320:   0c 0e 33 d2 33 c0 48 89 4f 10 66 0f 1f 44 00 00
0x0000000070d1b330:   83 3c 08 00 0f 85 36 01 00 00 ff c2 48 83 c0 04
0x0000000070d1b340:   83 fa 08 72 eb 48 8b 47 30 48 89 44 24 30 48 85 


Register to memory mapping:

RAX=0x0000000000000000 is an unknown value
RBX=0x0000000000000000 is an unknown value
RCX=0x0000004071090d38 is an unknown value
RDX=0x0000000000000000 is an unknown value
RSP=0x000000001d58c1a0 is pointing into the stack for thread: 0x000000001be32000
RBP=0x0000000000000016 is an unknown value
RSI=0x00000000000000b0 is an unknown value
RDI=0x000000001d58c1f0 is pointing into the stack for thread: 0x000000001be32000
R8 =0x0000000000000000 is an unknown value
R9 =0x0000000000000f55 is an unknown value
R10=0x0000000070880000 is an unknown value
R11=0x000000001d58c0c0 is pointing into the stack for thread: 0x000000001be32000
R12=0x000000000006ad50 is an unknown value
R13=0x0000000000000f43 is an unknown value
R14=0x0000000070880000 is an unknown value
R15=0x00000000000003d8 is an unknown value


Stack: [0x000000001d490000,0x000000001d590000],  sp=0x000000001d58c1a0,  free space=1008k
Native frames: (J=compiled Java code, j=interpreted, Vv=VM code, C=native code)
V  [jvm.dll+0x49b330]
V  [jvm.dll+0x496c05]
V  [jvm.dll+0x462f1a]
V  [jvm.dll+0x46dd9b]
V  [jvm.dll+0x4703b2]
V  [jvm.dll+0x453492]
V  [jvm.dll+0xa4ae2]
V  [jvm.dll+0xa541f]
V  [jvm.dll+0x243434]
V  [jvm.dll+0x29a27a]
C  [msvcr100.dll+0x21d9f]
C  [msvcr100.dll+0x21e3b]
C  [KERNEL32.DLL+0x17bd4]
C  [ntdll.dll+0x6ced1]


Current CompileTask:
C2:  21693 5021  s    4       java.lang.reflect.Field::declaredAnnotations (59 bytes)


---------------  P R O C E S S  ---------------

Java Threads: ( => current thread )
  0x00000000227d4000 JavaThread "HikariPool-1 connection adder" daemon [_thread_blocked, id=19792, stack(0x0000000024f70000,0x0000000025070000)]
  0x00000000227d2000 JavaThread "HikariPool-1 housekeeper" daemon [_thread_blocked, id=14288, stack(0x0000000024e70000,0x0000000024f70000)]
  0x00000000227d5800 JavaThread "mysql-cj-abandoned-connection-cleanup" daemon [_thread_blocked, id=14760, stack(0x00000000231a0000,0x00000000232a0000)]
  0x000000001d904800 JavaThread "surefire-forkedjvm-ping-30s" daemon [_thread_blocked, id=11268, stack(0x000000001de90000,0x000000001df90000)]
  0x000000001d8e1000 JavaThread "surefire-forkedjvm-command-thread" daemon [_thread_in_native, id=16908, stack(0x000000001dd90000,0x000000001de90000)]
  0x000000001d7b6000 JavaThread "Service Thread" daemon [_thread_blocked, id=21296, stack(0x000000001db90000,0x000000001dc90000)]
  0x000000001be41000 JavaThread "C1 CompilerThread2" daemon [_thread_blocked, id=9004, stack(0x000000001d690000,0x000000001d790000)]
  0x000000001be3d800 JavaThread "C2 CompilerThread1" daemon [_thread_in_native, id=20544, stack(0x000000001d590000,0x000000001d690000)]
=>0x000000001be32000 JavaThread "C2 CompilerThread0" daemon [_thread_in_native, id=15524, stack(0x000000001d490000,0x000000001d590000)]
  0x000000001be2e000 JavaThread "Attach Listener" daemon [_thread_blocked, id=11476, stack(0x000000001d390000,0x000000001d490000)]
  0x000000001be2c800 JavaThread "Signal Dispatcher" daemon [_thread_blocked, id=19300, stack(0x000000001d290000,0x000000001d390000)]
  0x0000000002a18800 JavaThread "Finalizer" daemon [_thread_blocked, id=9092, stack(0x000000001d090000,0x000000001d190000)]
  0x0000000002a13000 JavaThread "Reference Handler" daemon [_thread_blocked, id=20468, stack(0x000000001cf90000,0x000000001d090000)]
  0x000000000291d800 JavaThread "main" [_thread_in_vm, id=13952, stack(0x0000000002770000,0x0000000002870000)]

Other Threads:
  0x000000001bdf7000 VMThread [stack: 0x000000001ce90000,0x000000001cf90000] [id=8744]
  0x000000001d7da000 WatcherThread [stack: 0x000000001dc90000,0x000000001dd90000] [id=20132]

VM state:not at safepoint (normal execution)

VM Mutex/Monitor currently owned by a thread: None

Heap:
 PSYoungGen      total 186368K, used 50428K [0x000000076c380000, 0x0000000779080000, 0x00000007c0000000)
  eden space 173568K, 21% used [0x000000076c380000,0x000000076e843b88,0x0000000776d00000)
  from space 12800K, 99% used [0x0000000777c80000,0x00000007788fb680,0x0000000778900000)
  to   space 15872K, 0% used [0x0000000776d00000,0x0000000776d00000,0x0000000777c80000)
 ParOldGen       total 164352K, used 22729K [0x00000006c4a00000, 0x00000006cea80000, 0x000000076c380000)
  object space 164352K, 13% used [0x00000006c4a00000,0x00000006c6032400,0x00000006cea80000)
 Metaspace       used 55802K, capacity 58140K, committed 58536K, reserved 1099776K
  class space    used 7580K, capacity 8017K, committed 8112K, reserved 1048576K

Card table byte_map: [0x0000000011de0000,0x00000000125c0000] byte_map_base: 0x000000000e7bb000

Marking Bits: (ParMarkBitMap*) 0x0000000071090600
 Begin Bits: [0x0000000012f00000, 0x0000000016dd8000)
 End Bits:   [0x0000000016dd8000, 0x000000001acb0000)

Polling page: 0x0000000000aa0000

CodeCache: size=245760Kb used=16089Kb max_used=16475Kb free=229670Kb
 bounds [0x0000000002a20000, 0x0000000003a70000, 0x0000000011a20000]
 total_blobs=5035 nmethods=4492 adapters=454
 compilation: enabled

Compilation events (10 events):
Event: 21.639 Thread 0x000000001be41000 5124       3       org.hibernate.validator.internal.util.CollectionHelper::newHashSet (8 bytes)
Event: 21.640 Thread 0x000000001be41000 nmethod 5124 0x0000000002df5950 code [0x0000000002df5ae0, 0x0000000002df5f70]
Event: 21.640 Thread 0x000000001be41000 5125       3       java.util.HashMap$KeySpliterator::characteristics (30 bytes)
Event: 21.640 Thread 0x000000001be41000 nmethod 5125 0x0000000002eefe10 code [0x0000000002eeff60, 0x0000000002ef0150]
Event: 21.640 Thread 0x000000001be41000 5126       3       java.util.stream.Streams$ConcatSpliterator::characteristics (56 bytes)
Event: 21.641 Thread 0x000000001be41000 nmethod 5126 0x0000000002df5210 code [0x0000000002df53a0, 0x0000000002df5808]
Event: 21.642 Thread 0x000000001be41000 5127       3       java.util.HashMap$HashMapSpliterator::getFence (53 bytes)
Event: 21.643 Thread 0x000000001be41000 nmethod 5127 0x0000000002df4dd0 code [0x0000000002df4f40, 0x0000000002df5150]
Event: 21.643 Thread 0x000000001be41000 5128       3       java.util.HashMap$HashMapSpliterator::estimateSize (11 bytes)
Event: 21.643 Thread 0x000000001be41000 nmethod 5128 0x00000000031b1250 code [0x00000000031b13c0, 0x00000000031b15e8]

GC Heap History (10 events):
Event: 10.892 GC heap before
{Heap before GC invocations=8 (full 1):
 PSYoungGen      total 101376K, used 79416K [0x000000076c380000, 0x0000000773a80000, 0x00000007c0000000)
  eden space 91136K, 78% used [0x000000076c380000,0x00000007708fe420,0x0000000771c80000)
  from space 10240K, 80% used [0x0000000772680000,0x0000000772e8fbe0,0x0000000773080000)
  to   space 10240K, 0% used [0x0000000771c80000,0x0000000771c80000,0x0000000772680000)
 ParOldGen       total 108032K, used 8426K [0x00000006c4a00000, 0x00000006cb380000, 0x000000076c380000)
  object space 108032K, 7% used [0x00000006c4a00000,0x00000006c523a920,0x00000006cb380000)
 Metaspace       used 33832K, capacity 35458K, committed 35496K, reserved 1079296K
  class space    used 4402K, capacity 4750K, committed 4784K, reserved 1048576K
Event: 10.913 GC heap after
Heap after GC invocations=8 (full 1):
 PSYoungGen      total 101376K, used 10236K [0x000000076c380000, 0x0000000776880000, 0x00000007c0000000)
  eden space 91136K, 0% used [0x000000076c380000,0x000000076c380000,0x0000000771c80000)
  from space 10240K, 99% used [0x0000000771c80000,0x000000077267f378,0x0000000772680000)
  to   space 11776K, 0% used [0x0000000775d00000,0x0000000775d00000,0x0000000776880000)
 ParOldGen       total 108032K, used 10093K [0x00000006c4a00000, 0x00000006cb380000, 0x000000076c380000)
  object space 108032K, 9% used [0x00000006c4a00000,0x00000006c53db600,0x00000006cb380000)
 Metaspace       used 33832K, capacity 35458K, committed 35496K, reserved 1079296K
  class space    used 4402K, capacity 4750K, committed 4784K, reserved 1048576K
}
Event: 10.913 GC heap before
{Heap before GC invocations=9 (full 2):
 PSYoungGen      total 101376K, used 10236K [0x000000076c380000, 0x0000000776880000, 0x00000007c0000000)
  eden space 91136K, 0% used [0x000000076c380000,0x000000076c380000,0x0000000771c80000)
  from space 10240K, 99% used [0x0000000771c80000,0x000000077267f378,0x0000000772680000)
  to   space 11776K, 0% used [0x0000000775d00000,0x0000000775d00000,0x0000000776880000)
 ParOldGen       total 108032K, used 10093K [0x00000006c4a00000, 0x00000006cb380000, 0x000000076c380000)
  object space 108032K, 9% used [0x00000006c4a00000,0x00000006c53db600,0x00000006cb380000)
 Metaspace       used 33832K, capacity 35458K, committed 35496K, reserved 1079296K
  class space    used 4402K, capacity 4750K, committed 4784K, reserved 1048576K
Event: 11.020 GC heap after
Heap after GC invocations=9 (full 2):
 PSYoungGen      total 101376K, used 0K [0x000000076c380000, 0x0000000776880000, 0x00000007c0000000)
  eden space 91136K, 0% used [0x000000076c380000,0x000000076c380000,0x0000000771c80000)
  from space 10240K, 0% used [0x0000000771c80000,0x0000000771c80000,0x0000000772680000)
  to   space 11776K, 0% used [0x0000000775d00000,0x0000000775d00000,0x0000000776880000)
 ParOldGen       total 164352K, used 16689K [0x00000006c4a00000, 0x00000006cea80000, 0x000000076c380000)
  object space 164352K, 10% used [0x00000006c4a00000,0x00000006c5a4c738,0x00000006cea80000)
 Metaspace       used 33832K, capacity 35458K, committed 35496K, reserved 1079296K
  class space    used 4402K, capacity 4750K, committed 4784K, reserved 1048576K
}
Event: 12.469 GC heap before
{Heap before GC invocations=10 (full 2):
 PSYoungGen      total 101376K, used 91136K [0x000000076c380000, 0x0000000776880000, 0x00000007c0000000)
  eden space 91136K, 100% used [0x000000076c380000,0x0000000771c80000,0x0000000771c80000)
  from space 10240K, 0% used [0x0000000771c80000,0x0000000771c80000,0x0000000772680000)
  to   space 11776K, 0% used [0x0000000775d00000,0x0000000775d00000,0x0000000776880000)
 ParOldGen       total 164352K, used 16689K [0x00000006c4a00000, 0x00000006cea80000, 0x000000076c380000)
  object space 164352K, 10% used [0x00000006c4a00000,0x00000006c5a4c738,0x00000006cea80000)
 Metaspace       used 36988K, capacity 38800K, committed 38824K, reserved 1083392K
  class space    used 4940K, capacity 5285K, committed 5296K, reserved 1048576K
Event: 12.480 GC heap after
Heap after GC invocations=10 (full 2):
 PSYoungGen      total 142848K, used 6295K [0x000000076c380000, 0x0000000776380000, 0x00000007c0000000)
  eden space 136192K, 0% used [0x000000076c380000,0x000000076c380000,0x0000000774880000)
  from space 6656K, 94% used [0x0000000775d00000,0x0000000776325e80,0x0000000776380000)
  to   space 11776K, 0% used [0x0000000774c80000,0x0000000774c80000,0x0000000775800000)
 ParOldGen       total 164352K, used 16697K [0x00000006c4a00000, 0x00000006cea80000, 0x000000076c380000)
  object space 164352K, 10% used [0x00000006c4a00000,0x00000006c5a4e738,0x00000006cea80000)
 Metaspace       used 36988K, capacity 38800K, committed 38824K, reserved 1083392K
  class space    used 4940K, capacity 5285K, committed 5296K, reserved 1048576K
}
Event: 15.314 GC heap before
{Heap before GC invocations=11 (full 2):
 PSYoungGen      total 142848K, used 142487K [0x000000076c380000, 0x0000000776380000, 0x00000007c0000000)
  eden space 136192K, 100% used [0x000000076c380000,0x0000000774880000,0x0000000774880000)
  from space 6656K, 94% used [0x0000000775d00000,0x0000000776325e80,0x0000000776380000)
  to   space 11776K, 0% used [0x0000000774c80000,0x0000000774c80000,0x0000000775800000)
 ParOldGen       total 164352K, used 16697K [0x00000006c4a00000, 0x00000006cea80000, 0x000000076c380000)
  object space 164352K, 10% used [0x00000006c4a00000,0x00000006c5a4e738,0x00000006cea80000)
 Metaspace       used 42353K, capacity 44444K, committed 44584K, reserved 1087488K
  class space    used 5704K, capacity 6123K, committed 6192K, reserved 1048576K
Event: 15.351 GC heap after
Heap after GC invocations=11 (full 2):
 PSYoungGen      total 152064K, used 10927K [0x000000076c380000, 0x0000000778900000, 0x00000007c0000000)
  eden space 140288K, 0% used [0x000000076c380000,0x000000076c380000,0x0000000774c80000)
  from space 11776K, 92% used [0x0000000774c80000,0x000000077572bff8,0x0000000775800000)
  to   space 12800K, 0% used [0x0000000777c80000,0x0000000777c80000,0x0000000778900000)
 ParOldGen       total 164352K, used 16705K [0x00000006c4a00000, 0x00000006cea80000, 0x000000076c380000)
  object space 164352K, 10% used [0x00000006c4a00000,0x00000006c5a50738,0x00000006cea80000)
 Metaspace       used 42353K, capacity 44444K, committed 44584K, reserved 1087488K
  class space    used 5704K, capacity 6123K, committed 6192K, reserved 1048576K
}
Event: 21.007 GC heap before
{Heap before GC invocations=12 (full 2):
 PSYoungGen      total 152064K, used 151215K [0x000000076c380000, 0x0000000778900000, 0x00000007c0000000)
  eden space 140288K, 100% used [0x000000076c380000,0x0000000774c80000,0x0000000774c80000)
  from space 11776K, 92% used [0x0000000774c80000,0x000000077572bff8,0x0000000775800000)
  to   space 12800K, 0% used [0x0000000777c80000,0x0000000777c80000,0x0000000778900000)
 ParOldGen       total 164352K, used 16705K [0x00000006c4a00000, 0x00000006cea80000, 0x000000076c380000)
  object space 164352K, 10% used [0x00000006c4a00000,0x00000006c5a50738,0x00000006cea80000)
 Metaspace       used 53034K, capacity 55346K, committed 55592K, reserved 1097728K
  class space    used 7202K, capacity 7622K, committed 7728K, reserved 1048576K
Event: 21.032 GC heap after
Heap after GC invocations=12 (full 2):
 PSYoungGen      total 186368K, used 12781K [0x000000076c380000, 0x0000000779080000, 0x00000007c0000000)
  eden space 173568K, 0% used [0x000000076c380000,0x000000076c380000,0x0000000776d00000)
  from space 12800K, 99% used [0x0000000777c80000,0x00000007788fb680,0x0000000778900000)
  to   space 15872K, 0% used [0x0000000776d00000,0x0000000776d00000,0x0000000777c80000)
 ParOldGen       total 164352K, used 22729K [0x00000006c4a00000, 0x00000006cea80000, 0x000000076c380000)
  object space 164352K, 13% used [0x00000006c4a00000,0x00000006c6032400,0x00000006cea80000)
 Metaspace       used 53034K, capacity 55346K, committed 55592K, reserved 1097728K
  class space    used 7202K, capacity 7622K, committed 7728K, reserved 1048576K
}

Deoptimization events (10 events):
Event: 19.560 Thread 0x000000000291d800 Uncommon trap: reason=unstable_if action=reinterpret pc=0x0000000003108408 method=org.springframework.boot.context.properties.source.ConfigurationPropertyName$Elements.charAt(II)C @ 13
Event: 19.565 Thread 0x000000000291d800 Uncommon trap: reason=unstable_if action=reinterpret pc=0x000000000390de18 method=org.springframework.boot.context.properties.source.ConfigurationPropertyName.elementDiffers(Lorg/springframework/boot/context/properties/source/ConfigurationPropertyName$Elemg#|”ª3@
Event: 19.666 Thread 0x000000000291d800 Uncommon trap: reason=unstable_if action=reinterpret pc=0x0000000003830594 method=java.lang.Class.searchMethods([Ljava/lang/reflect/Method;Ljava/lang/String;[Ljava/lang/Class;)Ljava/lang/reflect/Method; @ 47
Event: 19.768 Thread 0x000000000291d800 Uncommon trap: reason=unstable_if action=reinterpret pc=0x00000000034b687c method=org.springframework.util.StringUtils.cleanPath(Ljava/lang/String;)Ljava/lang/String; @ 4
Event: 20.146 Thread 0x000000000291d800 Uncommon trap: reason=bimorphic action=maybe_recompile pc=0x000000000338df48 method=java.util.AbstractList$Itr.next()Ljava/lang/Object; @ 14
Event: 20.150 Thread 0x000000000291d800 Uncommon trap: reason=bimorphic action=maybe_recompile pc=0x000000000338df48 method=java.util.AbstractList$Itr.next()Ljava/lang/Object; @ 14
Event: 20.150 Thread 0x000000000291d800 Uncommon trap: reason=bimorphic action=maybe_recompile pc=0x000000000338df48 method=java.util.AbstractList$Itr.next()Ljava/lang/Object; @ 14
Event: 20.150 Thread 0x000000000291d800 Uncommon trap: reason=bimorphic action=maybe_recompile pc=0x000000000338df48 method=java.util.AbstractList$Itr.next()Ljava/lang/Object; @ 14
Event: 20.295 Thread 0x000000000291d800 Uncommon trap: reason=unstable_if action=reinterpret pc=0x0000000002f51efc method=java.lang.ClassLoader.getClassLoadingLock(Ljava/lang/String;)Ljava/lang/Object; @ 6
Event: 20.795 Thread 0x000000000291d800 Uncommon trap: reason=predicate action=maybe_recompile pc=0x0000000003466584 method=java.util.AbstractCollection.addAll(Ljava/util/Collection;)Z @ 18

Internal exceptions (10 events):
Event: 19.739 Thread 0x000000000291d800 Exception <a 'java/lang/ClassNotFoundException': org/springframework/beans/factory/BeanClassLoaderAwareCustomizer> (0x0000000770af3e40) thrown at [D:\re\workspace\8-2-build-windows-amd64-cygwin\jdk8u77\6540\hotspot\src\share\vm\classfile\systemDictionary.cg$çie½3@
Event: 19.740 Thread 0x000000000291d800 Exception <a 'java/lang/ClassNotFoundException': org/springframework/beans/factory/AwareCustomizer> (0x0000000770b21a58) thrown at [D:\re\workspace\8-2-build-windows-amd64-cygwin\jdk8u77\6540\hotspot\src\share\vm\classfile\systemDictionary.cpp, line 210]
Event: 19.740 Thread 0x000000000291d800 Exception <a 'java/lang/ClassNotFoundException': org/springframework/beans/factory/BeanFactoryAwareCustomizer> (0x0000000770b55cd0) thrown at [D:\re\workspace\8-2-build-windows-amd64-cygwin\jdk8u77\6540\hotspot\src\share\vm\classfile\systemDictionary.cpp, ä³†œ¾3@
Event: 19.742 Thread 0x000000000291d800 Exception <a 'java/lang/ClassNotFoundException': org/springframework/beans/factory/AwareCustomizer> (0x0000000770b83d08) thrown at [D:\re\workspace\8-2-build-windows-amd64-cygwin\jdk8u77\6540\hotspot\src\share\vm\classfile\systemDictionary.cpp, line 210]
Event: 19.743 Thread 0x000000000291d800 Exception <a 'java/lang/ClassNotFoundException': org/springframework/beans/factory/BeanNameAwareCustomizer> (0x0000000770bb5808) thrown at [D:\re\workspace\8-2-build-windows-amd64-cygwin\jdk8u77\6540\hotspot\src\share\vm\classfile\systemDictionary.cpp, linª©Þb¾3@
Event: 19.744 Thread 0x000000000291d800 Exception <a 'java/lang/ClassNotFoundException': org/springframework/beans/factory/AwareCustomizer> (0x0000000770be3748) thrown at [D:\re\workspace\8-2-build-windows-amd64-cygwin\jdk8u77\6540\hotspot\src\share\vm\classfile\systemDictionary.cpp, line 210]
Event: 19.744 Thread 0x000000000291d800 Exception <a 'java/lang/ClassNotFoundException': org/springframework/beans/factory/InitializingBeanCustomizer> (0x0000000770c179c0) thrown at [D:\re\workspace\8-2-build-windows-amd64-cygwin\jdk8u77\6540\hotspot\src\share\vm\classfile\systemDictionary.cpp, 
Event: 19.745 Thread 0x000000000291d800 Exception <a 'java/lang/ClassNotFoundException': org/springframework/beans/factory/DisposableBeanCustomizer> (0x0000000770c49e40) thrown at [D:\re\workspace\8-2-build-windows-amd64-cygwin\jdk8u77\6540\hotspot\src\share\vm\classfile\systemDictionary.cpp, liiDâÕ¾3@
Event: 19.745 Thread 0x000000000291d800 Exception <a 'java/lang/ClassNotFoundException': org/springframework/orm/jpa/EntityManagerFactoryInfoCustomizer> (0x0000000770c7fa00) thrown at [D:\re\workspace\8-2-build-windows-amd64-cygwin\jdk8u77\6540\hotspot\src\share\vm\classfile\systemDictionary.cpp4Ëf¿3@
Event: 19.746 Thread 0x000000000291d800 Exception <a 'java/lang/ClassNotFoundException': org/springframework/dao/support/PersistenceExceptionTranslatorCustomizer> (0x0000000770cc81c0) thrown at [D:\re\workspace\8-2-build-windows-amd64-cygwin\jdk8u77\6540\hotspot\src\share\vm\classfile\systemDict§Òªñ-½3@

Events (10 events):
Event: 21.658 loading class org/hibernate/validator/internal/metadata/descriptor/ConstraintDescriptorImpl
Event: 21.658 loading class org/hibernate/validator/internal/metadata/descriptor/ConstraintDescriptorImpl done
Event: 21.659 loading class org/hibernate/validator/internal/metadata/core/MetaConstraint$ValueExtractionPathNode
Event: 21.659 loading class org/hibernate/validator/internal/metadata/core/MetaConstraint$ValueExtractionPathNode done
Event: 21.660 loading class org/hibernate/validator/internal/metadata/core/MetaConstraint
Event: 21.660 loading class org/hibernate/validator/internal/metadata/core/MetaConstraint done
Event: 21.660 loading class org/hibernate/validator/internal/util/ConcurrentReferenceHashMap$SoftKeyReference
Event: 21.660 loading class org/hibernate/validator/internal/util/ConcurrentReferenceHashMap$SoftKeyReference done
Event: 21.661 loading class org/hibernate/validator/internal/util/ConcurrentReferenceHashMap$KeyReference
Event: 21.661 loading class org/hibernate/validator/internal/util/ConcurrentReferenceHashMap$KeyReference done


Dynamic libraries:
0x00007ff6caf50000 - 0x00007ff6caf87000 	D:\java\jdk1.8.0_77\jre\bin\java.exe
0x00007ffb015a0000 - 0x00007ffb01790000 	C:\Windows\SYSTEM32\ntdll.dll
0x00007ffb00ed0000 - 0x00007ffb00f82000 	C:\Windows\System32\KERNEL32.DLL
0x00007ffaff3a0000 - 0x00007ffaff643000 	C:\Windows\System32\KERNELBASE.dll
0x00007ffaffb70000 - 0x00007ffaffc13000 	C:\Windows\System32\ADVAPI32.dll
0x00007ffaffde0000 - 0x00007ffaffe7e000 	C:\Windows\System32\msvcrt.dll
0x00007ffb014c0000 - 0x00007ffb01557000 	C:\Windows\System32\sechost.dll
0x00007ffb00b50000 - 0x00007ffb00c70000 	C:\Windows\System32\RPCRT4.dll
0x00007ffaffe80000 - 0x00007ffb00014000 	C:\Windows\System32\USER32.dll
0x00007ffafe730000 - 0x00007ffafe751000 	C:\Windows\System32\win32u.dll
0x00007ffb00360000 - 0x00007ffb00386000 	C:\Windows\System32\GDI32.dll
0x00007ffaff180000 - 0x00007ffaff314000 	C:\Windows\System32\gdi32full.dll
0x00007ffaff0e0000 - 0x00007ffaff17e000 	C:\Windows\System32\msvcp_win.dll
0x00007ffafe630000 - 0x00007ffafe72a000 	C:\Windows\System32\ucrtbase.dll
0x00007ffaec4f0000 - 0x00007ffaec775000 	C:\Windows\WinSxS\amd64_microsoft.windows.common-controls_6595b64144ccf1df_6.0.18362.535_none_e6c3b34713100821\COMCTL32.dll
0x00007ffb00fd0000 - 0x00007ffb01306000 	C:\Windows\System32\combase.dll
0x00007ffafe5b0000 - 0x00007ffafe630000 	C:\Windows\System32\bcryptPrimitives.dll
0x00007ffb00fa0000 - 0x00007ffb00fce000 	C:\Windows\System32\IMM32.DLL
0x00007ffafd060000 - 0x00007ffafd09c000 	C:\Windows\system32\SophosAV\SOPHOS~1.DLL
0x00007ffb00020000 - 0x00007ffb00028000 	C:\Windows\System32\PSAPI.DLL
0x0000000071110000 - 0x00000000711e2000 	D:\java\jdk1.8.0_77\jre\bin\msvcr100.dll
0x0000000070880000 - 0x0000000071110000 	D:\java\jdk1.8.0_77\jre\bin\server\jvm.dll
0x00007ffaf9df0000 - 0x00007ffaf9e14000 	C:\Windows\SYSTEM32\WINMM.dll
0x00007ffaeb860000 - 0x00007ffaeb869000 	C:\Windows\SYSTEM32\WSOCK32.dll
0x00007ffaf6ef0000 - 0x00007ffaf6efa000 	C:\Windows\SYSTEM32\VERSION.dll
0x00007ffb003f0000 - 0x00007ffb0045f000 	C:\Windows\System32\WS2_32.dll
0x00007ffaf9d50000 - 0x00007ffaf9d7d000 	C:\Windows\SYSTEM32\winmmbase.dll
0x00007ffafe530000 - 0x00007ffafe57a000 	C:\Windows\System32\cfgmgr32.dll
0x0000000070870000 - 0x000000007087f000 	D:\java\jdk1.8.0_77\jre\bin\verify.dll
0x0000000070840000 - 0x0000000070869000 	D:\java\jdk1.8.0_77\jre\bin\java.dll
0x0000000070820000 - 0x0000000070836000 	D:\java\jdk1.8.0_77\jre\bin\zip.dll
0x00007ffb00460000 - 0x00007ffb00b45000 	C:\Windows\System32\SHELL32.dll
0x00007ffaff650000 - 0x00007ffaff6f9000 	C:\Windows\System32\shcore.dll
0x00007ffafe960000 - 0x00007ffaff0df000 	C:\Windows\System32\windows.storage.dll
0x00007ffafe510000 - 0x00007ffafe52f000 	C:\Windows\System32\profapi.dll
0x00007ffafe4a0000 - 0x00007ffafe4ea000 	C:\Windows\System32\powrprof.dll
0x00007ffafe470000 - 0x00007ffafe480000 	C:\Windows\System32\UMPDC.dll
0x00007ffb00390000 - 0x00007ffb003e2000 	C:\Windows\System32\shlwapi.dll
0x00007ffafe480000 - 0x00007ffafe491000 	C:\Windows\System32\kernel.appcore.dll
0x00007ffaff320000 - 0x00007ffaff337000 	C:\Windows\System32\cryptsp.dll
0x00000000707d0000 - 0x00000000707dd000 	D:\java\jdk1.8.0_77\jre\bin\management.dll
0x0000000070800000 - 0x000000007081a000 	D:\java\jdk1.8.0_77\jre\bin\net.dll
0x00007ffafdc90000 - 0x00007ffafdcf7000 	C:\Windows\system32\mswsock.dll
0x00000000707e0000 - 0x00000000707f1000 	D:\java\jdk1.8.0_77\jre\bin\nio.dll
0x00007ffafd9b0000 - 0x00007ffafd9ea000 	C:\Windows\SYSTEM32\IPHLPAPI.DLL
0x00007ffb00f90000 - 0x00007ffb00f98000 	C:\Windows\System32\NSI.dll
0x00007ffaf7e20000 - 0x00007ffaf7e36000 	C:\Windows\SYSTEM32\dhcpcsvc6.DLL
0x00007ffaf7c50000 - 0x00007ffaf7c6c000 	C:\Windows\SYSTEM32\dhcpcsvc.DLL
0x00007ffafd9f0000 - 0x00007ffafdaba000 	C:\Windows\SYSTEM32\DNSAPI.dll
0x00007ffaef920000 - 0x00007ffaef92a000 	C:\Windows\System32\rasadhlp.dll
0x00007ffaf8cc0000 - 0x00007ffaf8d37000 	C:\Windows\System32\fwpuclnt.dll
0x00007ffafe580000 - 0x00007ffafe5a6000 	C:\Windows\System32\bcrypt.dll
0x00007ffadd520000 - 0x00007ffadd536000 	C:\Windows\system32\napinsp.dll
0x00007ffadd550000 - 0x00007ffadd56a000 	C:\Windows\system32\pnrpnsp.dll
0x00007ffadd540000 - 0x00007ffadd54e000 	C:\Windows\System32\winrnr.dll
0x00007ffafa110000 - 0x00007ffafa12c000 	C:\Windows\system32\NLAapi.dll
0x00007ffaf8f20000 - 0x00007ffaf8f35000 	C:\Windows\system32\wshbth.dll
0x00000000707a0000 - 0x00000000707c4000 	D:\java\jdk1.8.0_77\jre\bin\sunec.dll
0x00007ffafd810000 - 0x00007ffafd843000 	C:\Windows\system32\rsaenh.dll
0x00007ffafe360000 - 0x00007ffafe385000 	C:\Windows\SYSTEM32\USERENV.dll
0x00007ffafde10000 - 0x00007ffafde1c000 	C:\Windows\SYSTEM32\CRYPTBASE.dll
0x00007ffae8190000 - 0x00007ffae8384000 	C:\Windows\SYSTEM32\dbghelp.dll

VM Arguments:
java_command: C:\Users\gzhang\AppData\Local\Temp\surefire4230803458574055715\surefirebooter1507053592402276441.jar C:\Users\gzhang\AppData\Local\Temp\surefire4230803458574055715 2020-02-14T12-45-52_633-jvmRun1 surefire6225872256318693312tmp surefire_01716655996107131184tmp
java_class_path (initial): C:\Users\gzhang\AppData\Local\Temp\surefire4230803458574055715\surefirebooter1507053592402276441.jar
Launcher Type: SUN_STANDARD

Environment Variables:
JAVA_HOME=D:\java\jdk1.8.0_77
PATH=C:\ProgramData\Oracle\Java\javapath;C:\Python27\;C:\Python27\Scripts;C:\Windows\system32;C:\Windows;C:\Windows\System32\Wbem;C:\Windows\System32\WindowsPowerShell\v1.0\;C:\Windows\System32\OpenSSH\;C:\Program Files\Intel\WiFi\bin\;C:\Program Files\Common Files\Intel\WirelessCommon\;C:\Program Files\Microsoft SQL Server\110\Tools\Binn\;C:\Program Files (x86)\Microsoft SDKs\TypeScript\1.0\;C:\Program Files\Microsoft SQL Server\120\Tools\Binn\;C:\Program Files (x86)\Microsoft SQL Server\150\DTS\Binn\;D:\Program Files\TortoiseSVN\bin;d:\Program Files\Git\cmd;D:\Program Files\nodejs\;C:\ProgramData\chocolatey\bin;D:\Program Files\PuTTY\;D:\apache-maven-3.6.3\bin;;C:\Program Files\Docker\Docker\resources\bin;C:\ProgramData\DockerDesktop\version-bin;C:\Users\gzhang\AppData\Local\Microsoft\WindowsApps;;d:\Program Files\JetBrains\IntelliJ IDEA Community Edition 2019.3.1\bin;;d:\Users\gzhang\AppData\Local\Programs\Microsoft VS Code\bin;C:\Users\gzhang\AppData\Roaming\npm;d:\Program Files\JetBrains\IntelliJ IDEA 2019.3.1\bin;
USERNAME=gzhang
OS=Windows_NT
PROCESSOR_IDENTIFIER=Intel64 Family 6 Model 69 Stepping 1, GenuineIntel



---------------  S Y S T E M  ---------------

OS: Windows 10.0 , 64 bit Build 18362 (10.0.18362.329)

CPU:total 4 (2 cores per cpu, 2 threads per core) family 6 model 69 stepping 1, cmov, cx8, fxsr, mmx, sse, sse2, sse3, ssse3, sse4.1, sse4.2, popcnt, avx, avx2, aes, clmul, erms, lzcnt, ht, tsc, tscinvbit, bmi1, bmi2

Memory: 4k page, physical 16472336k(3958020k free), swap 23812368k(8420404k free)

vm_info: Java HotSpot(TM) 64-Bit Server VM (25.77-b03) for windows-amd64 JRE (1.8.0_77-b03), built on Mar 20 2016 22:01:33 by "java_re" with MS VC++ 10.0 (VS2010)

time: Fri Feb 14 12:46:15 2020
elapsed time: 21 seconds (0d 0h 0m 21s)

