#
# A fatal error has been detected by the Java Runtime Environment:
#
#  EXCEPTION_ACCESS_VIOLATION (0xc0000005) at pc=0x000000005aaaeab5, pid=11796, tid=20864
#
# JRE version: Java(TM) SE Runtime Environment (8.0_77-b03) (build 1.8.0_77-b03)
# Java VM: Java HotSpot(TM) 64-Bit Server VM (25.77-b03 mixed mode windows-amd64 compressed oops)
# Problematic frame:
# V  [jvm.dll+0x4eeab5]
#
# Failed to write core dump. Minidumps are not enabled by default on client versions of Windows
#
# If you would like to submit a bug report, please visit:
#   http://bugreport.java.com/bugreport/crash.jsp
#

---------------  T H R E A D  ---------------

Current thread (0x000000001c3ed000):  JavaThread "C2 CompilerThread0" daemon [_thread_in_native, id=20864, stack(0x000000001da40000,0x000000001db40000)]

siginfo: ExceptionCode=0xc0000005, reading address 0x0000004000000010

Registers:
RAX=0x000000001e781be0, RBX=0x0000004000000000, RCX=0x00000000000003b5, RDX=0x00000000000003b5
RSP=0x000000001db3c440, RBP=0x00000000000001d8, RSI=0x00000000239fcc90, RDI=0x000000001e781bb0
R8 =0x000000000527b0e0, R9 =0x000000001e7819c0, R10=0x000000001e3ff1f0, R11=0x0000000000000030
R12=0x000000000000003b, R13=0x000000001db3ea00, R14=0x0000000000000001, R15=0x000000001db3c7b0
RIP=0x000000005aaaeab5, EFLAGS=0x0000000000010206

Top of Stack: (sp=0x000000001db3c440)
0x000000001db3c440:   0000000022576d30 000000005aa0ab77
0x000000001db3c450:   000000001e3fcf80 000000001db3c4c8
0x000000001db3c460:   00000000239fcc90 00000000239fcb20
0x000000001db3c470:   00000000239fcc90 000000005aa9f600
0x000000001db3c480:   0000000000000000 000000001db3c4c8
0x000000001db3c490:   fffffffffffffff8 0000000000000006
0x000000001db3c4a0:   000000001f6ff700 000000001f73d430
0x000000001db3c4b0:   000000001f6fedf0 000000001c3a7180
0x000000001db3c4c0:   0000000000000001 000000001db3ebc0
0x000000001db3c4d0:   000000000000000c 0000000000000f99
0x000000001db3c4e0:   000000001db3c540 000000005aaa005d
0x000000001db3c4f0:   000000001db3ea00 000000001db3c7b0
0x000000001db3c500:   000000001db3c7b0 0000000000000000
0x000000001db3c510:   0000000000100000 0000000000000000
0x000000001db3c520:   0000000000000000 0000000000000000
0x000000001db3c530:   0000000000000000 000000005aa9a3ac 

Instructions: (pc=0x000000005aaaeab5)
0x000000005aaaea95:   66 66 66 0f 1f 84 00 00 00 00 00 48 8b 46 08 48
0x000000005aaaeaa5:   8b 1c 28 48 8b 47 08 48 89 1c 28 48 85 db 74 25
0x000000005aaaeab5:   48 83 7b 10 00 74 1e 8b 53 20 3b 53 24 75 08 48
0x000000005aaaeac5:   8b cb e8 d4 f4 ff ff 8b 4b 20 48 8b 43 10 48 89 


Register to memory mapping:

RAX=0x000000001e781be0 is an unknown value
RBX=0x0000004000000000 is an unknown value
RCX=0x00000000000003b5 is an unknown value
RDX=0x00000000000003b5 is an unknown value
RSP=0x000000001db3c440 is pointing into the stack for thread: 0x000000001c3ed000
RBP=0x00000000000001d8 is an unknown value
RSI=0x00000000239fcc90 is an unknown value
RDI=0x000000001e781bb0 is an unknown value
R8 =0x000000000527b0e0 is an unknown value
R9 =0x000000001e7819c0 is an unknown value
R10=0x000000001e3ff1f0 is an unknown value
R11=0x0000000000000030 is an unknown value
R12=0x000000000000003b is an unknown value
R13=0x000000001db3ea00 is pointing into the stack for thread: 0x000000001c3ed000
R14=0x0000000000000001 is an unknown value
R15=0x000000001db3c7b0 is pointing into the stack for thread: 0x000000001c3ed000


Stack: [0x000000001da40000,0x000000001db40000],  sp=0x000000001db3c440,  free space=1009k
Native frames: (J=compiled Java code, j=interpreted, Vv=VM code, C=native code)
V  [jvm.dll+0x4eeab5]
V  [jvm.dll+0x4df600]
V  [jvm.dll+0x4e005d]
V  [jvm.dll+0x46dbb1]
V  [jvm.dll+0x4703b2]
V  [jvm.dll+0x453492]
V  [jvm.dll+0xa4ae2]
V  [jvm.dll+0xa541f]
V  [jvm.dll+0x243434]
V  [jvm.dll+0x29a27a]
C  [msvcr100.dll+0x21d9f]
C  [msvcr100.dll+0x21e3b]
C  [KERNEL32.DLL+0x17bd4]
C  [ntdll.dll+0x6ced1]


Current CompileTask:
C2:  50877 6509       4       org.codehaus.plexus.util.xml.Xpp3DomBuilder::build (413 bytes)


---------------  P R O C E S S  ---------------

Java Threads: ( => current thread )
  0x00000000201d0800 JavaThread "resolver-5" daemon [_thread_blocked, id=9880, stack(0x00000000254b0000,0x00000000255b0000)]
  0x000000001ef8b000 JavaThread "resolver-4" daemon [_thread_blocked, id=14192, stack(0x00000000253b0000,0x00000000254b0000)]
  0x000000002063b000 JavaThread "resolver-3" daemon [_thread_blocked, id=21100, stack(0x00000000252b0000,0x00000000253b0000)]
  0x0000000022d0f800 JavaThread "resolver-2" daemon [_thread_blocked, id=8588, stack(0x00000000251b0000,0x00000000252b0000)]
  0x000000001e9fd000 JavaThread "resolver-1" daemon [_thread_blocked, id=21500, stack(0x0000000023a90000,0x0000000023b90000)]
  0x000000001dd6a800 JavaThread "Service Thread" daemon [_thread_blocked, id=21168, stack(0x000000001e140000,0x000000001e240000)]
  0x000000001c3de800 JavaThread "C1 CompilerThread2" daemon [_thread_blocked, id=21144, stack(0x000000001dc40000,0x000000001dd40000)]
  0x000000001c3db800 JavaThread "C2 CompilerThread1" daemon [_thread_in_vm, id=12524, stack(0x000000001db40000,0x000000001dc40000)]
=>0x000000001c3ed000 JavaThread "C2 CompilerThread0" daemon [_thread_in_native, id=20864, stack(0x000000001da40000,0x000000001db40000)]
  0x000000001c3ea800 JavaThread "Attach Listener" daemon [_thread_blocked, id=15744, stack(0x000000001d940000,0x000000001da40000)]
  0x000000001c3e7000 JavaThread "Signal Dispatcher" daemon [_thread_blocked, id=5308, stack(0x000000001d840000,0x000000001d940000)]
  0x0000000002fcb000 JavaThread "Finalizer" daemon [_thread_blocked, id=8580, stack(0x000000001d640000,0x000000001d740000)]
  0x0000000002fc0000 JavaThread "Reference Handler" daemon [_thread_blocked, id=18808, stack(0x000000001d540000,0x000000001d640000)]
  0x0000000002dce000 JavaThread "main" [_thread_in_native, id=4896, stack(0x0000000002dd0000,0x0000000002ed0000)]

Other Threads:
  0x000000001c3a7800 VMThread [stack: 0x000000001d440000,0x000000001d540000] [id=10396]
  0x000000001dd8d800 WatcherThread [stack: 0x000000001e240000,0x000000001e340000] [id=15564]

VM state:not at safepoint (normal execution)

VM Mutex/Monitor currently owned by a thread: None

Heap:
 PSYoungGen      total 275456K, used 93607K [0x000000076c380000, 0x0000000780300000, 0x00000007c0000000)
  eden space 248832K, 26% used [0x000000076c380000,0x00000007704f0f78,0x000000077b680000)
  from space 26624K, 99% used [0x000000077b680000,0x000000077d078cb0,0x000000077d080000)
  to   space 34304K, 0% used [0x000000077e180000,0x000000077e180000,0x0000000780300000)
 ParOldGen       total 140800K, used 43330K [0x00000006c4a00000, 0x00000006cd380000, 0x000000076c380000)
  object space 140800K, 30% used [0x00000006c4a00000,0x00000006c7450bc8,0x00000006cd380000)
 Metaspace       used 28553K, capacity 29332K, committed 29568K, reserved 1075200K
  class space    used 3208K, capacity 3413K, committed 3456K, reserved 1048576K

Card table byte_map: [0x0000000012390000,0x0000000012b70000] byte_map_base: 0x000000000ed6b000

Marking Bits: (ParMarkBitMap*) 0x000000005add0600
 Begin Bits: [0x00000000134b0000, 0x0000000017388000)
 End Bits:   [0x0000000017388000, 0x000000001b260000)

Polling page: 0x0000000002cb0000

CodeCache: size=245760Kb used=19341Kb max_used=19842Kb free=226418Kb
 bounds [0x0000000002fd0000, 0x0000000004390000, 0x0000000011fd0000]
 total_blobs=5864 nmethods=5416 adapters=358
 compilation: enabled

Compilation events (10 events):
Event: 50.727 Thread 0x000000001c3de800 6512       3       org.apache.maven.plugin.internal.WagonExcluder::isLegacyCoreArtifact (54 bytes)
Event: 50.728 Thread 0x000000001c3de800 nmethod 6512 0x0000000003e9ad90 code [0x0000000003e9af60, 0x0000000003e9b7f8]
Event: 50.730 Thread 0x000000001c3ed000 nmethod 6511 0x0000000003e44a50 code [0x0000000003e44bc0, 0x0000000003e45318]
Event: 50.730 Thread 0x000000001c3ed000 6509       4       org.codehaus.plexus.util.xml.Xpp3DomBuilder::build (413 bytes)
Event: 50.775 Thread 0x000000001c3de800 6514       3       org.apache.maven.plugin.internal.WagonExcluder::hashCode (28 bytes)
Event: 50.775 Thread 0x000000001c3de800 nmethod 6514 0x0000000003e9a810 code [0x0000000003e9a980, 0x0000000003e9aca8]
Event: 50.832 Thread 0x000000001c3de800 6516       3       org.apache.maven.model.merge.ModelMerger::mergeSite_ChildSiteUrlInheritAppendPath (41 bytes)
Event: 50.833 Thread 0x000000001c3de800 nmethod 6516 0x00000000032dc0d0 code [0x00000000032dc260, 0x00000000032dc5f8]
Event: 50.833 Thread 0x000000001c3de800 6517       3       org.apache.maven.model.path.DefaultModelPathTranslator::alignToBaseDirectory (327 bytes)
Event: 50.838 Thread 0x000000001c3de800 nmethod 6517 0x00000000036d1450 code [0x00000000036d19a0, 0x00000000036d5338]

GC Heap History (10 events):
Event: 4.976 GC heap before
{Heap before GC invocations=4 (full 0):
 PSYoungGen      total 75264K, used 75248K [0x000000076c380000, 0x0000000775680000, 0x00000007c0000000)
  eden space 64512K, 100% used [0x000000076c380000,0x0000000770280000,0x0000000770280000)
  from space 10752K, 99% used [0x0000000770280000,0x0000000770cfc010,0x0000000770d00000)
  to   space 10752K, 0% used [0x0000000774c00000,0x0000000774c00000,0x0000000775680000)
 ParOldGen       total 172032K, used 9675K [0x00000006c4a00000, 0x00000006cf200000, 0x000000076c380000)
  object space 172032K, 5% used [0x00000006c4a00000,0x00000006c5372e08,0x00000006cf200000)
 Metaspace       used 16190K, capacity 16452K, committed 16640K, reserved 1064960K
  class space    used 1859K, capacity 1982K, committed 2048K, reserved 1048576K
Event: 5.044 GC heap after
Heap after GC invocations=4 (full 0):
 PSYoungGen      total 139776K, used 10720K [0x000000076c380000, 0x0000000775680000, 0x00000007c0000000)
  eden space 129024K, 0% used [0x000000076c380000,0x000000076c380000,0x0000000774180000)
  from space 10752K, 99% used [0x0000000774c00000,0x0000000775678020,0x0000000775680000)
  to   space 10752K, 0% used [0x0000000774180000,0x0000000774180000,0x0000000774c00000)
 ParOldGen       total 172032K, used 18172K [0x00000006c4a00000, 0x00000006cf200000, 0x000000076c380000)
  object space 172032K, 10% used [0x00000006c4a00000,0x00000006c5bbf0d8,0x00000006cf200000)
 Metaspace       used 16190K, capacity 16452K, committed 16640K, reserved 1064960K
  class space    used 1859K, capacity 1982K, committed 2048K, reserved 1048576K
}
Event: 7.065 GC heap before
{Heap before GC invocations=5 (full 0):
 PSYoungGen      total 139776K, used 80436K [0x000000076c380000, 0x0000000775680000, 0x00000007c0000000)
  eden space 129024K, 54% used [0x000000076c380000,0x0000000770795308,0x0000000774180000)
  from space 10752K, 99% used [0x0000000774c00000,0x0000000775678020,0x0000000775680000)
  to   space 10752K, 0% used [0x0000000774180000,0x0000000774180000,0x0000000774c00000)
 ParOldGen       total 172032K, used 18172K [0x00000006c4a00000, 0x00000006cf200000, 0x000000076c380000)
  object space 172032K, 10% used [0x00000006c4a00000,0x00000006c5bbf0d8,0x00000006cf200000)
 Metaspace       used 20551K, capacity 21062K, committed 21296K, reserved 1069056K
  class space    used 2417K, capacity 2561K, committed 2688K, reserved 1048576K
Event: 7.109 GC heap after
Heap after GC invocations=5 (full 0):
 PSYoungGen      total 139776K, used 10736K [0x000000076c380000, 0x000000077ea80000, 0x00000007c0000000)
  eden space 129024K, 0% used [0x000000076c380000,0x000000076c380000,0x0000000774180000)
  from space 10752K, 99% used [0x0000000774180000,0x0000000774bfc030,0x0000000774c00000)
  to   space 22016K, 0% used [0x000000077d500000,0x000000077d500000,0x000000077ea80000)
 ParOldGen       total 172032K, used 23642K [0x00000006c4a00000, 0x00000006cf200000, 0x000000076c380000)
  object space 172032K, 13% used [0x00000006c4a00000,0x00000006c6116a20,0x00000006cf200000)
 Metaspace       used 20551K, capacity 21062K, committed 21296K, reserved 1069056K
  class space    used 2417K, capacity 2561K, committed 2688K, reserved 1048576K
}
Event: 7.109 GC heap before
{Heap before GC invocations=6 (full 1):
 PSYoungGen      total 139776K, used 10736K [0x000000076c380000, 0x000000077ea80000, 0x00000007c0000000)
  eden space 129024K, 0% used [0x000000076c380000,0x000000076c380000,0x0000000774180000)
  from space 10752K, 99% used [0x0000000774180000,0x0000000774bfc030,0x0000000774c00000)
  to   space 22016K, 0% used [0x000000077d500000,0x000000077d500000,0x000000077ea80000)
 ParOldGen       total 172032K, used 23642K [0x00000006c4a00000, 0x00000006cf200000, 0x000000076c380000)
  object space 172032K, 13% used [0x00000006c4a00000,0x00000006c6116a20,0x00000006cf200000)
 Metaspace       used 20551K, capacity 21062K, committed 21296K, reserved 1069056K
  class space    used 2417K, capacity 2561K, committed 2688K, reserved 1048576K
Event: 7.326 GC heap after
Heap after GC invocations=6 (full 1):
 PSYoungGen      total 139776K, used 0K [0x000000076c380000, 0x000000077ea80000, 0x00000007c0000000)
  eden space 129024K, 0% used [0x000000076c380000,0x000000076c380000,0x0000000774180000)
  from space 10752K, 0% used [0x0000000774180000,0x0000000774180000,0x0000000774c00000)
  to   space 22016K, 0% used [0x000000077d500000,0x000000077d500000,0x000000077ea80000)
 ParOldGen       total 140800K, used 31336K [0x00000006c4a00000, 0x00000006cd380000, 0x000000076c380000)
  object space 140800K, 22% used [0x00000006c4a00000,0x00000006c689a2e8,0x00000006cd380000)
 Metaspace       used 20551K, capacity 21062K, committed 21296K, reserved 1069056K
  class space    used 2417K, capacity 2561K, committed 2688K, reserved 1048576K
}
Event: 9.523 GC heap before
{Heap before GC invocations=7 (full 1):
 PSYoungGen      total 139776K, used 129024K [0x000000076c380000, 0x000000077ea80000, 0x00000007c0000000)
  eden space 129024K, 100% used [0x000000076c380000,0x0000000774180000,0x0000000774180000)
  from space 10752K, 0% used [0x0000000774180000,0x0000000774180000,0x0000000774c00000)
  to   space 22016K, 0% used [0x000000077d500000,0x000000077d500000,0x000000077ea80000)
 ParOldGen       total 140800K, used 31336K [0x00000006c4a00000, 0x00000006cd380000, 0x000000076c380000)
  object space 140800K, 22% used [0x00000006c4a00000,0x00000006c689a2e8,0x00000006cd380000)
 Metaspace       used 23953K, capacity 24550K, committed 24704K, reserved 1071104K
  class space    used 2745K, capacity 2913K, committed 2944K, reserved 1048576K
Event: 9.554 GC heap after
Heap after GC invocations=7 (full 1):
 PSYoungGen      total 208896K, used 21984K [0x000000076c380000, 0x000000077ea80000, 0x00000007c0000000)
  eden space 186880K, 0% used [0x000000076c380000,0x000000076c380000,0x0000000777a00000)
  from space 22016K, 99% used [0x000000077d500000,0x000000077ea78350,0x000000077ea80000)
  to   space 26624K, 0% used [0x000000077b680000,0x000000077b680000,0x000000077d080000)
 ParOldGen       total 140800K, used 34470K [0x00000006c4a00000, 0x00000006cd380000, 0x000000076c380000)
  object space 140800K, 24% used [0x00000006c4a00000,0x00000006c6ba9b50,0x00000006cd380000)
 Metaspace       used 23953K, capacity 24550K, committed 24704K, reserved 1071104K
  class space    used 2745K, capacity 2913K, committed 2944K, reserved 1048576K
}
Event: 49.980 GC heap before
{Heap before GC invocations=8 (full 1):
 PSYoungGen      total 208896K, used 208864K [0x000000076c380000, 0x000000077ea80000, 0x00000007c0000000)
  eden space 186880K, 100% used [0x000000076c380000,0x0000000777a00000,0x0000000777a00000)
  from space 22016K, 99% used [0x000000077d500000,0x000000077ea78350,0x000000077ea80000)
  to   space 26624K, 0% used [0x000000077b680000,0x000000077b680000,0x000000077d080000)
 ParOldGen       total 140800K, used 34470K [0x00000006c4a00000, 0x00000006cd380000, 0x000000076c380000)
  object space 140800K, 24% used [0x00000006c4a00000,0x00000006c6ba9b50,0x00000006cd380000)
 Metaspace       used 27081K, capacity 27830K, committed 28160K, reserved 1075200K
  class space    used 2999K, capacity 3212K, committed 3328K, reserved 1048576K
Event: 50.061 GC heap after
Heap after GC invocations=8 (full 1):
 PSYoungGen      total 275456K, used 26595K [0x000000076c380000, 0x0000000780300000, 0x00000007c0000000)
  eden space 248832K, 0% used [0x000000076c380000,0x000000076c380000,0x000000077b680000)
  from space 26624K, 99% used [0x000000077b680000,0x000000077d078cb0,0x000000077d080000)
  to   space 34304K, 0% used [0x000000077e180000,0x000000077e180000,0x0000000780300000)
 ParOldGen       total 140800K, used 43330K [0x00000006c4a00000, 0x00000006cd380000, 0x000000076c380000)
  object space 140800K, 30% used [0x00000006c4a00000,0x00000006c7450bc8,0x00000006cd380000)
 Metaspace       used 27081K, capacity 27830K, committed 28160K, reserved 1075200K
  class space    used 2999K, capacity 3212K, committed 3328K, reserved 1048576K
}

Deoptimization events (10 events):
Event: 49.044 Thread 0x00000000217e1800 Uncommon trap: reason=class_check action=maybe_recompile pc=0x0000000004268f14 method=java.util.Collections$UnmodifiableMap.entrySet()Ljava/util/Set; @ 16
Event: 49.045 Thread 0x00000000217e1800 Uncommon trap: reason=class_check action=maybe_recompile pc=0x00000000042874e8 method=java.util.Collections$UnmodifiableMap$UnmodifiableEntrySet$1.<init>(Ljava/util/Collections$UnmodifiableMap$UnmodifiableEntrySet;)V @ 17
Event: 49.061 Thread 0x00000000217e1800 Uncommon trap: reason=unstable_if action=reinterpret pc=0x0000000003e29290 method=sun.nio.cs.UTF_8$Encoder.encodeArrayLoop(Ljava/nio/CharBuffer;Ljava/nio/ByteBuffer;)Ljava/nio/charset/CoderResult; @ 113
Event: 49.098 Thread 0x00000000217e1800 Uncommon trap: reason=unstable_if action=reinterpret pc=0x0000000003eb7a6c method=org.apache.maven.plugin.surefire.report.StatelessXmlReporter.isIllegalEscape(I)Z @ 7
Event: 49.098 Thread 0x00000000217e1800 Uncommon trap: reason=unstable_if action=reinterpret pc=0x0000000003fb8980 method=org.apache.maven.plugin.surefire.report.StatelessXmlReporter.isIllegalEscape(I)Z @ 7
Event: 49.694 Thread 0x0000000002dce000 Uncommon trap: reason=null_check action=make_not_entrant pc=0x000000000431ed08 method=org.codehaus.plexus.util.xml.Xpp3Dom.mergeIntoXpp3Dom(Lorg/codehaus/plexus/util/xml/Xpp3Dom;Lorg/codehaus/plexus/util/xml/Xpp3Dom;Ljava/lang/Boolean;)V @ 19
Event: 49.876 Thread 0x0000000002dce000 Uncommon trap: reason=unstable_if action=reinterpret pc=0x0000000003db7ce0 method=java.io.ExpiringCache.entryFor(Ljava/lang/String;)Ljava/io/ExpiringCache$Entry; @ 39
Event: 50.236 Thread 0x0000000002dce000 Uncommon trap: reason=class_check action=maybe_recompile pc=0x0000000003a908d8 method=org.apache.maven.model.Plugin.clone()Lorg/apache/maven/model/Plugin; @ 94
Event: 50.602 Thread 0x0000000002dce000 Uncommon trap: reason=null_check action=make_not_entrant pc=0x000000000435a414 method=org.codehaus.plexus.util.xml.Xpp3Dom.mergeIntoXpp3Dom(Lorg/codehaus/plexus/util/xml/Xpp3Dom;Lorg/codehaus/plexus/util/xml/Xpp3Dom;Ljava/lang/Boolean;)V @ 174
Event: 50.704 Thread 0x0000000002dce000 Uncommon trap: reason=unstable_if action=reinterpret pc=0x00000000038e64ec method=org.codehaus.plexus.interpolation.StringSearchInterpolator.interpolate(Ljava/lang/String;Lorg/codehaus/plexus/interpolation/RecursionInterceptor;Ljava/util/Set;)Ljava/lang/StHç²‡¬…H@

Internal exceptions (10 events):
Event: 11.533 Thread 0x0000000002dce000 Exception <a 'java/io/FileNotFoundException'> (0x00000007722c8090) thrown at [D:\re\workspace\8-2-build-windows-amd64-cygwin\jdk8u77\6540\hotspot\src\share\vm\prims\jni.cpp, line 709]
Event: 11.533 Thread 0x0000000002dce000 Exception <a 'java/io/FileNotFoundException'> (0x00000007722c9108) thrown at [D:\re\workspace\8-2-build-windows-amd64-cygwin\jdk8u77\6540\hotspot\src\share\vm\prims\jni.cpp, line 709]
Event: 11.533 Thread 0x0000000002dce000 Exception <a 'java/io/FileNotFoundException'> (0x00000007722ca1e8) thrown at [D:\re\workspace\8-2-build-windows-amd64-cygwin\jdk8u77\6540\hotspot\src\share\vm\prims\jni.cpp, line 709]
Event: 11.534 Thread 0x0000000002dce000 Exception <a 'java/io/FileNotFoundException'> (0x00000007722cb230) thrown at [D:\re\workspace\8-2-build-windows-amd64-cygwin\jdk8u77\6540\hotspot\src\share\vm\prims\jni.cpp, line 709]
Event: 11.534 Thread 0x0000000002dce000 Exception <a 'java/io/FileNotFoundException'> (0x00000007722cc308) thrown at [D:\re\workspace\8-2-build-windows-amd64-cygwin\jdk8u77\6540\hotspot\src\share\vm\prims\jni.cpp, line 709]
Event: 11.958 Thread 0x0000000002dce000 Exception <a 'java/lang/NoSuchMethodError': org.apache.maven.execution.MavenExecutionRequest.getFailureBehavior()Ljava/lang/String;> (0x00000007737f1a10) thrown at [D:\re\workspace\8-2-build-windows-amd64-cygwin\jdk8u77\6540\hotspot\src\share\vm\interprete
Event: 49.679 Thread 0x0000000002dce000 Exception <a 'sun/nio/fs/WindowsException'> (0x0000000776c1b838) thrown at [D:\re\workspace\8-2-build-windows-amd64-cygwin\jdk8u77\6540\hotspot\src\share\vm\prims\jni.cpp, line 709]
Event: 49.680 Thread 0x0000000002dce000 Exception <a 'java/lang/reflect/InvocationTargetException'> (0x0000000776c1c140) thrown at [D:\re\workspace\8-2-build-windows-amd64-cygwin\jdk8u77\6540\hotspot\src\share\vm\runtime\reflection.cpp, line 1092]
Event: 49.694 Thread 0x0000000002dce000 Implicit null exception at 0x000000000431a54b to 0x000000000431ecf9
Event: 50.602 Thread 0x0000000002dce000 Implicit null exception at 0x0000000004356146 to 0x000000000435a409

Events (10 events):
Event: 50.679 Thread 0x0000000002dce000 DEOPT UNPACKING pc=0x000000000301787f sp=0x0000000002ecbbf0 mode 0
Event: 50.684 Thread 0x0000000002dce000 DEOPT PACKING pc=0x000000000437616b sp=0x0000000002ecbd00
Event: 50.684 Thread 0x0000000002dce000 DEOPT UNPACKING pc=0x000000000301787f sp=0x0000000002ecbb00 mode 0
Event: 50.694 Thread 0x0000000002dce000 DEOPT PACKING pc=0x000000000437616b sp=0x0000000002ecc480
Event: 50.694 Thread 0x0000000002dce000 DEOPT UNPACKING pc=0x000000000301787f sp=0x0000000002ecc280 mode 0
Event: 50.704 Thread 0x0000000002dce000 Uncommon trap: trap_request=0xffffff65 fr.pc=0x00000000038e64ec
Event: 50.704 Thread 0x0000000002dce000 DEOPT PACKING pc=0x00000000038e64ec sp=0x0000000002ecc3a0
Event: 50.704 Thread 0x0000000002dce000 DEOPT UNPACKING pc=0x000000000301582a sp=0x0000000002ecc3a8 mode 2
Event: 50.711 Thread 0x0000000002dce000 DEOPT PACKING pc=0x00000000036f0555 sp=0x0000000002ecbbd0
Event: 50.711 Thread 0x0000000002dce000 DEOPT UNPACKING pc=0x000000000301787f sp=0x0000000002ecb990 mode 0


Dynamic libraries:
0x00007ff7ec5c0000 - 0x00007ff7ec5f7000 	D:\java\jdk1.8.0_77\bin\java.exe
0x00007ffdba920000 - 0x00007ffdbab10000 	C:\Windows\SYSTEM32\ntdll.dll
0x00007ffdb8f70000 - 0x00007ffdb9022000 	C:\Windows\System32\KERNEL32.DLL
0x00007ffdb8130000 - 0x00007ffdb83d3000 	C:\Windows\System32\KERNELBASE.dll
0x00007ffdb8ec0000 - 0x00007ffdb8f63000 	C:\Windows\System32\ADVAPI32.dll
0x00007ffdb9030000 - 0x00007ffdb90ce000 	C:\Windows\System32\msvcrt.dll
0x00007ffdb9840000 - 0x00007ffdb98d7000 	C:\Windows\System32\sechost.dll
0x00007ffdb8da0000 - 0x00007ffdb8ec0000 	C:\Windows\System32\RPCRT4.dll
0x00007ffdba5f0000 - 0x00007ffdba784000 	C:\Windows\System32\USER32.dll
0x00007ffdb8100000 - 0x00007ffdb8121000 	C:\Windows\System32\win32u.dll
0x00007ffdba3a0000 - 0x00007ffdba3c6000 	C:\Windows\System32\GDI32.dll
0x00007ffdb8430000 - 0x00007ffdb85c4000 	C:\Windows\System32\gdi32full.dll
0x00007ffdb8030000 - 0x00007ffdb80ce000 	C:\Windows\System32\msvcp_win.dll
0x00007ffdb88b0000 - 0x00007ffdb89aa000 	C:\Windows\System32\ucrtbase.dll
0x00007ffda73f0000 - 0x00007ffda7675000 	C:\Windows\WinSxS\amd64_microsoft.windows.common-controls_6595b64144ccf1df_6.0.18362.535_none_e6c3b34713100821\COMCTL32.dll
0x00007ffdb9a20000 - 0x00007ffdb9d56000 	C:\Windows\System32\combase.dll
0x00007ffdb8830000 - 0x00007ffdb88b0000 	C:\Windows\System32\bcryptPrimitives.dll
0x00007ffdb9940000 - 0x00007ffdb996e000 	C:\Windows\System32\IMM32.DLL
0x00007ffd95890000 - 0x00007ffd958cc000 	C:\Windows\system32\SophosAV\SOPHOS~1.DLL
0x00007ffdba8d0000 - 0x00007ffdba8d8000 	C:\Windows\System32\PSAPI.DLL
0x000000005c400000 - 0x000000005c4d2000 	D:\java\jdk1.8.0_77\jre\bin\msvcr100.dll
0x000000005a5c0000 - 0x000000005ae50000 	D:\java\jdk1.8.0_77\jre\bin\server\jvm.dll
0x00007ffdaf4e0000 - 0x00007ffdaf4ea000 	C:\Windows\SYSTEM32\VERSION.dll
0x00007ffda1400000 - 0x00007ffda1409000 	C:\Windows\SYSTEM32\WSOCK32.dll
0x00007ffdb4b50000 - 0x00007ffdb4b74000 	C:\Windows\SYSTEM32\WINMM.dll
0x00007ffdba580000 - 0x00007ffdba5ef000 	C:\Windows\System32\WS2_32.dll
0x00007ffdb4b20000 - 0x00007ffdb4b4d000 	C:\Windows\SYSTEM32\winmmbase.dll
0x00007ffdb83e0000 - 0x00007ffdb842a000 	C:\Windows\System32\cfgmgr32.dll
0x000000005c3f0000 - 0x000000005c3ff000 	D:\java\jdk1.8.0_77\jre\bin\verify.dll
0x000000005c3c0000 - 0x000000005c3e9000 	D:\java\jdk1.8.0_77\jre\bin\java.dll
0x000000005c3a0000 - 0x000000005c3b6000 	D:\java\jdk1.8.0_77\jre\bin\zip.dll
0x00007ffdb90d0000 - 0x00007ffdb97b5000 	C:\Windows\System32\SHELL32.dll
0x00007ffdb8b80000 - 0x00007ffdb8c29000 	C:\Windows\System32\shcore.dll
0x00007ffdb78b0000 - 0x00007ffdb802f000 	C:\Windows\System32\windows.storage.dll
0x00007ffdb7800000 - 0x00007ffdb781f000 	C:\Windows\System32\profapi.dll
0x00007ffdb7840000 - 0x00007ffdb788a000 	C:\Windows\System32\powrprof.dll
0x00007ffdb77f0000 - 0x00007ffdb7800000 	C:\Windows\System32\UMPDC.dll
0x00007ffdb98e0000 - 0x00007ffdb9932000 	C:\Windows\System32\shlwapi.dll
0x00007ffdb7890000 - 0x00007ffdb78a1000 	C:\Windows\System32\kernel.appcore.dll
0x00007ffdb89b0000 - 0x00007ffdb89c7000 	C:\Windows\System32\cryptsp.dll
0x00007ffdab070000 - 0x00007ffdab07a000 	D:\apache-maven-3.6.3\lib\jansi-native\windows64\jansi.dll
0x000000005c380000 - 0x000000005c39a000 	D:\java\jdk1.8.0_77\jre\bin\net.dll
0x00007ffdb7010000 - 0x00007ffdb7077000 	C:\Windows\system32\mswsock.dll
0x000000005c360000 - 0x000000005c371000 	D:\java\jdk1.8.0_77\jre\bin\nio.dll
0x000000005c350000 - 0x000000005c35d000 	D:\java\jdk1.8.0_77\jre\bin\management.dll
0x00007ffd95ca0000 - 0x00007ffd95cb6000 	C:\Windows\system32\napinsp.dll
0x00007ffd95c80000 - 0x00007ffd95c9a000 	C:\Windows\system32\pnrpnsp.dll
0x00007ffdb6d70000 - 0x00007ffdb6e3a000 	C:\Windows\SYSTEM32\DNSAPI.dll
0x00007ffdb8d90000 - 0x00007ffdb8d98000 	C:\Windows\System32\NSI.dll
0x00007ffdb6d30000 - 0x00007ffdb6d6a000 	C:\Windows\SYSTEM32\IPHLPAPI.DLL
0x00007ffd95c70000 - 0x00007ffd95c7e000 	C:\Windows\System32\winrnr.dll
0x00007ffdb3260000 - 0x00007ffdb327c000 	C:\Windows\system32\NLAapi.dll
0x00007ffdb2440000 - 0x00007ffdb2455000 	C:\Windows\system32\wshbth.dll
0x00007ffdab3e0000 - 0x00007ffdab3ea000 	C:\Windows\System32\rasadhlp.dll
0x00007ffdb25d0000 - 0x00007ffdb2647000 	C:\Windows\System32\fwpuclnt.dll
0x00007ffdb80d0000 - 0x00007ffdb80f6000 	C:\Windows\System32\bcrypt.dll
0x00007ffdb6b90000 - 0x00007ffdb6bc3000 	C:\Windows\system32\rsaenh.dll
0x00007ffdb76e0000 - 0x00007ffdb7705000 	C:\Windows\SYSTEM32\USERENV.dll
0x00007ffdb7190000 - 0x00007ffdb719c000 	C:\Windows\SYSTEM32\CRYPTBASE.dll
0x00007ffdb1340000 - 0x00007ffdb1356000 	C:\Windows\SYSTEM32\dhcpcsvc6.DLL
0x00007ffdb1320000 - 0x00007ffdb133c000 	C:\Windows\SYSTEM32\dhcpcsvc.DLL
0x00007ffda0b30000 - 0x00007ffda0d24000 	C:\Windows\SYSTEM32\dbghelp.dll

VM Arguments:
jvm_args: -Dclassworlds.conf=D:\apache-maven-3.6.3\bin\..\bin\m2.conf -Dmaven.home=D:\apache-maven-3.6.3\bin\.. -Dlibrary.jansi.path=D:\apache-maven-3.6.3\bin\..\lib\jansi-native -Dmaven.multiModuleProjectDirectory=E:\git\github\garyzhangscm\cwms\ressvr 
java_command: org.codehaus.plexus.classworlds.launcher.Launcher clean package docker:build
java_class_path (initial): D:\apache-maven-3.6.3\bin\..\boot\plexus-classworlds-2.6.0.jar
Launcher Type: SUN_STANDARD

Environment Variables:
JAVA_HOME=D:\java\jdk1.8.0_77
PATH=C:\ProgramData\Oracle\Java\javapath;C:\Python27\;C:\Python27\Scripts;C:\Windows\system32;C:\Windows;C:\Windows\System32\Wbem;C:\Windows\System32\WindowsPowerShell\v1.0\;C:\Windows\System32\OpenSSH\;C:\Program Files\Intel\WiFi\bin\;C:\Program Files\Common Files\Intel\WirelessCommon\;C:\Program Files\Microsoft SQL Server\110\Tools\Binn\;C:\Program Files (x86)\Microsoft SDKs\TypeScript\1.0\;C:\Program Files\Microsoft SQL Server\120\Tools\Binn\;C:\Program Files (x86)\Microsoft SQL Server\150\DTS\Binn\;D:\Program Files\TortoiseSVN\bin;d:\Program Files\Git\cmd;D:\Program Files\nodejs\;C:\ProgramData\chocolatey\bin;D:\Program Files\PuTTY\;D:\apache-maven-3.6.3\bin;;C:\Program Files\Docker\Docker\resources\bin;C:\ProgramData\DockerDesktop\version-bin;C:\Users\gzhang\AppData\Local\Microsoft\WindowsApps;;d:\Program Files\JetBrains\IntelliJ IDEA Community Edition 2019.3.1\bin;;d:\Users\gzhang\AppData\Local\Programs\Microsoft VS Code\bin;C:\Users\gzhang\AppData\Roaming\npm;d:\Program Files\JetBrains\IntelliJ IDEA 2019.3.1\bin;
USERNAME=gzhang
OS=Windows_NT
PROCESSOR_IDENTIFIER=Intel64 Family 6 Model 69 Stepping 1, GenuineIntel



---------------  S Y S T E M  ---------------

OS: Windows 10.0 , 64 bit Build 18362 (10.0.18362.329)

CPU:total 4 (2 cores per cpu, 2 threads per core) family 6 model 69 stepping 1, cmov, cx8, fxsr, mmx, sse, sse2, sse3, ssse3, sse4.1, sse4.2, popcnt, avx, avx2, aes, clmul, erms, lzcnt, ht, tsc, tscinvbit, bmi1, bmi2

Memory: 4k page, physical 16472336k(2527144k free), swap 22880528k(3689396k free)

vm_info: Java HotSpot(TM) 64-Bit Server VM (25.77-b03) for windows-amd64 JRE (1.8.0_77-b03), built on Mar 20 2016 22:01:33 by "java_re" with MS VC++ 10.0 (VS2010)

time: Mon Mar 09 14:33:23 2020
elapsed time: 50 seconds (0d 0h 0m 50s)

