#
# A fatal error has been detected by the Java Runtime Environment:
#
#  EXCEPTION_ACCESS_VIOLATION (0xc0000005) at pc=0x0000000070dfb137, pid=9208, tid=6952
#
# JRE version: Java(TM) SE Runtime Environment (8.0_77-b03) (build 1.8.0_77-b03)
# Java VM: Java HotSpot(TM) 64-Bit Server VM (25.77-b03 mixed mode windows-amd64 compressed oops)
# Problematic frame:
# V  [jvm.dll+0x49b137]
#
# Failed to write core dump. Minidumps are not enabled by default on client versions of Windows
#
# If you would like to submit a bug report, please visit:
#   http://bugreport.java.com/bugreport/crash.jsp
#

---------------  T H R E A D  ---------------

Current thread (0x000000001bf56800):  JavaThread "C2 CompilerThread1" daemon [_thread_in_native, id=6952, stack(0x000000001d6c0000,0x000000001d7c0000)]

siginfo: ExceptionCode=0xc0000005, reading address 0x0000004071170d38

Registers:
RAX=0x0000000000000000, RBX=0x000000001d7bc0b0, RCX=0x00000000270eb480, RDX=0x0000000025ada270
RSP=0x000000001d7bbf20, RBP=0x000000001d7be8b0, RSI=0x0000000000000003, RDI=0x0000000000000018
R8 =0x0000000000000000, R9 =0x0000000000000150, R10=0x0000000000000006, R11=0x000000001d7bbf30
R12=0x0000004071170d38, R13=0x0000000025ada270, R14=0x0000000071170d38, R15=0x0000000000000000
RIP=0x0000000070dfb137, EFLAGS=0x0000000000010246

Top of Stack: (sp=0x000000001d7bbf20)
0x000000001d7bbf20:   000000001d7bc0b0 0000000070dfb38b
0x000000001d7bbf30:   0000000000000000 0000000025c3de98
0x000000001d7bbf40:   000000002678bec0 0000000000000000
0x000000001d7bbf50:   0000000000000006 0000000070df731c
0x000000001d7bbf60:   000000001d7bc060 000000001d7bc530
0x000000001d7bbf70:   000000002678c4d0 000000000000066c
0x000000001d7bbf80:   0000000100000000 0000000000000006
0x000000001d7bbf90:   00000000207da258 0000000000000006
0x000000001d7bbfa0:   0000066c00000005 00000000fffffffb
0x000000001d7bbfb0:   0000000005155455 0000000000000000
0x000000001d7bbfc0:   0000000000000000 0000000000000000
0x000000001d7bbfd0:   0000000000000000 0000000800000000
0x000000001d7bbfe0:   0303030300000008 00000000270eaaa0
0x000000001d7bbff0:   0000000000000038 00000000270eb610
0x000000001d7bc000:   0000000000000038 000000001d7bc0b0
0x000000001d7bc010:   0000000000000001 0000000000000002 

Instructions: (pc=0x0000000070dfb137)
0x0000000070dfb117:   8d e8 07 00 00 48 8b 01 48 89 85 e8 07 00 00 33
0x0000000070dfb127:   c0 48 89 01 48 89 41 08 48 89 41 10 48 89 41 18
0x0000000070dfb137:   41 8b 04 24 89 01 41 8b 44 24 04 89 41 04 41 8b
0x0000000070dfb147:   44 24 08 89 41 08 41 8b 44 24 0c 89 41 0c 41 8b 


Register to memory mapping:

RAX=0x0000000000000000 is an unknown value
RBX=0x000000001d7bc0b0 is pointing into the stack for thread: 0x000000001bf56800
RCX=0x00000000270eb480 is an unknown value
RDX=0x0000000025ada270 is an unknown value
RSP=0x000000001d7bbf20 is pointing into the stack for thread: 0x000000001bf56800
RBP=0x000000001d7be8b0 is pointing into the stack for thread: 0x000000001bf56800
RSI=0x0000000000000003 is an unknown value
RDI=0x0000000000000018 is an unknown value
R8 =0x0000000000000000 is an unknown value
R9 =0x0000000000000150 is an unknown value
R10=0x0000000000000006 is an unknown value
R11=0x000000001d7bbf30 is pointing into the stack for thread: 0x000000001bf56800
R12=0x0000004071170d38 is an unknown value
R13=0x0000000025ada270 is an unknown value
R14=0x0000000071170d38 is an unknown value
R15=0x0000000000000000 is an unknown value


Stack: [0x000000001d6c0000,0x000000001d7c0000],  sp=0x000000001d7bbf20,  free space=1007k
Native frames: (J=compiled Java code, j=interpreted, Vv=VM code, C=native code)
V  [jvm.dll+0x49b137]
V  [jvm.dll+0x49731c]
V  [jvm.dll+0x462d3d]
V  [jvm.dll+0x46dd9b]
V  [jvm.dll+0x4703b2]
V  [jvm.dll+0x453492]
V  [jvm.dll+0xa4ae2]
V  [jvm.dll+0xa541f]
V  [jvm.dll+0x243434]
V  [jvm.dll+0x29a27a]
C  [msvcr100.dll+0x21d9f]
C  [msvcr100.dll+0x21e3b]
C  [KERNEL32.DLL+0x17bd4]
C  [ntdll.dll+0x6ced1]


Current CompileTask:
C2:  23842 5625       4       org.springframework.core.annotation.AnnotationsScanner::processMethodHierarchy (274 bytes)


---------------  P R O C E S S  ---------------

Java Threads: ( => current thread )
  0x0000000023e7f800 JavaThread "HikariPool-1 housekeeper" daemon [_thread_blocked, id=11428, stack(0x0000000025030000,0x0000000025130000)]
  0x0000000023e7e000 JavaThread "mysql-cj-abandoned-connection-cleanup" daemon [_thread_blocked, id=12668, stack(0x0000000024330000,0x0000000024430000)]
  0x000000001da2a000 JavaThread "surefire-forkedjvm-ping-30s" daemon [_thread_blocked, id=3580, stack(0x000000001dfc0000,0x000000001e0c0000)]
  0x000000001d99f000 JavaThread "surefire-forkedjvm-command-thread" daemon [_thread_in_native, id=5440, stack(0x000000001dec0000,0x000000001dfc0000)]
  0x000000001bfad000 JavaThread "Service Thread" daemon [_thread_blocked, id=14352, stack(0x000000001dcc0000,0x000000001ddc0000)]
  0x000000001bf64000 JavaThread "C1 CompilerThread2" daemon [_thread_blocked, id=2340, stack(0x000000001d7c0000,0x000000001d8c0000)]
=>0x000000001bf56800 JavaThread "C2 CompilerThread1" daemon [_thread_in_native, id=6952, stack(0x000000001d6c0000,0x000000001d7c0000)]
  0x000000001bf51000 JavaThread "C2 CompilerThread0" daemon [_thread_in_native, id=19792, stack(0x000000001d5c0000,0x000000001d6c0000)]
  0x000000001bf4c800 JavaThread "Attach Listener" daemon [_thread_blocked, id=21288, stack(0x000000001d4c0000,0x000000001d5c0000)]
  0x000000001bf4b800 JavaThread "Signal Dispatcher" daemon [_thread_blocked, id=5868, stack(0x000000001d3c0000,0x000000001d4c0000)]
  0x0000000002ae6800 JavaThread "Finalizer" daemon [_thread_blocked, id=19856, stack(0x000000001d1c0000,0x000000001d2c0000)]
  0x0000000002ae1000 JavaThread "Reference Handler" daemon [_thread_blocked, id=14064, stack(0x000000001d0c0000,0x000000001d1c0000)]
  0x00000000028ed800 JavaThread "main" [_thread_in_vm, id=10744, stack(0x00000000028f0000,0x00000000029f0000)]

Other Threads:
  0x000000001bf17800 VMThread [stack: 0x000000001cfc0000,0x000000001d0c0000] [id=19584]
  0x000000001d903800 WatcherThread [stack: 0x000000001ddc0000,0x000000001dec0000] [id=16132]

VM state:not at safepoint (normal execution)

VM Mutex/Monitor currently owned by a thread: None

Heap:
 PSYoungGen      total 199680K, used 92718K [0x000000076c380000, 0x000000077e080000, 0x00000007c0000000)
  eden space 183296K, 50% used [0x000000076c380000,0x0000000771e0b830,0x0000000777680000)
  from space 16384K, 0% used [0x0000000777680000,0x0000000777680000,0x0000000778680000)
  to   space 16896K, 0% used [0x000000077d000000,0x000000077d000000,0x000000077e080000)
 ParOldGen       total 204800K, used 26948K [0x00000006c4a00000, 0x00000006d1200000, 0x000000076c380000)
  object space 204800K, 13% used [0x00000006c4a00000,0x00000006c6451040,0x00000006d1200000)
 Metaspace       used 61877K, capacity 64406K, committed 64680K, reserved 1105920K
  class space    used 8554K, capacity 9018K, committed 9136K, reserved 1048576K

Card table byte_map: [0x0000000011eb0000,0x0000000012690000] byte_map_base: 0x000000000e88b000

Marking Bits: (ParMarkBitMap*) 0x0000000071170600
 Begin Bits: [0x0000000012fd0000, 0x0000000016ea8000)
 End Bits:   [0x0000000016ea8000, 0x000000001ad80000)

Polling page: 0x0000000000fe0000

CodeCache: size=245760Kb used=17551Kb max_used=18470Kb free=228208Kb
 bounds [0x0000000002af0000, 0x0000000003d10000, 0x0000000011af0000]
 total_blobs=5576 nmethods=5006 adapters=481
 compilation: enabled

Compilation events (10 events):
Event: 23.607 Thread 0x000000001bf64000 5729       3       sun.reflect.generics.visitor.Reifier::visitTypeVariableSignature (18 bytes)
Event: 23.607 Thread 0x000000001bf64000 nmethod 5729 0x0000000002fa2390 code [0x0000000002fa2520, 0x0000000002fa28a8]
Event: 23.642 Thread 0x000000001bf51000 nmethod 5671% 0x00000000035f8450 code [0x00000000035f8820, 0x00000000035fe080]
Event: 23.643 Thread 0x000000001bf51000 5636       4       org.springframework.asm.SymbolTable::addConstantUtf8Reference (101 bytes)
Event: 23.660 Thread 0x000000001bf51000 nmethod 5636 0x00000000031a67d0 code [0x00000000031a6960, 0x00000000031a7318]
Event: 23.660 Thread 0x000000001bf51000 5734       4       java.lang.Class::searchMethods (90 bytes)
Event: 23.671 Thread 0x000000001bf51000 nmethod 5734 0x00000000037eadd0 code [0x00000000037eaf40, 0x00000000037eb548]
Event: 23.671 Thread 0x000000001bf51000 5731       4       org.springframework.core.annotation.TypeMappedAnnotations$MergedAnnotationFinder::doWithAnnotations (75 bytes)
Event: 23.674 Thread 0x000000001bf64000 5735       3       java.lang.invoke.MethodHandles::constant (87 bytes)
Event: 23.676 Thread 0x000000001bf64000 nmethod 5735 0x0000000002ee8190 code [0x0000000002ee8440, 0x0000000002ee9648]

GC Heap History (10 events):
Event: 12.893 GC heap before
{Heap before GC invocations=10 (full 2):
 PSYoungGen      total 101376K, used 91136K [0x000000076c380000, 0x0000000776a00000, 0x00000007c0000000)
  eden space 91136K, 100% used [0x000000076c380000,0x0000000771c80000,0x0000000771c80000)
  from space 10240K, 0% used [0x0000000771c80000,0x0000000771c80000,0x0000000772680000)
  to   space 11776K, 0% used [0x0000000775e80000,0x0000000775e80000,0x0000000776a00000)
 ParOldGen       total 157696K, used 16698K [0x00000006c4a00000, 0x00000006ce400000, 0x000000076c380000)
  object space 157696K, 10% used [0x00000006c4a00000,0x00000006c5a4e8a0,0x00000006ce400000)
 Metaspace       used 37040K, capacity 38880K, committed 39208K, reserved 1083392K
  class space    used 4949K, capacity 5317K, committed 5424K, reserved 1048576K
Event: 12.904 GC heap after
Heap after GC invocations=10 (full 2):
 PSYoungGen      total 148480K, used 6271K [0x000000076c380000, 0x0000000776500000, 0x00000007c0000000)
  eden space 141824K, 0% used [0x000000076c380000,0x000000076c380000,0x0000000774e00000)
  from space 6656K, 94% used [0x0000000775e80000,0x000000077649ffa0,0x0000000776500000)
  to   space 11776K, 0% used [0x0000000774e00000,0x0000000774e00000,0x0000000775980000)
 ParOldGen       total 157696K, used 16706K [0x00000006c4a00000, 0x00000006ce400000, 0x000000076c380000)
  object space 157696K, 10% used [0x00000006c4a00000,0x00000006c5a508a0,0x00000006ce400000)
 Metaspace       used 37040K, capacity 38880K, committed 39208K, reserved 1083392K
  class space    used 4949K, capacity 5317K, committed 5424K, reserved 1048576K
}
Event: 16.091 GC heap before
{Heap before GC invocations=11 (full 2):
 PSYoungGen      total 148480K, used 148095K [0x000000076c380000, 0x0000000776500000, 0x00000007c0000000)
  eden space 141824K, 100% used [0x000000076c380000,0x0000000774e00000,0x0000000774e00000)
  from space 6656K, 94% used [0x0000000775e80000,0x000000077649ffa0,0x0000000776500000)
  to   space 11776K, 0% used [0x0000000774e00000,0x0000000774e00000,0x0000000775980000)
 ParOldGen       total 157696K, used 16706K [0x00000006c4a00000, 0x00000006ce400000, 0x000000076c380000)
  object space 157696K, 10% used [0x00000006c4a00000,0x00000006c5a508a0,0x00000006ce400000)
 Metaspace       used 42764K, capacity 44918K, committed 45096K, reserved 1087488K
  class space    used 5744K, capacity 6158K, committed 6192K, reserved 1048576K
Event: 16.120 GC heap after
Heap after GC invocations=11 (full 2):
 PSYoungGen      total 153600K, used 11180K [0x000000076c380000, 0x0000000779380000, 0x00000007c0000000)
  eden space 141824K, 0% used [0x000000076c380000,0x000000076c380000,0x0000000774e00000)
  from space 11776K, 94% used [0x0000000774e00000,0x00000007758eb070,0x0000000775980000)
  to   space 12800K, 0% used [0x0000000778700000,0x0000000778700000,0x0000000779380000)
 ParOldGen       total 157696K, used 16714K [0x00000006c4a00000, 0x00000006ce400000, 0x000000076c380000)
  object space 157696K, 10% used [0x00000006c4a00000,0x00000006c5a528a0,0x00000006ce400000)
 Metaspace       used 42764K, capacity 44918K, committed 45096K, reserved 1087488K
  class space    used 5744K, capacity 6158K, committed 6192K, reserved 1048576K
}
Event: 21.268 GC heap before
{Heap before GC invocations=12 (full 2):
 PSYoungGen      total 153600K, used 153004K [0x000000076c380000, 0x0000000779380000, 0x00000007c0000000)
  eden space 141824K, 100% used [0x000000076c380000,0x0000000774e00000,0x0000000774e00000)
  from space 11776K, 94% used [0x0000000774e00000,0x00000007758eb070,0x0000000775980000)
  to   space 12800K, 0% used [0x0000000778700000,0x0000000778700000,0x0000000779380000)
 ParOldGen       total 157696K, used 16714K [0x00000006c4a00000, 0x00000006ce400000, 0x000000076c380000)
  object space 157696K, 10% used [0x00000006c4a00000,0x00000006c5a528a0,0x00000006ce400000)
 Metaspace       used 53728K, capacity 55998K, committed 56104K, reserved 1097728K
  class space    used 7293K, capacity 7718K, committed 7728K, reserved 1048576K
Event: 21.291 GC heap after
Heap after GC invocations=12 (full 2):
 PSYoungGen      total 196096K, used 12794K [0x000000076c380000, 0x0000000779680000, 0x00000007c0000000)
  eden space 183296K, 0% used [0x000000076c380000,0x000000076c380000,0x0000000777680000)
  from space 12800K, 99% used [0x0000000778700000,0x000000077937ea90,0x0000000779380000)
  to   space 16384K, 0% used [0x0000000777680000,0x0000000777680000,0x0000000778680000)
 ParOldGen       total 157696K, used 23069K [0x00000006c4a00000, 0x00000006ce400000, 0x000000076c380000)
  object space 157696K, 14% used [0x00000006c4a00000,0x00000006c60874f8,0x00000006ce400000)
 Metaspace       used 53728K, capacity 55998K, committed 56104K, reserved 1097728K
  class space    used 7293K, capacity 7718K, committed 7728K, reserved 1048576K
}
Event: 21.985 GC heap before
{Heap before GC invocations=13 (full 2):
 PSYoungGen      total 196096K, used 45953K [0x000000076c380000, 0x0000000779680000, 0x00000007c0000000)
  eden space 183296K, 18% used [0x000000076c380000,0x000000076e3e1b50,0x0000000777680000)
  from space 12800K, 99% used [0x0000000778700000,0x000000077937ea90,0x0000000779380000)
  to   space 16384K, 0% used [0x0000000777680000,0x0000000777680000,0x0000000778680000)
 ParOldGen       total 157696K, used 23069K [0x00000006c4a00000, 0x00000006ce400000, 0x000000076c380000)
  object space 157696K, 14% used [0x00000006c4a00000,0x00000006c60874f8,0x00000006ce400000)
 Metaspace       used 56633K, capacity 58978K, committed 59160K, reserved 1099776K
  class space    used 7679K, capacity 8088K, committed 8112K, reserved 1048576K
Event: 22.035 GC heap after
Heap after GC invocations=13 (full 2):
 PSYoungGen      total 199680K, used 12601K [0x000000076c380000, 0x000000077e080000, 0x00000007c0000000)
  eden space 183296K, 0% used [0x000000076c380000,0x000000076c380000,0x0000000777680000)
  from space 16384K, 76% used [0x0000000777680000,0x00000007782ce468,0x0000000778680000)
  to   space 16896K, 0% used [0x000000077d000000,0x000000077d000000,0x000000077e080000)
 ParOldGen       total 157696K, used 25069K [0x00000006c4a00000, 0x00000006ce400000, 0x000000076c380000)
  object space 157696K, 15% used [0x00000006c4a00000,0x00000006c627b4f8,0x00000006ce400000)
 Metaspace       used 56633K, capacity 58978K, committed 59160K, reserved 1099776K
  class space    used 7679K, capacity 8088K, committed 8112K, reserved 1048576K
}
Event: 22.035 GC heap before
{Heap before GC invocations=14 (full 3):
 PSYoungGen      total 199680K, used 12601K [0x000000076c380000, 0x000000077e080000, 0x00000007c0000000)
  eden space 183296K, 0% used [0x000000076c380000,0x000000076c380000,0x0000000777680000)
  from space 16384K, 76% used [0x0000000777680000,0x00000007782ce468,0x0000000778680000)
  to   space 16896K, 0% used [0x000000077d000000,0x000000077d000000,0x000000077e080000)
 ParOldGen       total 157696K, used 25069K [0x00000006c4a00000, 0x00000006ce400000, 0x000000076c380000)
  object space 157696K, 15% used [0x00000006c4a00000,0x00000006c627b4f8,0x00000006ce400000)
 Metaspace       used 56633K, capacity 58978K, committed 59160K, reserved 1099776K
  class space    used 7679K, capacity 8088K, committed 8112K, reserved 1048576K
Event: 22.357 GC heap after
Heap after GC invocations=14 (full 3):
 PSYoungGen      total 199680K, used 0K [0x000000076c380000, 0x000000077e080000, 0x00000007c0000000)
  eden space 183296K, 0% used [0x000000076c380000,0x000000076c380000,0x0000000777680000)
  from space 16384K, 0% used [0x0000000777680000,0x0000000777680000,0x0000000778680000)
  to   space 16896K, 0% used [0x000000077d000000,0x000000077d000000,0x000000077e080000)
 ParOldGen       total 204800K, used 26948K [0x00000006c4a00000, 0x00000006d1200000, 0x000000076c380000)
  object space 204800K, 13% used [0x00000006c4a00000,0x00000006c6451040,0x00000006d1200000)
 Metaspace       used 56633K, capacity 58978K, committed 59160K, reserved 1099776K
  class space    used 7679K, capacity 8088K, committed 8112K, reserved 1048576K
}

Deoptimization events (10 events):
Event: 23.079 Thread 0x00000000028ed800 Uncommon trap: reason=unstable_if action=reinterpret pc=0x0000000003bd3510 method=java.lang.Class$MethodArray.add(Ljava/lang/reflect/Method;)V @ 51
Event: 23.079 Thread 0x00000000028ed800 Uncommon trap: reason=class_check action=maybe_recompile pc=0x0000000002e9d6a8 method=java.util.regex.Pattern$SliceI.match(Ljava/util/regex/Matcher;ILjava/lang/CharSequence;)Z @ 92
Event: 23.246 Thread 0x00000000028ed800 Uncommon trap: reason=range_check action=make_not_entrant pc=0x0000000003b20fb0 method=java.lang.String.charAt(I)C @ 27
Event: 23.414 Thread 0x00000000028ed800 Uncommon trap: reason=class_check action=maybe_recompile pc=0x00000000036efc04 method=sun.reflect.generics.reflectiveObjects.TypeVariableImpl.hashCode()I @ 4
Event: 23.414 Thread 0x00000000028ed800 Uncommon trap: reason=class_check action=maybe_recompile pc=0x00000000036efc04 method=sun.reflect.generics.reflectiveObjects.TypeVariableImpl.hashCode()I @ 4
Event: 23.545 Thread 0x00000000028ed800 Uncommon trap: reason=unstable_if action=reinterpret pc=0x0000000003875d64 method=org.springframework.asm.ClassReader.readUtf(II[C)Ljava/lang/String; @ 41
Event: 23.562 Thread 0x00000000028ed800 Uncommon trap: reason=unstable_if action=reinterpret pc=0x00000000033256d0 method=sun.reflect.annotation.AnnotationInvocationHandler.invoke(Ljava/lang/Object;Ljava/lang/reflect/Method;[Ljava/lang/Object;)Ljava/lang/Object; @ 19
Event: 23.614 Thread 0x00000000028ed800 Uncommon trap: reason=null_check action=make_not_entrant pc=0x0000000003bb88e0 method=java.lang.Class.privateGetDeclaredConstructors(Z)[Ljava/lang/reflect/Constructor; @ 35
Event: 23.628 Thread 0x00000000028ed800 Uncommon trap: reason=unstable_if action=reinterpret pc=0x0000000003bd1eb4 method=java.util.HashMap.putMapEntries(Ljava/util/Map;Z)V @ 53
Event: 23.651 Thread 0x00000000028ed800 Uncommon trap: reason=unstable_if action=reinterpret pc=0x0000000003752e84 method=org.springframework.core.ResolvableType.equals(Ljava/lang/Object;)Z @ 32

Internal exceptions (10 events):
Event: 23.622 Thread 0x00000000028ed800 Exception <a 'java/lang/ClassNotFoundException': org/springframework/beans/factory/AwareCustomizer> (0x00000007710ceeb0) thrown at [D:\re\workspace\8-2-build-windows-amd64-cygwin\jdk8u77\6540\hotspot\src\share\vm\classfile\systemDictionary.cpp, line 210]
Event: 23.623 Thread 0x00000000028ed800 Exception <a 'java/lang/ClassNotFoundException': org/springframework/beans/factory/FactoryBeanCustomizer> (0x0000000771100ec8) thrown at [D:\re\workspace\8-2-build-windows-amd64-cygwin\jdk8u77\6540\hotspot\src\share\vm\classfile\systemDictionary.cpp, line OSpˆŸ7@
Event: 23.623 Thread 0x00000000028ed800 Exception <a 'java/lang/ClassNotFoundException': org/springframework/beans/factory/BeanClassLoaderAwareCustomizer> (0x000000077113bf28) thrown at [D:\re\workspace\8-2-build-windows-amd64-cygwin\jdk8u77\6540\hotspot\src\share\vm\classfile\systemDictionary.c8h°©Ÿ7@
Event: 23.624 Thread 0x00000000028ed800 Exception <a 'java/lang/ClassNotFoundException': org/springframework/beans/factory/AwareCustomizer> (0x000000077116aa68) thrown at [D:\re\workspace\8-2-build-windows-amd64-cygwin\jdk8u77\6540\hotspot\src\share\vm\classfile\systemDictionary.cpp, line 210]
Event: 23.624 Thread 0x00000000028ed800 Exception <a 'java/lang/ClassNotFoundException': org/springframework/beans/factory/BeanFactoryAwareCustomizer> (0x000000077119ff30) thrown at [D:\re\workspace\8-2-build-windows-amd64-cygwin\jdk8u77\6540\hotspot\src\share\vm\classfile\systemDictionary.cpp, a
Event: 23.625 Thread 0x00000000028ed800 Exception <a 'java/lang/ClassNotFoundException': org/springframework/beans/factory/AwareCustomizer> (0x00000007711cefd0) thrown at [D:\re\workspace\8-2-build-windows-amd64-cygwin\jdk8u77\6540\hotspot\src\share\vm\classfile\systemDictionary.cpp, line 210]
Event: 23.625 Thread 0x00000000028ed800 Exception <a 'java/lang/ClassNotFoundException': org/springframework/beans/factory/InitializingBeanCustomizer> (0x0000000771204498) thrown at [D:\re\workspace\8-2-build-windows-amd64-cygwin\jdk8u77\6540\hotspot\src\share\vm\classfile\systemDictionary.cpp, ž¤¯Ö? 7@
Event: 23.626 Thread 0x00000000028ed800 Exception <a 'java/lang/ClassNotFoundException': org/springframework/beans/factory/DisposableBeanCustomizer> (0x0000000771237818) thrown at [D:\re\workspace\8-2-build-windows-amd64-cygwin\jdk8u77\6540\hotspot\src\share\vm\classfile\systemDictionary.cpp, li¸d÷€¡7@
Event: 23.631 Thread 0x00000000028ed800 Exception <a 'java/lang/NoSuchMethodError': java.lang.Object.lambda$static$0(Ljava/lang/Object;)Lorg/springframework/expression/EvaluationContext;> (0x00000007712616e8) thrown at [D:\re\workspace\8-2-build-windows-amd64-cygwin\jdk8u77\6540\hotspot\src\sharMÃKË£¬7@
Event: 23.674 Thread 0x00000000028ed800 Exception <a 'java/lang/NoSuchMethodError': java.lang.Object.lambda$map$1(Ljava/util/function/Function;)Ljava/util/stream/Stream;> (0x000000077153e228) thrown at [D:\re\workspace\8-2-build-windows-amd64-cygwin\jdk8u77\6540\hotspot\src\share\vm\interpreter\ß÷¥)Ÿ7@

Events (10 events):
Event: 23.808 loading class javax/persistence/metamodel/Metamodel
Event: 23.808 loading class javax/persistence/metamodel/Metamodel done
Event: 23.808 loading class javax/persistence/metamodel/Metamodel
Event: 23.808 loading class javax/persistence/metamodel/Metamodel done
Event: 23.808 loading class org/springframework/data/mapping/model/PreferredConstructorDiscoverer
Event: 23.808 loading class org/springframework/data/mapping/model/PreferredConstructorDiscoverer done
Event: 23.808 loading class org/springframework/data/mapping/model/PreferredConstructorDiscoverer$Discoverers
Event: 23.808 loading class org/springframework/data/mapping/model/PreferredConstructorDiscoverer$Discoverers done
Event: 23.809 loading class org/springframework/data/mapping/model/PreferredConstructorDiscoverer$Discoverers$1
Event: 23.809 loading class org/springframework/data/mapping/model/PreferredConstructorDiscoverer$Discoverers$1 done


Dynamic libraries:
0x00007ff6caf50000 - 0x00007ff6caf87000 	D:\java\jdk1.8.0_77\jre\bin\java.exe
0x00007ffb015a0000 - 0x00007ffb01790000 	C:\Windows\SYSTEM32\ntdll.dll
0x00007ffb00ed0000 - 0x00007ffb00f82000 	C:\Windows\System32\KERNEL32.DLL
0x00007ffaff3a0000 - 0x00007ffaff643000 	C:\Windows\System32\KERNELBASE.dll
0x00007ffaffb70000 - 0x00007ffaffc13000 	C:\Windows\System32\ADVAPI32.dll
0x00007ffaffde0000 - 0x00007ffaffe7e000 	C:\Windows\System32\msvcrt.dll
0x00007ffb014c0000 - 0x00007ffb01557000 	C:\Windows\System32\sechost.dll
0x00007ffb00b50000 - 0x00007ffb00c70000 	C:\Windows\System32\RPCRT4.dll
0x00007ffaffe80000 - 0x00007ffb00014000 	C:\Windows\System32\USER32.dll
0x00007ffafe730000 - 0x00007ffafe751000 	C:\Windows\System32\win32u.dll
0x00007ffb00360000 - 0x00007ffb00386000 	C:\Windows\System32\GDI32.dll
0x00007ffaff180000 - 0x00007ffaff314000 	C:\Windows\System32\gdi32full.dll
0x00007ffaff0e0000 - 0x00007ffaff17e000 	C:\Windows\System32\msvcp_win.dll
0x00007ffafe630000 - 0x00007ffafe72a000 	C:\Windows\System32\ucrtbase.dll
0x00007ffaec4f0000 - 0x00007ffaec775000 	C:\Windows\WinSxS\amd64_microsoft.windows.common-controls_6595b64144ccf1df_6.0.18362.535_none_e6c3b34713100821\COMCTL32.dll
0x00007ffb00fd0000 - 0x00007ffb01306000 	C:\Windows\System32\combase.dll
0x00007ffafe5b0000 - 0x00007ffafe630000 	C:\Windows\System32\bcryptPrimitives.dll
0x00007ffb00fa0000 - 0x00007ffb00fce000 	C:\Windows\System32\IMM32.DLL
0x00007ffafd060000 - 0x00007ffafd09c000 	C:\Windows\system32\SophosAV\SOPHOS~1.DLL
0x00007ffb00020000 - 0x00007ffb00028000 	C:\Windows\System32\PSAPI.DLL
0x0000000071750000 - 0x0000000071822000 	D:\java\jdk1.8.0_77\jre\bin\msvcr100.dll
0x0000000070960000 - 0x00000000711f0000 	D:\java\jdk1.8.0_77\jre\bin\server\jvm.dll
0x00007ffaf9df0000 - 0x00007ffaf9e14000 	C:\Windows\SYSTEM32\WINMM.dll
0x00007ffaf6ef0000 - 0x00007ffaf6efa000 	C:\Windows\SYSTEM32\VERSION.dll
0x00007ffaf9d50000 - 0x00007ffaf9d7d000 	C:\Windows\SYSTEM32\winmmbase.dll
0x00007ffafe530000 - 0x00007ffafe57a000 	C:\Windows\System32\cfgmgr32.dll
0x00007ffaeb860000 - 0x00007ffaeb869000 	C:\Windows\SYSTEM32\WSOCK32.dll
0x0000000002870000 - 0x00000000028df000 	C:\Windows\System32\ws2_32.DLL
0x0000000071740000 - 0x000000007174f000 	D:\java\jdk1.8.0_77\jre\bin\verify.dll
0x0000000071710000 - 0x0000000071739000 	D:\java\jdk1.8.0_77\jre\bin\java.dll
0x00000000716f0000 - 0x0000000071706000 	D:\java\jdk1.8.0_77\jre\bin\zip.dll
0x00007ffb00460000 - 0x00007ffb00b45000 	C:\Windows\System32\SHELL32.dll
0x00007ffaff650000 - 0x00007ffaff6f9000 	C:\Windows\System32\shcore.dll
0x00007ffafe960000 - 0x00007ffaff0df000 	C:\Windows\System32\windows.storage.dll
0x00007ffafe510000 - 0x00007ffafe52f000 	C:\Windows\System32\profapi.dll
0x00007ffafe4a0000 - 0x00007ffafe4ea000 	C:\Windows\System32\powrprof.dll
0x00007ffafe470000 - 0x00007ffafe480000 	C:\Windows\System32\UMPDC.dll
0x00007ffb00390000 - 0x00007ffb003e2000 	C:\Windows\System32\shlwapi.dll
0x00007ffafe480000 - 0x00007ffafe491000 	C:\Windows\System32\kernel.appcore.dll
0x00007ffaff320000 - 0x00007ffaff337000 	C:\Windows\System32\cryptsp.dll
0x00000000716a0000 - 0x00000000716ad000 	D:\java\jdk1.8.0_77\jre\bin\management.dll
0x00000000716d0000 - 0x00000000716ea000 	D:\java\jdk1.8.0_77\jre\bin\net.dll
0x00007ffafdc90000 - 0x00007ffafdcf7000 	C:\Windows\system32\mswsock.dll
0x00000000716b0000 - 0x00000000716c1000 	D:\java\jdk1.8.0_77\jre\bin\nio.dll
0x00007ffafd9b0000 - 0x00007ffafd9ea000 	C:\Windows\SYSTEM32\IPHLPAPI.DLL
0x00007ffb00f90000 - 0x00007ffb00f98000 	C:\Windows\System32\NSI.dll
0x00007ffaf7e20000 - 0x00007ffaf7e36000 	C:\Windows\SYSTEM32\dhcpcsvc6.DLL
0x00007ffaf7c50000 - 0x00007ffaf7c6c000 	C:\Windows\SYSTEM32\dhcpcsvc.DLL
0x00007ffafd9f0000 - 0x00007ffafdaba000 	C:\Windows\SYSTEM32\DNSAPI.dll
0x00007ffaef920000 - 0x00007ffaef92a000 	C:\Windows\System32\rasadhlp.dll
0x00007ffaf8cc0000 - 0x00007ffaf8d37000 	C:\Windows\System32\fwpuclnt.dll
0x00007ffafe580000 - 0x00007ffafe5a6000 	C:\Windows\System32\bcrypt.dll
0x00007ffadd520000 - 0x00007ffadd536000 	C:\Windows\system32\napinsp.dll
0x00007ffadd550000 - 0x00007ffadd56a000 	C:\Windows\system32\pnrpnsp.dll
0x00007ffadd540000 - 0x00007ffadd54e000 	C:\Windows\System32\winrnr.dll
0x00007ffafa110000 - 0x00007ffafa12c000 	C:\Windows\system32\NLAapi.dll
0x00007ffaf8f20000 - 0x00007ffaf8f35000 	C:\Windows\system32\wshbth.dll
0x0000000071670000 - 0x0000000071694000 	D:\java\jdk1.8.0_77\jre\bin\sunec.dll
0x00007ffafd810000 - 0x00007ffafd843000 	C:\Windows\system32\rsaenh.dll
0x00007ffafe360000 - 0x00007ffafe385000 	C:\Windows\SYSTEM32\USERENV.dll
0x00007ffafde10000 - 0x00007ffafde1c000 	C:\Windows\SYSTEM32\CRYPTBASE.dll
0x00007ffae8190000 - 0x00007ffae8384000 	C:\Windows\SYSTEM32\dbghelp.dll

VM Arguments:
java_command: C:\Users\gzhang\AppData\Local\Temp\surefire5564785682423881953\surefirebooter6769843305779021110.jar C:\Users\gzhang\AppData\Local\Temp\surefire5564785682423881953 2020-02-14T12-29-45_215-jvmRun1 surefire8909023033383647047tmp surefire_08397235009036595666tmp
java_class_path (initial): C:\Users\gzhang\AppData\Local\Temp\surefire5564785682423881953\surefirebooter6769843305779021110.jar
Launcher Type: SUN_STANDARD

Environment Variables:
JAVA_HOME=D:\java\jdk1.8.0_77
PATH=C:\ProgramData\Oracle\Java\javapath;C:\Python27\;C:\Python27\Scripts;C:\Windows\system32;C:\Windows;C:\Windows\System32\Wbem;C:\Windows\System32\WindowsPowerShell\v1.0\;C:\Windows\System32\OpenSSH\;C:\Program Files\Intel\WiFi\bin\;C:\Program Files\Common Files\Intel\WirelessCommon\;C:\Program Files\Microsoft SQL Server\110\Tools\Binn\;C:\Program Files (x86)\Microsoft SDKs\TypeScript\1.0\;C:\Program Files\Microsoft SQL Server\120\Tools\Binn\;C:\Program Files (x86)\Microsoft SQL Server\150\DTS\Binn\;D:\Program Files\TortoiseSVN\bin;d:\Program Files\Git\cmd;D:\Program Files\nodejs\;C:\ProgramData\chocolatey\bin;D:\Program Files\PuTTY\;D:\apache-maven-3.6.3\bin;;C:\Program Files\Docker\Docker\resources\bin;C:\ProgramData\DockerDesktop\version-bin;C:\Users\gzhang\AppData\Local\Microsoft\WindowsApps;;d:\Program Files\JetBrains\IntelliJ IDEA Community Edition 2019.3.1\bin;;d:\Users\gzhang\AppData\Local\Programs\Microsoft VS Code\bin;C:\Users\gzhang\AppData\Roaming\npm;d:\Program Files\JetBrains\IntelliJ IDEA 2019.3.1\bin;
USERNAME=gzhang
OS=Windows_NT
PROCESSOR_IDENTIFIER=Intel64 Family 6 Model 69 Stepping 1, GenuineIntel



---------------  S Y S T E M  ---------------

OS: Windows 10.0 , 64 bit Build 18362 (10.0.18362.329)

CPU:total 4 (2 cores per cpu, 2 threads per core) family 6 model 69 stepping 1, cmov, cx8, fxsr, mmx, sse, sse2, sse3, ssse3, sse4.1, sse4.2, popcnt, avx, avx2, aes, clmul, erms, lzcnt, ht, tsc, tscinvbit, bmi1, bmi2

Memory: 4k page, physical 16472336k(3962716k free), swap 23812368k(8428056k free)

vm_info: Java HotSpot(TM) 64-Bit Server VM (25.77-b03) for windows-amd64 JRE (1.8.0_77-b03), built on Mar 20 2016 22:01:33 by "java_re" with MS VC++ 10.0 (VS2010)

time: Fri Feb 14 12:30:10 2020
elapsed time: 23 seconds (0d 0h 0m 23s)

