#
# A fatal error has been detected by the Java Runtime Environment:
#
#  EXCEPTION_ACCESS_VIOLATION (0xc0000005) at pc=0x00000000539fb330, pid=21620, tid=24328
#
# JRE version: Java(TM) SE Runtime Environment (8.0_77-b03) (build 1.8.0_77-b03)
# Java VM: Java HotSpot(TM) 64-Bit Server VM (25.77-b03 mixed mode windows-amd64 compressed oops)
# Problematic frame:
# V  [jvm.dll+0x49b330]
#
# Failed to write core dump. Minidumps are not enabled by default on client versions of Windows
#
# If you would like to submit a bug report, please visit:
#   http://bugreport.java.com/bugreport/crash.jsp
#

---------------  T H R E A D  ---------------

Current thread (0x000000001bb13800):  JavaThread "C2 CompilerThread0" daemon [_thread_in_native, id=24328, stack(0x000000001d160000,0x000000001d260000)]

siginfo: ExceptionCode=0xc0000005, reading address 0x0000004053d70d38

Registers:
RAX=0x0000000000000000, RBX=0x00000000295adb50, RCX=0x0000004053d70d38, RDX=0x0000000000000000
RSP=0x000000001d25c3d0, RBP=0x0000000000000007, RSI=0x0000000000000038, RDI=0x000000001d25c420
R8 =0x00000000295b0ad0, R9 =0x0000000020542700, R10=0x0000000053560000, R11=0x000000001d25c2f0
R12=0x0000000053d70d38, R13=0x0000000053560000, R14=0x000000001bb3ffb8, R15=0x00000000000003d8
RIP=0x00000000539fb330, EFLAGS=0x0000000000010246

Top of Stack: (sp=0x000000001d25c3d0)
0x000000001d25c3d0:   000000001d25eb70 00000000294b7890
0x000000001d25c3e0:   fffffffffffffff8 000000001bad7140
0x000000001d25c3f0:   00000000000021c4 00000000539f63ff
0x000000001d25c400:   00000000294b8d30 00000000295adb50
0x000000001d25c410:   00000000000021c4 000000001d25c500
0x000000001d25c420:   0000000000000000 0000000000000008
0x000000001d25c430:   0000004053d70d38 0000000000000000
0x000000001d25c440:   000000002284be50 0000000000000037
0x000000001d25c450:   00000000295b0ad0 000000001d25c7f0
0x000000001d25c460:   000000001bb3fbe0 000000001d25c7f0
0x000000001d25c470:   000000001bb3fbd0 00000000539c2f11
0x000000001d25c480:   0000000000000000 000000001d25c580
0x000000001d25c490:   0000000000000000 000000000000000b
0x000000001d25c4a0:   0000000000000002 000000001bb3fbd0
0x000000001d25c4b0:   00000000234b8f40 00000000234b95b0
0x000000001d25c4c0:   00000000234c0f28 0000000000f21cb8 

Instructions: (pc=0x00000000539fb330)
0x00000000539fb310:   48 8b 4f 20 48 39 04 0e 0f 84 9d 00 00 00 48 8b
0x00000000539fb320:   0c 0e 33 d2 33 c0 48 89 4f 10 66 0f 1f 44 00 00
0x00000000539fb330:   83 3c 08 00 0f 85 36 01 00 00 ff c2 48 83 c0 04
0x00000000539fb340:   83 fa 08 72 eb 48 8b 47 30 48 89 44 24 30 48 85 


Register to memory mapping:

RAX=0x0000000000000000 is an unknown value
RBX=0x00000000295adb50 is an unknown value
RCX=0x0000004053d70d38 is an unknown value
RDX=0x0000000000000000 is an unknown value
RSP=0x000000001d25c3d0 is pointing into the stack for thread: 0x000000001bb13800
RBP=0x0000000000000007 is an unknown value
RSI=0x0000000000000038 is an unknown value
RDI=0x000000001d25c420 is pointing into the stack for thread: 0x000000001bb13800
R8 =0x00000000295b0ad0 is an unknown value
R9 =0x0000000020542700 is an unknown value
R10=0x0000000053560000 is an unknown value
R11=0x000000001d25c2f0 is pointing into the stack for thread: 0x000000001bb13800
R12=0x0000000053d70d38 is an unknown value
R13=0x0000000053560000 is an unknown value
R14=0x000000001bb3ffb8 is an unknown value
R15=0x00000000000003d8 is an unknown value


Stack: [0x000000001d160000,0x000000001d260000],  sp=0x000000001d25c3d0,  free space=1008k
Native frames: (J=compiled Java code, j=interpreted, Vv=VM code, C=native code)
V  [jvm.dll+0x49b330]
V  [jvm.dll+0x4963ff]
V  [jvm.dll+0x462f11]
V  [jvm.dll+0x46dd9b]
V  [jvm.dll+0x4703b2]
V  [jvm.dll+0x453492]
V  [jvm.dll+0xa4ae2]
V  [jvm.dll+0xa541f]
V  [jvm.dll+0x243434]
V  [jvm.dll+0x29a27a]
C  [msvcr100.dll+0x21d9f]
C  [msvcr100.dll+0x21e3b]
C  [KERNEL32.DLL+0x17bd4]
C  [ntdll.dll+0x6ced1]


Current CompileTask:
C2:  31646 7265   !   4       org.springframework.aop.aspectj.AspectJExpressionPointcut::getShadowMatch (284 bytes)


---------------  P R O C E S S  ---------------

Java Threads: ( => current thread )
  0x00000000220bb800 JavaThread "HikariPool-1 housekeeper" daemon [_thread_blocked, id=22364, stack(0x0000000021260000,0x0000000021360000)]
  0x00000000220ba000 JavaThread "mysql-cj-abandoned-connection-cleanup" daemon [_thread_blocked, id=23620, stack(0x0000000025460000,0x0000000025560000)]
  0x000000001d636800 JavaThread "surefire-forkedjvm-ping-30s" daemon [_thread_blocked, id=23788, stack(0x000000001db60000,0x000000001dc60000)]
  0x000000001d620800 JavaThread "surefire-forkedjvm-command-thread" daemon [_thread_in_native, id=3820, stack(0x000000001da60000,0x000000001db60000)]
  0x000000001d479800 JavaThread "Service Thread" daemon [_thread_blocked, id=22824, stack(0x000000001d860000,0x000000001d960000)]
  0x000000001bb1c000 JavaThread "C1 CompilerThread2" daemon [_thread_blocked, id=20980, stack(0x000000001d360000,0x000000001d460000)]
  0x000000001bb19000 JavaThread "C2 CompilerThread1" daemon [_thread_in_native, id=24536, stack(0x000000001d260000,0x000000001d360000)]
=>0x000000001bb13800 JavaThread "C2 CompilerThread0" daemon [_thread_in_native, id=24328, stack(0x000000001d160000,0x000000001d260000)]
  0x000000001bb10800 JavaThread "Attach Listener" daemon [_thread_blocked, id=1728, stack(0x000000001d060000,0x000000001d160000)]
  0x000000001bb0d800 JavaThread "Signal Dispatcher" daemon [_thread_blocked, id=20436, stack(0x000000001cf60000,0x000000001d060000)]
  0x000000001baf9000 JavaThread "Finalizer" daemon [_thread_blocked, id=20128, stack(0x000000001cd60000,0x000000001ce60000)]
  0x00000000026f1000 JavaThread "Reference Handler" daemon [_thread_blocked, id=5588, stack(0x000000001cc60000,0x000000001cd60000)]
  0x00000000025fd800 JavaThread "main" [_thread_in_vm, id=23376, stack(0x0000000002430000,0x0000000002530000)]

Other Threads:
  0x000000001bad7800 VMThread [stack: 0x000000001cb60000,0x000000001cc60000] [id=7856]
  0x000000001d48f000 WatcherThread [stack: 0x000000001d960000,0x000000001da60000] [id=24528]

VM state:not at safepoint (normal execution)

VM Mutex/Monitor currently owned by a thread: None

Heap:
 PSYoungGen      total 435712K, used 375026K [0x000000076c380000, 0x0000000787f80000, 0x00000007c0000000)
  eden space 417792K, 89% used [0x000000076c380000,0x00000007831bc870,0x0000000785b80000)
  from space 17920K, 0% used [0x0000000786d80000,0x0000000786d80000,0x0000000787f00000)
  to   space 18432K, 0% used [0x0000000785b80000,0x0000000785b80000,0x0000000786d80000)
 ParOldGen       total 150528K, used 30555K [0x00000006c4a00000, 0x00000006cdd00000, 0x000000076c380000)
  object space 150528K, 20% used [0x00000006c4a00000,0x00000006c67d6f18,0x00000006cdd00000)
 Metaspace       used 70816K, capacity 74234K, committed 74280K, reserved 1114112K
  class space    used 9675K, capacity 10250K, committed 10288K, reserved 1048576K

Card table byte_map: [0x0000000011ac0000,0x00000000122a0000] byte_map_base: 0x000000000e49b000

Marking Bits: (ParMarkBitMap*) 0x0000000053d70600
 Begin Bits: [0x0000000012be0000, 0x0000000016ab8000)
 End Bits:   [0x0000000016ab8000, 0x000000001a990000)

Polling page: 0x0000000000a30000

CodeCache: size=245760Kb used=22807Kb max_used=22837Kb free=222952Kb
 bounds [0x0000000002700000, 0x0000000003d70000, 0x0000000011700000]
 total_blobs=7107 nmethods=6513 adapters=504
 compilation: enabled

Compilation events (10 events):
Event: 31.571 Thread 0x000000001bb1c000 7331       2       ch.qos.logback.classic.Level::toLevel (98 bytes)
Event: 31.571 Thread 0x000000001bb1c000 nmethod 7331 0x0000000003d3bad0 code [0x0000000003d3bc40, 0x0000000003d3be70]
Event: 31.589 Thread 0x000000001bb1c000 7332       2       org.springframework.cglib.core.CodeEmitter::new_instance (9 bytes)
Event: 31.590 Thread 0x000000001bb1c000 nmethod 7332 0x0000000003d3b590 code [0x0000000003d3b700, 0x0000000003d3b908]
Event: 31.591 Thread 0x000000001bb1c000 7333       2       org.springframework.asm.Frame::addInitializedType (77 bytes)
Event: 31.591 Thread 0x000000001bb1c000 nmethod 7333 0x0000000003d3aed0 code [0x0000000003d3b040, 0x0000000003d3b408]
Event: 31.593 Thread 0x000000001bb1c000 7334       2       org.springframework.cglib.core.EmitUtils$11::transform (11 bytes)
Event: 31.593 Thread 0x000000001bb1c000 nmethod 7334 0x0000000003d3aa90 code [0x0000000003d3ac00, 0x0000000003d3adc8]
Event: 31.594 Thread 0x000000001bb1c000 7335       2       org.springframework.cglib.core.EmitUtils$12::processCase (37 bytes)
Event: 31.594 Thread 0x000000001bb1c000 nmethod 7335 0x0000000003d3a5d0 code [0x0000000003d3a740, 0x0000000003d3a978]

GC Heap History (10 events):
Event: 11.628 GC heap before
{Heap before GC invocations=9 (full 2):
 PSYoungGen      total 157184K, used 8983K [0x000000076c380000, 0x000000077ed00000, 0x00000007c0000000)
  eden space 143872K, 0% used [0x000000076c380000,0x000000076c380000,0x0000000775000000)
  from space 13312K, 67% used [0x0000000775000000,0x00000007758c5e58,0x0000000775d00000)
  to   space 12800K, 0% used [0x000000077e080000,0x000000077e080000,0x000000077ed00000)
 ParOldGen       total 104960K, used 9039K [0x00000006c4a00000, 0x00000006cb080000, 0x000000076c380000)
  object space 104960K, 8% used [0x00000006c4a00000,0x00000006c52d3c40,0x00000006cb080000)
 Metaspace       used 33898K, capacity 35450K, committed 35496K, reserved 1079296K
  class space    used 4399K, capacity 4740K, committed 4784K, reserved 1048576K
Event: 11.733 GC heap after
Heap after GC invocations=9 (full 2):
 PSYoungGen      total 157184K, used 0K [0x000000076c380000, 0x000000077ed00000, 0x00000007c0000000)
  eden space 143872K, 0% used [0x000000076c380000,0x000000076c380000,0x0000000775000000)
  from space 13312K, 0% used [0x0000000775000000,0x0000000775000000,0x0000000775d00000)
  to   space 12800K, 0% used [0x000000077e080000,0x000000077e080000,0x000000077ed00000)
 ParOldGen       total 118784K, used 13988K [0x00000006c4a00000, 0x00000006cbe00000, 0x000000076c380000)
  object space 118784K, 11% used [0x00000006c4a00000,0x00000006c57a9260,0x00000006cbe00000)
 Metaspace       used 33898K, capacity 35450K, committed 35496K, reserved 1079296K
  class space    used 4399K, capacity 4740K, committed 4784K, reserved 1048576K
}
Event: 14.184 GC heap before
{Heap before GC invocations=10 (full 2):
 PSYoungGen      total 157184K, used 143872K [0x000000076c380000, 0x000000077ed00000, 0x00000007c0000000)
  eden space 143872K, 100% used [0x000000076c380000,0x0000000775000000,0x0000000775000000)
  from space 13312K, 0% used [0x0000000775000000,0x0000000775000000,0x0000000775d00000)
  to   space 12800K, 0% used [0x000000077e080000,0x000000077e080000,0x000000077ed00000)
 ParOldGen       total 118784K, used 13988K [0x00000006c4a00000, 0x00000006cbe00000, 0x000000076c380000)
  object space 118784K, 11% used [0x00000006c4a00000,0x00000006c57a9260,0x00000006cbe00000)
 Metaspace       used 38011K, capacity 39884K, committed 40104K, reserved 1083392K
  class space    used 5103K, capacity 5481K, committed 5552K, reserved 1048576K
Event: 14.197 GC heap after
Heap after GC invocations=10 (full 2):
 PSYoungGen      total 283136K, used 8815K [0x000000076c380000, 0x000000077e980000, 0x00000007c0000000)
  eden space 273920K, 0% used [0x000000076c380000,0x000000076c380000,0x000000077cf00000)
  from space 9216K, 95% used [0x000000077e080000,0x000000077e91bcb8,0x000000077e980000)
  to   space 12288K, 0% used [0x000000077d180000,0x000000077d180000,0x000000077dd80000)
 ParOldGen       total 118784K, used 13996K [0x00000006c4a00000, 0x00000006cbe00000, 0x000000076c380000)
  object space 118784K, 11% used [0x00000006c4a00000,0x00000006c57ab260,0x00000006cbe00000)
 Metaspace       used 38011K, capacity 39884K, committed 40104K, reserved 1083392K
  class space    used 5103K, capacity 5481K, committed 5552K, reserved 1048576K
}
Event: 22.959 GC heap before
{Heap before GC invocations=11 (full 2):
 PSYoungGen      total 283136K, used 282735K [0x000000076c380000, 0x000000077e980000, 0x00000007c0000000)
  eden space 273920K, 100% used [0x000000076c380000,0x000000077cf00000,0x000000077cf00000)
  from space 9216K, 95% used [0x000000077e080000,0x000000077e91bcb8,0x000000077e980000)
  to   space 12288K, 0% used [0x000000077d180000,0x000000077d180000,0x000000077dd80000)
 ParOldGen       total 118784K, used 13996K [0x00000006c4a00000, 0x00000006cbe00000, 0x000000076c380000)
  object space 118784K, 11% used [0x00000006c4a00000,0x00000006c57ab260,0x00000006cbe00000)
 Metaspace       used 51483K, capacity 53816K, committed 54056K, reserved 1095680K
  class space    used 6738K, capacity 7157K, committed 7216K, reserved 1048576K
Event: 22.989 GC heap after
Heap after GC invocations=11 (full 2):
 PSYoungGen      total 288768K, used 12286K [0x000000076c380000, 0x0000000787f00000, 0x00000007c0000000)
  eden space 276480K, 0% used [0x000000076c380000,0x000000076c380000,0x000000077d180000)
  from space 12288K, 99% used [0x000000077d180000,0x000000077dd7f858,0x000000077dd80000)
  to   space 17920K, 0% used [0x0000000786d80000,0x0000000786d80000,0x0000000787f00000)
 ParOldGen       total 118784K, used 24680K [0x00000006c4a00000, 0x00000006cbe00000, 0x000000076c380000)
  object space 118784K, 20% used [0x00000006c4a00000,0x00000006c621a130,0x00000006cbe00000)
 Metaspace       used 51483K, capacity 53816K, committed 54056K, reserved 1095680K
  class space    used 6738K, capacity 7157K, committed 7216K, reserved 1048576K
}
Event: 24.065 GC heap before
{Heap before GC invocations=12 (full 2):
 PSYoungGen      total 288768K, used 61499K [0x000000076c380000, 0x0000000787f00000, 0x00000007c0000000)
  eden space 276480K, 17% used [0x000000076c380000,0x000000076f38f5c0,0x000000077d180000)
  from space 12288K, 99% used [0x000000077d180000,0x000000077dd7f858,0x000000077dd80000)
  to   space 17920K, 0% used [0x0000000786d80000,0x0000000786d80000,0x0000000787f00000)
 ParOldGen       total 118784K, used 24680K [0x00000006c4a00000, 0x00000006cbe00000, 0x000000076c380000)
  object space 118784K, 20% used [0x00000006c4a00000,0x00000006c621a130,0x00000006cbe00000)
 Metaspace       used 56655K, capacity 59024K, committed 59160K, reserved 1099776K
  class space    used 7626K, capacity 8069K, committed 8112K, reserved 1048576K
Event: 24.089 GC heap after
Heap after GC invocations=12 (full 2):
 PSYoungGen      total 435712K, used 14618K [0x000000076c380000, 0x0000000787f80000, 0x00000007c0000000)
  eden space 417792K, 0% used [0x000000076c380000,0x000000076c380000,0x0000000785b80000)
  from space 17920K, 81% used [0x0000000786d80000,0x0000000787bc6a80,0x0000000787f00000)
  to   space 18432K, 0% used [0x0000000785b80000,0x0000000785b80000,0x0000000786d80000)
 ParOldGen       total 118784K, used 27596K [0x00000006c4a00000, 0x00000006cbe00000, 0x000000076c380000)
  object space 118784K, 23% used [0x00000006c4a00000,0x00000006c64f3140,0x00000006cbe00000)
 Metaspace       used 56655K, capacity 59024K, committed 59160K, reserved 1099776K
  class space    used 7626K, capacity 8069K, committed 8112K, reserved 1048576K
}
Event: 24.089 GC heap before
{Heap before GC invocations=13 (full 3):
 PSYoungGen      total 435712K, used 14618K [0x000000076c380000, 0x0000000787f80000, 0x00000007c0000000)
  eden space 417792K, 0% used [0x000000076c380000,0x000000076c380000,0x0000000785b80000)
  from space 17920K, 81% used [0x0000000786d80000,0x0000000787bc6a80,0x0000000787f00000)
  to   space 18432K, 0% used [0x0000000785b80000,0x0000000785b80000,0x0000000786d80000)
 ParOldGen       total 118784K, used 27596K [0x00000006c4a00000, 0x00000006cbe00000, 0x000000076c380000)
  object space 118784K, 23% used [0x00000006c4a00000,0x00000006c64f3140,0x00000006cbe00000)
 Metaspace       used 56655K, capacity 59024K, committed 59160K, reserved 1099776K
  class space    used 7626K, capacity 8069K, committed 8112K, reserved 1048576K
Event: 24.329 GC heap after
Heap after GC invocations=13 (full 3):
 PSYoungGen      total 435712K, used 0K [0x000000076c380000, 0x0000000787f80000, 0x00000007c0000000)
  eden space 417792K, 0% used [0x000000076c380000,0x000000076c380000,0x0000000785b80000)
  from space 17920K, 0% used [0x0000000786d80000,0x0000000786d80000,0x0000000787f00000)
  to   space 18432K, 0% used [0x0000000785b80000,0x0000000785b80000,0x0000000786d80000)
 ParOldGen       total 150528K, used 30555K [0x00000006c4a00000, 0x00000006cdd00000, 0x000000076c380000)
  object space 150528K, 20% used [0x00000006c4a00000,0x00000006c67d6f18,0x00000006cdd00000)
 Metaspace       used 56655K, capacity 59024K, committed 59160K, reserved 1099776K
  class space    used 7626K, capacity 8069K, committed 8112K, reserved 1048576K
}

Deoptimization events (10 events):
Event: 28.319 Thread 0x00000000025fd800 Uncommon trap: reason=class_check action=maybe_recompile pc=0x00000000032cc6f4 method=java.util.ArrayList$ArrayListSpliterator.tryAdvance(Ljava/util/function/Consumer;)Z @ 48
Event: 28.332 Thread 0x00000000025fd800 Uncommon trap: reason=class_check action=maybe_recompile pc=0x00000000032cc6f4 method=java.util.ArrayList$ArrayListSpliterator.tryAdvance(Ljava/util/function/Consumer;)Z @ 48
Event: 28.375 Thread 0x00000000025fd800 Uncommon trap: reason=unstable_if action=reinterpret pc=0x0000000002bcc000 method=java.util.concurrent.ConcurrentHashMap.putVal(Ljava/lang/Object;Ljava/lang/Object;Z)Ljava/lang/Object; @ 331
Event: 28.617 Thread 0x00000000025fd800 Uncommon trap: reason=unstable_if action=reinterpret pc=0x00000000030af234 method=java.util.concurrent.ConcurrentHashMap.get(Ljava/lang/Object;)Ljava/lang/Object; @ 86
Event: 29.329 Thread 0x00000000025fd800 Uncommon trap: reason=unstable_if action=reinterpret pc=0x000000000337814c method=org.springframework.asm.Type.getArgumentsAndReturnSizes(Ljava/lang/String;)I @ 123
Event: 29.477 Thread 0x00000000025fd800 Uncommon trap: reason=unstable_if action=reinterpret pc=0x0000000002bef2ec method=java.util.concurrent.ConcurrentHashMap.transfer([Ljava/util/concurrent/ConcurrentHashMap$Node;[Ljava/util/concurrent/ConcurrentHashMap$Node;)V @ 356
Event: 29.878 Thread 0x00000000025fd800 Uncommon trap: reason=unstable_if action=reinterpret pc=0x0000000003b6f900 method=java.lang.Class.getEnclosingMethodInfo()Ljava/lang/Class$EnclosingMethodInfo; @ 6
Event: 30.480 Thread 0x00000000025fd800 Uncommon trap: reason=unstable_if action=reinterpret pc=0x0000000003c32318 method=org.springframework.core.annotation.AnnotationsScanner.processMethodHierarchy(Ljava/lang/Object;[ILjava/lang/Class;Lorg/springframework/core/annotation/AnnotationsProcessor;Lé7ût´>@
Event: 30.670 Thread 0x00000000025fd800 Uncommon trap: reason=unstable_if action=reinterpret pc=0x000000000359e12c method=java.lang.Class.cast(Ljava/lang/Object;)Ljava/lang/Object; @ 9
Event: 30.711 Thread 0x00000000025fd800 Uncommon trap: reason=unstable_if action=reinterpret pc=0x0000000002841df8 method=jdk.internal.org.objectweb.asm.Type.getArgumentsAndReturnSizes(Ljava/lang/String;)I @ 41

Internal exceptions (10 events):
Event: 31.550 Thread 0x00000000025fd800 Exception <a 'java/lang/ClassNotFoundException': java/lang/ObjectCustomizer> (0x0000000782932a40) thrown at [D:\re\workspace\8-2-build-windows-amd64-cygwin\jdk8u77\6540\hotspot\src\share\vm\classfile\systemDictionary.cpp, line 210]
Event: 31.552 Thread 0x00000000025fd800 Exception <a 'java/lang/ClassNotFoundException': org/springframework/boot/autoconfigure/security/oauth2/OAuth2ClientPropertiesCustomizer> (0x0000000782980790) thrown at [D:\re\workspace\8-2-build-windows-amd64-cygwin\jdk8u77\6540\hotspot\src\share\vm\classÍH‰qê?@
Event: 31.563 Thread 0x00000000025fd800 Exception <a 'java/lang/ClassNotFoundException': java/lang/ObjectCustomizer> (0x0000000782a066c8) thrown at [D:\re\workspace\8-2-build-windows-amd64-cygwin\jdk8u77\6540\hotspot\src\share\vm\classfile\systemDictionary.cpp, line 210]
Event: 31.565 Thread 0x00000000025fd800 Exception <a 'java/lang/ClassNotFoundException': org/springframework/boot/autoconfigure/security/oauth2/OAuth2AutoConfigurationCustomizer> (0x0000000782a551d0) thrown at [D:\re\workspace\8-2-build-windows-amd64-cygwin\jdk8u77\6540\hotspot\src\share\vm\clas|P˝ë?@
Event: 31.570 Thread 0x00000000025fd800 Exception <a 'java/lang/ClassNotFoundException': org/springframework/boot/autoconfigure/security/oauth2/OAuth2AutoConfiguration$$EnhancerBySpringCGLIB$$c91bd8ccCustomizer> (0x0000000782ab75a0) thrown at [D:\re\workspace\8-2-build-windows-amd64-cygwin\jdk8u<Á]´Ûí?@
Event: 31.574 Thread 0x00000000025fd800 Exception <a 'java/lang/ClassNotFoundException': org/springframework/context/annotation/ConfigurationClassEnhancer$EnhancedConfigurationCustomizer> (0x0000000782b0ee38) thrown at [D:\re\workspace\8-2-build-windows-amd64-cygwin\jdk8u77\6540\hotspot\src\shar'Ä´Vì?@
Event: 31.576 Thread 0x00000000025fd800 Exception <a 'java/lang/ClassNotFoundException': org/springframework/beans/factory/BeanFactoryAwareCustomizer> (0x0000000782b472f0) thrown at [D:\re\workspace\8-2-build-windows-amd64-cygwin\jdk8u77\6540\hotspot\src\share\vm\classfile\systemDictionary.cpp, 	õKª‚ì?@
Event: 31.578 Thread 0x00000000025fd800 Exception <a 'java/lang/ClassNotFoundException': org/springframework/beans/factory/AwareCustomizer> (0x0000000782b78cb0) thrown at [D:\re\workspace\8-2-build-windows-amd64-cygwin\jdk8u77\6540\hotspot\src\share\vm\classfile\systemDictionary.cpp, line 210]
Event: 31.605 Thread 0x00000000025fd800 Exception <a 'java/lang/ClassNotFoundException': java/lang/ObjectCustomizer> (0x0000000782cd93f8) thrown at [D:\re\workspace\8-2-build-windows-amd64-cygwin\jdk8u77\6540\hotspot\src\share\vm\classfile\systemDictionary.cpp, line 210]
Event: 31.610 Thread 0x00000000025fd800 Exception <a 'java/lang/ClassNotFoundException': org/springframework/boot/autoconfigure/security/oauth2/resource/ResourceServerPropertiesCustomizer> (0x0000000782d2cc80) thrown at [D:\re\workspace\8-2-build-windows-amd64-cygwin\jdk8u77\6540\hotspot\src\shal?„√å?@

Events (10 events):
Event: 31.603 loading class java/lang/ObjectCustomizer
Event: 31.603 loading class java/lang/ObjectCustomizer done
Event: 31.605 loading class java/lang/ObjectCustomizer
Event: 31.605 loading class java/lang/ObjectCustomizer done
Event: 31.606 loading class org/springframework/boot/autoconfigure/security/oauth2/resource/ResourceServerPropertiesCustomizer
Event: 31.606 loading class org/springframework/boot/autoconfigure/security/oauth2/resource/ResourceServerPropertiesCustomizer done
Event: 31.609 loading class org/springframework/boot/autoconfigure/security/oauth2/resource/ResourceServerPropertiesCustomizer
Event: 31.609 loading class org/springframework/boot/autoconfigure/security/oauth2/resource/ResourceServerPropertiesCustomizer done
Event: 31.610 loading class org/springframework/boot/autoconfigure/security/oauth2/resource/ResourceServerPropertiesCustomizer
Event: 31.610 loading class org/springframework/boot/autoconfigure/security/oauth2/resource/ResourceServerPropertiesCustomizer done


Dynamic libraries:
0x00007ff76ba80000 - 0x00007ff76bab7000 	D:\java\jdk1.8.0_77\jre\bin\java.exe
0x00007ff8f0b20000 - 0x00007ff8f0d10000 	C:\Windows\SYSTEM32\ntdll.dll
0x00007ff8efbd0000 - 0x00007ff8efc82000 	C:\Windows\System32\KERNEL32.DLL
0x00007ff8ee400000 - 0x00007ff8ee6a3000 	C:\Windows\System32\KERNELBASE.dll
0x00007ff8efa80000 - 0x00007ff8efb23000 	C:\Windows\System32\ADVAPI32.dll
0x00007ff8eec30000 - 0x00007ff8eecce000 	C:\Windows\System32\msvcrt.dll
0x00007ff8ef310000 - 0x00007ff8ef3a7000 	C:\Windows\System32\sechost.dll
0x00007ff8f0180000 - 0x00007ff8f02a0000 	C:\Windows\System32\RPCRT4.dll
0x00007ff8ef010000 - 0x00007ff8ef1a4000 	C:\Windows\System32\USER32.dll
0x00007ff8edab0000 - 0x00007ff8edad1000 	C:\Windows\System32\win32u.dll
0x00007ff8efba0000 - 0x00007ff8efbc6000 	C:\Windows\System32\GDI32.dll
0x00007ff8ee860000 - 0x00007ff8ee9f4000 	C:\Windows\System32\gdi32full.dll
0x00007ff8ee360000 - 0x00007ff8ee3fe000 	C:\Windows\System32\msvcp_win.dll
0x00007ff8ee260000 - 0x00007ff8ee35a000 	C:\Windows\System32\ucrtbase.dll
0x00007ff8dd7c0000 - 0x00007ff8dda45000 	C:\Windows\WinSxS\amd64_microsoft.windows.common-controls_6595b64144ccf1df_6.0.18362.535_none_e6c3b34713100821\COMCTL32.dll
0x00007ff8eecd0000 - 0x00007ff8ef006000 	C:\Windows\System32\combase.dll
0x00007ff8ee710000 - 0x00007ff8ee790000 	C:\Windows\System32\bcryptPrimitives.dll
0x00007ff8efa50000 - 0x00007ff8efa7e000 	C:\Windows\System32\IMM32.DLL
0x00000000549f0000 - 0x0000000054ac2000 	D:\java\jdk1.8.0_77\jre\bin\msvcr100.dll
0x0000000053560000 - 0x0000000053df0000 	D:\java\jdk1.8.0_77\jre\bin\server\jvm.dll
0x00007ff8f0ad0000 - 0x00007ff8f0ad8000 	C:\Windows\System32\PSAPI.DLL
0x00007ff8d97a0000 - 0x00007ff8d97a9000 	C:\Windows\SYSTEM32\WSOCK32.dll
0x00007ff8ead00000 - 0x00007ff8ead24000 	C:\Windows\SYSTEM32\WINMM.dll
0x00007ff8ef780000 - 0x00007ff8ef7ef000 	C:\Windows\System32\WS2_32.dll
0x00007ff8e6890000 - 0x00007ff8e689a000 	C:\Windows\SYSTEM32\VERSION.dll
0x00007ff8eacd0000 - 0x00007ff8eacfd000 	C:\Windows\SYSTEM32\winmmbase.dll
0x00007ff8eea30000 - 0x00007ff8eea7a000 	C:\Windows\System32\cfgmgr32.dll
0x00000000549e0000 - 0x00000000549ef000 	D:\java\jdk1.8.0_77\jre\bin\verify.dll
0x00000000549b0000 - 0x00000000549d9000 	D:\java\jdk1.8.0_77\jre\bin\java.dll
0x0000000054990000 - 0x00000000549a6000 	D:\java\jdk1.8.0_77\jre\bin\zip.dll
0x00007ff8f02b0000 - 0x00007ff8f0995000 	C:\Windows\System32\SHELL32.dll
0x00007ff8ef590000 - 0x00007ff8ef639000 	C:\Windows\System32\shcore.dll
0x00007ff8edae0000 - 0x00007ff8ee25f000 	C:\Windows\System32\windows.storage.dll
0x00007ff8eda70000 - 0x00007ff8eda8f000 	C:\Windows\System32\profapi.dll
0x00007ff8eda00000 - 0x00007ff8eda4a000 	C:\Windows\System32\powrprof.dll
0x00007ff8ed9f0000 - 0x00007ff8eda00000 	C:\Windows\System32\UMPDC.dll
0x00007ff8ef7f0000 - 0x00007ff8ef842000 	C:\Windows\System32\shlwapi.dll
0x00007ff8eda50000 - 0x00007ff8eda61000 	C:\Windows\System32\kernel.appcore.dll
0x00007ff8ee790000 - 0x00007ff8ee7a7000 	C:\Windows\System32\cryptsp.dll
0x0000000054940000 - 0x000000005494d000 	D:\java\jdk1.8.0_77\jre\bin\management.dll
0x0000000054970000 - 0x000000005498a000 	D:\java\jdk1.8.0_77\jre\bin\net.dll
0x00007ff8ed210000 - 0x00007ff8ed277000 	C:\Windows\system32\mswsock.dll
0x0000000054950000 - 0x0000000054961000 	D:\java\jdk1.8.0_77\jre\bin\nio.dll
0x00007ff8ecf30000 - 0x00007ff8ecf6a000 	C:\Windows\SYSTEM32\IPHLPAPI.DLL
0x00007ff8f02a0000 - 0x00007ff8f02a8000 	C:\Windows\System32\NSI.dll
0x00007ff8e7b90000 - 0x00007ff8e7ba6000 	C:\Windows\SYSTEM32\dhcpcsvc6.DLL
0x00007ff8e7a70000 - 0x00007ff8e7a8c000 	C:\Windows\SYSTEM32\dhcpcsvc.DLL
0x00007ff8ecf70000 - 0x00007ff8ed03a000 	C:\Windows\SYSTEM32\DNSAPI.dll
0x00007ff8e2490000 - 0x00007ff8e249a000 	C:\Windows\System32\rasadhlp.dll
0x00007ff8e86c0000 - 0x00007ff8e8737000 	C:\Windows\System32\fwpuclnt.dll
0x00007ff8eea00000 - 0x00007ff8eea26000 	C:\Windows\System32\bcrypt.dll
0x00007ff8dd170000 - 0x00007ff8dd186000 	C:\Windows\system32\napinsp.dll
0x00007ff8dcac0000 - 0x00007ff8dcada000 	C:\Windows\system32\pnrpnsp.dll
0x00007ff8ddc90000 - 0x00007ff8ddc9e000 	C:\Windows\System32\winrnr.dll
0x00007ff8ea350000 - 0x00007ff8ea36c000 	C:\Windows\system32\NLAapi.dll
0x00007ff8e8790000 - 0x00007ff8e87a5000 	C:\Windows\system32\wshbth.dll
0x0000000054910000 - 0x0000000054934000 	D:\java\jdk1.8.0_77\jre\bin\sunec.dll
0x00007ff8ecd90000 - 0x00007ff8ecdc3000 	C:\Windows\system32\rsaenh.dll
0x00007ff8ed910000 - 0x00007ff8ed935000 	C:\Windows\SYSTEM32\USERENV.dll
0x00007ff8ed390000 - 0x00007ff8ed39c000 	C:\Windows\SYSTEM32\CRYPTBASE.dll
0x00007ff8d7050000 - 0x00007ff8d7244000 	C:\Windows\SYSTEM32\dbghelp.dll

VM Arguments:
java_command: C:\Users\gzhang\AppData\Local\Temp\surefire4408122848891740820\surefirebooter585356887972751271.jar C:\Users\gzhang\AppData\Local\Temp\surefire4408122848891740820 2020-09-10T13-38-22_338-jvmRun1 surefire6856733363188130420tmp surefire_05231112721019438479tmp
java_class_path (initial): C:\Users\gzhang\AppData\Local\Temp\surefire4408122848891740820\surefirebooter585356887972751271.jar
Launcher Type: SUN_STANDARD

Environment Variables:
JAVA_HOME=D:\java\jdk1.8.0_77
PATH=C:\ProgramData\Oracle\Java\javapath;C:\Python27\;C:\Python27\Scripts;C:\Windows\system32;C:\Windows;C:\Windows\System32\Wbem;C:\Windows\System32\WindowsPowerShell\v1.0\;C:\Windows\System32\OpenSSH\;C:\Program Files\Intel\WiFi\bin\;C:\Program Files\Common Files\Intel\WirelessCommon\;C:\Program Files\Microsoft SQL Server\110\Tools\Binn\;C:\Program Files (x86)\Microsoft SDKs\TypeScript\1.0\;C:\Program Files\Microsoft SQL Server\120\Tools\Binn\;C:\Program Files (x86)\Microsoft SQL Server\150\DTS\Binn\;D:\Program Files\TortoiseSVN\bin;d:\Program Files\Git\cmd;D:\Program Files\nodejs\;C:\ProgramData\chocolatey\bin;D:\Program Files\PuTTY\;D:\apache-maven-3.6.3\bin;;C:\Program Files\Amazon\AWSCLIV2\;C:\Program Files\Docker\Docker\resources\bin;C:\ProgramData\DockerDesktop\version-bin;C:\Users\gzhang\AppData\Local\Microsoft\WindowsApps;d:\Program Files\JetBrains\IntelliJ IDEA Community Edition 2019.3.1\bin;;d:\Users\gzhang\AppData\Local\Programs\Microsoft VS Code\bin;C:\Users\gzhang\AppData\Roaming\npm;d:\Program Files\JetBrains\IntelliJ IDEA 2019.3.1\bin;;D:\bin;
USERNAME=gzhang
OS=Windows_NT
PROCESSOR_IDENTIFIER=Intel64 Family 6 Model 69 Stepping 1, GenuineIntel



---------------  S Y S T E M  ---------------

OS: Windows 10.0 , 64 bit Build 18362 (10.0.18362.329)

CPU:total 4 (2 cores per cpu, 2 threads per core) family 6 model 69 stepping 1, cmov, cx8, fxsr, mmx, sse, sse2, sse3, ssse3, sse4.1, sse4.2, popcnt, avx, avx2, aes, clmul, erms, lzcnt, ht, tsc, tscinvbit, bmi1, bmi2

Memory: 4k page, physical 16472336k(3732832k free), swap 27482384k(8205296k free)

vm_info: Java HotSpot(TM) 64-Bit Server VM (25.77-b03) for windows-amd64 JRE (1.8.0_77-b03), built on Mar 20 2016 22:01:33 by "java_re" with MS VC++ 10.0 (VS2010)

time: Thu Sep 10 13:38:54 2020
elapsed time: 31 seconds (0d 0h 0m 31s)

