#
# A fatal error has been detected by the Java Runtime Environment:
#
#  EXCEPTION_ACCESS_VIOLATION (0xc0000005) at pc=0x00000000779eb330, pid=2632, tid=13348
#
# JRE version: Java(TM) SE Runtime Environment (8.0_77-b03) (build 1.8.0_77-b03)
# Java VM: Java HotSpot(TM) 64-Bit Server VM (25.77-b03 mixed mode windows-amd64 compressed oops)
# Problematic frame:
# V  [jvm.dll+0x49b330]
#
# Failed to write core dump. Minidumps are not enabled by default on client versions of Windows
#
# If you would like to submit a bug report, please visit:
#   http://bugreport.java.com/bugreport/crash.jsp
#

---------------  T H R E A D  ---------------

Current thread (0x000000001bfff000):  JavaThread "C2 CompilerThread0" daemon [_thread_in_native, id=13348, stack(0x000000001d650000,0x000000001d750000)]

siginfo: ExceptionCode=0xc0000005, reading address 0x0000004077d60d38

Registers:
RAX=0x0000000000000000, RBX=0x0000000000000000, RCX=0x0000004077d60d38, RDX=0x0000000000000000
RSP=0x000000001d74c4c0, RBP=0x0000000000000041, RSI=0x0000000000000208, RDI=0x000000001d74c510
R8 =0x0000000000000000, R9 =0x00000000000011a7, R10=0x0000000077550000, R11=0x000000001d74c3e0
R12=0x000000000000a9c0, R13=0x0000000000000184, R14=0x0000000077550000, R15=0x00000000000003d8
RIP=0x00000000779eb330, EFLAGS=0x0000000000010246

Top of Stack: (sp=0x000000001d74c4c0)
0x000000001d74c4c0:   000000001d74ec60 0000000020e958f0
0x000000001d74c4d0:   fffffffffffffff8 000000001bfc6950
0x000000001d74c4e0:   0000000000000001 00000000779e6c05
0x000000001d74c4f0:   0000000020f5f790 0000000000000000
0x000000001d74c500:   000000001d74c5f0 0000000000000007
0x000000001d74c510:   000011ac00000000 0000000000000006
0x000000001d74c520:   0000004077d60d38 0000000000000012
0x000000001d74c530:   000000001d98bc80 0000000000000042
0x000000001d74c540:   0000000020d0d2d0 000000001d74c8e0
0x000000001d74c550:   000000001da21db8 000000001da219e0
0x000000001d74c560:   000000001d74c670 00000000779b2f1a
0x000000001d74c570:   0000000000000000 000000001da219d0
0x000000001d74c580:   000000001d74c8e0 0000000000000000
0x000000001d74c590:   0000000000000002 000000001da219d0
0x000000001d74c5a0:   0000000020b079f0 0000000020b0c020
0x000000001d74c5b0:   0000000020b0f9d8 000000000137e4f8 

Instructions: (pc=0x00000000779eb330)
0x00000000779eb310:   48 8b 4f 20 48 39 04 0e 0f 84 9d 00 00 00 48 8b
0x00000000779eb320:   0c 0e 33 d2 33 c0 48 89 4f 10 66 0f 1f 44 00 00
0x00000000779eb330:   83 3c 08 00 0f 85 36 01 00 00 ff c2 48 83 c0 04
0x00000000779eb340:   83 fa 08 72 eb 48 8b 47 30 48 89 44 24 30 48 85 


Register to memory mapping:

RAX=0x0000000000000000 is an unknown value
RBX=0x0000000000000000 is an unknown value
RCX=0x0000004077d60d38 is an unknown value
RDX=0x0000000000000000 is an unknown value
RSP=0x000000001d74c4c0 is pointing into the stack for thread: 0x000000001bfff000
RBP=0x0000000000000041 is an unknown value
RSI=0x0000000000000208 is an unknown value
RDI=0x000000001d74c510 is pointing into the stack for thread: 0x000000001bfff000
R8 =0x0000000000000000 is an unknown value
R9 =0x00000000000011a7 is an unknown value
R10=0x0000000077550000 is an unknown value
R11=0x000000001d74c3e0 is pointing into the stack for thread: 0x000000001bfff000
R12=0x000000000000a9c0 is an unknown value
R13=0x0000000000000184 is an unknown value
R14=0x0000000077550000 is an unknown value
R15=0x00000000000003d8 is an unknown value


Stack: [0x000000001d650000,0x000000001d750000],  sp=0x000000001d74c4c0,  free space=1009k
Native frames: (J=compiled Java code, j=interpreted, Vv=VM code, C=native code)
V  [jvm.dll+0x49b330]
V  [jvm.dll+0x496c05]
V  [jvm.dll+0x462f1a]
V  [jvm.dll+0x46dd9b]
V  [jvm.dll+0x4703b2]
V  [jvm.dll+0x453492]
V  [jvm.dll+0xa4ae2]
V  [jvm.dll+0xa541f]
V  [jvm.dll+0x243434]
V  [jvm.dll+0x29a27a]
C  [msvcr100.dll+0x21d9f]
C  [msvcr100.dll+0x21e3b]
C  [KERNEL32.DLL+0x17bd4]
C  [ntdll.dll+0x6ced1]


Current CompileTask:
C2:   4978 1715       4       java.net.URLClassLoader$1::run (5 bytes)


---------------  P R O C E S S  ---------------

Java Threads: ( => current thread )
  0x000000001d978800 JavaThread "Service Thread" daemon [_thread_blocked, id=19572, stack(0x000000001dd50000,0x000000001de50000)]
  0x000000001c008000 JavaThread "C1 CompilerThread2" daemon [_thread_blocked, id=17656, stack(0x000000001d850000,0x000000001d950000)]
  0x000000001c004800 JavaThread "C2 CompilerThread1" daemon [_thread_in_native, id=15600, stack(0x000000001d750000,0x000000001d850000)]
=>0x000000001bfff000 JavaThread "C2 CompilerThread0" daemon [_thread_in_native, id=13348, stack(0x000000001d650000,0x000000001d750000)]
  0x000000001bffc800 JavaThread "Attach Listener" daemon [_thread_blocked, id=18320, stack(0x000000001d550000,0x000000001d650000)]
  0x000000001bffb800 JavaThread "Signal Dispatcher" daemon [_thread_blocked, id=17804, stack(0x000000001d450000,0x000000001d550000)]
  0x0000000002beb000 JavaThread "Finalizer" daemon [_thread_blocked, id=6004, stack(0x000000001d250000,0x000000001d350000)]
  0x0000000002be0000 JavaThread "Reference Handler" daemon [_thread_blocked, id=19652, stack(0x000000001d150000,0x000000001d250000)]
  0x00000000029ee000 JavaThread "main" [_thread_in_native, id=16292, stack(0x00000000029f0000,0x0000000002af0000)]

Other Threads:
  0x000000001bfc7800 VMThread [stack: 0x000000001d050000,0x000000001d150000] [id=3240]
  0x000000001d996800 WatcherThread [stack: 0x000000001de50000,0x000000001df50000] [id=6792]

VM state:not at safepoint (normal execution)

VM Mutex/Monitor currently owned by a thread: None

Heap:
 PSYoungGen      total 75264K, used 61117K [0x000000076c380000, 0x0000000771780000, 0x00000007c0000000)
  eden space 64512K, 78% used [0x000000076c380000,0x000000076f4fe150,0x0000000770280000)
  from space 10752K, 97% used [0x0000000770280000,0x0000000770cb1430,0x0000000770d00000)
  to   space 10752K, 0% used [0x0000000770d00000,0x0000000770d00000,0x0000000771780000)
 ParOldGen       total 172032K, used 16K [0x00000006c4a00000, 0x00000006cf200000, 0x000000076c380000)
  object space 172032K, 0% used [0x00000006c4a00000,0x00000006c4a04000,0x00000006cf200000)
 Metaspace       used 15156K, capacity 15406K, committed 15616K, reserved 1062912K
  class space    used 1816K, capacity 1941K, committed 2048K, reserved 1048576K

Card table byte_map: [0x0000000011fb0000,0x0000000012790000] byte_map_base: 0x000000000e98b000

Marking Bits: (ParMarkBitMap*) 0x0000000077d60600
 Begin Bits: [0x00000000130d0000, 0x0000000016fa8000)
 End Bits:   [0x0000000016fa8000, 0x000000001ae80000)

Polling page: 0x0000000000b50000

CodeCache: size=245760Kb used=7464Kb max_used=7464Kb free=238295Kb
 bounds [0x0000000002bf0000, 0x0000000003350000, 0x0000000011bf0000]
 total_blobs=2580 nmethods=2221 adapters=269
 compilation: enabled

Compilation events (10 events):
Event: 4.908 Thread 0x000000001c008000 nmethod 2203 0x000000000331f150 code [0x000000000331f2c0, 0x000000000331f528]
Event: 4.910 Thread 0x000000001c004800 nmethod 2200 0x000000000331e8d0 code [0x000000000331ea40, 0x000000000331ee68]
Event: 4.910 Thread 0x000000001c004800 2201       4       java.util.LinkedHashMap::entrySet (27 bytes)
Event: 4.912 Thread 0x000000001c004800 nmethod 2201 0x000000000331d050 code [0x000000000331d1a0, 0x000000000331d298]
Event: 4.915 Thread 0x000000001c004800 2204 % !   4       org.codehaus.plexus.util.xml.pull.MXParser::parseComment @ 80 (486 bytes)
Event: 4.915 Thread 0x000000001c008000 2205       3       org.codehaus.plexus.util.xml.pull.MXParser::nextImpl (1202 bytes)
Event: 4.921 Thread 0x000000001c004800 nmethod 2204% 0x0000000003320610 code [0x0000000003320760, 0x0000000003320a68]
Event: 4.921 Thread 0x000000001c004800 2208       4       org.codehaus.plexus.util.xml.Xpp3Dom::<init> (125 bytes)
Event: 4.922 Thread 0x000000001c008000 nmethod 2205 0x0000000003323c90 code [0x0000000003324260, 0x0000000003327948]
Event: 4.922 Thread 0x000000001c008000 2209       3       org.apache.maven.model.inheritance.DefaultInheritanceAssembler$InheritanceModelMerger::mergePluginContainer_Plugins (430 bytes)

GC Heap History (2 events):
Event: 1.915 GC heap before
{Heap before GC invocations=1 (full 0):
 PSYoungGen      total 75264K, used 64512K [0x000000076c380000, 0x0000000771780000, 0x00000007c0000000)
  eden space 64512K, 100% used [0x000000076c380000,0x0000000770280000,0x0000000770280000)
  from space 10752K, 0% used [0x0000000770d00000,0x0000000770d00000,0x0000000771780000)
  to   space 10752K, 0% used [0x0000000770280000,0x0000000770280000,0x0000000770d00000)
 ParOldGen       total 172032K, used 0K [0x00000006c4a00000, 0x00000006cf200000, 0x000000076c380000)
  object space 172032K, 0% used [0x00000006c4a00000,0x00000006c4a00000,0x00000006cf200000)
 Metaspace       used 11648K, capacity 11860K, committed 12160K, reserved 1060864K
  class space    used 1441K, capacity 1542K, committed 1664K, reserved 1048576K
Event: 1.930 GC heap after
Heap after GC invocations=1 (full 0):
 PSYoungGen      total 75264K, used 10437K [0x000000076c380000, 0x0000000771780000, 0x00000007c0000000)
  eden space 64512K, 0% used [0x000000076c380000,0x000000076c380000,0x0000000770280000)
  from space 10752K, 97% used [0x0000000770280000,0x0000000770cb1430,0x0000000770d00000)
  to   space 10752K, 0% used [0x0000000770d00000,0x0000000770d00000,0x0000000771780000)
 ParOldGen       total 172032K, used 16K [0x00000006c4a00000, 0x00000006cf200000, 0x000000076c380000)
  object space 172032K, 0% used [0x00000006c4a00000,0x00000006c4a04000,0x00000006cf200000)
 Metaspace       used 11648K, capacity 11860K, committed 12160K, reserved 1060864K
  class space    used 1441K, capacity 1542K, committed 1664K, reserved 1048576K
}

Deoptimization events (10 events):
Event: 4.513 Thread 0x00000000029ee000 Uncommon trap: reason=unstable_if action=reinterpret pc=0x0000000003171014 method=org.codehaus.plexus.util.xml.pull.MXParser.nextImpl()I @ 879
Event: 4.531 Thread 0x00000000029ee000 Uncommon trap: reason=unstable_if action=reinterpret pc=0x00000000032060bc method=org.apache.maven.model.validation.DefaultModelValidator.isValidIdCharacter(C)Z @ 15
Event: 4.552 Thread 0x00000000029ee000 Uncommon trap: reason=unstable_if action=reinterpret pc=0x0000000003252a14 method=java.lang.String.trim()Ljava/lang/String; @ 63
Event: 4.562 Thread 0x00000000029ee000 Uncommon trap: reason=unstable_if action=reinterpret pc=0x000000000313be08 method=sun.nio.cs.UTF_8$Decoder.decode([BII[C)I @ 30
Event: 4.562 Thread 0x00000000029ee000 Uncommon trap: reason=unstable_if action=reinterpret pc=0x0000000002e8d74c method=sun.nio.cs.UTF_8$Decoder.decodeArrayLoop(Ljava/nio/ByteBuffer;Ljava/nio/CharBuffer;)Ljava/nio/charset/CoderResult; @ 84
Event: 4.678 Thread 0x00000000029ee000 Uncommon trap: reason=unstable_if action=reinterpret pc=0x0000000002f71da0 method=java.lang.String.regionMatches(ZILjava/lang/String;II)Z @ 25
Event: 4.717 Thread 0x00000000029ee000 Uncommon trap: reason=unstable_if action=reinterpret pc=0x00000000032c7084 method=org.apache.maven.model.validation.DefaultModelValidator.isValidIdCharacter(C)Z @ 51
Event: 4.892 Thread 0x00000000029ee000 Uncommon trap: reason=unstable_if action=reinterpret pc=0x000000000316eb64 method=java.lang.String.trim()Ljava/lang/String; @ 63
Event: 4.904 Thread 0x00000000029ee000 Uncommon trap: reason=null_check action=make_not_entrant pc=0x000000000331dd68 method=org.apache.maven.model.io.xpp3.MavenXpp3Reader.checkFieldWithDuplicate(Lorg/codehaus/plexus/util/xml/pull/XmlPullParser;Ljava/lang/String;Ljava/lang/String;Ljava/util/SetHú´Šþ¨@
Event: 4.915 Thread 0x00000000029ee000 Uncommon trap: reason=unstable_if action=reinterpret pc=0x00000000032bdfac method=org.codehaus.plexus.util.xml.pull.MXParser.nextImpl()I @ 310

Internal exceptions (10 events):
Event: 3.627 Thread 0x00000000029ee000 Exception <a 'java/lang/NullPointerException'> (0x000000076d140458) thrown at [D:\re\workspace\8-2-build-windows-amd64-cygwin\jdk8u77\6540\hotspot\src\share\vm\interpreter\linkResolver.cpp, line 1178]
Event: 3.627 Thread 0x00000000029ee000 Exception <a 'java/lang/NullPointerException'> (0x000000076d140670) thrown at [D:\re\workspace\8-2-build-windows-amd64-cygwin\jdk8u77\6540\hotspot\src\share\vm\interpreter\linkResolver.cpp, line 1178]
Event: 3.627 Thread 0x00000000029ee000 Exception <a 'java/lang/NullPointerException'> (0x000000076d140888) thrown at [D:\re\workspace\8-2-build-windows-amd64-cygwin\jdk8u77\6540\hotspot\src\share\vm\interpreter\linkResolver.cpp, line 1178]
Event: 3.628 Thread 0x00000000029ee000 Exception <a 'java/lang/NullPointerException'> (0x000000076d1481c8) thrown at [D:\re\workspace\8-2-build-windows-amd64-cygwin\jdk8u77\6540\hotspot\src\share\vm\interpreter\linkResolver.cpp, line 1178]
Event: 3.628 Thread 0x00000000029ee000 Exception <a 'java/lang/NullPointerException'> (0x000000076d1483e0) thrown at [D:\re\workspace\8-2-build-windows-amd64-cygwin\jdk8u77\6540\hotspot\src\share\vm\interpreter\linkResolver.cpp, line 1178]
Event: 3.628 Thread 0x00000000029ee000 Exception <a 'java/lang/NullPointerException'> (0x000000076d1485f8) thrown at [D:\re\workspace\8-2-build-windows-amd64-cygwin\jdk8u77\6540\hotspot\src\share\vm\interpreter\linkResolver.cpp, line 1178]
Event: 3.737 Thread 0x00000000029ee000 Implicit null exception at 0x0000000002e029d6 to 0x0000000002e02d29
Event: 3.737 Thread 0x00000000029ee000 Implicit null exception at 0x0000000002de3d96 to 0x0000000002de40d9
Event: 3.959 Thread 0x00000000029ee000 Implicit null exception at 0x00000000031b7b2f to 0x00000000031b8e51
Event: 4.904 Thread 0x00000000029ee000 Implicit null exception at 0x000000000331db03 to 0x000000000331dd4d

Events (10 events):
Event: 4.830 loading class org/apache/maven/repository/internal/DefaultModelCache$Key done
Event: 4.892 Thread 0x00000000029ee000 Uncommon trap: trap_request=0xffffff65 fr.pc=0x000000000316eb64
Event: 4.892 Thread 0x00000000029ee000 DEOPT PACKING pc=0x000000000316eb64 sp=0x0000000002aed830
Event: 4.892 Thread 0x00000000029ee000 DEOPT UNPACKING pc=0x0000000002c3582a sp=0x0000000002aed7f0 mode 2
Event: 4.904 Thread 0x00000000029ee000 Uncommon trap: trap_request=0xfffffff4 fr.pc=0x000000000331dd68
Event: 4.904 Thread 0x00000000029ee000 DEOPT PACKING pc=0x000000000331dd68 sp=0x0000000002aeda10
Event: 4.904 Thread 0x00000000029ee000 DEOPT UNPACKING pc=0x0000000002c3582a sp=0x0000000002aed9d0 mode 2
Event: 4.915 Thread 0x00000000029ee000 Uncommon trap: trap_request=0xffffff65 fr.pc=0x00000000032bdfac
Event: 4.915 Thread 0x00000000029ee000 DEOPT PACKING pc=0x00000000032bdfac sp=0x0000000002aed780
Event: 4.915 Thread 0x00000000029ee000 DEOPT UNPACKING pc=0x0000000002c3582a sp=0x0000000002aed6e0 mode 2


Dynamic libraries:
0x00007ff644d60000 - 0x00007ff644d97000 	D:\java\jdk1.8.0_77\bin\java.exe
0x00007ffbe63c0000 - 0x00007ffbe65b0000 	C:\Windows\SYSTEM32\ntdll.dll
0x00007ffbe6220000 - 0x00007ffbe62d2000 	C:\Windows\System32\KERNEL32.DLL
0x00007ffbe3670000 - 0x00007ffbe3913000 	C:\Windows\System32\KERNELBASE.dll
0x00007ffbe6170000 - 0x00007ffbe6213000 	C:\Windows\System32\ADVAPI32.dll
0x00007ffbe62e0000 - 0x00007ffbe637e000 	C:\Windows\System32\msvcrt.dll
0x00007ffbe5810000 - 0x00007ffbe58a7000 	C:\Windows\System32\sechost.dll
0x00007ffbe4e50000 - 0x00007ffbe4f70000 	C:\Windows\System32\RPCRT4.dll
0x00007ffbe5080000 - 0x00007ffbe5214000 	C:\Windows\System32\USER32.dll
0x00007ffbe33a0000 - 0x00007ffbe33c1000 	C:\Windows\System32\win32u.dll
0x00007ffbe4770000 - 0x00007ffbe4796000 	C:\Windows\System32\GDI32.dll
0x00007ffbe4170000 - 0x00007ffbe4304000 	C:\Windows\System32\gdi32full.dll
0x00007ffbe35d0000 - 0x00007ffbe366e000 	C:\Windows\System32\msvcp_win.dll
0x00007ffbe4310000 - 0x00007ffbe440a000 	C:\Windows\System32\ucrtbase.dll
0x00007ffbe26d0000 - 0x00007ffbe2955000 	C:\Windows\WinSxS\amd64_microsoft.windows.common-controls_6595b64144ccf1df_6.0.18362.535_none_e6c3b34713100821\COMCTL32.dll
0x00007ffbe4b10000 - 0x00007ffbe4e46000 	C:\Windows\System32\combase.dll
0x00007ffbe33d0000 - 0x00007ffbe3450000 	C:\Windows\System32\bcryptPrimitives.dll
0x00007ffbe5050000 - 0x00007ffbe507e000 	C:\Windows\System32\IMM32.DLL
0x00007ffbe2620000 - 0x00007ffbe265c000 	C:\Windows\system32\SophosAV\SOPHOS~1.DLL
0x00007ffbe4950000 - 0x00007ffbe4958000 	C:\Windows\System32\PSAPI.DLL
0x0000000050e30000 - 0x0000000050f02000 	D:\java\jdk1.8.0_77\jre\bin\msvcr100.dll
0x0000000077550000 - 0x0000000077de0000 	D:\java\jdk1.8.0_77\jre\bin\server\jvm.dll
0x00007ffbdf8f0000 - 0x00007ffbdf914000 	C:\Windows\SYSTEM32\WINMM.dll
0x00007ffbda200000 - 0x00007ffbda20a000 	C:\Windows\SYSTEM32\VERSION.dll
0x00007ffbcd900000 - 0x00007ffbcd909000 	C:\Windows\SYSTEM32\WSOCK32.dll
0x00007ffbdf8c0000 - 0x00007ffbdf8ed000 	C:\Windows\SYSTEM32\WINMMBASE.dll
0x00007ffbe4960000 - 0x00007ffbe49cf000 	C:\Windows\System32\WS2_32.dll
0x00007ffbe3350000 - 0x00007ffbe339a000 	C:\Windows\System32\cfgmgr32.dll
0x0000000050e20000 - 0x0000000050e2f000 	D:\java\jdk1.8.0_77\jre\bin\verify.dll
0x0000000050df0000 - 0x0000000050e19000 	D:\java\jdk1.8.0_77\jre\bin\java.dll
0x0000000050dd0000 - 0x0000000050de6000 	D:\java\jdk1.8.0_77\jre\bin\zip.dll
0x00007ffbe59f0000 - 0x00007ffbe60d5000 	C:\Windows\System32\SHELL32.dll
0x00007ffbe5760000 - 0x00007ffbe5809000 	C:\Windows\System32\shcore.dll
0x00007ffbe3940000 - 0x00007ffbe40bf000 	C:\Windows\System32\windows.storage.dll
0x00007ffbe3330000 - 0x00007ffbe334f000 	C:\Windows\System32\profapi.dll
0x00007ffbe32c0000 - 0x00007ffbe330a000 	C:\Windows\System32\powrprof.dll
0x00007ffbe3290000 - 0x00007ffbe32a0000 	C:\Windows\System32\UMPDC.dll
0x00007ffbe4ff0000 - 0x00007ffbe5042000 	C:\Windows\System32\shlwapi.dll
0x00007ffbe32a0000 - 0x00007ffbe32b1000 	C:\Windows\System32\kernel.appcore.dll
0x00007ffbe3920000 - 0x00007ffbe3937000 	C:\Windows\System32\cryptsp.dll
0x00007ffbc22e0000 - 0x00007ffbc22ea000 	D:\apache-maven-3.6.3\lib\jansi-native\windows64\jansi.dll
0x0000000050db0000 - 0x0000000050dca000 	D:\java\jdk1.8.0_77\jre\bin\net.dll
0x00007ffbe23f0000 - 0x00007ffbe2457000 	C:\Windows\system32\mswsock.dll
0x0000000050d90000 - 0x0000000050da1000 	D:\java\jdk1.8.0_77\jre\bin\nio.dll
0x00007ffbe2d30000 - 0x00007ffbe2f24000 	C:\Windows\SYSTEM32\dbghelp.dll

VM Arguments:
jvm_args: -Dclassworlds.conf=D:\apache-maven-3.6.3\bin\..\bin\m2.conf -Dmaven.home=D:\apache-maven-3.6.3\bin\.. -Dlibrary.jansi.path=D:\apache-maven-3.6.3\bin\..\lib\jansi-native -Dmaven.multiModuleProjectDirectory=E:\git\github\garyzhangscm\cwms\outboundsvr 
java_command: org.codehaus.plexus.classworlds.launcher.Launcher clean package docker:build
java_class_path (initial): D:\apache-maven-3.6.3\bin\..\boot\plexus-classworlds-2.6.0.jar
Launcher Type: SUN_STANDARD

Environment Variables:
JAVA_HOME=D:\java\jdk1.8.0_77
PATH=C:\ProgramData\Oracle\Java\javapath;C:\Python27\;C:\Python27\Scripts;C:\Windows\system32;C:\Windows;C:\Windows\System32\Wbem;C:\Windows\System32\WindowsPowerShell\v1.0\;C:\Windows\System32\OpenSSH\;C:\Program Files\Intel\WiFi\bin\;C:\Program Files\Common Files\Intel\WirelessCommon\;C:\Program Files\Microsoft SQL Server\110\Tools\Binn\;C:\Program Files (x86)\Microsoft SDKs\TypeScript\1.0\;C:\Program Files\Microsoft SQL Server\120\Tools\Binn\;C:\Program Files (x86)\Microsoft SQL Server\150\DTS\Binn\;D:\Program Files\TortoiseSVN\bin;d:\Program Files\Git\cmd;D:\Program Files\nodejs\;C:\ProgramData\chocolatey\bin;D:\Program Files\PuTTY\;D:\apache-maven-3.6.3\bin;;C:\Program Files\Docker\Docker\resources\bin;C:\ProgramData\DockerDesktop\version-bin;C:\Program Files\Amazon\AWSCLIV2\;C:\Users\gzhang\AppData\Local\Microsoft\WindowsApps;d:\Program Files\JetBrains\IntelliJ IDEA Community Edition 2019.3.1\bin;;d:\Users\gzhang\AppData\Local\Programs\Microsoft VS Code\bin;C:\Users\gzhang\AppData\Roaming\npm;d:\Program Files\JetBrains\IntelliJ IDEA 2019.3.1\bin;;D:\bin;
USERNAME=gzhang
OS=Windows_NT
PROCESSOR_IDENTIFIER=Intel64 Family 6 Model 69 Stepping 1, GenuineIntel



---------------  S Y S T E M  ---------------

OS: Windows 10.0 , 64 bit Build 18362 (10.0.18362.329)

CPU:total 4 (2 cores per cpu, 2 threads per core) family 6 model 69 stepping 1, cmov, cx8, fxsr, mmx, sse, sse2, sse3, ssse3, sse4.1, sse4.2, popcnt, avx, avx2, aes, clmul, erms, lzcnt, ht, tsc, tscinvbit, bmi1, bmi2

Memory: 4k page, physical 16472336k(3531720k free), swap 22864396k(4175828k free)

vm_info: Java HotSpot(TM) 64-Bit Server VM (25.77-b03) for windows-amd64 JRE (1.8.0_77-b03), built on Mar 20 2016 22:01:33 by "java_re" with MS VC++ 10.0 (VS2010)

time: Tue May 26 12:02:48 2020
elapsed time: 4 seconds (0d 0h 0m 4s)

